<?xml version="1.0" encoding="UTF-8"?>
<testsuites name="Consumer_Payment_Making" time="1002.619" tests="6" failures="0" skips="0" errors="0">
   <testsuite name="Consumer_Payment_Making" tests="6" failures="0" errors="0" time="1002.619" skips="0" timestamp="2021-03-19 13:05:08" hostname="saranya - KNILA-K202011012" id="Test Suites/Certpay_testSuite/Consumer_Payment_Making">
      <properties>
[...]
</properties>
      <testcase name="Test Cases/Consumer_Make_Payment/TC_001_Credit_SingleLine_Payment" time="175.364" classname="Test Cases/Consumer_Make_Payment/TC_001_Credit_SingleLine_Payment" status="PASSED">
         <system-out><![CDATA[2021-03-19 13:05:09 - [TEST_CASE][PASSED] - Test Cases/Consumer_Make_Payment/TC_001_Credit_SingleLine_Payment: Test Cases/Consumer_Make_Payment/TC_001_Credit_SingleLine_Payment

2021-03-19 13:05:09 - [TEST_STEP][PASSED] - Start listener action : beforeTestCase: null

2021-03-19 13:05:09 - [TEST_STEP][PASSED] - utilities.SafeActions.openBrowser(certpay_url, [pageLoadTime]): Browser launched successfully

2021-03-19 13:05:10 - [MESSAGE][INFO] - Opening Browser

2021-03-19 13:05:10 - [MESSAGE][INFO] - Starting 'Chrome' driver

2021-03-19 13:05:10 - [MESSAGE][INFO] - Action delay is set to 0 milliseconds

2021-03-19 13:05:22 - [MESSAGE][PASSED] - Browser is opened with url: 'https://qa-certpay.faps.net/'

2021-03-19 13:05:22 - [MESSAGE][PASSED] - Current window maximized

2021-03-19 13:05:22 - [MESSAGE][PASSED] - Browser launched successfully

2021-03-19 13:05:22 - [TEST_STEP][PASSED] - utilities.SafeActions.safeType(findTestObject("MAKE_ PAYMENT/Home_ Page/BUREAU_CODE"), bureauCode, "Bureau code", [pageLoadTime]): Consumer_Payment_Making.ts:Entered'6100000 into Bureau code

2021-03-19 13:05:23 - [MESSAGE][PASSED] - Object 'Object Repository/MAKE_ PAYMENT/Home_ Page/BUREAU_CODE' is present

2021-03-19 13:05:23 - [MESSAGE][PASSED] - Object 'Object Repository/MAKE_ PAYMENT/Home_ Page/BUREAU_CODE' is visible

2021-03-19 13:05:23 - [MESSAGE][PASSED] - Object 'Object Repository/MAKE_ PAYMENT/Home_ Page/BUREAU_CODE' is present

2021-03-19 13:05:25 - [MESSAGE][PASSED] - Text '6100000' is set on object 'Object Repository/MAKE_ PAYMENT/Home_ Page/BUREAU_CODE'

2021-03-19 13:05:25 - [MESSAGE][PASSED] - Consumer_Payment_Making.ts:Entered'6100000 into Bureau code

2021-03-19 13:05:25 - [TEST_STEP][PASSED] - utilities.SafeActions.safeClick(findTestObject("MAKE_ PAYMENT/Home_ Page/BEGIN_PAYMENT"), "Begin payment", [pageLoadTime]): Consumer_Payment_Making.ts:Clicked on the Begin payment

2021-03-19 13:05:25 - [MESSAGE][INFO] - safeClicking

2021-03-19 13:05:25 - [MESSAGE][PASSED] - Object 'Object Repository/MAKE_ PAYMENT/Home_ Page/BEGIN_PAYMENT' is present

2021-03-19 13:05:25 - [MESSAGE][PASSED] - Object 'Object Repository/MAKE_ PAYMENT/Home_ Page/BEGIN_PAYMENT' is clickable

2021-03-19 13:05:28 - [MESSAGE][PASSED] - Object: 'Object Repository/MAKE_ PAYMENT/Home_ Page/BEGIN_PAYMENT' is clicked on

2021-03-19 13:05:28 - [MESSAGE][PASSED] - Consumer_Payment_Making.ts:Clicked on the Begin payment

2021-03-19 13:05:28 - [TEST_STEP][PASSED] - utilities.SafeActions.safeClick(findTestObject("MAKE_ PAYMENT/Home_ Page/CONTINUE"), "Continue", [pageLoadTime]): Consumer_Payment_Making.ts:Clicked on the Continue

2021-03-19 13:05:28 - [MESSAGE][INFO] - safeClicking

2021-03-19 13:05:29 - [MESSAGE][PASSED] - Object 'Object Repository/MAKE_ PAYMENT/Home_ Page/CONTINUE' is present

2021-03-19 13:05:30 - [MESSAGE][PASSED] - Object 'Object Repository/MAKE_ PAYMENT/Home_ Page/CONTINUE' is clickable

2021-03-19 13:05:33 - [MESSAGE][PASSED] - Object: 'Object Repository/MAKE_ PAYMENT/Home_ Page/CONTINUE' is clicked on

2021-03-19 13:05:33 - [MESSAGE][PASSED] - Consumer_Payment_Making.ts:Clicked on the Continue

2021-03-19 13:05:33 - [TEST_STEP][PASSED] - utilities.SafeActions.safeCheck(findTestObject("MAKE_ PAYMENT/Home_ Page/BANK_CARD"), "Bank card", [pageLoadTime]): Consumer_Payment_Making.ts:Checkbox 'Bank card'is selected

2021-03-19 13:05:33 - [MESSAGE][PASSED] - Object 'Object Repository/MAKE_ PAYMENT/Home_ Page/BANK_CARD' is present

2021-03-19 13:05:34 - [MESSAGE][PASSED] - Object 'Object Repository/MAKE_ PAYMENT/Home_ Page/BANK_CARD' is present

2021-03-19 13:05:36 - [MESSAGE][PASSED] - Object: 'Object Repository/MAKE_ PAYMENT/Home_ Page/BANK_CARD' is clicked on

2021-03-19 13:05:36 - [MESSAGE][PASSED] - Consumer_Payment_Making.ts:Checkbox 'Bank card'is selected

2021-03-19 13:05:36 - [TEST_STEP][PASSED] - pages.Payment_Page.setAmount("1", paymentAmount, "testing", referenceNum): Consumer_Payment_Making.ts:Entered'testing into Comments

2021-03-19 13:05:36 - [MESSAGE][PASSED] - Object '' is present

2021-03-19 13:05:36 - [MESSAGE][PASSED] - Object '' is visible

2021-03-19 13:05:37 - [MESSAGE][PASSED] - Object '' is present

2021-03-19 13:05:38 - [MESSAGE][PASSED] - Text '16.00' is set on object ''

2021-03-19 13:05:38 - [MESSAGE][PASSED] - Consumer_Payment_Making.ts:Entered'16.00 into Amount

2021-03-19 13:05:39 - [MESSAGE][PASSED] - Object '' is present

2021-03-19 13:05:39 - [MESSAGE][PASSED] - Object '' is visible

2021-03-19 13:05:39 - [MESSAGE][PASSED] - Object '' is present

2021-03-19 13:05:41 - [MESSAGE][PASSED] - Text '11' is set on object ''

2021-03-19 13:05:41 - [MESSAGE][PASSED] - Consumer_Payment_Making.ts:Entered'11 into Amount

2021-03-19 13:05:41 - [MESSAGE][PASSED] - Object '' is present

2021-03-19 13:05:42 - [MESSAGE][PASSED] - Object '' is visible

2021-03-19 13:05:42 - [MESSAGE][PASSED] - Object '' is present

2021-03-19 13:05:44 - [MESSAGE][PASSED] - Text 'testing' is set on object ''

2021-03-19 13:05:44 - [MESSAGE][PASSED] - Consumer_Payment_Making.ts:Entered'testing into Comments

2021-03-19 13:05:44 - [TEST_STEP][PASSED] - waitForPageLoad(0): Wait for page load successfully

2021-03-19 13:05:44 - [MESSAGE][WARNING] - Timeout '0' is invalid. Using default page load timeout: '30'

2021-03-19 13:05:44 - [MESSAGE][PASSED] - Wait for page load successfully

2021-03-19 13:05:44 - [TEST_STEP][PASSED] - utilities.SafeActions.safeSelectOptionInDropdownByVisibleText(findTestObject("MAKE_ PAYMENT/Home_ Page/CARD_TYPE"), CardType, "CardType", [pageLoadTime]): selected dropdown option by visible text  American Expressfrom CardType

2021-03-19 13:05:44 - [MESSAGE][PASSED] - Object 'Object Repository/MAKE_ PAYMENT/Home_ Page/CARD_TYPE' is visible

2021-03-19 13:05:44 - [MESSAGE][PASSED] - Object 'Object Repository/MAKE_ PAYMENT/Home_ Page/CARD_TYPE' is present

2021-03-19 13:05:46 - [MESSAGE][PASSED] - Object: 'Object Repository/MAKE_ PAYMENT/Home_ Page/CARD_TYPE' is clicked on

2021-03-19 13:05:47 - [MESSAGE][PASSED] - All options with label 'American Express' are selected in object 'Object Repository/MAKE_ PAYMENT/Home_ Page/CARD_TYPE'  using regular expression

2021-03-19 13:05:47 - [MESSAGE][PASSED] - selected dropdown option by visible text  American Expressfrom CardType

2021-03-19 13:05:47 - [TEST_STEP][PASSED] - utilities.SafeActions.safeSelectOptionInDropdownByVisibleText(findTestObject("MAKE_ PAYMENT/Home_ Page/PAYMENT_TYPE"), paymentType, "Payment Type", [pageLoadTime]): selected dropdown option by visible text  Taxesfrom Payment Type

2021-03-19 13:05:47 - [MESSAGE][PASSED] - Object 'Object Repository/MAKE_ PAYMENT/Home_ Page/PAYMENT_TYPE' is visible

2021-03-19 13:05:48 - [MESSAGE][PASSED] - Object 'Object Repository/MAKE_ PAYMENT/Home_ Page/PAYMENT_TYPE' is present

2021-03-19 13:05:49 - [MESSAGE][PASSED] - Object: 'Object Repository/MAKE_ PAYMENT/Home_ Page/PAYMENT_TYPE' is clicked on

2021-03-19 13:05:50 - [MESSAGE][PASSED] - All options with label 'Taxes' are selected in object 'Object Repository/MAKE_ PAYMENT/Home_ Page/PAYMENT_TYPE'  using regular expression

2021-03-19 13:05:50 - [MESSAGE][PASSED] - selected dropdown option by visible text  Taxesfrom Payment Type

2021-03-19 13:05:50 - [TEST_STEP][PASSED] - scrollToElement(findTestObject("MAKE_ PAYMENT/Home_ Page/CONTINUE"), 30): Scroll to object 'Object Repository/MAKE_ PAYMENT/Home_ Page/CONTINUE' successfully

2021-03-19 13:05:50 - [MESSAGE][PASSED] - Scroll to object 'Object Repository/MAKE_ PAYMENT/Home_ Page/CONTINUE' successfully

2021-03-19 13:05:50 - [TEST_STEP][PASSED] - utilities.SafeActions.safeClick(findTestObject("MAKE_ PAYMENT/Home_ Page/CONTINUE"), "Continue", [pageLoadTime]): Consumer_Payment_Making.ts:Clicked on the Continue

2021-03-19 13:05:50 - [MESSAGE][INFO] - safeClicking

2021-03-19 13:05:51 - [MESSAGE][PASSED] - Object 'Object Repository/MAKE_ PAYMENT/Home_ Page/CONTINUE' is present

2021-03-19 13:05:51 - [MESSAGE][PASSED] - Object 'Object Repository/MAKE_ PAYMENT/Home_ Page/CONTINUE' is clickable

2021-03-19 13:05:54 - [MESSAGE][PASSED] - Object: 'Object Repository/MAKE_ PAYMENT/Home_ Page/CONTINUE' is clicked on

2021-03-19 13:05:54 - [MESSAGE][PASSED] - Consumer_Payment_Making.ts:Clicked on the Continue

2021-03-19 13:05:54 - [TEST_STEP][PASSED] - pages.Payment_Page.setPersonalDetails(firstName, lastName, telephone): Consumer_Payment_Making.ts:Entered'9640400667 into Telephone

2021-03-19 13:05:55 - [MESSAGE][PASSED] - Object 'Object Repository/MAKE_ PAYMENT/Consumer_Personal_ Details/FIRST_NAME' is present

2021-03-19 13:05:55 - [MESSAGE][PASSED] - Object 'Object Repository/MAKE_ PAYMENT/Consumer_Personal_ Details/FIRST_NAME' is visible

2021-03-19 13:05:55 - [MESSAGE][PASSED] - Object 'Object Repository/MAKE_ PAYMENT/Consumer_Personal_ Details/FIRST_NAME' is present

2021-03-19 13:05:57 - [MESSAGE][PASSED] - Text 'Susmitha' is set on object 'Object Repository/MAKE_ PAYMENT/Consumer_Personal_ Details/FIRST_NAME'

2021-03-19 13:05:57 - [MESSAGE][PASSED] - Consumer_Payment_Making.ts:Entered'Susmitha into FirstName

2021-03-19 13:05:57 - [MESSAGE][PASSED] - Object 'Object Repository/MAKE_ PAYMENT/Consumer_Personal_ Details/LAST_NAME' is present

2021-03-19 13:05:58 - [MESSAGE][PASSED] - Object 'Object Repository/MAKE_ PAYMENT/Consumer_Personal_ Details/LAST_NAME' is visible

2021-03-19 13:05:58 - [MESSAGE][PASSED] - Object 'Object Repository/MAKE_ PAYMENT/Consumer_Personal_ Details/LAST_NAME' is present

2021-03-19 13:06:00 - [MESSAGE][PASSED] - Text 'Angana' is set on object 'Object Repository/MAKE_ PAYMENT/Consumer_Personal_ Details/LAST_NAME'

2021-03-19 13:06:00 - [MESSAGE][PASSED] - Consumer_Payment_Making.ts:Entered'Angana into LastName

2021-03-19 13:06:00 - [MESSAGE][PASSED] - Object 'Object Repository/MAKE_ PAYMENT/Consumer_Personal_ Details/TELEPHONE' is present

2021-03-19 13:06:00 - [MESSAGE][PASSED] - Object 'Object Repository/MAKE_ PAYMENT/Consumer_Personal_ Details/TELEPHONE' is visible

2021-03-19 13:06:01 - [MESSAGE][PASSED] - Object 'Object Repository/MAKE_ PAYMENT/Consumer_Personal_ Details/TELEPHONE' is present

2021-03-19 13:06:02 - [MESSAGE][PASSED] - Text '9640400667' is set on object 'Object Repository/MAKE_ PAYMENT/Consumer_Personal_ Details/TELEPHONE'

2021-03-19 13:06:02 - [MESSAGE][PASSED] - Consumer_Payment_Making.ts:Entered'9640400667 into Telephone

2021-03-19 13:06:02 - [TEST_STEP][PASSED] - pages.Payment_Page.setLocationDetails(address, zipCode): Consumer_Payment_Making.ts:Entered'76102 into ZipCode

2021-03-19 13:06:03 - [MESSAGE][PASSED] - Object 'Object Repository/MAKE_ PAYMENT/Consumer_Personal_ Details/ADDRESS' is present

2021-03-19 13:06:03 - [MESSAGE][PASSED] - Object 'Object Repository/MAKE_ PAYMENT/Consumer_Personal_ Details/ADDRESS' is visible

2021-03-19 13:06:03 - [MESSAGE][PASSED] - Object 'Object Repository/MAKE_ PAYMENT/Consumer_Personal_ Details/ADDRESS' is present

2021-03-19 13:06:05 - [MESSAGE][PASSED] - Text '14-2' is set on object 'Object Repository/MAKE_ PAYMENT/Consumer_Personal_ Details/ADDRESS'

2021-03-19 13:06:05 - [MESSAGE][PASSED] - Consumer_Payment_Making.ts:Entered'14-2 into Address

2021-03-19 13:06:05 - [MESSAGE][PASSED] - Object 'Object Repository/MAKE_ PAYMENT/Consumer_Personal_ Details/ZIP_CODE' is present

2021-03-19 13:06:06 - [MESSAGE][PASSED] - Object 'Object Repository/MAKE_ PAYMENT/Consumer_Personal_ Details/ZIP_CODE' is visible

2021-03-19 13:06:06 - [MESSAGE][PASSED] - Object 'Object Repository/MAKE_ PAYMENT/Consumer_Personal_ Details/ZIP_CODE' is present

2021-03-19 13:06:08 - [MESSAGE][PASSED] - Text '76102' is set on object 'Object Repository/MAKE_ PAYMENT/Consumer_Personal_ Details/ZIP_CODE'

2021-03-19 13:06:08 - [MESSAGE][PASSED] - Consumer_Payment_Making.ts:Entered'76102 into ZipCode

2021-03-19 13:06:08 - [TEST_STEP][PASSED] - waitForElementClickable(findTestObject("MAKE_ PAYMENT/Home_ Page/CONTINUE"), 30): Object 'Object Repository/MAKE_ PAYMENT/Home_ Page/CONTINUE' is clickable

2021-03-19 13:06:08 - [MESSAGE][PASSED] - Object 'Object Repository/MAKE_ PAYMENT/Home_ Page/CONTINUE' is clickable

2021-03-19 13:06:08 - [TEST_STEP][PASSED] - pages.Payment_Page.clickOnElement(findTestObject("MAKE_ PAYMENT/Home_ Page/CONTINUE")): pages.Payment_Page.clickOnElement is PASSED

2021-03-19 13:06:10 - [MESSAGE][PASSED] - Execute JavaScript 'arguments[0].click()' successfully

2021-03-19 13:06:10 - [MESSAGE][PASSED] - pages.Payment_Page.clickOnElement is PASSED

2021-03-19 13:06:10 - [TEST_STEP][PASSED] - waitForElementClickable(findTestObject("MAKE_ PAYMENT/Consumer_Personal_ Details/CheckBox"), 30): Object 'Object Repository/MAKE_ PAYMENT/Consumer_Personal_ Details/CheckBox' is clickable

2021-03-19 13:06:11 - [MESSAGE][PASSED] - Object 'Object Repository/MAKE_ PAYMENT/Consumer_Personal_ Details/CheckBox' is clickable

2021-03-19 13:06:11 - [TEST_STEP][PASSED] - utilities.SafeActions.safeCheck(findTestObject("MAKE_ PAYMENT/Consumer_Personal_ Details/CheckBox"), "Billing CheckBox", [pageLoadTime]): Consumer_Payment_Making.ts:Checkbox 'Billing CheckBox'is selected

2021-03-19 13:06:12 - [MESSAGE][PASSED] - Object 'Object Repository/MAKE_ PAYMENT/Consumer_Personal_ Details/CheckBox' is present

2021-03-19 13:06:13 - [MESSAGE][PASSED] - Object 'Object Repository/MAKE_ PAYMENT/Consumer_Personal_ Details/CheckBox' is present

2021-03-19 13:06:14 - [MESSAGE][PASSED] - Object: 'Object Repository/MAKE_ PAYMENT/Consumer_Personal_ Details/CheckBox' is clicked on

2021-03-19 13:06:14 - [MESSAGE][PASSED] - Consumer_Payment_Making.ts:Checkbox 'Billing CheckBox'is selected

2021-03-19 13:06:14 - [TEST_STEP][PASSED] - waitForPageLoad(2): Wait for page load successfully

2021-03-19 13:06:15 - [MESSAGE][PASSED] - Wait for page load successfully

2021-03-19 13:06:15 - [TEST_STEP][PASSED] - utilities.SafeActions.safeClick(findTestObject("MAKE_ PAYMENT/Home_ Page/CONTINUE"), "Continue", [pageLoadTime]): Consumer_Payment_Making.ts:Clicked on the Continue

2021-03-19 13:06:15 - [MESSAGE][INFO] - safeClicking

2021-03-19 13:06:16 - [MESSAGE][PASSED] - Object 'Object Repository/MAKE_ PAYMENT/Home_ Page/CONTINUE' is present

2021-03-19 13:06:16 - [MESSAGE][PASSED] - Object 'Object Repository/MAKE_ PAYMENT/Home_ Page/CONTINUE' is clickable

2021-03-19 13:06:19 - [MESSAGE][PASSED] - Object: 'Object Repository/MAKE_ PAYMENT/Home_ Page/CONTINUE' is clicked on

2021-03-19 13:06:19 - [MESSAGE][PASSED] - Consumer_Payment_Making.ts:Clicked on the Continue

2021-03-19 13:06:19 - [TEST_STEP][PASSED] - delay(2): Delayed 2 second(s)

2021-03-19 13:06:21 - [MESSAGE][PASSED] - Delayed 2 second(s)

2021-03-19 13:06:21 - [TEST_STEP][PASSED] - pages.Payment_Page.setCardDetails(cardNum, securityCode, expYear, expMonth): Actual text '374245003731006' and expected text '374245003731006' are matched  using regular expression

2021-03-19 13:06:22 - [MESSAGE][PASSED] - Object 'Object Repository/MAKE_ PAYMENT/Consumer_Personal_ Details/CARD_NUM' is present

2021-03-19 13:06:22 - [MESSAGE][PASSED] - Object 'Object Repository/MAKE_ PAYMENT/Consumer_Personal_ Details/CARD_NUM' is visible

2021-03-19 13:06:22 - [MESSAGE][PASSED] - Object 'Object Repository/MAKE_ PAYMENT/Consumer_Personal_ Details/CARD_NUM' is present

2021-03-19 13:06:24 - [MESSAGE][PASSED] - Text '374245003731006' is set on object 'Object Repository/MAKE_ PAYMENT/Consumer_Personal_ Details/CARD_NUM'

2021-03-19 13:06:24 - [MESSAGE][PASSED] - Consumer_Payment_Making.ts:Entered'374245003731006 into CardNum

2021-03-19 13:06:24 - [MESSAGE][PASSED] - Object 'Object Repository/MAKE_ PAYMENT/Consumer_Personal_ Details/EXP_MONTH' is visible

2021-03-19 13:06:24 - [MESSAGE][PASSED] - Object 'Object Repository/MAKE_ PAYMENT/Consumer_Personal_ Details/EXP_MONTH' is present

2021-03-19 13:06:26 - [MESSAGE][PASSED] - Object: 'Object Repository/MAKE_ PAYMENT/Consumer_Personal_ Details/EXP_MONTH' is clicked on

2021-03-19 13:06:27 - [MESSAGE][PASSED] - All options with label '03' are selected in object 'Object Repository/MAKE_ PAYMENT/Consumer_Personal_ Details/EXP_MONTH'  using regular expression

2021-03-19 13:06:27 - [MESSAGE][PASSED] - selected dropdown option by visible text  03from Month

2021-03-19 13:06:27 - [MESSAGE][PASSED] - Object 'Object Repository/MAKE_ PAYMENT/Consumer_Personal_ Details/EXP_YEAR' is visible

2021-03-19 13:06:27 - [MESSAGE][PASSED] - Object 'Object Repository/MAKE_ PAYMENT/Consumer_Personal_ Details/EXP_YEAR' is present

2021-03-19 13:06:29 - [MESSAGE][PASSED] - Object: 'Object Repository/MAKE_ PAYMENT/Consumer_Personal_ Details/EXP_YEAR' is clicked on

2021-03-19 13:06:30 - [MESSAGE][PASSED] - All options with label '2025' are selected in object 'Object Repository/MAKE_ PAYMENT/Consumer_Personal_ Details/EXP_YEAR'  using regular expression

2021-03-19 13:06:30 - [MESSAGE][PASSED] - selected dropdown option by visible text  2025from year

2021-03-19 13:06:30 - [MESSAGE][PASSED] - Object 'Object Repository/MAKE_ PAYMENT/Consumer_Personal_ Details/SECURITY_CODE' is present

2021-03-19 13:06:31 - [MESSAGE][PASSED] - Object 'Object Repository/MAKE_ PAYMENT/Consumer_Personal_ Details/SECURITY_CODE' is visible

2021-03-19 13:06:31 - [MESSAGE][PASSED] - Object 'Object Repository/MAKE_ PAYMENT/Consumer_Personal_ Details/SECURITY_CODE' is present

2021-03-19 13:06:32 - [MESSAGE][PASSED] - Text '111' is set on object 'Object Repository/MAKE_ PAYMENT/Consumer_Personal_ Details/SECURITY_CODE'

2021-03-19 13:06:32 - [MESSAGE][PASSED] - Consumer_Payment_Making.ts:Entered'111 into SecurityCode

2021-03-19 13:06:33 - [MESSAGE][PASSED] - Attribute 'value' of object 'Object Repository/MAKE_ PAYMENT/Consumer_Personal_ Details/CARD_NUM' is: '374245003731006'

2021-03-19 13:06:33 - [MESSAGE][PASSED] - Actual text '374245003731006' and expected text '374245003731006' are matched  using regular expression

2021-03-19 13:06:33 - [TEST_STEP][PASSED] - utilities.SafeActions.safeType(findTestObject("MAKE_ PAYMENT/Consumer_Personal_ Details/EMAIL_ADDRESS"), emailAddress, "EmailAddress", [pageLoadTime]): Consumer_Payment_Making.ts:Entered'testing@zenq.com into EmailAddress

2021-03-19 13:06:33 - [MESSAGE][PASSED] - Object 'Object Repository/MAKE_ PAYMENT/Consumer_Personal_ Details/EMAIL_ADDRESS' is present

2021-03-19 13:06:33 - [MESSAGE][PASSED] - Object 'Object Repository/MAKE_ PAYMENT/Consumer_Personal_ Details/EMAIL_ADDRESS' is visible

2021-03-19 13:06:34 - [MESSAGE][PASSED] - Object 'Object Repository/MAKE_ PAYMENT/Consumer_Personal_ Details/EMAIL_ADDRESS' is present

2021-03-19 13:06:35 - [MESSAGE][PASSED] - Text 'testing@zenq.com' is set on object 'Object Repository/MAKE_ PAYMENT/Consumer_Personal_ Details/EMAIL_ADDRESS'

2021-03-19 13:06:35 - [MESSAGE][PASSED] - Consumer_Payment_Making.ts:Entered'testing@zenq.com into EmailAddress

2021-03-19 13:06:35 - [TEST_STEP][PASSED] - utilities.SafeActions.safeClick(findTestObject("MAKE_ PAYMENT/Home_ Page/CONTINUE"), "Continue", [pageLoadTime]): Consumer_Payment_Making.ts:Clicked on the Continue

2021-03-19 13:06:35 - [MESSAGE][INFO] - safeClicking

2021-03-19 13:06:36 - [MESSAGE][PASSED] - Object 'Object Repository/MAKE_ PAYMENT/Home_ Page/CONTINUE' is present

2021-03-19 13:06:36 - [MESSAGE][PASSED] - Object 'Object Repository/MAKE_ PAYMENT/Home_ Page/CONTINUE' is clickable

2021-03-19 13:06:39 - [MESSAGE][PASSED] - Object: 'Object Repository/MAKE_ PAYMENT/Home_ Page/CONTINUE' is clicked on

2021-03-19 13:06:39 - [MESSAGE][PASSED] - Consumer_Payment_Making.ts:Clicked on the Continue

2021-03-19 13:06:39 - [TEST_STEP][PASSED] - utilities.SafeActions.safeClick(findTestObject("MAKE_ PAYMENT/Consumer_Personal_ Details/I_AGREE"), "I agree", [pageLoadTime]): Consumer_Payment_Making.ts:Clicked on the I agree

2021-03-19 13:06:39 - [MESSAGE][INFO] - safeClicking

2021-03-19 13:06:40 - [MESSAGE][PASSED] - Object 'Object Repository/MAKE_ PAYMENT/Consumer_Personal_ Details/I_AGREE' is present

2021-03-19 13:06:41 - [MESSAGE][PASSED] - Object 'Object Repository/MAKE_ PAYMENT/Consumer_Personal_ Details/I_AGREE' is clickable

2021-03-19 13:06:43 - [MESSAGE][PASSED] - Object: 'Object Repository/MAKE_ PAYMENT/Consumer_Personal_ Details/I_AGREE' is clicked on

2021-03-19 13:06:43 - [MESSAGE][PASSED] - Consumer_Payment_Making.ts:Clicked on the I agree

2021-03-19 13:06:43 - [TEST_STEP][PASSED] - pages.Payment_Page.verifyUserDetails(firstName, lastName, emailAddress, CardType, ""): CardType matched

2021-03-19 13:06:44 - [MESSAGE][PASSED] - Scroll to object 'Object Repository/MAKE_ PAYMENT/Verification_ Details/FIRST_NAME' successfully

2021-03-19 13:06:45 - [MESSAGE][PASSED] - Text of object 'Object Repository/MAKE_ PAYMENT/Verification_ Details/FIRST_NAME' is: 'Susmitha'

2021-03-19 13:06:45 - [MESSAGE][PASSED] - Actual text 'Susmitha' and expected text 'Susmitha' are matched  using regular expression

2021-03-19 13:06:45 - [MESSAGE][PASSED] - Text of object 'Object Repository/MAKE_ PAYMENT/Verification_ Details/LAST_NAME' is: 'Angana'

2021-03-19 13:06:45 - [MESSAGE][PASSED] - Actual text 'Angana' and expected text 'Angana' are matched  using regular expression

2021-03-19 13:06:47 - [MESSAGE][PASSED] - Text of object 'Object Repository/MAKE_ PAYMENT/Verification_ Details/EMAIL_ADDRESS' is: 'testing@zenq.com'

2021-03-19 13:06:47 - [MESSAGE][PASSED] - Actual text 'testing@zenq.com' and expected text 'testing@zenq.com' are matched  using regular expression

2021-03-19 13:06:48 - [MESSAGE][PASSED] - Text of object 'Object Repository/MAKE_ PAYMENT/Verification_ Details/CARD_TYPE' is: 'American Express'

2021-03-19 13:06:48 - [MESSAGE][PASSED] - Actual text 'American Express' and expected text 'American Express' are matched  using regular expression

2021-03-19 13:06:48 - [MESSAGE][PASSED] - CardType matched

2021-03-19 13:06:48 - [TEST_STEP][PASSED] - utilities.SafeActions.safeClick(findTestObject("MAKE_ PAYMENT/Verification_ Details/PROCESS_PAYMENT"), "Process Payment", [pageLoadTime]): Consumer_Payment_Making.ts:Clicked on the Process Payment

2021-03-19 13:06:48 - [MESSAGE][INFO] - safeClicking

2021-03-19 13:06:48 - [MESSAGE][PASSED] - Object 'Object Repository/MAKE_ PAYMENT/Verification_ Details/PROCESS_PAYMENT' is present

2021-03-19 13:06:49 - [MESSAGE][PASSED] - Object 'Object Repository/MAKE_ PAYMENT/Verification_ Details/PROCESS_PAYMENT' is clickable

2021-03-19 13:06:50 - [MESSAGE][PASSED] - Object: 'Object Repository/MAKE_ PAYMENT/Verification_ Details/PROCESS_PAYMENT' is clicked on

2021-03-19 13:06:50 - [MESSAGE][PASSED] - Consumer_Payment_Making.ts:Clicked on the Process Payment

2021-03-19 13:06:50 - [TEST_STEP][PASSED] - utilities.SafeActions.safeClick(findTestObject("MAKE_ PAYMENT/Verification_ Details/YES_BUTTON"), "yes button", [pageLoadTime]): Consumer_Payment_Making.ts:Clicked on the yes button

2021-03-19 13:06:50 - [MESSAGE][INFO] - safeClicking

2021-03-19 13:06:50 - [MESSAGE][PASSED] - Object 'Object Repository/MAKE_ PAYMENT/Verification_ Details/YES_BUTTON' is present

2021-03-19 13:06:51 - [MESSAGE][PASSED] - Object 'Object Repository/MAKE_ PAYMENT/Verification_ Details/YES_BUTTON' is clickable

2021-03-19 13:07:21 - [MESSAGE][PASSED] - Object: 'Object Repository/MAKE_ PAYMENT/Verification_ Details/YES_BUTTON' is clicked on

2021-03-19 13:07:21 - [MESSAGE][PASSED] - Consumer_Payment_Making.ts:Clicked on the yes button

2021-03-19 13:07:21 - [TEST_STEP][PASSED] - PaymentId = pages.Payment_Page.verifyCardPaymentApproval(referenceNum): pages.Payment_Page.verifyCardPaymentApproval is PASSED

2021-03-19 13:07:22 - [MESSAGE][PASSED] - Text of object 'Object Repository/MAKE_ PAYMENT/Verification_ Details/PAY_ID_CARD' is: '100176224966'

2021-03-19 13:07:25 - [MESSAGE][PASSED] - Text of object 'Object Repository/MAKE_ PAYMENT/Verification_ Details/REFERENCE_NUM' is: '11'

2021-03-19 13:07:25 - [MESSAGE][PASSED] - pages.Payment_Page.verifyCardPaymentApproval is PASSED

2021-03-19 13:07:25 - [TEST_STEP][PASSED] - utilities.SafeActions.safeClick(findTestObject("SEARCH_PAYMENT/SEARCH_PAYMENT"), "Search Payment", [pageLoadTime]): Consumer_Payment_Making.ts:Clicked on the Search Payment

2021-03-19 13:07:25 - [MESSAGE][INFO] - safeClicking

2021-03-19 13:07:26 - [MESSAGE][PASSED] - Object 'Object Repository/SEARCH_PAYMENT/SEARCH_PAYMENT' is present

2021-03-19 13:07:26 - [MESSAGE][PASSED] - Object 'Object Repository/SEARCH_PAYMENT/SEARCH_PAYMENT' is clickable

2021-03-19 13:07:27 - [MESSAGE][PASSED] - Object: 'Object Repository/SEARCH_PAYMENT/SEARCH_PAYMENT' is clicked on

2021-03-19 13:07:27 - [MESSAGE][PASSED] - Consumer_Payment_Making.ts:Clicked on the Search Payment

2021-03-19 13:07:27 - [TEST_STEP][PASSED] - waitForPageLoad(10): Wait for page load successfully

2021-03-19 13:07:27 - [MESSAGE][PASSED] - Wait for page load successfully

2021-03-19 13:07:27 - [TEST_STEP][PASSED] - pages.Search_Page.switchToWindow(): pages.Search_Page.switchToWindow is PASSED

2021-03-19 13:07:30 - [MESSAGE][PASSED] - Object: 'Object Repository/SEARCH_PAYMENT/SEARCH_PAYMENT' is clicked on

2021-03-19 13:07:30 - [MESSAGE][PASSED] - Switched to window with index: '1'

2021-03-19 13:07:30 - [MESSAGE][PASSED] - pages.Search_Page.switchToWindow is PASSED

2021-03-19 13:07:30 - [TEST_STEP][PASSED] - waitForElementClickable(findTestObject("SEARCH_PAYMENT/CREDIT_OR_DEBIT_CARD"), 0): Object 'Object Repository/SEARCH_PAYMENT/CREDIT_OR_DEBIT_CARD' is clickable

2021-03-19 13:07:30 - [MESSAGE][WARNING] - Timeout '0' is invalid. Using default page load timeout: '30'

2021-03-19 13:07:30 - [MESSAGE][PASSED] - Object 'Object Repository/SEARCH_PAYMENT/CREDIT_OR_DEBIT_CARD' is clickable

2021-03-19 13:07:30 - [TEST_STEP][PASSED] - utilities.SafeActions.safeCheck(findTestObject("SEARCH_PAYMENT/CREDIT_OR_DEBIT_CARD"), "Credit card", [pageLoadTime]): Consumer_Payment_Making.ts:Checkbox 'Credit card'is selected

2021-03-19 13:07:30 - [MESSAGE][PASSED] - Object 'Object Repository/SEARCH_PAYMENT/CREDIT_OR_DEBIT_CARD' is present

2021-03-19 13:07:33 - [MESSAGE][PASSED] - Object 'Object Repository/SEARCH_PAYMENT/CREDIT_OR_DEBIT_CARD' is present

2021-03-19 13:07:34 - [MESSAGE][PASSED] - Object: 'Object Repository/SEARCH_PAYMENT/CREDIT_OR_DEBIT_CARD' is clicked on

2021-03-19 13:07:34 - [MESSAGE][PASSED] - Consumer_Payment_Making.ts:Checkbox 'Credit card'is selected

2021-03-19 13:07:34 - [TEST_STEP][PASSED] - pages.Search_Page.setSearchDetails(lastName, cardNum, accNum): Credit card is checked and cardNum is entered 

2021-03-19 13:07:34 - [MESSAGE][PASSED] - Object 'Object Repository/SEARCH_PAYMENT/BILLING_LAST_NAME' is present

2021-03-19 13:07:35 - [MESSAGE][PASSED] - Object 'Object Repository/SEARCH_PAYMENT/BILLING_LAST_NAME' is visible

2021-03-19 13:07:35 - [MESSAGE][PASSED] - Object 'Object Repository/SEARCH_PAYMENT/BILLING_LAST_NAME' is present

2021-03-19 13:07:36 - [MESSAGE][PASSED] - Text 'Angana' is set on object 'Object Repository/SEARCH_PAYMENT/BILLING_LAST_NAME'

2021-03-19 13:07:36 - [MESSAGE][PASSED] - Consumer_Payment_Making.ts:Entered'Angana into LastName

2021-03-19 13:07:37 - [MESSAGE][PASSED] - Object 'Object Repository/SEARCH_PAYMENT/CREDIT_OR_DEBIT_CARD' is checked

2021-03-19 13:07:37 - [MESSAGE][PASSED] - Object 'Object Repository/SEARCH_PAYMENT/CARD_NUMBER' is present

2021-03-19 13:07:37 - [MESSAGE][PASSED] - Object 'Object Repository/SEARCH_PAYMENT/CARD_NUMBER' is visible

2021-03-19 13:07:38 - [MESSAGE][PASSED] - Object 'Object Repository/SEARCH_PAYMENT/CARD_NUMBER' is present

2021-03-19 13:07:39 - [MESSAGE][PASSED] - Text '374245003731006' is set on object 'Object Repository/SEARCH_PAYMENT/CARD_NUMBER'

2021-03-19 13:07:39 - [MESSAGE][PASSED] - Consumer_Payment_Making.ts:Entered'374245003731006 into CArdNum

2021-03-19 13:07:39 - [MESSAGE][PASSED] - Credit card is checked and cardNum is entered 

2021-03-19 13:07:39 - [TEST_STEP][PASSED] - utilities.SafeActions.safeClick(findTestObject("SEARCH_PAYMENT/SEARCH_BUTTON"), "Search", [pageLoadTime]): Consumer_Payment_Making.ts:Clicked on the Search

2021-03-19 13:07:39 - [MESSAGE][INFO] - safeClicking

2021-03-19 13:07:40 - [MESSAGE][PASSED] - Object 'Object Repository/SEARCH_PAYMENT/SEARCH_BUTTON' is present

2021-03-19 13:07:40 - [MESSAGE][PASSED] - Object 'Object Repository/SEARCH_PAYMENT/SEARCH_BUTTON' is clickable

2021-03-19 13:07:53 - [MESSAGE][PASSED] - Object: 'Object Repository/SEARCH_PAYMENT/SEARCH_BUTTON' is clicked on

2021-03-19 13:07:53 - [MESSAGE][PASSED] - Consumer_Payment_Making.ts:Clicked on the Search

2021-03-19 13:07:53 - [TEST_STEP][PASSED] - pages.Payment_Page.verifyPaymentDetailsInReceipt(PaymentId): pages.Payment_Page.verifyPaymentDetailsInReceipt is PASSED

2021-03-19 13:07:54 - [MESSAGE][PASSED] - Text of object 'Object Repository/SEARCH_PAYMENT/REFERNCE_NUM' is: '11'

2021-03-19 13:07:55 - [MESSAGE][PASSED] - Text of object 'Object Repository/SEARCH_PAYMENT/PAYMENT_ID' is: '100176224966'

2021-03-19 13:07:55 - [MESSAGE][PASSED] - pages.Payment_Page.verifyPaymentDetailsInReceipt is PASSED

2021-03-19 13:07:55 - [TEST_STEP][PASSED] - utilities.SafeActions.safeClick(findTestObject("SEARCH_PAYMENT/SEARCH_ ICON"), "SearchIcon", [pageLoadTime]): Consumer_Payment_Making.ts:Clicked on the SearchIcon

2021-03-19 13:07:55 - [MESSAGE][INFO] - safeClicking

2021-03-19 13:07:55 - [MESSAGE][PASSED] - Object 'Object Repository/SEARCH_PAYMENT/SEARCH_ ICON' is present

2021-03-19 13:07:55 - [MESSAGE][PASSED] - Object 'Object Repository/SEARCH_PAYMENT/SEARCH_ ICON' is clickable

2021-03-19 13:07:57 - [MESSAGE][PASSED] - Object: 'Object Repository/SEARCH_PAYMENT/SEARCH_ ICON' is clicked on

2021-03-19 13:07:57 - [MESSAGE][PASSED] - Consumer_Payment_Making.ts:Clicked on the SearchIcon

2021-03-19 13:07:57 - [TEST_STEP][PASSED] - delay(2): Delayed 2 second(s)

2021-03-19 13:07:59 - [MESSAGE][PASSED] - Delayed 2 second(s)

2021-03-19 13:07:59 - [TEST_STEP][PASSED] - scrollToElement(findTestObject("SEARCH_PAYMENT/CLOSE_BUTTON"), 0): Scroll to object 'Object Repository/SEARCH_PAYMENT/CLOSE_BUTTON' successfully

2021-03-19 13:07:59 - [MESSAGE][WARNING] - Timeout '0' is invalid. Using default page load timeout: '30'

2021-03-19 13:07:59 - [MESSAGE][PASSED] - Scroll to object 'Object Repository/SEARCH_PAYMENT/CLOSE_BUTTON' successfully

2021-03-19 13:07:59 - [TEST_STEP][PASSED] - utilities.SafeActions.safeClick(findTestObject("SEARCH_PAYMENT/EMAIL_ RECEIPT"), "Email Receipt", [pageLoadTime]): Consumer_Payment_Making.ts:Clicked on the Email Receipt

2021-03-19 13:07:59 - [MESSAGE][INFO] - safeClicking

2021-03-19 13:07:59 - [MESSAGE][PASSED] - Object 'Object Repository/SEARCH_PAYMENT/EMAIL_ RECEIPT' is present

2021-03-19 13:08:00 - [MESSAGE][PASSED] - Object 'Object Repository/SEARCH_PAYMENT/EMAIL_ RECEIPT' is clickable

2021-03-19 13:08:01 - [MESSAGE][PASSED] - Object: 'Object Repository/SEARCH_PAYMENT/EMAIL_ RECEIPT' is clicked on

2021-03-19 13:08:01 - [MESSAGE][PASSED] - Consumer_Payment_Making.ts:Clicked on the Email Receipt

2021-03-19 13:08:01 - [TEST_STEP][PASSED] - utilities.SafeActions.safeClick(findTestObject("SEARCH_PAYMENT/SEND_ EMAIL_BUTTON"), "Send Email", [pageLoadTime]): Consumer_Payment_Making.ts:Clicked on the Send Email

2021-03-19 13:08:01 - [MESSAGE][INFO] - safeClicking

2021-03-19 13:08:02 - [MESSAGE][PASSED] - Object 'Object Repository/SEARCH_PAYMENT/SEND_ EMAIL_BUTTON' is present

2021-03-19 13:08:02 - [MESSAGE][PASSED] - Object 'Object Repository/SEARCH_PAYMENT/SEND_ EMAIL_BUTTON' is clickable

2021-03-19 13:08:03 - [MESSAGE][PASSED] - Object: 'Object Repository/SEARCH_PAYMENT/SEND_ EMAIL_BUTTON' is clicked on

2021-03-19 13:08:03 - [MESSAGE][PASSED] - Consumer_Payment_Making.ts:Clicked on the Send Email

2021-03-19 13:08:03 - [TEST_STEP][PASSED] - Start listener action : afterTestCase: Browser is closed

2021-03-19 13:08:03 - [TEST_STEP][PASSED] - closeBrowser(): Browser is closed

2021-03-19 13:08:04 - [MESSAGE][PASSED] - Browser is closed]]></system-out>
         <system-err><![CDATA[]]></system-err>
      </testcase>
      <testcase name="Test Cases/Consumer_Make_Payment/TC_002_Credit_MultiLine_Payment" time="161.48" classname="Test Cases/Consumer_Make_Payment/TC_002_Credit_MultiLine_Payment" status="PASSED">
         <system-out><![CDATA[2021-03-19 13:08:04 - [TEST_CASE][PASSED] - Test Cases/Consumer_Make_Payment/TC_002_Credit_MultiLine_Payment: Test Cases/Consumer_Make_Payment/TC_002_Credit_MultiLine_Payment

2021-03-19 13:08:04 - [TEST_STEP][PASSED] - Start listener action : beforeTestCase: null

2021-03-19 13:08:04 - [TEST_STEP][PASSED] - utilities.SafeActions.openBrowser(certpay_url, [pageLoadTime]): Browser launched successfully

2021-03-19 13:08:04 - [MESSAGE][INFO] - Opening Browser

2021-03-19 13:08:04 - [MESSAGE][INFO] - Starting 'Chrome' driver

2021-03-19 13:08:04 - [MESSAGE][INFO] - Action delay is set to 0 milliseconds

2021-03-19 13:08:15 - [MESSAGE][PASSED] - Browser is opened with url: 'https://qa-certpay.faps.net/'

2021-03-19 13:08:15 - [MESSAGE][PASSED] - Current window maximized

2021-03-19 13:08:15 - [MESSAGE][PASSED] - Browser launched successfully

2021-03-19 13:08:15 - [TEST_STEP][PASSED] - utilities.SafeActions.safeType(findTestObject("MAKE_ PAYMENT/Home_ Page/BUREAU_CODE"), bureauCode, "Bureau code", [pageLoadTime]): Consumer_Payment_Making.ts:Entered'6100000 into Bureau code

2021-03-19 13:08:15 - [MESSAGE][PASSED] - Object 'Object Repository/MAKE_ PAYMENT/Home_ Page/BUREAU_CODE' is present

2021-03-19 13:08:15 - [MESSAGE][PASSED] - Object 'Object Repository/MAKE_ PAYMENT/Home_ Page/BUREAU_CODE' is visible

2021-03-19 13:08:16 - [MESSAGE][PASSED] - Object 'Object Repository/MAKE_ PAYMENT/Home_ Page/BUREAU_CODE' is present

2021-03-19 13:08:17 - [MESSAGE][PASSED] - Text '6100000' is set on object 'Object Repository/MAKE_ PAYMENT/Home_ Page/BUREAU_CODE'

2021-03-19 13:08:17 - [MESSAGE][PASSED] - Consumer_Payment_Making.ts:Entered'6100000 into Bureau code

2021-03-19 13:08:17 - [TEST_STEP][PASSED] - utilities.SafeActions.safeClick(findTestObject("MAKE_ PAYMENT/Home_ Page/BEGIN_PAYMENT"), "Begin payment", [pageLoadTime]): Consumer_Payment_Making.ts:Clicked on the Begin payment

2021-03-19 13:08:17 - [MESSAGE][INFO] - safeClicking

2021-03-19 13:08:18 - [MESSAGE][PASSED] - Object 'Object Repository/MAKE_ PAYMENT/Home_ Page/BEGIN_PAYMENT' is present

2021-03-19 13:08:18 - [MESSAGE][PASSED] - Object 'Object Repository/MAKE_ PAYMENT/Home_ Page/BEGIN_PAYMENT' is clickable

2021-03-19 13:08:20 - [MESSAGE][PASSED] - Object: 'Object Repository/MAKE_ PAYMENT/Home_ Page/BEGIN_PAYMENT' is clicked on

2021-03-19 13:08:20 - [MESSAGE][PASSED] - Consumer_Payment_Making.ts:Clicked on the Begin payment

2021-03-19 13:08:20 - [TEST_STEP][PASSED] - utilities.SafeActions.safeClick(findTestObject("MAKE_ PAYMENT/Home_ Page/CONTINUE"), "Continue", [pageLoadTime]): Consumer_Payment_Making.ts:Clicked on the Continue

2021-03-19 13:08:21 - [MESSAGE][INFO] - safeClicking

2021-03-19 13:08:22 - [MESSAGE][PASSED] - Object 'Object Repository/MAKE_ PAYMENT/Home_ Page/CONTINUE' is present

2021-03-19 13:08:22 - [MESSAGE][PASSED] - Object 'Object Repository/MAKE_ PAYMENT/Home_ Page/CONTINUE' is clickable

2021-03-19 13:08:25 - [MESSAGE][PASSED] - Object: 'Object Repository/MAKE_ PAYMENT/Home_ Page/CONTINUE' is clicked on

2021-03-19 13:08:25 - [MESSAGE][PASSED] - Consumer_Payment_Making.ts:Clicked on the Continue

2021-03-19 13:08:25 - [TEST_STEP][PASSED] - pages.Payment_Page.setAmount("1", paymentAmount, "testing", referenceNum): Consumer_Payment_Making.ts:Entered'testing into Comments

2021-03-19 13:08:26 - [MESSAGE][PASSED] - Object '' is present

2021-03-19 13:08:26 - [MESSAGE][PASSED] - Object '' is visible

2021-03-19 13:08:26 - [MESSAGE][PASSED] - Object '' is present

2021-03-19 13:08:28 - [MESSAGE][PASSED] - Text '20.00' is set on object ''

2021-03-19 13:08:28 - [MESSAGE][PASSED] - Consumer_Payment_Making.ts:Entered'20.00 into Amount

2021-03-19 13:08:28 - [MESSAGE][PASSED] - Object '' is present

2021-03-19 13:08:28 - [MESSAGE][PASSED] - Object '' is visible

2021-03-19 13:08:29 - [MESSAGE][PASSED] - Object '' is present

2021-03-19 13:08:30 - [MESSAGE][PASSED] - Text '12' is set on object ''

2021-03-19 13:08:30 - [MESSAGE][PASSED] - Consumer_Payment_Making.ts:Entered'12 into Amount

2021-03-19 13:08:31 - [MESSAGE][PASSED] - Object '' is present

2021-03-19 13:08:31 - [MESSAGE][PASSED] - Object '' is visible

2021-03-19 13:08:31 - [MESSAGE][PASSED] - Object '' is present

2021-03-19 13:08:33 - [MESSAGE][PASSED] - Text 'testing' is set on object ''

2021-03-19 13:08:33 - [MESSAGE][PASSED] - Consumer_Payment_Making.ts:Entered'testing into Comments

2021-03-19 13:08:33 - [TEST_STEP][PASSED] - utilities.SafeActions.safeClick(findTestObject("MAKE_ PAYMENT/Home_ Page/ADD_ANOTHER_PROPERTY"), "Multi-Payment", [pageLoadTime]): Consumer_Payment_Making.ts:Clicked on the Multi-Payment

2021-03-19 13:08:33 - [MESSAGE][INFO] - safeClicking

2021-03-19 13:08:33 - [MESSAGE][PASSED] - Object 'Object Repository/MAKE_ PAYMENT/Home_ Page/ADD_ANOTHER_PROPERTY' is present

2021-03-19 13:08:34 - [MESSAGE][PASSED] - Object 'Object Repository/MAKE_ PAYMENT/Home_ Page/ADD_ANOTHER_PROPERTY' is clickable

2021-03-19 13:08:36 - [MESSAGE][PASSED] - Object: 'Object Repository/MAKE_ PAYMENT/Home_ Page/ADD_ANOTHER_PROPERTY' is clicked on

2021-03-19 13:08:36 - [MESSAGE][PASSED] - Consumer_Payment_Making.ts:Clicked on the Multi-Payment

2021-03-19 13:08:36 - [TEST_STEP][PASSED] - pages.Payment_Page.setAmount("2", paymentAmount2, "Payment for testing", "22"): Consumer_Payment_Making.ts:Entered'Payment for testing into Comments

2021-03-19 13:08:37 - [MESSAGE][PASSED] - Object '' is present

2021-03-19 13:08:37 - [MESSAGE][PASSED] - Object '' is visible

2021-03-19 13:08:38 - [MESSAGE][PASSED] - Object '' is present

2021-03-19 13:08:39 - [MESSAGE][PASSED] - Text '15.00' is set on object ''

2021-03-19 13:08:39 - [MESSAGE][PASSED] - Consumer_Payment_Making.ts:Entered'15.00 into Amount

2021-03-19 13:08:40 - [MESSAGE][PASSED] - Object '' is present

2021-03-19 13:08:40 - [MESSAGE][PASSED] - Object '' is visible

2021-03-19 13:08:40 - [MESSAGE][PASSED] - Object '' is present

2021-03-19 13:08:42 - [MESSAGE][PASSED] - Text '22' is set on object ''

2021-03-19 13:08:42 - [MESSAGE][PASSED] - Consumer_Payment_Making.ts:Entered'22 into Amount

2021-03-19 13:08:42 - [MESSAGE][PASSED] - Object '' is present

2021-03-19 13:08:43 - [MESSAGE][PASSED] - Object '' is visible

2021-03-19 13:08:43 - [MESSAGE][PASSED] - Object '' is present

2021-03-19 13:08:44 - [MESSAGE][PASSED] - Text 'Payment for testing' is set on object ''

2021-03-19 13:08:44 - [MESSAGE][PASSED] - Consumer_Payment_Making.ts:Entered'Payment for testing into Comments

2021-03-19 13:08:44 - [TEST_STEP][PASSED] - utilities.SafeActions.safeCheck(findTestObject("MAKE_ PAYMENT/Home_ Page/BANK_CARD"), "Bank card", [pageLoadTime]): Consumer_Payment_Making.ts:Checkbox 'Bank card'is selected

2021-03-19 13:08:45 - [MESSAGE][PASSED] - Object 'Object Repository/MAKE_ PAYMENT/Home_ Page/BANK_CARD' is present

2021-03-19 13:08:46 - [MESSAGE][PASSED] - Object 'Object Repository/MAKE_ PAYMENT/Home_ Page/BANK_CARD' is present

2021-03-19 13:08:47 - [MESSAGE][PASSED] - Object: 'Object Repository/MAKE_ PAYMENT/Home_ Page/BANK_CARD' is clicked on

2021-03-19 13:08:47 - [MESSAGE][PASSED] - Consumer_Payment_Making.ts:Checkbox 'Bank card'is selected

2021-03-19 13:08:47 - [TEST_STEP][PASSED] - waitForPageLoad(2): Wait for page load successfully

2021-03-19 13:08:47 - [MESSAGE][PASSED] - Wait for page load successfully

2021-03-19 13:08:47 - [TEST_STEP][PASSED] - utilities.SafeActions.safeSelectOptionInDropdownByVisibleText(findTestObject("MAKE_ PAYMENT/Home_ Page/CARD_TYPE"), cardType, "CardType", [pageLoadTime]): selected dropdown option by visible text  Discoverfrom CardType

2021-03-19 13:08:48 - [MESSAGE][PASSED] - Object 'Object Repository/MAKE_ PAYMENT/Home_ Page/CARD_TYPE' is visible

2021-03-19 13:08:48 - [MESSAGE][PASSED] - Object 'Object Repository/MAKE_ PAYMENT/Home_ Page/CARD_TYPE' is present

2021-03-19 13:08:49 - [MESSAGE][PASSED] - Object: 'Object Repository/MAKE_ PAYMENT/Home_ Page/CARD_TYPE' is clicked on

2021-03-19 13:08:51 - [MESSAGE][PASSED] - All options with label 'Discover' are selected in object 'Object Repository/MAKE_ PAYMENT/Home_ Page/CARD_TYPE'  using regular expression

2021-03-19 13:08:51 - [MESSAGE][PASSED] - selected dropdown option by visible text  Discoverfrom CardType

2021-03-19 13:08:51 - [TEST_STEP][PASSED] - utilities.SafeActions.safeSelectOptionInDropdownByVisibleText(findTestObject("MAKE_ PAYMENT/Home_ Page/PAYMENT_TYPE"), paymentType, "Payment Type", [pageLoadTime]): selected dropdown option by visible text  Giftsfrom Payment Type

2021-03-19 13:08:51 - [MESSAGE][PASSED] - Object 'Object Repository/MAKE_ PAYMENT/Home_ Page/PAYMENT_TYPE' is visible

2021-03-19 13:08:51 - [MESSAGE][PASSED] - Object 'Object Repository/MAKE_ PAYMENT/Home_ Page/PAYMENT_TYPE' is present

2021-03-19 13:08:53 - [MESSAGE][PASSED] - Object: 'Object Repository/MAKE_ PAYMENT/Home_ Page/PAYMENT_TYPE' is clicked on

2021-03-19 13:08:54 - [MESSAGE][PASSED] - All options with label 'Gifts' are selected in object 'Object Repository/MAKE_ PAYMENT/Home_ Page/PAYMENT_TYPE'  using regular expression

2021-03-19 13:08:54 - [MESSAGE][PASSED] - selected dropdown option by visible text  Giftsfrom Payment Type

2021-03-19 13:08:54 - [TEST_STEP][PASSED] - scrollToElement(findTestObject("MAKE_ PAYMENT/Home_ Page/CONTINUE"), 30): Scroll to object 'Object Repository/MAKE_ PAYMENT/Home_ Page/CONTINUE' successfully

2021-03-19 13:08:54 - [MESSAGE][PASSED] - Scroll to object 'Object Repository/MAKE_ PAYMENT/Home_ Page/CONTINUE' successfully

2021-03-19 13:08:54 - [TEST_STEP][PASSED] - utilities.SafeActions.safeClick(findTestObject("MAKE_ PAYMENT/Home_ Page/CONTINUE"), "Continue", [pageLoadTime]): Consumer_Payment_Making.ts:Clicked on the Continue

2021-03-19 13:08:54 - [MESSAGE][INFO] - safeClicking

2021-03-19 13:08:54 - [MESSAGE][PASSED] - Object 'Object Repository/MAKE_ PAYMENT/Home_ Page/CONTINUE' is present

2021-03-19 13:08:55 - [MESSAGE][PASSED] - Object 'Object Repository/MAKE_ PAYMENT/Home_ Page/CONTINUE' is clickable

2021-03-19 13:08:57 - [MESSAGE][PASSED] - Object: 'Object Repository/MAKE_ PAYMENT/Home_ Page/CONTINUE' is clicked on

2021-03-19 13:08:57 - [MESSAGE][PASSED] - Consumer_Payment_Making.ts:Clicked on the Continue

2021-03-19 13:08:57 - [TEST_STEP][PASSED] - pages.Payment_Page.setPersonalDetails(firstName, lastName, telephone): Consumer_Payment_Making.ts:Entered'9640400667 into Telephone

2021-03-19 13:08:58 - [MESSAGE][PASSED] - Object 'Object Repository/MAKE_ PAYMENT/Consumer_Personal_ Details/FIRST_NAME' is present

2021-03-19 13:08:59 - [MESSAGE][PASSED] - Object 'Object Repository/MAKE_ PAYMENT/Consumer_Personal_ Details/FIRST_NAME' is visible

2021-03-19 13:08:59 - [MESSAGE][PASSED] - Object 'Object Repository/MAKE_ PAYMENT/Consumer_Personal_ Details/FIRST_NAME' is present

2021-03-19 13:09:00 - [MESSAGE][PASSED] - Text 'Soha' is set on object 'Object Repository/MAKE_ PAYMENT/Consumer_Personal_ Details/FIRST_NAME'

2021-03-19 13:09:00 - [MESSAGE][PASSED] - Consumer_Payment_Making.ts:Entered'Soha into FirstName

2021-03-19 13:09:01 - [MESSAGE][PASSED] - Object 'Object Repository/MAKE_ PAYMENT/Consumer_Personal_ Details/LAST_NAME' is present

2021-03-19 13:09:01 - [MESSAGE][PASSED] - Object 'Object Repository/MAKE_ PAYMENT/Consumer_Personal_ Details/LAST_NAME' is visible

2021-03-19 13:09:01 - [MESSAGE][PASSED] - Object 'Object Repository/MAKE_ PAYMENT/Consumer_Personal_ Details/LAST_NAME' is present

2021-03-19 13:09:03 - [MESSAGE][PASSED] - Text 'brave' is set on object 'Object Repository/MAKE_ PAYMENT/Consumer_Personal_ Details/LAST_NAME'

2021-03-19 13:09:03 - [MESSAGE][PASSED] - Consumer_Payment_Making.ts:Entered'brave into LastName

2021-03-19 13:09:03 - [MESSAGE][PASSED] - Object 'Object Repository/MAKE_ PAYMENT/Consumer_Personal_ Details/TELEPHONE' is present

2021-03-19 13:09:04 - [MESSAGE][PASSED] - Object 'Object Repository/MAKE_ PAYMENT/Consumer_Personal_ Details/TELEPHONE' is visible

2021-03-19 13:09:04 - [MESSAGE][PASSED] - Object 'Object Repository/MAKE_ PAYMENT/Consumer_Personal_ Details/TELEPHONE' is present

2021-03-19 13:09:05 - [MESSAGE][PASSED] - Text '9640400667' is set on object 'Object Repository/MAKE_ PAYMENT/Consumer_Personal_ Details/TELEPHONE'

2021-03-19 13:09:05 - [MESSAGE][PASSED] - Consumer_Payment_Making.ts:Entered'9640400667 into Telephone

2021-03-19 13:09:05 - [TEST_STEP][PASSED] - pages.Payment_Page.setLocationDetails(address, zipCode): Consumer_Payment_Making.ts:Entered'76120 into ZipCode

2021-03-19 13:09:06 - [MESSAGE][PASSED] - Object 'Object Repository/MAKE_ PAYMENT/Consumer_Personal_ Details/ADDRESS' is present

2021-03-19 13:09:06 - [MESSAGE][PASSED] - Object 'Object Repository/MAKE_ PAYMENT/Consumer_Personal_ Details/ADDRESS' is visible

2021-03-19 13:09:06 - [MESSAGE][PASSED] - Object 'Object Repository/MAKE_ PAYMENT/Consumer_Personal_ Details/ADDRESS' is present

2021-03-19 13:09:08 - [MESSAGE][PASSED] - Text '14-2' is set on object 'Object Repository/MAKE_ PAYMENT/Consumer_Personal_ Details/ADDRESS'

2021-03-19 13:09:08 - [MESSAGE][PASSED] - Consumer_Payment_Making.ts:Entered'14-2 into Address

2021-03-19 13:09:08 - [MESSAGE][PASSED] - Object 'Object Repository/MAKE_ PAYMENT/Consumer_Personal_ Details/ZIP_CODE' is present

2021-03-19 13:09:08 - [MESSAGE][PASSED] - Object 'Object Repository/MAKE_ PAYMENT/Consumer_Personal_ Details/ZIP_CODE' is visible

2021-03-19 13:09:09 - [MESSAGE][PASSED] - Object 'Object Repository/MAKE_ PAYMENT/Consumer_Personal_ Details/ZIP_CODE' is present

2021-03-19 13:09:10 - [MESSAGE][PASSED] - Text '76120' is set on object 'Object Repository/MAKE_ PAYMENT/Consumer_Personal_ Details/ZIP_CODE'

2021-03-19 13:09:10 - [MESSAGE][PASSED] - Consumer_Payment_Making.ts:Entered'76120 into ZipCode

2021-03-19 13:09:10 - [TEST_STEP][PASSED] - waitForElementClickable(findTestObject("MAKE_ PAYMENT/Home_ Page/CONTINUE"), 30): Object 'Object Repository/MAKE_ PAYMENT/Home_ Page/CONTINUE' is clickable

2021-03-19 13:09:11 - [MESSAGE][PASSED] - Object 'Object Repository/MAKE_ PAYMENT/Home_ Page/CONTINUE' is clickable

2021-03-19 13:09:11 - [TEST_STEP][PASSED] - pages.Payment_Page.clickOnElement(findTestObject("MAKE_ PAYMENT/Home_ Page/CONTINUE")): pages.Payment_Page.clickOnElement is PASSED

2021-03-19 13:09:12 - [MESSAGE][PASSED] - Execute JavaScript 'arguments[0].click()' successfully

2021-03-19 13:09:12 - [MESSAGE][PASSED] - pages.Payment_Page.clickOnElement is PASSED

2021-03-19 13:09:12 - [TEST_STEP][PASSED] - utilities.SafeActions.safeCheck(findTestObject("MAKE_ PAYMENT/Consumer_Personal_ Details/CheckBox"), "Billing CheckBox", [pageLoadTime]): Consumer_Payment_Making.ts:Checkbox 'Billing CheckBox'is selected

2021-03-19 13:09:14 - [MESSAGE][PASSED] - Object 'Object Repository/MAKE_ PAYMENT/Consumer_Personal_ Details/CheckBox' is present

2021-03-19 13:09:15 - [MESSAGE][PASSED] - Object 'Object Repository/MAKE_ PAYMENT/Consumer_Personal_ Details/CheckBox' is present

2021-03-19 13:09:16 - [MESSAGE][PASSED] - Object: 'Object Repository/MAKE_ PAYMENT/Consumer_Personal_ Details/CheckBox' is clicked on

2021-03-19 13:09:16 - [MESSAGE][PASSED] - Consumer_Payment_Making.ts:Checkbox 'Billing CheckBox'is selected

2021-03-19 13:09:16 - [TEST_STEP][PASSED] - waitForPageLoad(0): Wait for page load successfully

2021-03-19 13:09:16 - [MESSAGE][WARNING] - Timeout '0' is invalid. Using default page load timeout: '30'

2021-03-19 13:09:18 - [MESSAGE][PASSED] - Wait for page load successfully

2021-03-19 13:09:18 - [TEST_STEP][PASSED] - utilities.SafeActions.safeClick(findTestObject("MAKE_ PAYMENT/Home_ Page/CONTINUE"), "Continue", [pageLoadTime]): Consumer_Payment_Making.ts:Clicked on the Continue

2021-03-19 13:09:18 - [MESSAGE][INFO] - safeClicking

2021-03-19 13:09:19 - [MESSAGE][PASSED] - Object 'Object Repository/MAKE_ PAYMENT/Home_ Page/CONTINUE' is present

2021-03-19 13:09:20 - [MESSAGE][PASSED] - Object 'Object Repository/MAKE_ PAYMENT/Home_ Page/CONTINUE' is clickable

2021-03-19 13:09:22 - [MESSAGE][PASSED] - Object: 'Object Repository/MAKE_ PAYMENT/Home_ Page/CONTINUE' is clicked on

2021-03-19 13:09:22 - [MESSAGE][PASSED] - Consumer_Payment_Making.ts:Clicked on the Continue

2021-03-19 13:09:22 - [TEST_STEP][PASSED] - pages.Payment_Page.setCardDetails(cardNum, securityCode, expYear, expMonth): Actual text '6510000000000133' and expected text '6510000000000133' are matched  using regular expression

2021-03-19 13:09:23 - [MESSAGE][PASSED] - Object 'Object Repository/MAKE_ PAYMENT/Consumer_Personal_ Details/CARD_NUM' is present

2021-03-19 13:09:24 - [MESSAGE][PASSED] - Object 'Object Repository/MAKE_ PAYMENT/Consumer_Personal_ Details/CARD_NUM' is visible

2021-03-19 13:09:24 - [MESSAGE][PASSED] - Object 'Object Repository/MAKE_ PAYMENT/Consumer_Personal_ Details/CARD_NUM' is present

2021-03-19 13:09:26 - [MESSAGE][PASSED] - Text '6510000000000133' is set on object 'Object Repository/MAKE_ PAYMENT/Consumer_Personal_ Details/CARD_NUM'

2021-03-19 13:09:26 - [MESSAGE][PASSED] - Consumer_Payment_Making.ts:Entered'6510000000000133 into CardNum

2021-03-19 13:09:26 - [MESSAGE][PASSED] - Object 'Object Repository/MAKE_ PAYMENT/Consumer_Personal_ Details/EXP_MONTH' is visible

2021-03-19 13:09:26 - [MESSAGE][PASSED] - Object 'Object Repository/MAKE_ PAYMENT/Consumer_Personal_ Details/EXP_MONTH' is present

2021-03-19 13:09:28 - [MESSAGE][PASSED] - Object: 'Object Repository/MAKE_ PAYMENT/Consumer_Personal_ Details/EXP_MONTH' is clicked on

2021-03-19 13:09:29 - [MESSAGE][PASSED] - All options with label '05' are selected in object 'Object Repository/MAKE_ PAYMENT/Consumer_Personal_ Details/EXP_MONTH'  using regular expression

2021-03-19 13:09:29 - [MESSAGE][PASSED] - selected dropdown option by visible text  05from Month

2021-03-19 13:09:29 - [MESSAGE][PASSED] - Object 'Object Repository/MAKE_ PAYMENT/Consumer_Personal_ Details/EXP_YEAR' is visible

2021-03-19 13:09:30 - [MESSAGE][PASSED] - Object 'Object Repository/MAKE_ PAYMENT/Consumer_Personal_ Details/EXP_YEAR' is present

2021-03-19 13:09:31 - [MESSAGE][PASSED] - Object: 'Object Repository/MAKE_ PAYMENT/Consumer_Personal_ Details/EXP_YEAR' is clicked on

2021-03-19 13:09:32 - [MESSAGE][PASSED] - All options with label '2021' are selected in object 'Object Repository/MAKE_ PAYMENT/Consumer_Personal_ Details/EXP_YEAR'  using regular expression

2021-03-19 13:09:32 - [MESSAGE][PASSED] - selected dropdown option by visible text  2021from year

2021-03-19 13:09:32 - [MESSAGE][PASSED] - Object 'Object Repository/MAKE_ PAYMENT/Consumer_Personal_ Details/SECURITY_CODE' is present

2021-03-19 13:09:33 - [MESSAGE][PASSED] - Object 'Object Repository/MAKE_ PAYMENT/Consumer_Personal_ Details/SECURITY_CODE' is visible

2021-03-19 13:09:33 - [MESSAGE][PASSED] - Object 'Object Repository/MAKE_ PAYMENT/Consumer_Personal_ Details/SECURITY_CODE' is present

2021-03-19 13:09:35 - [MESSAGE][PASSED] - Text '207' is set on object 'Object Repository/MAKE_ PAYMENT/Consumer_Personal_ Details/SECURITY_CODE'

2021-03-19 13:09:35 - [MESSAGE][PASSED] - Consumer_Payment_Making.ts:Entered'207 into SecurityCode

2021-03-19 13:09:35 - [MESSAGE][PASSED] - Attribute 'value' of object 'Object Repository/MAKE_ PAYMENT/Consumer_Personal_ Details/CARD_NUM' is: '6510000000000133'

2021-03-19 13:09:35 - [MESSAGE][PASSED] - Actual text '6510000000000133' and expected text '6510000000000133' are matched  using regular expression

2021-03-19 13:09:35 - [TEST_STEP][PASSED] - utilities.SafeActions.safeType(findTestObject("MAKE_ PAYMENT/Consumer_Personal_ Details/EMAIL_ADDRESS"), emailAddress, "EmailAddress", [pageLoadTime]): Consumer_Payment_Making.ts:Entered'testing@zenq.com into EmailAddress

2021-03-19 13:09:35 - [MESSAGE][PASSED] - Object 'Object Repository/MAKE_ PAYMENT/Consumer_Personal_ Details/EMAIL_ADDRESS' is present

2021-03-19 13:09:36 - [MESSAGE][PASSED] - Object 'Object Repository/MAKE_ PAYMENT/Consumer_Personal_ Details/EMAIL_ADDRESS' is visible

2021-03-19 13:09:36 - [MESSAGE][PASSED] - Object 'Object Repository/MAKE_ PAYMENT/Consumer_Personal_ Details/EMAIL_ADDRESS' is present

2021-03-19 13:09:37 - [MESSAGE][PASSED] - Text 'testing@zenq.com' is set on object 'Object Repository/MAKE_ PAYMENT/Consumer_Personal_ Details/EMAIL_ADDRESS'

2021-03-19 13:09:37 - [MESSAGE][PASSED] - Consumer_Payment_Making.ts:Entered'testing@zenq.com into EmailAddress

2021-03-19 13:09:37 - [TEST_STEP][PASSED] - utilities.SafeActions.safeClick(findTestObject("MAKE_ PAYMENT/Home_ Page/CONTINUE"), "Continue", [pageLoadTime]): Consumer_Payment_Making.ts:Clicked on the Continue

2021-03-19 13:09:37 - [MESSAGE][INFO] - safeClicking

2021-03-19 13:09:38 - [MESSAGE][PASSED] - Object 'Object Repository/MAKE_ PAYMENT/Home_ Page/CONTINUE' is present

2021-03-19 13:09:38 - [MESSAGE][PASSED] - Object 'Object Repository/MAKE_ PAYMENT/Home_ Page/CONTINUE' is clickable

2021-03-19 13:09:41 - [MESSAGE][PASSED] - Object: 'Object Repository/MAKE_ PAYMENT/Home_ Page/CONTINUE' is clicked on

2021-03-19 13:09:41 - [MESSAGE][PASSED] - Consumer_Payment_Making.ts:Clicked on the Continue

2021-03-19 13:09:41 - [TEST_STEP][PASSED] - utilities.SafeActions.safeClick(findTestObject("MAKE_ PAYMENT/Consumer_Personal_ Details/I_AGREE"), "I agree", [pageLoadTime]): Consumer_Payment_Making.ts:Clicked on the I agree

2021-03-19 13:09:41 - [MESSAGE][INFO] - safeClicking

2021-03-19 13:09:42 - [MESSAGE][PASSED] - Object 'Object Repository/MAKE_ PAYMENT/Consumer_Personal_ Details/I_AGREE' is present

2021-03-19 13:09:42 - [MESSAGE][PASSED] - Object 'Object Repository/MAKE_ PAYMENT/Consumer_Personal_ Details/I_AGREE' is clickable

2021-03-19 13:09:44 - [MESSAGE][PASSED] - Object: 'Object Repository/MAKE_ PAYMENT/Consumer_Personal_ Details/I_AGREE' is clicked on

2021-03-19 13:09:44 - [MESSAGE][PASSED] - Consumer_Payment_Making.ts:Clicked on the I agree

2021-03-19 13:09:44 - [TEST_STEP][PASSED] - pages.Payment_Page.verifyUserDetails(firstName, lastName, emailAddress, cardType, ""): CardType matched

2021-03-19 13:09:46 - [MESSAGE][PASSED] - Scroll to object 'Object Repository/MAKE_ PAYMENT/Verification_ Details/FIRST_NAME' successfully

2021-03-19 13:09:46 - [MESSAGE][PASSED] - Text of object 'Object Repository/MAKE_ PAYMENT/Verification_ Details/FIRST_NAME' is: 'Soha'

2021-03-19 13:09:46 - [MESSAGE][PASSED] - Actual text 'Soha' and expected text 'Soha' are matched  using regular expression

2021-03-19 13:09:47 - [MESSAGE][PASSED] - Text of object 'Object Repository/MAKE_ PAYMENT/Verification_ Details/LAST_NAME' is: 'brave'

2021-03-19 13:09:47 - [MESSAGE][PASSED] - Actual text 'brave' and expected text 'brave' are matched  using regular expression

2021-03-19 13:09:49 - [MESSAGE][PASSED] - Text of object 'Object Repository/MAKE_ PAYMENT/Verification_ Details/EMAIL_ADDRESS' is: 'testing@zenq.com'

2021-03-19 13:09:49 - [MESSAGE][PASSED] - Actual text 'testing@zenq.com' and expected text 'testing@zenq.com' are matched  using regular expression

2021-03-19 13:09:50 - [MESSAGE][PASSED] - Text of object 'Object Repository/MAKE_ PAYMENT/Verification_ Details/CARD_TYPE' is: 'Discover'

2021-03-19 13:09:50 - [MESSAGE][PASSED] - Actual text 'Discover' and expected text 'Discover' are matched  using regular expression

2021-03-19 13:09:50 - [MESSAGE][PASSED] - CardType matched

2021-03-19 13:09:50 - [TEST_STEP][PASSED] - utilities.SafeActions.safeClick(findTestObject("MAKE_ PAYMENT/Verification_ Details/PROCESS_PAYMENT"), "Process Payment", [pageLoadTime]): Consumer_Payment_Making.ts:Clicked on the Process Payment

2021-03-19 13:09:50 - [MESSAGE][INFO] - safeClicking

2021-03-19 13:09:50 - [MESSAGE][PASSED] - Object 'Object Repository/MAKE_ PAYMENT/Verification_ Details/PROCESS_PAYMENT' is present

2021-03-19 13:09:51 - [MESSAGE][PASSED] - Object 'Object Repository/MAKE_ PAYMENT/Verification_ Details/PROCESS_PAYMENT' is clickable

2021-03-19 13:09:52 - [MESSAGE][PASSED] - Object: 'Object Repository/MAKE_ PAYMENT/Verification_ Details/PROCESS_PAYMENT' is clicked on

2021-03-19 13:09:52 - [MESSAGE][PASSED] - Consumer_Payment_Making.ts:Clicked on the Process Payment

2021-03-19 13:09:52 - [TEST_STEP][PASSED] - utilities.SafeActions.safeClick(findTestObject("MAKE_ PAYMENT/Verification_ Details/YES_BUTTON"), "yes button", [pageLoadTime]): Consumer_Payment_Making.ts:Clicked on the yes button

2021-03-19 13:09:52 - [MESSAGE][INFO] - safeClicking

2021-03-19 13:09:52 - [MESSAGE][PASSED] - Object 'Object Repository/MAKE_ PAYMENT/Verification_ Details/YES_BUTTON' is present

2021-03-19 13:09:53 - [MESSAGE][PASSED] - Object 'Object Repository/MAKE_ PAYMENT/Verification_ Details/YES_BUTTON' is clickable

2021-03-19 13:09:57 - [MESSAGE][PASSED] - Object: 'Object Repository/MAKE_ PAYMENT/Verification_ Details/YES_BUTTON' is clicked on

2021-03-19 13:09:57 - [MESSAGE][PASSED] - Consumer_Payment_Making.ts:Clicked on the yes button

2021-03-19 13:09:57 - [TEST_STEP][PASSED] - PaymentID = pages.Payment_Page.verifyCardPaymentApproval(referenceNum): pages.Payment_Page.verifyCardPaymentApproval is PASSED

2021-03-19 13:09:58 - [MESSAGE][PASSED] - Text of object 'Object Repository/MAKE_ PAYMENT/Verification_ Details/PAY_ID_CARD' is: '100176224978'

2021-03-19 13:10:01 - [MESSAGE][PASSED] - Text of object 'Object Repository/MAKE_ PAYMENT/Verification_ Details/REFERENCE_NUM' is: '12'

2021-03-19 13:10:01 - [MESSAGE][PASSED] - pages.Payment_Page.verifyCardPaymentApproval is PASSED

2021-03-19 13:10:01 - [TEST_STEP][PASSED] - utilities.SafeActions.safeClick(findTestObject("SEARCH_PAYMENT/SEARCH_PAYMENT"), "Search Payment", [pageLoadTime]): Consumer_Payment_Making.ts:Clicked on the Search Payment

2021-03-19 13:10:01 - [MESSAGE][INFO] - safeClicking

2021-03-19 13:10:02 - [MESSAGE][PASSED] - Object 'Object Repository/SEARCH_PAYMENT/SEARCH_PAYMENT' is present

2021-03-19 13:10:02 - [MESSAGE][PASSED] - Object 'Object Repository/SEARCH_PAYMENT/SEARCH_PAYMENT' is clickable

2021-03-19 13:10:03 - [MESSAGE][PASSED] - Object: 'Object Repository/SEARCH_PAYMENT/SEARCH_PAYMENT' is clicked on

2021-03-19 13:10:03 - [MESSAGE][PASSED] - Consumer_Payment_Making.ts:Clicked on the Search Payment

2021-03-19 13:10:03 - [TEST_STEP][PASSED] - waitForPageLoad(10): Wait for page load successfully

2021-03-19 13:10:03 - [MESSAGE][PASSED] - Wait for page load successfully

2021-03-19 13:10:03 - [TEST_STEP][PASSED] - pages.Search_Page.switchToWindow(): pages.Search_Page.switchToWindow is PASSED

2021-03-19 13:10:06 - [MESSAGE][PASSED] - Object: 'Object Repository/SEARCH_PAYMENT/SEARCH_PAYMENT' is clicked on

2021-03-19 13:10:06 - [MESSAGE][PASSED] - Switched to window with index: '1'

2021-03-19 13:10:06 - [MESSAGE][PASSED] - pages.Search_Page.switchToWindow is PASSED

2021-03-19 13:10:06 - [TEST_STEP][PASSED] - utilities.SafeActions.safeCheck(findTestObject("SEARCH_PAYMENT/CREDIT_OR_DEBIT_CARD"), "Credit card", [pageLoadTime]): Consumer_Payment_Making.ts:Checkbox 'Credit card'is selected

2021-03-19 13:10:08 - [MESSAGE][PASSED] - Object 'Object Repository/SEARCH_PAYMENT/CREDIT_OR_DEBIT_CARD' is present

2021-03-19 13:10:09 - [MESSAGE][PASSED] - Object 'Object Repository/SEARCH_PAYMENT/CREDIT_OR_DEBIT_CARD' is present

2021-03-19 13:10:10 - [MESSAGE][PASSED] - Object: 'Object Repository/SEARCH_PAYMENT/CREDIT_OR_DEBIT_CARD' is clicked on

2021-03-19 13:10:10 - [MESSAGE][PASSED] - Consumer_Payment_Making.ts:Checkbox 'Credit card'is selected

2021-03-19 13:10:10 - [TEST_STEP][PASSED] - pages.Search_Page.setSearchDetails(lastName, cardNum, accNum): Credit card is checked and cardNum is entered 

2021-03-19 13:10:11 - [MESSAGE][PASSED] - Object 'Object Repository/SEARCH_PAYMENT/BILLING_LAST_NAME' is present

2021-03-19 13:10:11 - [MESSAGE][PASSED] - Object 'Object Repository/SEARCH_PAYMENT/BILLING_LAST_NAME' is visible

2021-03-19 13:10:12 - [MESSAGE][PASSED] - Object 'Object Repository/SEARCH_PAYMENT/BILLING_LAST_NAME' is present

2021-03-19 13:10:13 - [MESSAGE][PASSED] - Text 'brave' is set on object 'Object Repository/SEARCH_PAYMENT/BILLING_LAST_NAME'

2021-03-19 13:10:13 - [MESSAGE][PASSED] - Consumer_Payment_Making.ts:Entered'brave into LastName

2021-03-19 13:10:13 - [MESSAGE][PASSED] - Object 'Object Repository/SEARCH_PAYMENT/CREDIT_OR_DEBIT_CARD' is checked

2021-03-19 13:10:14 - [MESSAGE][PASSED] - Object 'Object Repository/SEARCH_PAYMENT/CARD_NUMBER' is present

2021-03-19 13:10:14 - [MESSAGE][PASSED] - Object 'Object Repository/SEARCH_PAYMENT/CARD_NUMBER' is visible

2021-03-19 13:10:15 - [MESSAGE][PASSED] - Object 'Object Repository/SEARCH_PAYMENT/CARD_NUMBER' is present

2021-03-19 13:10:16 - [MESSAGE][PASSED] - Text '6510000000000133' is set on object 'Object Repository/SEARCH_PAYMENT/CARD_NUMBER'

2021-03-19 13:10:16 - [MESSAGE][PASSED] - Consumer_Payment_Making.ts:Entered'6510000000000133 into CArdNum

2021-03-19 13:10:16 - [MESSAGE][PASSED] - Credit card is checked and cardNum is entered 

2021-03-19 13:10:16 - [TEST_STEP][PASSED] - utilities.SafeActions.safeClick(findTestObject("SEARCH_PAYMENT/SEARCH_BUTTON"), "Search", [pageLoadTime]): Consumer_Payment_Making.ts:Clicked on the Search

2021-03-19 13:10:16 - [MESSAGE][INFO] - safeClicking

2021-03-19 13:10:16 - [MESSAGE][PASSED] - Object 'Object Repository/SEARCH_PAYMENT/SEARCH_BUTTON' is present

2021-03-19 13:10:17 - [MESSAGE][PASSED] - Object 'Object Repository/SEARCH_PAYMENT/SEARCH_BUTTON' is clickable

2021-03-19 13:10:33 - [MESSAGE][PASSED] - Object: 'Object Repository/SEARCH_PAYMENT/SEARCH_BUTTON' is clicked on

2021-03-19 13:10:33 - [MESSAGE][PASSED] - Consumer_Payment_Making.ts:Clicked on the Search

2021-03-19 13:10:33 - [TEST_STEP][PASSED] - pages.Payment_Page.verifyPaymentDetailsInReceipt(PaymentID): pages.Payment_Page.verifyPaymentDetailsInReceipt is PASSED

2021-03-19 13:10:34 - [MESSAGE][PASSED] - Text of object 'Object Repository/SEARCH_PAYMENT/REFERNCE_NUM' is: '22'

2021-03-19 13:10:35 - [MESSAGE][PASSED] - Text of object 'Object Repository/SEARCH_PAYMENT/PAYMENT_ID' is: '100176224982'

2021-03-19 13:10:35 - [MESSAGE][PASSED] - pages.Payment_Page.verifyPaymentDetailsInReceipt is PASSED

2021-03-19 13:10:35 - [TEST_STEP][PASSED] - utilities.SafeActions.safeClick(findTestObject("SEARCH_PAYMENT/SEARCH_ ICON"), "SearchIcon", [pageLoadTime]): Consumer_Payment_Making.ts:Clicked on the SearchIcon

2021-03-19 13:10:35 - [MESSAGE][INFO] - safeClicking

2021-03-19 13:10:36 - [MESSAGE][PASSED] - Object 'Object Repository/SEARCH_PAYMENT/SEARCH_ ICON' is present

2021-03-19 13:10:36 - [MESSAGE][PASSED] - Object 'Object Repository/SEARCH_PAYMENT/SEARCH_ ICON' is clickable

2021-03-19 13:10:37 - [MESSAGE][PASSED] - Object: 'Object Repository/SEARCH_PAYMENT/SEARCH_ ICON' is clicked on

2021-03-19 13:10:37 - [MESSAGE][PASSED] - Consumer_Payment_Making.ts:Clicked on the SearchIcon

2021-03-19 13:10:37 - [TEST_STEP][PASSED] - delay(2): Delayed 2 second(s)

2021-03-19 13:10:39 - [MESSAGE][PASSED] - Delayed 2 second(s)

2021-03-19 13:10:39 - [TEST_STEP][PASSED] - scrollToElement(findTestObject("SEARCH_PAYMENT/CLOSE_BUTTON"), 0): Scroll to object 'Object Repository/SEARCH_PAYMENT/CLOSE_BUTTON' successfully

2021-03-19 13:10:39 - [MESSAGE][WARNING] - Timeout '0' is invalid. Using default page load timeout: '30'

2021-03-19 13:10:40 - [MESSAGE][PASSED] - Scroll to object 'Object Repository/SEARCH_PAYMENT/CLOSE_BUTTON' successfully

2021-03-19 13:10:40 - [TEST_STEP][PASSED] - utilities.SafeActions.safeClick(findTestObject("SEARCH_PAYMENT/EMAIL_ RECEIPT"), "Email Receipt", [pageLoadTime]): Consumer_Payment_Making.ts:Clicked on the Email Receipt

2021-03-19 13:10:40 - [MESSAGE][INFO] - safeClicking

2021-03-19 13:10:40 - [MESSAGE][PASSED] - Object 'Object Repository/SEARCH_PAYMENT/EMAIL_ RECEIPT' is present

2021-03-19 13:10:40 - [MESSAGE][PASSED] - Object 'Object Repository/SEARCH_PAYMENT/EMAIL_ RECEIPT' is clickable

2021-03-19 13:10:42 - [MESSAGE][PASSED] - Object: 'Object Repository/SEARCH_PAYMENT/EMAIL_ RECEIPT' is clicked on

2021-03-19 13:10:42 - [MESSAGE][PASSED] - Consumer_Payment_Making.ts:Clicked on the Email Receipt

2021-03-19 13:10:42 - [TEST_STEP][PASSED] - utilities.SafeActions.safeClick(findTestObject("SEARCH_PAYMENT/SEND_ EMAIL_BUTTON"), "Send Email", [pageLoadTime]): Consumer_Payment_Making.ts:Clicked on the Send Email

2021-03-19 13:10:42 - [MESSAGE][INFO] - safeClicking

2021-03-19 13:10:43 - [MESSAGE][PASSED] - Object 'Object Repository/SEARCH_PAYMENT/SEND_ EMAIL_BUTTON' is present

2021-03-19 13:10:43 - [MESSAGE][PASSED] - Object 'Object Repository/SEARCH_PAYMENT/SEND_ EMAIL_BUTTON' is clickable

2021-03-19 13:10:44 - [MESSAGE][PASSED] - Object: 'Object Repository/SEARCH_PAYMENT/SEND_ EMAIL_BUTTON' is clicked on

2021-03-19 13:10:44 - [MESSAGE][PASSED] - Consumer_Payment_Making.ts:Clicked on the Send Email

2021-03-19 13:10:44 - [TEST_STEP][PASSED] - Start listener action : afterTestCase: Browser is closed

2021-03-19 13:10:44 - [TEST_STEP][PASSED] - closeBrowser(): Browser is closed

2021-03-19 13:10:46 - [MESSAGE][PASSED] - Browser is closed]]></system-out>
         <system-err><![CDATA[]]></system-err>
      </testcase>
      <testcase name="Test Cases/Consumer_Make_Payment/TC_003_Echeck_Checking_SingleLine_Payment" time="165.171" classname="Test Cases/Consumer_Make_Payment/TC_003_Echeck_Checking_SingleLine_Payment" status="PASSED">
         <system-out><![CDATA[2021-03-19 13:10:46 - [TEST_CASE][PASSED] - Test Cases/Consumer_Make_Payment/TC_003_Echeck_Checking_SingleLine_Payment: Test Cases/Consumer_Make_Payment/TC_003_Echeck_Checking_SingleLine_Payment

2021-03-19 13:10:46 - [TEST_STEP][PASSED] - Start listener action : beforeTestCase: null

2021-03-19 13:10:46 - [TEST_STEP][PASSED] - utilities.SafeActions.openBrowser(certpay_url, [pageLoadTime]): Browser launched successfully

2021-03-19 13:10:46 - [MESSAGE][INFO] - Opening Browser

2021-03-19 13:10:46 - [MESSAGE][INFO] - Starting 'Chrome' driver

2021-03-19 13:10:46 - [MESSAGE][INFO] - Action delay is set to 0 milliseconds

2021-03-19 13:11:00 - [MESSAGE][PASSED] - Browser is opened with url: 'https://qa-certpay.faps.net/'

2021-03-19 13:11:00 - [MESSAGE][PASSED] - Current window maximized

2021-03-19 13:11:00 - [MESSAGE][PASSED] - Browser launched successfully

2021-03-19 13:11:00 - [TEST_STEP][PASSED] - utilities.SafeActions.safeType(findTestObject("MAKE_ PAYMENT/Home_ Page/BUREAU_CODE"), bureauCode, "Bureau code", [pageLoadTime]): Consumer_Payment_Making.ts:Entered'6100000 into Bureau code

2021-03-19 13:11:02 - [MESSAGE][PASSED] - Object 'Object Repository/MAKE_ PAYMENT/Home_ Page/BUREAU_CODE' is present

2021-03-19 13:11:02 - [MESSAGE][PASSED] - Object 'Object Repository/MAKE_ PAYMENT/Home_ Page/BUREAU_CODE' is visible

2021-03-19 13:11:03 - [MESSAGE][PASSED] - Object 'Object Repository/MAKE_ PAYMENT/Home_ Page/BUREAU_CODE' is present

2021-03-19 13:11:04 - [MESSAGE][PASSED] - Text '6100000' is set on object 'Object Repository/MAKE_ PAYMENT/Home_ Page/BUREAU_CODE'

2021-03-19 13:11:04 - [MESSAGE][PASSED] - Consumer_Payment_Making.ts:Entered'6100000 into Bureau code

2021-03-19 13:11:04 - [TEST_STEP][PASSED] - utilities.SafeActions.safeClick(findTestObject("MAKE_ PAYMENT/Home_ Page/BEGIN_PAYMENT"), "Begin payment", [pageLoadTime]): Consumer_Payment_Making.ts:Clicked on the Begin payment

2021-03-19 13:11:04 - [MESSAGE][INFO] - safeClicking

2021-03-19 13:11:04 - [MESSAGE][PASSED] - Object 'Object Repository/MAKE_ PAYMENT/Home_ Page/BEGIN_PAYMENT' is present

2021-03-19 13:11:05 - [MESSAGE][PASSED] - Object 'Object Repository/MAKE_ PAYMENT/Home_ Page/BEGIN_PAYMENT' is clickable

2021-03-19 13:11:07 - [MESSAGE][PASSED] - Object: 'Object Repository/MAKE_ PAYMENT/Home_ Page/BEGIN_PAYMENT' is clicked on

2021-03-19 13:11:07 - [MESSAGE][PASSED] - Consumer_Payment_Making.ts:Clicked on the Begin payment

2021-03-19 13:11:07 - [TEST_STEP][PASSED] - utilities.SafeActions.safeClick(findTestObject("MAKE_ PAYMENT/Home_ Page/NEXT_BUTTON"), "Continue", [pageLoadTime]): Consumer_Payment_Making.ts:Clicked on the Continue

2021-03-19 13:11:07 - [MESSAGE][INFO] - safeClicking

2021-03-19 13:11:09 - [MESSAGE][PASSED] - Object 'Object Repository/MAKE_ PAYMENT/Home_ Page/NEXT_BUTTON' is present

2021-03-19 13:11:09 - [MESSAGE][PASSED] - Object 'Object Repository/MAKE_ PAYMENT/Home_ Page/NEXT_BUTTON' is clickable

2021-03-19 13:11:13 - [MESSAGE][PASSED] - Object: 'Object Repository/MAKE_ PAYMENT/Home_ Page/NEXT_BUTTON' is clicked on

2021-03-19 13:11:13 - [MESSAGE][PASSED] - Consumer_Payment_Making.ts:Clicked on the Continue

2021-03-19 13:11:13 - [TEST_STEP][PASSED] - utilities.SafeActions.safeCheck(findTestObject("MAKE_ PAYMENT/Home_ Page/ELECTRONIC_CHECK"), "Echeck", [pageLoadTime]): Consumer_Payment_Making.ts:Checkbox 'Echeck'is selected

2021-03-19 13:11:13 - [MESSAGE][PASSED] - Object 'Object Repository/MAKE_ PAYMENT/Home_ Page/ELECTRONIC_CHECK' is present

2021-03-19 13:11:14 - [MESSAGE][PASSED] - Object 'Object Repository/MAKE_ PAYMENT/Home_ Page/ELECTRONIC_CHECK' is present

2021-03-19 13:11:16 - [MESSAGE][PASSED] - Object: 'Object Repository/MAKE_ PAYMENT/Home_ Page/ELECTRONIC_CHECK' is clicked on

2021-03-19 13:11:16 - [MESSAGE][PASSED] - Consumer_Payment_Making.ts:Checkbox 'Echeck'is selected

2021-03-19 13:11:16 - [TEST_STEP][PASSED] - pages.Payment_Page.setAmount("1", paymentAmount, "testing", referenceNum): Consumer_Payment_Making.ts:Entered'testing into Comments

2021-03-19 13:11:18 - [MESSAGE][PASSED] - Object '' is present

2021-03-19 13:11:18 - [MESSAGE][PASSED] - Object '' is visible

2021-03-19 13:11:18 - [MESSAGE][PASSED] - Object '' is present

2021-03-19 13:11:20 - [MESSAGE][PASSED] - Text '30.00' is set on object ''

2021-03-19 13:11:20 - [MESSAGE][PASSED] - Consumer_Payment_Making.ts:Entered'30.00 into Amount

2021-03-19 13:11:20 - [MESSAGE][PASSED] - Object '' is present

2021-03-19 13:11:21 - [MESSAGE][PASSED] - Object '' is visible

2021-03-19 13:11:21 - [MESSAGE][PASSED] - Object '' is present

2021-03-19 13:11:22 - [MESSAGE][PASSED] - Text '13' is set on object ''

2021-03-19 13:11:22 - [MESSAGE][PASSED] - Consumer_Payment_Making.ts:Entered'13 into Amount

2021-03-19 13:11:23 - [MESSAGE][PASSED] - Object '' is present

2021-03-19 13:11:23 - [MESSAGE][PASSED] - Object '' is visible

2021-03-19 13:11:23 - [MESSAGE][PASSED] - Object '' is present

2021-03-19 13:11:25 - [MESSAGE][PASSED] - Text 'testing' is set on object ''

2021-03-19 13:11:25 - [MESSAGE][PASSED] - Consumer_Payment_Making.ts:Entered'testing into Comments

2021-03-19 13:11:25 - [TEST_STEP][PASSED] - utilities.SafeActions.safeSelectOptionInDropdownByVisibleText(findTestObject("MAKE_ PAYMENT/Home_ Page/PAYMENT_TYPE"), paymentType, "Payment Type", [pageLoadTime]): selected dropdown option by visible text  Licensesfrom Payment Type

2021-03-19 13:11:26 - [MESSAGE][PASSED] - Object 'Object Repository/MAKE_ PAYMENT/Home_ Page/PAYMENT_TYPE' is visible

2021-03-19 13:11:26 - [MESSAGE][PASSED] - Object 'Object Repository/MAKE_ PAYMENT/Home_ Page/PAYMENT_TYPE' is present

2021-03-19 13:11:27 - [MESSAGE][PASSED] - Object: 'Object Repository/MAKE_ PAYMENT/Home_ Page/PAYMENT_TYPE' is clicked on

2021-03-19 13:11:28 - [MESSAGE][PASSED] - All options with label 'Licenses' are selected in object 'Object Repository/MAKE_ PAYMENT/Home_ Page/PAYMENT_TYPE'  using regular expression

2021-03-19 13:11:28 - [MESSAGE][PASSED] - selected dropdown option by visible text  Licensesfrom Payment Type

2021-03-19 13:11:28 - [TEST_STEP][PASSED] - utilities.SafeActions.safeClick(findTestObject("MAKE_ PAYMENT/Home_ Page/CONTINUE"), "Continue", [pageLoadTime]): Consumer_Payment_Making.ts:Clicked on the Continue

2021-03-19 13:11:28 - [MESSAGE][INFO] - safeClicking

2021-03-19 13:11:29 - [MESSAGE][PASSED] - Object 'Object Repository/MAKE_ PAYMENT/Home_ Page/CONTINUE' is present

2021-03-19 13:11:29 - [MESSAGE][PASSED] - Object 'Object Repository/MAKE_ PAYMENT/Home_ Page/CONTINUE' is clickable

2021-03-19 13:11:33 - [MESSAGE][PASSED] - Object: 'Object Repository/MAKE_ PAYMENT/Home_ Page/CONTINUE' is clicked on

2021-03-19 13:11:33 - [MESSAGE][PASSED] - Consumer_Payment_Making.ts:Clicked on the Continue

2021-03-19 13:11:33 - [TEST_STEP][PASSED] - pages.Payment_Page.setPersonalDetails(firstName, lastName, telephone): Consumer_Payment_Making.ts:Entered'9898982244 into Telephone

2021-03-19 13:11:34 - [MESSAGE][PASSED] - Object 'Object Repository/MAKE_ PAYMENT/Consumer_Personal_ Details/FIRST_NAME' is present

2021-03-19 13:11:34 - [MESSAGE][PASSED] - Object 'Object Repository/MAKE_ PAYMENT/Consumer_Personal_ Details/FIRST_NAME' is visible

2021-03-19 13:11:35 - [MESSAGE][PASSED] - Object 'Object Repository/MAKE_ PAYMENT/Consumer_Personal_ Details/FIRST_NAME' is present

2021-03-19 13:11:36 - [MESSAGE][PASSED] - Text 'rema' is set on object 'Object Repository/MAKE_ PAYMENT/Consumer_Personal_ Details/FIRST_NAME'

2021-03-19 13:11:36 - [MESSAGE][PASSED] - Consumer_Payment_Making.ts:Entered'rema into FirstName

2021-03-19 13:11:37 - [MESSAGE][PASSED] - Object 'Object Repository/MAKE_ PAYMENT/Consumer_Personal_ Details/LAST_NAME' is present

2021-03-19 13:11:37 - [MESSAGE][PASSED] - Object 'Object Repository/MAKE_ PAYMENT/Consumer_Personal_ Details/LAST_NAME' is visible

2021-03-19 13:11:37 - [MESSAGE][PASSED] - Object 'Object Repository/MAKE_ PAYMENT/Consumer_Personal_ Details/LAST_NAME' is present

2021-03-19 13:11:39 - [MESSAGE][PASSED] - Text 'reiza' is set on object 'Object Repository/MAKE_ PAYMENT/Consumer_Personal_ Details/LAST_NAME'

2021-03-19 13:11:39 - [MESSAGE][PASSED] - Consumer_Payment_Making.ts:Entered'reiza into LastName

2021-03-19 13:11:39 - [MESSAGE][PASSED] - Object 'Object Repository/MAKE_ PAYMENT/Consumer_Personal_ Details/TELEPHONE' is present

2021-03-19 13:11:40 - [MESSAGE][PASSED] - Object 'Object Repository/MAKE_ PAYMENT/Consumer_Personal_ Details/TELEPHONE' is visible

2021-03-19 13:11:40 - [MESSAGE][PASSED] - Object 'Object Repository/MAKE_ PAYMENT/Consumer_Personal_ Details/TELEPHONE' is present

2021-03-19 13:11:42 - [MESSAGE][PASSED] - Text '9898982244' is set on object 'Object Repository/MAKE_ PAYMENT/Consumer_Personal_ Details/TELEPHONE'

2021-03-19 13:11:42 - [MESSAGE][PASSED] - Consumer_Payment_Making.ts:Entered'9898982244 into Telephone

2021-03-19 13:11:42 - [TEST_STEP][PASSED] - pages.Payment_Page.setLocationDetails(address, zipCode): Consumer_Payment_Making.ts:Entered'76103 into ZipCode

2021-03-19 13:11:42 - [MESSAGE][PASSED] - Object 'Object Repository/MAKE_ PAYMENT/Consumer_Personal_ Details/ADDRESS' is present

2021-03-19 13:11:42 - [MESSAGE][PASSED] - Object 'Object Repository/MAKE_ PAYMENT/Consumer_Personal_ Details/ADDRESS' is visible

2021-03-19 13:11:43 - [MESSAGE][PASSED] - Object 'Object Repository/MAKE_ PAYMENT/Consumer_Personal_ Details/ADDRESS' is present

2021-03-19 13:11:44 - [MESSAGE][PASSED] - Text '15-4' is set on object 'Object Repository/MAKE_ PAYMENT/Consumer_Personal_ Details/ADDRESS'

2021-03-19 13:11:44 - [MESSAGE][PASSED] - Consumer_Payment_Making.ts:Entered'15-4 into Address

2021-03-19 13:11:44 - [MESSAGE][PASSED] - Object 'Object Repository/MAKE_ PAYMENT/Consumer_Personal_ Details/ZIP_CODE' is present

2021-03-19 13:11:45 - [MESSAGE][PASSED] - Object 'Object Repository/MAKE_ PAYMENT/Consumer_Personal_ Details/ZIP_CODE' is visible

2021-03-19 13:11:45 - [MESSAGE][PASSED] - Object 'Object Repository/MAKE_ PAYMENT/Consumer_Personal_ Details/ZIP_CODE' is present

2021-03-19 13:11:47 - [MESSAGE][PASSED] - Text '76103' is set on object 'Object Repository/MAKE_ PAYMENT/Consumer_Personal_ Details/ZIP_CODE'

2021-03-19 13:11:47 - [MESSAGE][PASSED] - Consumer_Payment_Making.ts:Entered'76103 into ZipCode

2021-03-19 13:11:47 - [TEST_STEP][PASSED] - pages.Payment_Page.clickOnElement(findTestObject("MAKE_ PAYMENT/Home_ Page/CONTINUE")): pages.Payment_Page.clickOnElement is PASSED

2021-03-19 13:11:50 - [MESSAGE][PASSED] - Execute JavaScript 'arguments[0].click()' successfully

2021-03-19 13:11:50 - [MESSAGE][PASSED] - pages.Payment_Page.clickOnElement is PASSED

2021-03-19 13:11:50 - [TEST_STEP][PASSED] - utilities.SafeActions.safeCheck(findTestObject("MAKE_ PAYMENT/Consumer_Personal_ Details/CheckBox"), "Billing CheckBox", [pageLoadTime]): Consumer_Payment_Making.ts:Checkbox 'Billing CheckBox'is selected

2021-03-19 13:11:51 - [MESSAGE][PASSED] - Object 'Object Repository/MAKE_ PAYMENT/Consumer_Personal_ Details/CheckBox' is present

2021-03-19 13:11:52 - [MESSAGE][PASSED] - Object 'Object Repository/MAKE_ PAYMENT/Consumer_Personal_ Details/CheckBox' is present

2021-03-19 13:11:53 - [MESSAGE][PASSED] - Object: 'Object Repository/MAKE_ PAYMENT/Consumer_Personal_ Details/CheckBox' is clicked on

2021-03-19 13:11:53 - [MESSAGE][PASSED] - Consumer_Payment_Making.ts:Checkbox 'Billing CheckBox'is selected

2021-03-19 13:11:53 - [TEST_STEP][PASSED] - waitForPageLoad(2): Wait for page load successfully

2021-03-19 13:11:55 - [MESSAGE][PASSED] - Wait for page load successfully

2021-03-19 13:11:55 - [TEST_STEP][PASSED] - utilities.SafeActions.safeClick(findTestObject("MAKE_ PAYMENT/Home_ Page/CONTINUE"), "Continue", [pageLoadTime]): Consumer_Payment_Making.ts:Clicked on the Continue

2021-03-19 13:11:55 - [MESSAGE][INFO] - safeClicking

2021-03-19 13:11:56 - [MESSAGE][PASSED] - Object 'Object Repository/MAKE_ PAYMENT/Home_ Page/CONTINUE' is present

2021-03-19 13:11:57 - [MESSAGE][PASSED] - Object 'Object Repository/MAKE_ PAYMENT/Home_ Page/CONTINUE' is clickable

2021-03-19 13:12:00 - [MESSAGE][PASSED] - Object: 'Object Repository/MAKE_ PAYMENT/Home_ Page/CONTINUE' is clicked on

2021-03-19 13:12:00 - [MESSAGE][PASSED] - Consumer_Payment_Making.ts:Clicked on the Continue

2021-03-19 13:12:00 - [TEST_STEP][PASSED] - utilities.SafeActions.safeCheck(findTestObject("MAKE_ PAYMENT/Consumer_Personal_ Details/ACC_TYPE_CHECKING"), "Checking", [pageLoadTime]): Consumer_Payment_Making.ts:Checkbox 'Checking'is selected

2021-03-19 13:12:01 - [MESSAGE][PASSED] - Object 'Object Repository/MAKE_ PAYMENT/Consumer_Personal_ Details/ACC_TYPE_CHECKING' is present

[...]

2021-03-19 13:20:44 - [MESSAGE][PASSED] - Consumer_Payment_Making.ts:Entered'456789 into ConfirmCheckAccNum

2021-03-19 13:20:44 - [TEST_STEP][PASSED] - utilities.SafeActions.safeType(findTestObject("MAKE_ PAYMENT/Consumer_Personal_ Details/EMAIL_ADDRESS"), emailAddress, "EmailAddress", [pageLoadTime]): Consumer_Payment_Making.ts:Entered'testing@zenq.com into EmailAddress

2021-03-19 13:20:44 - [MESSAGE][PASSED] - Object 'Object Repository/MAKE_ PAYMENT/Consumer_Personal_ Details/EMAIL_ADDRESS' is present

2021-03-19 13:20:45 - [MESSAGE][PASSED] - Object 'Object Repository/MAKE_ PAYMENT/Consumer_Personal_ Details/EMAIL_ADDRESS' is visible

2021-03-19 13:20:45 - [MESSAGE][PASSED] - Object 'Object Repository/MAKE_ PAYMENT/Consumer_Personal_ Details/EMAIL_ADDRESS' is present

2021-03-19 13:20:47 - [MESSAGE][PASSED] - Text 'testing@zenq.com' is set on object 'Object Repository/MAKE_ PAYMENT/Consumer_Personal_ Details/EMAIL_ADDRESS'

2021-03-19 13:20:47 - [MESSAGE][PASSED] - Consumer_Payment_Making.ts:Entered'testing@zenq.com into EmailAddress

2021-03-19 13:20:47 - [TEST_STEP][PASSED] - utilities.SafeActions.safeType(findTestObject("MAKE_ PAYMENT/Consumer_Personal_ Details/SIGNATURE"), firstName, "EmailAddress", [pageLoadTime]): Consumer_Payment_Making.ts:Entered'Imran into EmailAddress

2021-03-19 13:20:47 - [MESSAGE][PASSED] - Object 'Object Repository/MAKE_ PAYMENT/Consumer_Personal_ Details/SIGNATURE' is present

2021-03-19 13:20:47 - [MESSAGE][PASSED] - Object 'Object Repository/MAKE_ PAYMENT/Consumer_Personal_ Details/SIGNATURE' is visible

2021-03-19 13:20:48 - [MESSAGE][PASSED] - Object 'Object Repository/MAKE_ PAYMENT/Consumer_Personal_ Details/SIGNATURE' is present

2021-03-19 13:20:49 - [MESSAGE][PASSED] - Text 'Imran' is set on object 'Object Repository/MAKE_ PAYMENT/Consumer_Personal_ Details/SIGNATURE'

2021-03-19 13:20:49 - [MESSAGE][PASSED] - Consumer_Payment_Making.ts:Entered'Imran into EmailAddress

2021-03-19 13:20:49 - [TEST_STEP][PASSED] - utilities.SafeActions.safeType(findTestObject("MAKE_ PAYMENT/Consumer_Personal_ Details/AGREEMENT"), "Yes", "Agreement", [pageLoadTime]): Consumer_Payment_Making.ts:Entered'Yes into Agreement

2021-03-19 13:20:50 - [MESSAGE][PASSED] - Object 'Object Repository/MAKE_ PAYMENT/Consumer_Personal_ Details/AGREEMENT' is present

2021-03-19 13:20:50 - [MESSAGE][PASSED] - Object 'Object Repository/MAKE_ PAYMENT/Consumer_Personal_ Details/AGREEMENT' is visible

2021-03-19 13:20:50 - [MESSAGE][PASSED] - Object 'Object Repository/MAKE_ PAYMENT/Consumer_Personal_ Details/AGREEMENT' is present

2021-03-19 13:20:52 - [MESSAGE][PASSED] - Text 'Yes' is set on object 'Object Repository/MAKE_ PAYMENT/Consumer_Personal_ Details/AGREEMENT'

2021-03-19 13:20:52 - [MESSAGE][PASSED] - Consumer_Payment_Making.ts:Entered'Yes into Agreement

2021-03-19 13:20:52 - [TEST_STEP][PASSED] - utilities.SafeActions.safeClick(findTestObject("MAKE_ PAYMENT/Home_ Page/CHECK_CONTINUE"), "Continue", [pageLoadTime]): Consumer_Payment_Making.ts:Clicked on the Continue

2021-03-19 13:20:52 - [MESSAGE][INFO] - safeClicking

2021-03-19 13:20:52 - [MESSAGE][PASSED] - Object 'Object Repository/MAKE_ PAYMENT/Home_ Page/CHECK_CONTINUE' is present

2021-03-19 13:20:52 - [MESSAGE][PASSED] - Object 'Object Repository/MAKE_ PAYMENT/Home_ Page/CHECK_CONTINUE' is clickable

2021-03-19 13:20:54 - [MESSAGE][PASSED] - Object: 'Object Repository/MAKE_ PAYMENT/Home_ Page/CHECK_CONTINUE' is clicked on

2021-03-19 13:20:54 - [MESSAGE][PASSED] - Consumer_Payment_Making.ts:Clicked on the Continue

2021-03-19 13:20:54 - [TEST_STEP][PASSED] - utilities.SafeActions.safeClick(findTestObject("MAKE_ PAYMENT/Home_ Page/CONTINUE"), "Continue", [pageLoadTime]): Consumer_Payment_Making.ts:Clicked on the Continue

2021-03-19 13:20:54 - [MESSAGE][INFO] - safeClicking

2021-03-19 13:20:54 - [MESSAGE][PASSED] - Object 'Object Repository/MAKE_ PAYMENT/Home_ Page/CONTINUE' is present

2021-03-19 13:20:55 - [MESSAGE][PASSED] - Object 'Object Repository/MAKE_ PAYMENT/Home_ Page/CONTINUE' is clickable

2021-03-19 13:20:57 - [MESSAGE][PASSED] - Object: 'Object Repository/MAKE_ PAYMENT/Home_ Page/CONTINUE' is clicked on

2021-03-19 13:20:57 - [MESSAGE][PASSED] - Consumer_Payment_Making.ts:Clicked on the Continue

2021-03-19 13:20:57 - [TEST_STEP][PASSED] - utilities.SafeActions.safeClick(findTestObject("MAKE_ PAYMENT/Consumer_Personal_ Details/I_AGREE"), "I agree", [pageLoadTime]): Consumer_Payment_Making.ts:Clicked on the I agree

2021-03-19 13:20:57 - [MESSAGE][INFO] - safeClicking

2021-03-19 13:20:58 - [MESSAGE][PASSED] - Object 'Object Repository/MAKE_ PAYMENT/Consumer_Personal_ Details/I_AGREE' is present

2021-03-19 13:20:59 - [MESSAGE][PASSED] - Object 'Object Repository/MAKE_ PAYMENT/Consumer_Personal_ Details/I_AGREE' is clickable

2021-03-19 13:21:01 - [MESSAGE][PASSED] - Object: 'Object Repository/MAKE_ PAYMENT/Consumer_Personal_ Details/I_AGREE' is clicked on

2021-03-19 13:21:01 - [MESSAGE][PASSED] - Consumer_Payment_Making.ts:Clicked on the I agree

2021-03-19 13:21:01 - [TEST_STEP][PASSED] - pages.Payment_Page.verifyUserDetails(firstName, lastName, emailAddress, "", "Savings"): pages.Payment_Page.verifyUserDetails is PASSED

2021-03-19 13:21:02 - [MESSAGE][PASSED] - Scroll to object 'Object Repository/MAKE_ PAYMENT/Verification_ Details/FIRST_NAME' successfully

2021-03-19 13:21:03 - [MESSAGE][PASSED] - Text of object 'Object Repository/MAKE_ PAYMENT/Verification_ Details/FIRST_NAME' is: 'Imran'

2021-03-19 13:21:03 - [MESSAGE][PASSED] - Actual text 'Imran' and expected text 'Imran' are matched  using regular expression

2021-03-19 13:21:03 - [MESSAGE][PASSED] - Text of object 'Object Repository/MAKE_ PAYMENT/Verification_ Details/LAST_NAME' is: 'shahi'

2021-03-19 13:21:03 - [MESSAGE][PASSED] - Actual text 'shahi' and expected text 'shahi' are matched  using regular expression

2021-03-19 13:21:06 - [MESSAGE][PASSED] - Text of object 'Object Repository/MAKE_ PAYMENT/Verification_ Details/EMAIL_ADDRESS' is: 'testing@zenq.com'

2021-03-19 13:21:06 - [MESSAGE][PASSED] - Actual text 'testing@zenq.com' and expected text 'testing@zenq.com' are matched  using regular expression

2021-03-19 13:21:06 - [MESSAGE][PASSED] - Text of object 'Object Repository/MAKE_ PAYMENT/Verification_ Details/ACH_ACC_TYPE' is: 'Savings'

2021-03-19 13:21:06 - [MESSAGE][PASSED] - Actual text 'Savings' and expected text 'Savings' are matched  using regular expression

2021-03-19 13:21:07 - [MESSAGE][PASSED] - pages.Payment_Page.verifyUserDetails is PASSED

2021-03-19 13:21:07 - [TEST_STEP][PASSED] - utilities.SafeActions.safeClick(findTestObject("MAKE_ PAYMENT/Verification_ Details/PROCESS_PAYMENT"), "Process Payment", [pageLoadTime]): Consumer_Payment_Making.ts:Clicked on the Process Payment

2021-03-19 13:21:07 - [MESSAGE][INFO] - safeClicking

2021-03-19 13:21:07 - [MESSAGE][PASSED] - Object 'Object Repository/MAKE_ PAYMENT/Verification_ Details/PROCESS_PAYMENT' is present

2021-03-19 13:21:08 - [MESSAGE][PASSED] - Object 'Object Repository/MAKE_ PAYMENT/Verification_ Details/PROCESS_PAYMENT' is clickable

2021-03-19 13:21:09 - [MESSAGE][PASSED] - Object: 'Object Repository/MAKE_ PAYMENT/Verification_ Details/PROCESS_PAYMENT' is clicked on

2021-03-19 13:21:09 - [MESSAGE][PASSED] - Consumer_Payment_Making.ts:Clicked on the Process Payment

2021-03-19 13:21:09 - [TEST_STEP][PASSED] - utilities.SafeActions.safeClick(findTestObject("MAKE_ PAYMENT/Verification_ Details/YES_BUTTON"), "yes button", [pageLoadTime]): Consumer_Payment_Making.ts:Clicked on the yes button

2021-03-19 13:21:09 - [MESSAGE][INFO] - safeClicking

2021-03-19 13:21:10 - [MESSAGE][PASSED] - Object 'Object Repository/MAKE_ PAYMENT/Verification_ Details/YES_BUTTON' is present

2021-03-19 13:21:10 - [MESSAGE][PASSED] - Object 'Object Repository/MAKE_ PAYMENT/Verification_ Details/YES_BUTTON' is clickable

2021-03-19 13:21:12 - [MESSAGE][PASSED] - Object: 'Object Repository/MAKE_ PAYMENT/Verification_ Details/YES_BUTTON' is clicked on

2021-03-19 13:21:12 - [MESSAGE][PASSED] - Consumer_Payment_Making.ts:Clicked on the yes button

2021-03-19 13:21:12 - [TEST_STEP][PASSED] - verifyElementPresent(findTestObject("MAKE_ PAYMENT/Verification_ Details/PENDING"), 30): Object 'Object Repository/MAKE_ PAYMENT/Verification_ Details/PENDING' is present

2021-03-19 13:21:14 - [MESSAGE][PASSED] - Object 'Object Repository/MAKE_ PAYMENT/Verification_ Details/PENDING' is present

2021-03-19 13:21:14 - [TEST_STEP][PASSED] - PaymentID = pages.Payment_Page.verifyECheckPaymentApproval(referenceNum): pages.Payment_Page.verifyECheckPaymentApproval is PASSED

2021-03-19 13:21:14 - [MESSAGE][PASSED] - Text of object 'Object Repository/MAKE_ PAYMENT/Verification_ Details/PAY_ID_ELECTRIC_CHECK' is: '100176225018'

2021-03-19 13:21:17 - [MESSAGE][PASSED] - Text of object 'Object Repository/MAKE_ PAYMENT/Verification_ Details/REF_NUM_E_CHECK' is: '11'

2021-03-19 13:21:17 - [MESSAGE][PASSED] - pages.Payment_Page.verifyECheckPaymentApproval is PASSED

2021-03-19 13:21:17 - [TEST_STEP][PASSED] - utilities.SafeActions.safeClick(findTestObject("SEARCH_PAYMENT/SEARCH_PAYMENT"), "Search Payment", [pageLoadTime]): Consumer_Payment_Making.ts:Clicked on the Search Payment

2021-03-19 13:21:17 - [MESSAGE][INFO] - safeClicking

2021-03-19 13:21:17 - [MESSAGE][PASSED] - Object 'Object Repository/SEARCH_PAYMENT/SEARCH_PAYMENT' is present

2021-03-19 13:21:17 - [MESSAGE][PASSED] - Object 'Object Repository/SEARCH_PAYMENT/SEARCH_PAYMENT' is clickable

2021-03-19 13:21:19 - [MESSAGE][PASSED] - Object: 'Object Repository/SEARCH_PAYMENT/SEARCH_PAYMENT' is clicked on

2021-03-19 13:21:19 - [MESSAGE][PASSED] - Consumer_Payment_Making.ts:Clicked on the Search Payment

2021-03-19 13:21:19 - [TEST_STEP][PASSED] - waitForPageLoad(10): Wait for page load successfully

2021-03-19 13:21:19 - [MESSAGE][PASSED] - Wait for page load successfully

2021-03-19 13:21:19 - [TEST_STEP][PASSED] - pages.Search_Page.switchToWindow(): pages.Search_Page.switchToWindow is PASSED

2021-03-19 13:21:21 - [MESSAGE][PASSED] - Object: 'Object Repository/SEARCH_PAYMENT/SEARCH_PAYMENT' is clicked on

2021-03-19 13:21:21 - [MESSAGE][PASSED] - Switched to window with index: '1'

2021-03-19 13:21:21 - [MESSAGE][PASSED] - pages.Search_Page.switchToWindow is PASSED

2021-03-19 13:21:21 - [TEST_STEP][PASSED] - utilities.SafeActions.safeCheck(findTestObject("SEARCH_PAYMENT/ELECTRONIC_CHECK"), "Echeck", [pageLoadTime]): Consumer_Payment_Making.ts:Checkbox 'Echeck'is selected

2021-03-19 13:21:23 - [MESSAGE][PASSED] - Object 'Object Repository/SEARCH_PAYMENT/ELECTRONIC_CHECK' is present

2021-03-19 13:21:24 - [MESSAGE][PASSED] - Object 'Object Repository/SEARCH_PAYMENT/ELECTRONIC_CHECK' is present

2021-03-19 13:21:25 - [MESSAGE][PASSED] - Object: 'Object Repository/SEARCH_PAYMENT/ELECTRONIC_CHECK' is clicked on

2021-03-19 13:21:25 - [MESSAGE][PASSED] - Consumer_Payment_Making.ts:Checkbox 'Echeck'is selected

2021-03-19 13:21:25 - [TEST_STEP][PASSED] - pages.Search_Page.setSearchDetails(lastName, VISA, checkingAccNum): Acc num enterd

2021-03-19 13:21:25 - [MESSAGE][PASSED] - Object 'Object Repository/SEARCH_PAYMENT/BILLING_LAST_NAME' is present

2021-03-19 13:21:26 - [MESSAGE][PASSED] - Object 'Object Repository/SEARCH_PAYMENT/BILLING_LAST_NAME' is visible

2021-03-19 13:21:26 - [MESSAGE][PASSED] - Object 'Object Repository/SEARCH_PAYMENT/BILLING_LAST_NAME' is present

2021-03-19 13:21:28 - [MESSAGE][PASSED] - Text 'shahi' is set on object 'Object Repository/SEARCH_PAYMENT/BILLING_LAST_NAME'

2021-03-19 13:21:28 - [MESSAGE][PASSED] - Consumer_Payment_Making.ts:Entered'shahi into LastName

2021-03-19 13:21:29 - [MESSAGE][WARNING] - Object 'Object Repository/SEARCH_PAYMENT/CREDIT_OR_DEBIT_CARD' is not checked (Root cause: com.kms.katalon.core.exception.StepFailedException: Object 'Object Repository/SEARCH_PAYMENT/CREDIT_OR_DEBIT_CARD' is not checked
	at com.kms.katalon.core.webui.keyword.internal.WebUIKeywordMain.stepFailed(WebUIKeywordMain.groovy:64)
	at com.kms.katalon.core.webui.keyword.builtin.VerifyElementCheckedKeyword$_verifyElementChecked_closure1.doCall(VerifyElementCheckedKeyword.groovy:81)
	at com.kms.katalon.core.webui.keyword.builtin.VerifyElementCheckedKeyword$_verifyElementChecked_closure1.call(VerifyElementCheckedKeyword.groovy)
	at com.kms.katalon.core.webui.keyword.internal.WebUIKeywordMain.runKeyword(WebUIKeywordMain.groovy:20)
	at com.kms.katalon.core.webui.keyword.builtin.VerifyElementCheckedKeyword.verifyElementChecked(VerifyElementCheckedKeyword.groovy:92)
	at com.kms.katalon.core.webui.keyword.builtin.VerifyElementCheckedKeyword.execute(VerifyElementCheckedKeyword.groovy:68)
	at com.kms.katalon.core.keyword.internal.KeywordExecutor.executeKeywordForPlatform(KeywordExecutor.groovy:73)
	at com.kms.katalon.core.webui.keyword.WebUiBuiltInKeywords.verifyElementChecked(WebUiBuiltInKeywords.groovy:1381)
	at com.kms.katalon.core.webui.keyword.WebUiBuiltInKeywords$verifyElementChecked$15.call(Unknown Source)
	at pages.Search_Page.setSearchDetails(Search_Page.groovy:39)
	at pages.Search_Page.invokeMethod(Search_Page.groovy)
	at com.kms.katalon.core.main.CustomKeywordDelegatingMetaClass.invokeStaticMethod(CustomKeywordDelegatingMetaClass.java:50)
	at TC_006_Echeck_Savings_MultiLine_Payment.run(TC_006_Echeck_Savings_MultiLine_Payment:128)
	at com.kms.katalon.core.main.ScriptEngine.run(ScriptEngine.java:194)
	at com.kms.katalon.core.main.ScriptEngine.runScriptAsRawText(ScriptEngine.java:119)
	at com.kms.katalon.core.main.TestCaseExecutor.runScript(TestCaseExecutor.java:398)
	at com.kms.katalon.core.main.TestCaseExecutor.doExecute(TestCaseExecutor.java:389)
	at com.kms.katalon.core.main.TestCaseExecutor.processExecutionPhase(TestCaseExecutor.java:368)
	at com.kms.katalon.core.main.TestCaseExecutor.accessMainPhase(TestCaseExecutor.java:360)
	at com.kms.katalon.core.main.TestCaseExecutor.execute(TestCaseExecutor.java:255)
	at com.kms.katalon.core.main.TestSuiteExecutor.accessTestCaseMainPhase(TestSuiteExecutor.java:203)
	at com.kms.katalon.core.main.TestSuiteExecutor.accessTestSuiteMainPhase(TestSuiteExecutor.java:152)
	at com.kms.katalon.core.main.TestSuiteExecutor.execute(TestSuiteExecutor.java:95)
	at com.kms.katalon.core.main.TestCaseMain.startTestSuite(TestCaseMain.java:157)
	at com.kms.katalon.core.main.TestCaseMain$startTestSuite$0.call(Unknown Source)
	at TempTestSuite1616139304106.run(TempTestSuite1616139304106.groovy:39)
)
[[ATTACHMENT|D:\\AutomationToolsandProjects\\Katalon Projects BackUp\\Sush_Certpay-master\\Reports\\20210319_130503\\Certpay_testSuite\\Consumer_Payment_Making\\20210319_130504\\1616140288674.png]]

2021-03-19 13:21:29 - [MESSAGE][PASSED] - Object 'Object Repository/SEARCH_PAYMENT/ACC_NUMBER' is present

2021-03-19 13:21:30 - [MESSAGE][PASSED] - Object 'Object Repository/SEARCH_PAYMENT/ACC_NUMBER' is visible

2021-03-19 13:21:30 - [MESSAGE][PASSED] - Object 'Object Repository/SEARCH_PAYMENT/ACC_NUMBER' is present

2021-03-19 13:21:32 - [MESSAGE][PASSED] - Text '456789' is set on object 'Object Repository/SEARCH_PAYMENT/ACC_NUMBER'

2021-03-19 13:21:32 - [MESSAGE][PASSED] - Consumer_Payment_Making.ts:Entered'456789 into Acc num

2021-03-19 13:21:32 - [MESSAGE][PASSED] - Acc num enterd

2021-03-19 13:21:32 - [TEST_STEP][PASSED] - utilities.SafeActions.safeClick(findTestObject("SEARCH_PAYMENT/SEARCH_BUTTON"), "Search", [pageLoadTime]): Consumer_Payment_Making.ts:Clicked on the Search

2021-03-19 13:21:32 - [MESSAGE][INFO] - safeClicking

2021-03-19 13:21:32 - [MESSAGE][PASSED] - Object 'Object Repository/SEARCH_PAYMENT/SEARCH_BUTTON' is present

2021-03-19 13:21:32 - [MESSAGE][PASSED] - Object 'Object Repository/SEARCH_PAYMENT/SEARCH_BUTTON' is clickable

2021-03-19 13:21:37 - [MESSAGE][PASSED] - Object: 'Object Repository/SEARCH_PAYMENT/SEARCH_BUTTON' is clicked on

2021-03-19 13:21:37 - [MESSAGE][PASSED] - Consumer_Payment_Making.ts:Clicked on the Search

2021-03-19 13:21:37 - [TEST_STEP][PASSED] - pages.Payment_Page.verifyPaymentDetailsInReceipt(PaymentID): pages.Payment_Page.verifyPaymentDetailsInReceipt is PASSED

2021-03-19 13:21:39 - [MESSAGE][PASSED] - Text of object 'Object Repository/SEARCH_PAYMENT/REFERNCE_NUM' is: '11'

2021-03-19 13:21:39 - [MESSAGE][PASSED] - Text of object 'Object Repository/SEARCH_PAYMENT/PAYMENT_ID' is: '100176225022'

2021-03-19 13:21:39 - [MESSAGE][PASSED] - pages.Payment_Page.verifyPaymentDetailsInReceipt is PASSED

2021-03-19 13:21:39 - [TEST_STEP][PASSED] - utilities.SafeActions.safeClick(findTestObject("SEARCH_PAYMENT/SEARCH_ ICON"), "SearchIcon", [pageLoadTime]): Consumer_Payment_Making.ts:Clicked on the SearchIcon

2021-03-19 13:21:39 - [MESSAGE][INFO] - safeClicking

2021-03-19 13:21:39 - [MESSAGE][PASSED] - Object 'Object Repository/SEARCH_PAYMENT/SEARCH_ ICON' is present

2021-03-19 13:21:40 - [MESSAGE][PASSED] - Object 'Object Repository/SEARCH_PAYMENT/SEARCH_ ICON' is clickable

2021-03-19 13:21:41 - [MESSAGE][PASSED] - Object: 'Object Repository/SEARCH_PAYMENT/SEARCH_ ICON' is clicked on

2021-03-19 13:21:41 - [MESSAGE][PASSED] - Consumer_Payment_Making.ts:Clicked on the SearchIcon

2021-03-19 13:21:41 - [TEST_STEP][PASSED] - delay(2): Delayed 2 second(s)

2021-03-19 13:21:43 - [MESSAGE][PASSED] - Delayed 2 second(s)

2021-03-19 13:21:43 - [TEST_STEP][PASSED] - scrollToElement(findTestObject("SEARCH_PAYMENT/CLOSE_BUTTON"), 30): Scroll to object 'Object Repository/SEARCH_PAYMENT/CLOSE_BUTTON' successfully

2021-03-19 13:21:43 - [MESSAGE][PASSED] - Scroll to object 'Object Repository/SEARCH_PAYMENT/CLOSE_BUTTON' successfully

2021-03-19 13:21:43 - [TEST_STEP][PASSED] - utilities.SafeActions.safeClick(findTestObject("SEARCH_PAYMENT/EMAIL_ RECEIPT"), "Email Receipt", [pageLoadTime]): Consumer_Payment_Making.ts:Clicked on the Email Receipt

2021-03-19 13:21:43 - [MESSAGE][INFO] - safeClicking

2021-03-19 13:21:44 - [MESSAGE][PASSED] - Object 'Object Repository/SEARCH_PAYMENT/EMAIL_ RECEIPT' is present

2021-03-19 13:21:44 - [MESSAGE][PASSED] - Object 'Object Repository/SEARCH_PAYMENT/EMAIL_ RECEIPT' is clickable

2021-03-19 13:21:45 - [MESSAGE][PASSED] - Object: 'Object Repository/SEARCH_PAYMENT/EMAIL_ RECEIPT' is clicked on

2021-03-19 13:21:45 - [MESSAGE][PASSED] - Consumer_Payment_Making.ts:Clicked on the Email Receipt

2021-03-19 13:21:45 - [TEST_STEP][PASSED] - utilities.SafeActions.safeClick(findTestObject("SEARCH_PAYMENT/SEND_ EMAIL_BUTTON"), "Send Email", [pageLoadTime]): Consumer_Payment_Making.ts:Clicked on the Send Email

2021-03-19 13:21:45 - [MESSAGE][INFO] - safeClicking

2021-03-19 13:21:46 - [MESSAGE][PASSED] - Object 'Object Repository/SEARCH_PAYMENT/SEND_ EMAIL_BUTTON' is present

2021-03-19 13:21:46 - [MESSAGE][PASSED] - Object 'Object Repository/SEARCH_PAYMENT/SEND_ EMAIL_BUTTON' is clickable

2021-03-19 13:21:48 - [MESSAGE][PASSED] - Object: 'Object Repository/SEARCH_PAYMENT/SEND_ EMAIL_BUTTON' is clicked on

2021-03-19 13:21:48 - [MESSAGE][PASSED] - Consumer_Payment_Making.ts:Clicked on the Send Email

2021-03-19 13:21:48 - [TEST_STEP][PASSED] - Start listener action : afterTestCase: Browser is closed

2021-03-19 13:21:48 - [TEST_STEP][PASSED] - closeBrowser(): Browser is closed

2021-03-19 13:21:48 - [MESSAGE][PASSED] - Browser is closed]]></system-out>
         <system-err><![CDATA[]]></system-err>
      </testcase>
      <system-out><![CDATA[2021-03-19 13:05:08 - [TEST_SUITE][PASSED] - Consumer_Payment_Making: Test Cases/Consumer_Make_Payment/TC_006_Echeck_Savings_MultiLine_Payment]]></system-out>
      <system-err><![CDATA[]]></system-err>
   </testsuite>
</testsuites>
