<?xml version="1.0" encoding="UTF-8"?>
<testsuites name="Quicksti_Samday_FullRefunds_Admin" time="1240.368" tests="1" failures="1" skips="0" errors="0">
   <testsuite name="Quicksti_Samday_FullRefunds_Admin" tests="1" failures="1" errors="0" time="1240.368" skips="0" timestamp="2021-03-19 13:43:23" hostname="saranya - KNILA-K202011012" id="Test Suites/Certpay_testSuite/Quicksti_Samday_FullRefunds_Admin">
      <properties>
[...]
</properties>
      <testcase name="Test Cases/SameDay_Refunds_Admin/TC_001_VISA_Sameday_FullRefund" time="1237.469" classname="Test Cases/SameDay_Refunds_Admin/TC_001_VISA_Sameday_FullRefund" status="FAILED">
         <failure type="FAILED" message="Test Cases/SameDay_Refunds_Admin/TC_001_VISA_Sameday_FullRefund FAILED.
Reason:
com.kms.katalon.core.exception.StepFailedException: Quicksti_Samday_FullRefunds_Admin.ts:Credit Returnis not attached to page document in time 60 No such element Exception
	at com.kms.katalon.core.util.KeywordUtil.markFailed(KeywordUtil.java:19)
	at com.kms.katalon.core.util.KeywordUtil$markFailed$1.call(Unknown Source)
	at utilities.SafeActions.safeClick(SafeActions.groovy:167)
	at utilities.SafeActions.invokeMethod(SafeActions.groovy)
	at com.kms.katalon.core.main.CustomKeywordDelegatingMetaClass.invokeStaticMethod(CustomKeywordDelegatingMetaClass.java:50)
	at TC_001_VISA_Sameday_FullRefund.run(TC_001_VISA_Sameday_FullRefund:150)
	at com.kms.katalon.core.main.ScriptEngine.run(ScriptEngine.java:194)
	at com.kms.katalon.core.main.ScriptEngine.runScriptAsRawText(ScriptEngine.java:119)
	at com.kms.katalon.core.main.TestCaseExecutor.runScript(TestCaseExecutor.java:398)
	at com.kms.katalon.core.main.TestCaseExecutor.doExecute(TestCaseExecutor.java:389)
	at com.kms.katalon.core.main.TestCaseExecutor.processExecutionPhase(TestCaseExecutor.java:368)
	at com.kms.katalon.core.main.TestCaseExecutor.accessMainPhase(TestCaseExecutor.java:360)
	at com.kms.katalon.core.main.TestCaseExecutor.execute(TestCaseExecutor.java:255)
	at com.kms.katalon.core.main.TestSuiteExecutor.accessTestCaseMainPhase(TestSuiteExecutor.java:203)
	at com.kms.katalon.core.main.TestSuiteExecutor.accessTestSuiteMainPhase(TestSuiteExecutor.java:152)
	at com.kms.katalon.core.main.TestSuiteExecutor.execute(TestSuiteExecutor.java:95)
	at com.kms.katalon.core.main.TestCaseMain.startTestSuite(TestCaseMain.java:157)
	at com.kms.katalon.core.main.TestCaseMain$startTestSuite$0.call(Unknown Source)
	at TempTestSuite1616141588699.run(TempTestSuite1616141588699.groovy:39)
"/>
         <system-out><![CDATA[2021-03-19 13:43:25 - [TEST_CASE][FAILED] - Test Cases/SameDay_Refunds_Admin/TC_001_VISA_Sameday_FullRefund: Test Cases/SameDay_Refunds_Admin/TC_001_VISA_Sameday_FullRefund FAILED.
Reason:
com.kms.katalon.core.exception.StepFailedException: Quicksti_Samday_FullRefunds_Admin.ts:Credit Returnis not attached to page document in time 60 No such element Exception
	at com.kms.katalon.core.util.KeywordUtil.markFailed(KeywordUtil.java:19)
	at com.kms.katalon.core.util.KeywordUtil$markFailed$1.call(Unknown Source)
	at utilities.SafeActions.safeClick(SafeActions.groovy:167)
	at utilities.SafeActions.invokeMethod(SafeActions.groovy)
	at com.kms.katalon.core.main.CustomKeywordDelegatingMetaClass.invokeStaticMethod(CustomKeywordDelegatingMetaClass.java:50)
	at TC_001_VISA_Sameday_FullRefund.run(TC_001_VISA_Sameday_FullRefund:150)
	at com.kms.katalon.core.main.ScriptEngine.run(ScriptEngine.java:194)
	at com.kms.katalon.core.main.ScriptEngine.runScriptAsRawText(ScriptEngine.java:119)
	at com.kms.katalon.core.main.TestCaseExecutor.runScript(TestCaseExecutor.java:398)
	at com.kms.katalon.core.main.TestCaseExecutor.doExecute(TestCaseExecutor.java:389)
	at com.kms.katalon.core.main.TestCaseExecutor.processExecutionPhase(TestCaseExecutor.java:368)
	at com.kms.katalon.core.main.TestCaseExecutor.accessMainPhase(TestCaseExecutor.java:360)
	at com.kms.katalon.core.main.TestCaseExecutor.execute(TestCaseExecutor.java:255)
	at com.kms.katalon.core.main.TestSuiteExecutor.accessTestCaseMainPhase(TestSuiteExecutor.java:203)
	at com.kms.katalon.core.main.TestSuiteExecutor.accessTestSuiteMainPhase(TestSuiteExecutor.java:152)
	at com.kms.katalon.core.main.TestSuiteExecutor.execute(TestSuiteExecutor.java:95)
	at com.kms.katalon.core.main.TestCaseMain.startTestSuite(TestCaseMain.java:157)
	at com.kms.katalon.core.main.TestCaseMain$startTestSuite$0.call(Unknown Source)
	at TempTestSuite1616141588699.run(TempTestSuite1616141588699.groovy:39)


2021-03-19 13:43:26 - [TEST_STEP][PASSED] - Start listener action : beforeTestCase: null

2021-03-19 13:43:26 - [TEST_STEP][PASSED] - data = findTestData("Data Files/Certpay/SingleBureau_SingleLine"): null

2021-03-19 13:43:29 - [TEST_STEP][PASSED] - paymentIdList = []: null

2021-03-19 13:43:29 - [TEST_STEP][FAILED] - for (def index : (1..data.getRowNumbers())): null

2021-03-19 13:43:29 - [TEST_STEP][PASSED] - firstName = data.getValue("FirstName", index): null

2021-03-19 13:43:29 - [TEST_STEP][PASSED] - lastName = data.getValue("LastName", index): null

2021-03-19 13:43:29 - [TEST_STEP][PASSED] - expMonth = data.getValue("ExpMonth", index): null

2021-03-19 13:43:29 - [TEST_STEP][PASSED] - expYear = data.getValue("ExpYear", index): null

2021-03-19 13:43:30 - [TEST_STEP][PASSED] - securityCode = data.getValue("SecurityCode", index): null

2021-03-19 13:43:30 - [TEST_STEP][PASSED] - paymentAmount = data.getValue("PaymentAmount", index): null

2021-03-19 13:43:30 - [TEST_STEP][PASSED] - paymentType = data.getValue("PaymentType", index): null

2021-03-19 13:43:30 - [TEST_STEP][PASSED] - quantity = data.getValue("Quantity", index): null

2021-03-19 13:43:30 - [TEST_STEP][PASSED] - comments = data.getValue("Comments", index): null

2021-03-19 13:43:30 - [TEST_STEP][PASSED] - referenceNum = data.getValue("ReferenceNum", index): null

2021-03-19 13:43:30 - [TEST_STEP][PASSED] - address = data.getValue("Address", index): null

2021-03-19 13:43:30 - [TEST_STEP][PASSED] - zipCode = data.getValue("Zipcode", index): null

2021-03-19 13:43:30 - [TEST_STEP][PASSED] - telephone = data.getValue("Telephone", index): null

2021-03-19 13:43:30 - [TEST_STEP][PASSED] - emailAddress = data.getValue("EmailAddress", index): null

2021-03-19 13:43:30 - [TEST_STEP][PASSED] - cardNum = data.getValue("CardNumber", index): null

2021-03-19 13:43:30 - [TEST_STEP][PASSED] - cardType = data.getValue("CardType", index): null

2021-03-19 13:43:30 - [TEST_STEP][PASSED] - utilities.SafeActions.openBrowser(Quicksti_Url, [pageLoadTime]): Browser launched successfully

2021-03-19 13:43:31 - [MESSAGE][INFO] - Opening Browser

2021-03-19 13:43:31 - [MESSAGE][INFO] - Starting 'Chrome' driver

2021-03-19 13:43:31 - [MESSAGE][INFO] - Action delay is set to 0 milliseconds

2021-03-19 13:45:14 - [MESSAGE][PASSED] - Browser is opened with url: 'https://qa-certpayquicksti.faps.net/'

2021-03-19 13:45:15 - [MESSAGE][PASSED] - Current window maximized

2021-03-19 13:45:15 - [MESSAGE][PASSED] - Browser launched successfully

2021-03-19 13:45:15 - [TEST_STEP][PASSED] - utilities.SafeActions.safeType(findTestObject("CERTPAY_QUICKSTI/Login_ Page/BUREAU_CODE"), bureau_code, "Bureau code", [pageLoadTime]): Quicksti_Samday_FullRefunds_Admin.ts:Entered'6100000 into Bureau code

2021-03-19 13:45:16 - [MESSAGE][PASSED] - Object 'Object Repository/CERTPAY_QUICKSTI/Login_ Page/BUREAU_CODE' is present

2021-03-19 13:45:16 - [MESSAGE][PASSED] - Object 'Object Repository/CERTPAY_QUICKSTI/Login_ Page/BUREAU_CODE' is visible

2021-03-19 13:45:17 - [MESSAGE][PASSED] - Object 'Object Repository/CERTPAY_QUICKSTI/Login_ Page/BUREAU_CODE' is present

2021-03-19 13:45:19 - [MESSAGE][PASSED] - Text '6100000' is set on object 'Object Repository/CERTPAY_QUICKSTI/Login_ Page/BUREAU_CODE'

2021-03-19 13:45:19 - [MESSAGE][PASSED] - Quicksti_Samday_FullRefunds_Admin.ts:Entered'6100000 into Bureau code

2021-03-19 13:45:19 - [TEST_STEP][PASSED] - utilities.SafeActions.safeType(findTestObject("CERTPAY_QUICKSTI/Login_ Page/TELLER_ID"), teller_id, "Bureau code", [pageLoadTime]): Quicksti_Samday_FullRefunds_Admin.ts:Entered'zenq into Bureau code

2021-03-19 13:45:19 - [MESSAGE][PASSED] - Object 'Object Repository/CERTPAY_QUICKSTI/Login_ Page/TELLER_ID' is present

2021-03-19 13:45:19 - [MESSAGE][PASSED] - Object 'Object Repository/CERTPAY_QUICKSTI/Login_ Page/TELLER_ID' is visible

2021-03-19 13:45:20 - [MESSAGE][PASSED] - Object 'Object Repository/CERTPAY_QUICKSTI/Login_ Page/TELLER_ID' is present

2021-03-19 13:45:22 - [MESSAGE][PASSED] - Text 'zenq' is set on object 'Object Repository/CERTPAY_QUICKSTI/Login_ Page/TELLER_ID'

2021-03-19 13:45:22 - [MESSAGE][PASSED] - Quicksti_Samday_FullRefunds_Admin.ts:Entered'zenq into Bureau code

2021-03-19 13:45:22 - [TEST_STEP][PASSED] - utilities.SafeActions.safeClick(findTestObject("CERTPAY_QUICKSTI/Login_ Page/NEXT_BUTTON"), "Next button", [pageLoadTime]): Quicksti_Samday_FullRefunds_Admin.ts:Clicked on the Next button

2021-03-19 13:45:22 - [MESSAGE][INFO] - safeClicking

2021-03-19 13:45:22 - [MESSAGE][PASSED] - Object 'Object Repository/CERTPAY_QUICKSTI/Login_ Page/NEXT_BUTTON' is present

2021-03-19 13:45:23 - [MESSAGE][PASSED] - Object 'Object Repository/CERTPAY_QUICKSTI/Login_ Page/NEXT_BUTTON' is clickable

2021-03-19 13:45:26 - [MESSAGE][PASSED] - Object: 'Object Repository/CERTPAY_QUICKSTI/Login_ Page/NEXT_BUTTON' is clicked on

2021-03-19 13:45:26 - [MESSAGE][PASSED] - Quicksti_Samday_FullRefunds_Admin.ts:Clicked on the Next button

2021-03-19 13:45:26 - [TEST_STEP][PASSED] - utilities.SafeActions.safeClick(findTestObject("CERTPAY_QUICKSTI/Payment_Information_Page/MANUAL_ENTRY_BUTTON"), "ManualEntry", [pageLoadTime]): Quicksti_Samday_FullRefunds_Admin.ts:Clicked on the ManualEntry

2021-03-19 13:45:27 - [MESSAGE][INFO] - safeClicking

2021-03-19 13:45:27 - [MESSAGE][PASSED] - Object 'Object Repository/CERTPAY_QUICKSTI/Payment_Information_Page/MANUAL_ENTRY_BUTTON' is present

2021-03-19 13:45:27 - [MESSAGE][PASSED] - Object 'Object Repository/CERTPAY_QUICKSTI/Payment_Information_Page/MANUAL_ENTRY_BUTTON' is clickable

2021-03-19 13:45:30 - [MESSAGE][PASSED] - Object: 'Object Repository/CERTPAY_QUICKSTI/Payment_Information_Page/MANUAL_ENTRY_BUTTON' is clicked on

2021-03-19 13:45:30 - [MESSAGE][PASSED] - Quicksti_Samday_FullRefunds_Admin.ts:Clicked on the ManualEntry

2021-03-19 13:45:30 - [TEST_STEP][PASSED] - CardNumber = pages.Quicksti.setUserPaymentDetails(firstName, lastName, cardNum): Quicksti_Samday_FullRefunds_Admin.ts:Entered'4716428411725021 into CardNum

2021-03-19 13:45:30 - [MESSAGE][PASSED] - Object 'Object Repository/CERTPAY_QUICKSTI/Payment_Information_Page/FIRST_NAME' is present

2021-03-19 13:45:31 - [MESSAGE][PASSED] - Object 'Object Repository/CERTPAY_QUICKSTI/Payment_Information_Page/FIRST_NAME' is visible

2021-03-19 13:45:31 - [MESSAGE][PASSED] - Object 'Object Repository/CERTPAY_QUICKSTI/Payment_Information_Page/FIRST_NAME' is present

2021-03-19 13:45:33 - [MESSAGE][PASSED] - Text 'Tester' is set on object 'Object Repository/CERTPAY_QUICKSTI/Payment_Information_Page/FIRST_NAME'

2021-03-19 13:45:33 - [MESSAGE][PASSED] - Quicksti_Samday_FullRefunds_Admin.ts:Entered'Tester into FirstName

2021-03-19 13:45:33 - [MESSAGE][PASSED] - Object 'Object Repository/CERTPAY_QUICKSTI/Payment_Information_Page/LAST_NAME' is present

2021-03-19 13:45:34 - [MESSAGE][PASSED] - Object 'Object Repository/CERTPAY_QUICKSTI/Payment_Information_Page/LAST_NAME' is visible

2021-03-19 13:45:34 - [MESSAGE][PASSED] - Object 'Object Repository/CERTPAY_QUICKSTI/Payment_Information_Page/LAST_NAME' is present

2021-03-19 13:45:36 - [MESSAGE][PASSED] - Text 'Zenq1' is set on object 'Object Repository/CERTPAY_QUICKSTI/Payment_Information_Page/LAST_NAME'

2021-03-19 13:45:36 - [MESSAGE][PASSED] - Quicksti_Samday_FullRefunds_Admin.ts:Entered'Zenq1 into LAstName

2021-03-19 13:45:36 - [MESSAGE][PASSED] - Object 'Object Repository/CERTPAY_QUICKSTI/Payment_Information_Page/CARD_NUMBER' is present

2021-03-19 13:45:36 - [MESSAGE][PASSED] - Object 'Object Repository/CERTPAY_QUICKSTI/Payment_Information_Page/CARD_NUMBER' is visible

2021-03-19 13:45:37 - [MESSAGE][PASSED] - Object 'Object Repository/CERTPAY_QUICKSTI/Payment_Information_Page/CARD_NUMBER' is present

2021-03-19 13:45:38 - [MESSAGE][PASSED] - Text '4716428411725021' is set on object 'Object Repository/CERTPAY_QUICKSTI/Payment_Information_Page/CARD_NUMBER'

2021-03-19 13:45:38 - [MESSAGE][PASSED] - Quicksti_Samday_FullRefunds_Admin.ts:Entered'4716428411725021 into CardNum

2021-03-19 13:45:38 - [TEST_STEP][PASSED] - utilities.SafeActions.safeSelectOptionInDropdownByVisibleText(findTestObject("CERTPAY_QUICKSTI/Payment_Information_Page/PAYMENT_TYPE"), paymentType, "paymentType", [pageLoadTime]): selected dropdown option by visible text  Taxesfrom paymentType

2021-03-19 13:45:39 - [MESSAGE][PASSED] - Object 'Object Repository/CERTPAY_QUICKSTI/Payment_Information_Page/PAYMENT_TYPE' is visible

2021-03-19 13:45:39 - [MESSAGE][PASSED] - Object 'Object Repository/CERTPAY_QUICKSTI/Payment_Information_Page/PAYMENT_TYPE' is present

2021-03-19 13:45:40 - [MESSAGE][PASSED] - Object: 'Object Repository/CERTPAY_QUICKSTI/Payment_Information_Page/PAYMENT_TYPE' is clicked on

2021-03-19 13:45:41 - [MESSAGE][PASSED] - All options with label 'Taxes' are selected in object 'Object Repository/CERTPAY_QUICKSTI/Payment_Information_Page/PAYMENT_TYPE'  using regular expression

2021-03-19 13:45:41 - [MESSAGE][PASSED] - selected dropdown option by visible text  Taxesfrom paymentType

2021-03-19 13:45:41 - [TEST_STEP][PASSED] - pages.Quicksti.setExpDate(expMonth, expYear, securityCode): Quicksti_Samday_FullRefunds_Admin.ts:Entered'207 into securityCode

2021-03-19 13:45:42 - [MESSAGE][PASSED] - Object 'Object Repository/CERTPAY_QUICKSTI/Payment_Information_Page/EXP_MONTH' is visible

2021-03-19 13:45:42 - [MESSAGE][PASSED] - Object 'Object Repository/CERTPAY_QUICKSTI/Payment_Information_Page/EXP_MONTH' is present

2021-03-19 13:45:43 - [MESSAGE][PASSED] - Object: 'Object Repository/CERTPAY_QUICKSTI/Payment_Information_Page/EXP_MONTH' is clicked on

2021-03-19 13:45:45 - [MESSAGE][PASSED] - All options with label '03' are selected in object 'Object Repository/CERTPAY_QUICKSTI/Payment_Information_Page/EXP_MONTH'  using regular expression

2021-03-19 13:45:45 - [MESSAGE][PASSED] - selected dropdown option by visible text  03from expMonth

2021-03-19 13:45:45 - [MESSAGE][PASSED] - Object 'Object Repository/CERTPAY_QUICKSTI/Payment_Information_Page/EXP_YEAR' is visible

2021-03-19 13:45:46 - [MESSAGE][PASSED] - Object 'Object Repository/CERTPAY_QUICKSTI/Payment_Information_Page/EXP_YEAR' is present

2021-03-19 13:45:47 - [MESSAGE][PASSED] - Object: 'Object Repository/CERTPAY_QUICKSTI/Payment_Information_Page/EXP_YEAR' is clicked on

2021-03-19 13:45:49 - [MESSAGE][PASSED] - All options with label '2022' are selected in object 'Object Repository/CERTPAY_QUICKSTI/Payment_Information_Page/EXP_YEAR'  using regular expression

2021-03-19 13:45:49 - [MESSAGE][PASSED] - selected dropdown option by visible text  2022from  expYear

2021-03-19 13:45:50 - [MESSAGE][PASSED] - Object 'Object Repository/CERTPAY_QUICKSTI/Payment_Information_Page/SECURITY_CODE' is present

2021-03-19 13:45:50 - [MESSAGE][PASSED] - Object 'Object Repository/CERTPAY_QUICKSTI/Payment_Information_Page/SECURITY_CODE' is visible

2021-03-19 13:45:50 - [MESSAGE][PASSED] - Object 'Object Repository/CERTPAY_QUICKSTI/Payment_Information_Page/SECURITY_CODE' is present

2021-03-19 13:45:52 - [MESSAGE][PASSED] - Text '207' is set on object 'Object Repository/CERTPAY_QUICKSTI/Payment_Information_Page/SECURITY_CODE'

2021-03-19 13:45:52 - [MESSAGE][PASSED] - Quicksti_Samday_FullRefunds_Admin.ts:Entered'207 into securityCode

2021-03-19 13:45:52 - [TEST_STEP][PASSED] - pages.Quicksti.setPaymentAmountDetailsForSinglePayment(paymentAmount, quantity): Quicksti_Samday_FullRefunds_Admin.ts:Entered'1 into Quantity

2021-03-19 13:45:52 - [MESSAGE][PASSED] - Object 'Object Repository/CERTPAY_QUICKSTI/Payment_Information_Page/PAYMENT_AMOUNT' is present

2021-03-19 13:45:53 - [MESSAGE][PASSED] - Object 'Object Repository/CERTPAY_QUICKSTI/Payment_Information_Page/PAYMENT_AMOUNT' is visible

2021-03-19 13:45:53 - [MESSAGE][PASSED] - Object 'Object Repository/CERTPAY_QUICKSTI/Payment_Information_Page/PAYMENT_AMOUNT' is present

2021-03-19 13:45:55 - [MESSAGE][PASSED] - Text '20.00' is set on object 'Object Repository/CERTPAY_QUICKSTI/Payment_Information_Page/PAYMENT_AMOUNT'

2021-03-19 13:45:55 - [MESSAGE][PASSED] - Quicksti_Samday_FullRefunds_Admin.ts:Entered'20.00 into amount

2021-03-19 13:45:55 - [MESSAGE][PASSED] - Object 'Object Repository/CERTPAY_QUICKSTI/Payment_Information_Page/QUANTITY' is present

2021-03-19 13:45:56 - [MESSAGE][PASSED] - Object 'Object Repository/CERTPAY_QUICKSTI/Payment_Information_Page/QUANTITY' is visible

2021-03-19 13:45:56 - [MESSAGE][PASSED] - Object 'Object Repository/CERTPAY_QUICKSTI/Payment_Information_Page/QUANTITY' is present

2021-03-19 13:45:58 - [MESSAGE][PASSED] - Text '1' is set on object 'Object Repository/CERTPAY_QUICKSTI/Payment_Information_Page/QUANTITY'

2021-03-19 13:45:58 - [MESSAGE][PASSED] - Quicksti_Samday_FullRefunds_Admin.ts:Entered'1 into Quantity

2021-03-19 13:45:58 - [TEST_STEP][PASSED] - utilities.SafeActions.safeType(findTestObject("CERTPAY_QUICKSTI/Payment_Information_Page/REFRENCE_NUMBER"), referenceNum, "Reference Number", [pageLoadTime]): Quicksti_Samday_FullRefunds_Admin.ts:Entered'11 into Reference Number

2021-03-19 13:45:59 - [MESSAGE][PASSED] - Object 'Object Repository/CERTPAY_QUICKSTI/Payment_Information_Page/REFRENCE_NUMBER' is present

2021-03-19 13:45:59 - [MESSAGE][PASSED] - Object 'Object Repository/CERTPAY_QUICKSTI/Payment_Information_Page/REFRENCE_NUMBER' is visible

2021-03-19 13:46:00 - [MESSAGE][PASSED] - Object 'Object Repository/CERTPAY_QUICKSTI/Payment_Information_Page/REFRENCE_NUMBER' is present

2021-03-19 13:46:01 - [MESSAGE][PASSED] - Text '11' is set on object 'Object Repository/CERTPAY_QUICKSTI/Payment_Information_Page/REFRENCE_NUMBER'

2021-03-19 13:46:01 - [MESSAGE][PASSED] - Quicksti_Samday_FullRefunds_Admin.ts:Entered'11 into Reference Number

2021-03-19 13:46:01 - [TEST_STEP][PASSED] - amount_Value = pages.Quicksti.getAttributeValue(findTestObject("CERTPAY_QUICKSTI/Payment_Information_Page/SUB_TOTAL")): pages.Quicksti.getAttributeValue is PASSED

2021-03-19 13:46:02 - [MESSAGE][PASSED] - Attribute 'value' of object 'Object Repository/CERTPAY_QUICKSTI/Payment_Information_Page/SUB_TOTAL' is: '20.00'

2021-03-19 13:46:02 - [MESSAGE][PASSED] - pages.Quicksti.getAttributeValue is PASSED

2021-03-19 13:46:02 - [TEST_STEP][PASSED] - utilities.SafeActions.safeType(findTestObject("CERTPAY_QUICKSTI/Payment_Information_Page/COMMENTS"), "Testing", "Comments", [pageLoadTime]): Quicksti_Samday_FullRefunds_Admin.ts:Entered'Testing into Comments

2021-03-19 13:46:02 - [MESSAGE][PASSED] - Object 'Object Repository/CERTPAY_QUICKSTI/Payment_Information_Page/COMMENTS' is present

2021-03-19 13:46:03 - [MESSAGE][PASSED] - Object 'Object Repository/CERTPAY_QUICKSTI/Payment_Information_Page/COMMENTS' is visible

2021-03-19 13:46:03 - [MESSAGE][PASSED] - Object 'Object Repository/CERTPAY_QUICKSTI/Payment_Information_Page/COMMENTS' is present

2021-03-19 13:46:05 - [MESSAGE][PASSED] - Text 'Testing' is set on object 'Object Repository/CERTPAY_QUICKSTI/Payment_Information_Page/COMMENTS'

2021-03-19 13:46:05 - [MESSAGE][PASSED] - Quicksti_Samday_FullRefunds_Admin.ts:Entered'Testing into Comments

2021-03-19 13:46:05 - [TEST_STEP][PASSED] - utilities.SafeActions.safeType(findTestObject("CERTPAY_QUICKSTI/Payment_Information_Page/ADDRESS"), address, "Address", [pageLoadTime]): Quicksti_Samday_FullRefunds_Admin.ts:Entered'14-2 into Address

2021-03-19 13:46:05 - [MESSAGE][PASSED] - Object 'Object Repository/CERTPAY_QUICKSTI/Payment_Information_Page/ADDRESS' is present

2021-03-19 13:46:06 - [MESSAGE][PASSED] - Object 'Object Repository/CERTPAY_QUICKSTI/Payment_Information_Page/ADDRESS' is visible

2021-03-19 13:46:06 - [MESSAGE][PASSED] - Object 'Object Repository/CERTPAY_QUICKSTI/Payment_Information_Page/ADDRESS' is present

2021-03-19 13:46:08 - [MESSAGE][PASSED] - Text '14-2' is set on object 'Object Repository/CERTPAY_QUICKSTI/Payment_Information_Page/ADDRESS'

2021-03-19 13:46:08 - [MESSAGE][PASSED] - Quicksti_Samday_FullRefunds_Admin.ts:Entered'14-2 into Address

2021-03-19 13:46:08 - [TEST_STEP][PASSED] - utilities.SafeActions.safeType(findTestObject("CERTPAY_QUICKSTI/Payment_Information_Page/ZIP_CODE"), zipCode, "zipcode", [pageLoadTime]): Quicksti_Samday_FullRefunds_Admin.ts:Entered'76102 into zipcode

2021-03-19 13:46:08 - [MESSAGE][PASSED] - Object 'Object Repository/CERTPAY_QUICKSTI/Payment_Information_Page/ZIP_CODE' is present

2021-03-19 13:46:09 - [MESSAGE][PASSED] - Object 'Object Repository/CERTPAY_QUICKSTI/Payment_Information_Page/ZIP_CODE' is visible

2021-03-19 13:46:09 - [MESSAGE][PASSED] - Object 'Object Repository/CERTPAY_QUICKSTI/Payment_Information_Page/ZIP_CODE' is present

2021-03-19 13:46:11 - [MESSAGE][PASSED] - Text '76102' is set on object 'Object Repository/CERTPAY_QUICKSTI/Payment_Information_Page/ZIP_CODE'

2021-03-19 13:46:11 - [MESSAGE][PASSED] - Quicksti_Samday_FullRefunds_Admin.ts:Entered'76102 into zipcode

2021-03-19 13:46:11 - [TEST_STEP][PASSED] - utilities.SafeActions.safeType(findTestObject("CERTPAY_QUICKSTI/Payment_Information_Page/TELEPHONE"), telephone, "Telephone", [pageLoadTime]): Quicksti_Samday_FullRefunds_Admin.ts:Entered'9988776655 into Telephone

2021-03-19 13:46:11 - [MESSAGE][PASSED] - Object 'Object Repository/CERTPAY_QUICKSTI/Payment_Information_Page/TELEPHONE' is present

2021-03-19 13:46:11 - [MESSAGE][PASSED] - Object 'Object Repository/CERTPAY_QUICKSTI/Payment_Information_Page/TELEPHONE' is visible

2021-03-19 13:46:12 - [MESSAGE][PASSED] - Object 'Object Repository/CERTPAY_QUICKSTI/Payment_Information_Page/TELEPHONE' is present

2021-03-19 13:46:14 - [MESSAGE][PASSED] - Text '9988776655' is set on object 'Object Repository/CERTPAY_QUICKSTI/Payment_Information_Page/TELEPHONE'

2021-03-19 13:46:14 - [MESSAGE][PASSED] - Quicksti_Samday_FullRefunds_Admin.ts:Entered'9988776655 into Telephone

2021-03-19 13:46:14 - [TEST_STEP][PASSED] - utilities.SafeActions.safeType(findTestObject("CERTPAY_QUICKSTI/Payment_Information_Page/EMAIL_ADDRESS"), emailAddress, "EMAIL address", [pageLoadTime]): Quicksti_Samday_FullRefunds_Admin.ts:Entered'testing@zenq.com into EMAIL address

2021-03-19 13:46:14 - [MESSAGE][PASSED] - Object 'Object Repository/CERTPAY_QUICKSTI/Payment_Information_Page/EMAIL_ADDRESS' is present

2021-03-19 13:46:14 - [MESSAGE][PASSED] - Object 'Object Repository/CERTPAY_QUICKSTI/Payment_Information_Page/EMAIL_ADDRESS' is visible

2021-03-19 13:46:15 - [MESSAGE][PASSED] - Object 'Object Repository/CERTPAY_QUICKSTI/Payment_Information_Page/EMAIL_ADDRESS' is present

2021-03-19 13:46:17 - [MESSAGE][PASSED] - Text 'testing@zenq.com' is set on object 'Object Repository/CERTPAY_QUICKSTI/Payment_Information_Page/EMAIL_ADDRESS'

2021-03-19 13:46:17 - [MESSAGE][PASSED] - Quicksti_Samday_FullRefunds_Admin.ts:Entered'testing@zenq.com into EMAIL address

2021-03-19 13:46:17 - [TEST_STEP][PASSED] - utilities.SafeActions.safeClick(findTestObject("CERTPAY_QUICKSTI/Payment_Information_Page/NEXT_BUTTON"), "Next", [pageLoadTime]): Quicksti_Samday_FullRefunds_Admin.ts:Clicked on the Next

2021-03-19 13:46:17 - [MESSAGE][INFO] - safeClicking

2021-03-19 13:46:17 - [MESSAGE][PASSED] - Object 'Object Repository/CERTPAY_QUICKSTI/Payment_Information_Page/NEXT_BUTTON' is present

2021-03-19 13:46:17 - [MESSAGE][PASSED] - Object 'Object Repository/CERTPAY_QUICKSTI/Payment_Information_Page/NEXT_BUTTON' is clickable

2021-03-19 13:46:20 - [MESSAGE][PASSED] - Object: 'Object Repository/CERTPAY_QUICKSTI/Payment_Information_Page/NEXT_BUTTON' is clicked on

2021-03-19 13:46:20 - [MESSAGE][PASSED] - Quicksti_Samday_FullRefunds_Admin.ts:Clicked on the Next

2021-03-19 13:46:20 - [TEST_STEP][PASSED] - pages.Quicksti.verifyUserPaymentDetails(paymentAmount, firstName, lastName, CardNumber): pages.Quicksti.verifyUserPaymentDetails is PASSED

2021-03-19 13:46:21 - [MESSAGE][PASSED] - Text of object 'Object Repository/CERTPAY_QUICKSTI/Payment_Details_Verification_Page/AMOUNT' is: '$20.00'

2021-03-19 13:46:21 - [MESSAGE][PASSED] - Actual text '20.00' and expected text '20.00' are matched  using regular expression

2021-03-19 13:46:21 - [MESSAGE][PASSED] - Text of object 'Object Repository/CERTPAY_QUICKSTI/Payment_Details_Verification_Page/NAME' is: 'Tester Zenq1'

2021-03-19 13:46:21 - [MESSAGE][PASSED] - Actual text 'Tester Zenq1' and expected text 'Tester Zenq1' are matched  using regular expression

2021-03-19 13:46:22 - [MESSAGE][PASSED] - Text of object 'Object Repository/CERTPAY_QUICKSTI/Payment_Details_Verification_Page/CARD_NUMBER' is: '...5021'

2021-03-19 13:46:22 - [MESSAGE][PASSED] - Actual text '5021' and expected text '5021' are matched  using regular expression

2021-03-19 13:46:22 - [MESSAGE][PASSED] - pages.Quicksti.verifyUserPaymentDetails is PASSED

2021-03-19 13:46:22 - [TEST_STEP][PASSED] - delay(2): Delayed 2 second(s)

2021-03-19 13:46:24 - [MESSAGE][PASSED] - Delayed 2 second(s)

2021-03-19 13:46:24 - [TEST_STEP][PASSED] - ConvFee = getText(findTestObject("CERTPAY_QUICKSTI/Payment_Information_Page/CONV_FEE")): Text of object 'Object Repository/CERTPAY_QUICKSTI/Payment_Information_Page/CONV_FEE' is: '$0.50'

2021-03-19 13:46:24 - [MESSAGE][PASSED] - Text of object 'Object Repository/CERTPAY_QUICKSTI/Payment_Information_Page/CONV_FEE' is: '$0.50'

2021-03-19 13:46:24 - [TEST_STEP][PASSED] - scrollToElement(findTestObject("CERTPAY_QUICKSTI/Payment_Details_Verification_Page/PROCESS"), 30): Scroll to object 'Object Repository/CERTPAY_QUICKSTI/Payment_Details_Verification_Page/PROCESS' successfully

2021-03-19 13:46:25 - [MESSAGE][PASSED] - Scroll to object 'Object Repository/CERTPAY_QUICKSTI/Payment_Details_Verification_Page/PROCESS' successfully

2021-03-19 13:46:26 - [TEST_STEP][PASSED] - utilities.SafeActions.safeClick(findTestObject("CERTPAY_QUICKSTI/Payment_Details_Verification_Page/PROCESS"), "Process", [pageLoadTime]): Quicksti_Samday_FullRefunds_Admin.ts:Clicked on the Process

2021-03-19 13:46:26 - [MESSAGE][INFO] - safeClicking

2021-03-19 13:46:26 - [MESSAGE][PASSED] - Object 'Object Repository/CERTPAY_QUICKSTI/Payment_Details_Verification_Page/PROCESS' is present

2021-03-19 13:46:27 - [MESSAGE][PASSED] - Object 'Object Repository/CERTPAY_QUICKSTI/Payment_Details_Verification_Page/PROCESS' is clickable

2021-03-19 13:46:32 - [MESSAGE][PASSED] - Object: 'Object Repository/CERTPAY_QUICKSTI/Payment_Details_Verification_Page/PROCESS' is clicked on

2021-03-19 13:46:32 - [MESSAGE][PASSED] - Quicksti_Samday_FullRefunds_Admin.ts:Clicked on the Process

2021-03-19 13:46:32 - [TEST_STEP][PASSED] - paymentId = pages.Quicksti.verifyPaymentApproval(findTestObject("CERTPAY_QUICKSTI/Payment_Details_Verification_Page/APPROVED")): Payment is approved

2021-03-19 13:46:32 - [MESSAGE][PASSED] - Text of object 'Object Repository/CERTPAY_QUICKSTI/Payment_Details_Verification_Page/PAYMENT_ID' is: '100176225050'

2021-03-19 13:46:33 - [MESSAGE][PASSED] - Object 'Object Repository/CERTPAY_QUICKSTI/Payment_Details_Verification_Page/APPROVED' is present

2021-03-19 13:46:33 - [MESSAGE][PASSED] - Payment is approved

2021-03-19 13:46:35 - [TEST_STEP][PASSED] - navigateToUrl(Admin_url): Navigate to 'https://qa-certpayadmin.faps.net' successfully

2021-03-19 13:46:56 - [MESSAGE][PASSED] - Navigate to 'https://qa-certpayadmin.faps.net' successfully

2021-03-19 13:46:56 - [TEST_STEP][PASSED] - pages.Bureau_Login_Page.loginToAdminSite(AdminUsername, AdminPassword): Quicksti_Samday_FullRefunds_Admin.ts:Clicked on the LOGIN

2021-03-19 13:46:56 - [MESSAGE][PASSED] - Object 'Object Repository/CERTPAY_ADMIN/USER_NAME' is present

2021-03-19 13:46:57 - [MESSAGE][PASSED] - Object 'Object Repository/CERTPAY_ADMIN/USER_NAME' is visible

2021-03-19 13:46:57 - [MESSAGE][PASSED] - Object 'Object Repository/CERTPAY_ADMIN/USER_NAME' is present

2021-03-19 13:46:59 - [MESSAGE][PASSED] - Text 'VVangiliappan' is set on object 'Object Repository/CERTPAY_ADMIN/USER_NAME'

2021-03-19 13:46:59 - [MESSAGE][PASSED] - Quicksti_Samday_FullRefunds_Admin.ts:Entered'VVangiliappan into username

2021-03-19 13:46:59 - [MESSAGE][PASSED] - Object 'Object Repository/CERTPAY_ADMIN/PASSWORD' is present

2021-03-19 13:47:00 - [MESSAGE][PASSED] - Object 'Object Repository/CERTPAY_ADMIN/PASSWORD' is visible

2021-03-19 13:47:00 - [MESSAGE][PASSED] - Object 'Object Repository/CERTPAY_ADMIN/PASSWORD' is present

2021-03-19 13:47:02 - [MESSAGE][PASSED] - Text 'Test111!' is set on object 'Object Repository/CERTPAY_ADMIN/PASSWORD'

2021-03-19 13:47:02 - [MESSAGE][PASSED] - Quicksti_Samday_FullRefunds_Admin.ts:Entered'Test111! into password

2021-03-19 13:47:02 - [MESSAGE][INFO] - safeClicking

2021-03-19 13:47:02 - [MESSAGE][PASSED] - Object 'Object Repository/CERTPAY_ADMIN/LOGIN_BUTTON' is present

2021-03-19 13:47:03 - [MESSAGE][PASSED] - Object 'Object Repository/CERTPAY_ADMIN/LOGIN_BUTTON' is clickable

2021-03-19 13:47:24 - [MESSAGE][PASSED] - Object: 'Object Repository/CERTPAY_ADMIN/LOGIN_BUTTON' is clicked on

2021-03-19 13:47:24 - [MESSAGE][PASSED] - Quicksti_Samday_FullRefunds_Admin.ts:Clicked on the LOGIN

2021-03-19 13:47:24 - [TEST_STEP][PASSED] - utilities.SafeActions.safeClick(findTestObject("CERTPAY_ADMIN/TRANSACTION_MENU"), "TransactionMenu", [pageLoadTime]): Quicksti_Samday_FullRefunds_Admin.ts:Clicked on the TransactionMenu

2021-03-19 13:47:24 - [MESSAGE][INFO] - safeClicking

2021-03-19 13:47:24 - [MESSAGE][PASSED] - Object 'Object Repository/CERTPAY_ADMIN/TRANSACTION_MENU' is present

2021-03-19 13:47:25 - [MESSAGE][PASSED] - Object 'Object Repository/CERTPAY_ADMIN/TRANSACTION_MENU' is clickable

2021-03-19 13:47:26 - [MESSAGE][PASSED] - Object: 'Object Repository/CERTPAY_ADMIN/TRANSACTION_MENU' is clicked on

2021-03-19 13:47:26 - [MESSAGE][PASSED] - Quicksti_Samday_FullRefunds_Admin.ts:Clicked on the TransactionMenu

2021-03-19 13:47:26 - [TEST_STEP][PASSED] - utilities.SafeActions.safeClick(findTestObject("CERTPAY_ADMIN/TRANSACTION_SEARCH"), "TransactionSearch", [pageLoadTime]): Quicksti_Samday_FullRefunds_Admin.ts:Clicked on the TransactionSearch

2021-03-19 13:47:26 - [MESSAGE][INFO] - safeClicking

2021-03-19 13:47:27 - [MESSAGE][PASSED] - Object 'Object Repository/CERTPAY_ADMIN/TRANSACTION_SEARCH' is present

2021-03-19 13:47:27 - [MESSAGE][PASSED] - Object 'Object Repository/CERTPAY_ADMIN/TRANSACTION_SEARCH' is clickable

2021-03-19 13:47:30 - [MESSAGE][PASSED] - Object: 'Object Repository/CERTPAY_ADMIN/TRANSACTION_SEARCH' is clicked on

2021-03-19 13:47:30 - [MESSAGE][PASSED] - Quicksti_Samday_FullRefunds_Admin.ts:Clicked on the TransactionSearch

2021-03-19 13:47:30 - [TEST_STEP][PASSED] - utilities.SafeActions.safeType(findTestObject("CERTPAY_ADMIN/PAYMENT_ID"), paymentId, "Payment id", [pageLoadTime]): Quicksti_Samday_FullRefunds_Admin.ts:Entered'100176225050 into Payment id

2021-03-19 13:47:31 - [MESSAGE][PASSED] - Object 'Object Repository/CERTPAY_ADMIN/PAYMENT_ID' is present

2021-03-19 13:47:31 - [MESSAGE][PASSED] - Object 'Object Repository/CERTPAY_ADMIN/PAYMENT_ID' is visible

2021-03-19 13:47:32 - [MESSAGE][PASSED] - Object 'Object Repository/CERTPAY_ADMIN/PAYMENT_ID' is present

2021-03-19 13:47:34 - [MESSAGE][PASSED] - Text '100176225050' is set on object 'Object Repository/CERTPAY_ADMIN/PAYMENT_ID'

2021-03-19 13:47:34 - [MESSAGE][PASSED] - Quicksti_Samday_FullRefunds_Admin.ts:Entered'100176225050 into Payment id

2021-03-19 13:47:34 - [TEST_STEP][PASSED] - utilities.SafeActions.safeClick(findTestObject("CERTPAY_ADMIN/GO_BUTTON"), "Go button", [pageLoadTime]): Quicksti_Samday_FullRefunds_Admin.ts:Clicked on the Go button

2021-03-19 13:47:34 - [MESSAGE][INFO] - safeClicking

2021-03-19 13:47:34 - [MESSAGE][PASSED] - Object 'Object Repository/CERTPAY_ADMIN/GO_BUTTON' is present

2021-03-19 13:47:34 - [MESSAGE][PASSED] - Object 'Object Repository/CERTPAY_ADMIN/GO_BUTTON' is clickable

2021-03-19 13:47:38 - [MESSAGE][PASSED] - Object: 'Object Repository/CERTPAY_ADMIN/GO_BUTTON' is clicked on

2021-03-19 13:47:38 - [MESSAGE][PASSED] - Quicksti_Samday_FullRefunds_Admin.ts:Clicked on the Go button

2021-03-19 13:47:38 - [TEST_STEP][PASSED] - delay(3): Delayed 3 second(s)

2021-03-19 13:47:41 - [MESSAGE][PASSED] - Delayed 3 second(s)

2021-03-19 13:47:41 - [TEST_STEP][PASSED] - paymentIdList.add(paymentId): null

2021-03-19 13:47:41 - [TEST_STEP][PASSED] - println(paymentIdList): null

2021-03-19 13:47:41 - [TEST_STEP][PASSED] - utilities.SafeActions.safeClick(findTestObject("CERTPAY_ADMIN/ACTIONS_BUTTON"), "Actions button", [pageLoadTime]): Quicksti_Samday_FullRefunds_Admin.ts:Clicked on the Actions button

2021-03-19 13:47:41 - [MESSAGE][INFO] - safeClicking

2021-03-19 13:47:41 - [MESSAGE][PASSED] - Object 'Object Repository/CERTPAY_ADMIN/ACTIONS_BUTTON' is present

2021-03-19 13:47:42 - [MESSAGE][PASSED] - Object 'Object Repository/CERTPAY_ADMIN/ACTIONS_BUTTON' is clickable

2021-03-19 13:47:43 - [MESSAGE][PASSED] - Object: 'Object Repository/CERTPAY_ADMIN/ACTIONS_BUTTON' is clicked on

2021-03-19 13:47:43 - [MESSAGE][PASSED] - Quicksti_Samday_FullRefunds_Admin.ts:Clicked on the Actions button

2021-03-19 13:47:43 - [TEST_STEP][PASSED] - utilities.SafeActions.safeClick(findTestObject("CERTPAY_ADMIN/REFUND_MENU"), "Refund Menu", [pageLoadTime]): Quicksti_Samday_FullRefunds_Admin.ts:Clicked on the Refund Menu

2021-03-19 13:47:43 - [MESSAGE][INFO] - safeClicking

2021-03-19 13:47:44 - [MESSAGE][PASSED] - Object 'Object Repository/CERTPAY_ADMIN/REFUND_MENU' is present

2021-03-19 13:47:44 - [MESSAGE][PASSED] - Object 'Object Repository/CERTPAY_ADMIN/REFUND_MENU' is clickable

2021-03-19 13:47:45 - [MESSAGE][PASSED] - Object: 'Object Repository/CERTPAY_ADMIN/REFUND_MENU' is clicked on

2021-03-19 13:47:45 - [MESSAGE][PASSED] - Quicksti_Samday_FullRefunds_Admin.ts:Clicked on the Refund Menu

2021-03-19 13:47:45 - [TEST_STEP][PASSED] - delay(2): Delayed 2 second(s)

2021-03-19 13:47:47 - [MESSAGE][PASSED] - Delayed 2 second(s)

2021-03-19 13:47:47 - [TEST_STEP][FAILED] - utilities.SafeActions.safeClick(findTestObject("CERTPAY_ADMIN/CREDIT_RETURN"), "Credit Return", [pageLoadTime]): com.kms.katalon.core.exception.StepFailedException: Quicksti_Samday_FullRefunds_Admin.ts:Credit Returnis not attached to page document in time 60 No such element Exception

2021-03-19 13:47:47 - [MESSAGE][INFO] - safeClicking

2021-03-19 13:48:49 - [MESSAGE][INFO] - Unable to find the element located by 'By.xpath: //*[@id="refundForm"]/div/div[2]/div[1]/div[2]/span[1]'. Please recheck the objects properties to make sure the desired element is located. 

2021-03-19 13:48:49 - [MESSAGE][FAILED] - com.kms.katalon.core.webui.exception.WebElementNotFoundException: Web element with id: 'Object Repository/CERTPAY_ADMIN/CREDIT_RETURN' located by '//*[@id="refundForm"]/div/div[2]/div[1]/div[2]/span[1]' not found (Root cause: com.kms.katalon.core.exception.StepFailedException: com.kms.katalon.core.webui.exception.WebElementNotFoundException: Web element with id: 'Object Repository/CERTPAY_ADMIN/CREDIT_RETURN' located by '//*[@id="refundForm"]/div/div[2]/div[1]/div[2]/span[1]' not found
	at com.kms.katalon.core.webui.keyword.internal.WebUIKeywordMain.stepFailed(WebUIKeywordMain.groovy:64)
	at com.kms.katalon.core.webui.keyword.builtin.VerifyElementPresentKeyword$_verifyElementPresent_closure1.doCall(VerifyElementPresentKeyword.groovy:85)
	at com.kms.katalon.core.webui.keyword.builtin.VerifyElementPresentKeyword$_verifyElementPresent_closure1.call(VerifyElementPresentKeyword.groovy)
	at com.kms.katalon.core.webui.keyword.internal.WebUIKeywordMain.runKeyword(WebUIKeywordMain.groovy:20)
	at com.kms.katalon.core.webui.keyword.builtin.VerifyElementPresentKeyword.verifyElementPresent(VerifyElementPresentKeyword.groovy:92)
	at com.kms.katalon.core.webui.keyword.builtin.VerifyElementPresentKeyword.execute(VerifyElementPresentKeyword.groovy:68)
	at com.kms.katalon.core.keyword.internal.KeywordExecutor.executeKeywordForPlatform(KeywordExecutor.groovy:73)
	at com.kms.katalon.core.webui.keyword.WebUiBuiltInKeywords.verifyElementPresent(WebUiBuiltInKeywords.groovy:1463)
	at com.kms.katalon.core.webui.keyword.WebUiBuiltInKeywords$verifyElementPresent$3.call(Unknown Source)
	at utilities.SafeActions.safeClick(SafeActions.groovy:153)
	at utilities.SafeActions.invokeMethod(SafeActions.groovy)
	at com.kms.katalon.core.main.CustomKeywordDelegatingMetaClass.invokeStaticMethod(CustomKeywordDelegatingMetaClass.java:50)
	at TC_001_VISA_Sameday_FullRefund.run(TC_001_VISA_Sameday_FullRefund:150)
	at com.kms.katalon.core.main.ScriptEngine.run(ScriptEngine.java:194)
	at com.kms.katalon.core.main.ScriptEngine.runScriptAsRawText(ScriptEngine.java:119)
	at com.kms.katalon.core.main.TestCaseExecutor.runScript(TestCaseExecutor.java:398)
	at com.kms.katalon.core.main.TestCaseExecutor.doExecute(TestCaseExecutor.java:389)
	at com.kms.katalon.core.main.TestCaseExecutor.processExecutionPhase(TestCaseExecutor.java:368)
	at com.kms.katalon.core.main.TestCaseExecutor.accessMainPhase(TestCaseExecutor.java:360)
	at com.kms.katalon.core.main.TestCaseExecutor.execute(TestCaseExecutor.java:255)
	at com.kms.katalon.core.main.TestSuiteExecutor.accessTestCaseMainPhase(TestSuiteExecutor.java:203)
	at com.kms.katalon.core.main.TestSuiteExecutor.accessTestSuiteMainPhase(TestSuiteExecutor.java:152)
	at com.kms.katalon.core.main.TestSuiteExecutor.execute(TestSuiteExecutor.java:95)
	at com.kms.katalon.core.main.TestCaseMain.startTestSuite(TestCaseMain.java:157)
	at com.kms.katalon.core.main.TestCaseMain$startTestSuite$0.call(Unknown Source)
	at TempTestSuite1616141588699.run(TempTestSuite1616141588699.groovy:39)
)
[[ATTACHMENT|D:\\AutomationToolsandProjects\\Katalon Projects BackUp\\Sush_Certpay-master\\Reports\\20210319_134305\\Certpay_testSuite\\Quicksti_Samday_FullRefunds_Admin\\20210319_134308\\1616141929005.png]]

2021-03-19 13:48:50 - [MESSAGE][FAILED] - Unable to verify object 'Object Repository/CERTPAY_ADMIN/CREDIT_RETURN' is present (Root cause: com.kms.katalon.core.exception.StepFailedException: Unable to verify object 'Object Repository/CERTPAY_ADMIN/CREDIT_RETURN' is present
	at com.kms.katalon.core.webui.keyword.internal.WebUIKeywordMain.stepFailed(WebUIKeywordMain.groovy:64)
	at com.kms.katalon.core.webui.keyword.internal.WebUIKeywordMain.runKeyword(WebUIKeywordMain.groovy:26)
	at com.kms.katalon.core.webui.keyword.builtin.VerifyElementPresentKeyword.verifyElementPresent(VerifyElementPresentKeyword.groovy:92)
	at com.kms.katalon.core.webui.keyword.builtin.VerifyElementPresentKeyword.execute(VerifyElementPresentKeyword.groovy:68)
	at com.kms.katalon.core.keyword.internal.KeywordExecutor.executeKeywordForPlatform(KeywordExecutor.groovy:73)
	at com.kms.katalon.core.webui.keyword.WebUiBuiltInKeywords.verifyElementPresent(WebUiBuiltInKeywords.groovy:1463)
	at com.kms.katalon.core.webui.keyword.WebUiBuiltInKeywords$verifyElementPresent$3.call(Unknown Source)
	at utilities.SafeActions.safeClick(SafeActions.groovy:153)
	at utilities.SafeActions.invokeMethod(SafeActions.groovy)
	at com.kms.katalon.core.main.CustomKeywordDelegatingMetaClass.invokeStaticMethod(CustomKeywordDelegatingMetaClass.java:50)
	at TC_001_VISA_Sameday_FullRefund.run(TC_001_VISA_Sameday_FullRefund:150)
	at com.kms.katalon.core.main.ScriptEngine.run(ScriptEngine.java:194)
	at com.kms.katalon.core.main.ScriptEngine.runScriptAsRawText(ScriptEngine.java:119)
	at com.kms.katalon.core.main.TestCaseExecutor.runScript(TestCaseExecutor.java:398)
	at com.kms.katalon.core.main.TestCaseExecutor.doExecute(TestCaseExecutor.java:389)
	at com.kms.katalon.core.main.TestCaseExecutor.processExecutionPhase(TestCaseExecutor.java:368)
	at com.kms.katalon.core.main.TestCaseExecutor.accessMainPhase(TestCaseExecutor.java:360)
	at com.kms.katalon.core.main.TestCaseExecutor.execute(TestCaseExecutor.java:255)
	at com.kms.katalon.core.main.TestSuiteExecutor.accessTestCaseMainPhase(TestSuiteExecutor.java:203)
	at com.kms.katalon.core.main.TestSuiteExecutor.accessTestSuiteMainPhase(TestSuiteExecutor.java:152)
	at com.kms.katalon.core.main.TestSuiteExecutor.execute(TestSuiteExecutor.java:95)
	at com.kms.katalon.core.main.TestCaseMain.startTestSuite(TestCaseMain.java:157)
	at com.kms.katalon.core.main.TestCaseMain$startTestSuite$0.call(Unknown Source)
	at TempTestSuite1616141588699.run(TempTestSuite1616141588699.groovy:39)
Caused by: com.kms.katalon.core.exception.StepFailedException: com.kms.katalon.core.webui.exception.WebElementNotFoundException: Web element with id: 'Object Repository/CERTPAY_ADMIN/CREDIT_RETURN' located by '//*[@id="refundForm"]/div/div[2]/div[1]/div[2]/span[1]' not found
	at com.kms.katalon.core.webui.keyword.internal.WebUIKeywordMain.stepFailed(WebUIKeywordMain.groovy:64)
	at com.kms.katalon.core.webui.keyword.builtin.VerifyElementPresentKeyword$_verifyElementPresent_closure1.doCall(VerifyElementPresentKeyword.groovy:85)
	at com.kms.katalon.core.webui.keyword.builtin.VerifyElementPresentKeyword$_verifyElementPresent_closure1.call(VerifyElementPresentKeyword.groovy)
	at com.kms.katalon.core.webui.keyword.internal.WebUIKeywordMain.runKeyword(WebUIKeywordMain.groovy:20)
	... 22 more
)
[[ATTACHMENT|D:\\AutomationToolsandProjects\\Katalon Projects BackUp\\Sush_Certpay-master\\Reports\\20210319_134305\\Certpay_testSuite\\Quicksti_Samday_FullRefunds_Admin\\20210319_134308\\1616141929968.png]]

2021-03-19 13:48:50 - [MESSAGE][FAILED] - Quicksti_Samday_FullRefunds_Admin.ts:Credit Returnis not attached to page document in time 60 No such element Exception

2021-03-19 13:48:50 - [MESSAGE][FAILED] - com.kms.katalon.core.exception.StepFailedException: Quicksti_Samday_FullRefunds_Admin.ts:Credit Returnis not attached to page document in time 60 No such element Exception

2021-03-19 13:48:50 - [TEST_STEP][PASSED] - utilities.SafeActions.safeClick(findTestObject("Object Repository/CERTPAY_ADMIN/FULL_REFUND_BUTTON"), "Set To Full Refund", [pageLoadTime]): Quicksti_Samday_FullRefunds_Admin.ts:Clicked on the Set To Full Refund

2021-03-19 13:48:50 - [MESSAGE][INFO] - safeClicking

2021-03-19 13:48:51 - [MESSAGE][PASSED] - Object 'Object Repository/CERTPAY_ADMIN/FULL_REFUND_BUTTON' is present

2021-03-19 13:48:51 - [MESSAGE][PASSED] - Object 'Object Repository/CERTPAY_ADMIN/FULL_REFUND_BUTTON' is clickable

2021-03-19 13:48:52 - [MESSAGE][PASSED] - Object: 'Object Repository/CERTPAY_ADMIN/FULL_REFUND_BUTTON' is clicked on

2021-03-19 13:48:52 - [MESSAGE][PASSED] - Quicksti_Samday_FullRefunds_Admin.ts:Clicked on the Set To Full Refund

2021-03-19 13:48:52 - [TEST_STEP][PASSED] - utilities.SafeActions.safeClick(findTestObject("Object Repository/CERTPAY_ADMIN/PROCESS_REVERSAL"), "Process Reversal", [pageLoadTime]): Quicksti_Samday_FullRefunds_Admin.ts:Clicked on the Process Reversal

2021-03-19 13:48:53 - [MESSAGE][INFO] - safeClicking

2021-03-19 13:48:53 - [MESSAGE][PASSED] - Object 'Object Repository/CERTPAY_ADMIN/PROCESS_REVERSAL' is present

2021-03-19 13:48:53 - [MESSAGE][PASSED] - Object 'Object Repository/CERTPAY_ADMIN/PROCESS_REVERSAL' is clickable

2021-03-19 13:48:55 - [MESSAGE][PASSED] - Object: 'Object Repository/CERTPAY_ADMIN/PROCESS_REVERSAL' is clicked on

2021-03-19 13:48:55 - [MESSAGE][PASSED] - Quicksti_Samday_FullRefunds_Admin.ts:Clicked on the Process Reversal

2021-03-19 13:48:55 - [TEST_STEP][PASSED] - delay(4): Delayed 4 second(s)

2021-03-19 13:48:59 - [MESSAGE][PASSED] - Delayed 4 second(s)

2021-03-19 13:48:59 - [TEST_STEP][PASSED] - pages.Search_Page.validateRefundAmount(amount_Value, ConvFee): Verified Refund payment details successfully

2021-03-19 13:49:00 - [MESSAGE][PASSED] - Text of object 'Object Repository/CERTPAY_ADMIN/REFUND_AMT' is: '$20.00'

2021-03-19 13:49:00 - [MESSAGE][PASSED] - Actual text '20.00' and expected text '20.00' are matched  using regular expression

2021-03-19 13:49:01 - [MESSAGE][PASSED] - Text of object 'Object Repository/CERTPAY_ADMIN/REFUND_CONV_AMT' is: '$0.50'

2021-03-19 13:49:01 - [MESSAGE][PASSED] - Actual text '0.50' and expected text '0.50' are matched  using regular expression

2021-03-19 13:49:01 - [MESSAGE][PASSED] - Verified Refund payment details successfully

2021-03-19 13:49:01 - [TEST_STEP][PASSED] - firstName = data.getValue("FirstName", index): null

2021-03-19 13:49:01 - [TEST_STEP][PASSED] - lastName = data.getValue("LastName", index): null

2021-03-19 13:49:01 - [TEST_STEP][PASSED] - expMonth = data.getValue("ExpMonth", index): null

2021-03-19 13:49:01 - [TEST_STEP][PASSED] - expYear = data.getValue("ExpYear", index): null

2021-03-19 13:49:01 - [TEST_STEP][PASSED] - securityCode = data.getValue("SecurityCode", index): null

2021-03-19 13:49:01 - [TEST_STEP][PASSED] - paymentAmount = data.getValue("PaymentAmount", index): null

2021-03-19 13:49:01 - [TEST_STEP][PASSED] - paymentType = data.getValue("PaymentType", index): null

2021-03-19 13:49:01 - [TEST_STEP][PASSED] - quantity = data.getValue("Quantity", index): null

2021-03-19 13:49:01 - [TEST_STEP][PASSED] - comments = data.getValue("Comments", index): null

2021-03-19 13:49:01 - [TEST_STEP][PASSED] - referenceNum = data.getValue("ReferenceNum", index): null

2021-03-19 13:49:01 - [TEST_STEP][PASSED] - address = data.getValue("Address", index): null

2021-03-19 13:49:01 - [TEST_STEP][PASSED] - zipCode = data.getValue("Zipcode", index): null

2021-03-19 13:49:01 - [TEST_STEP][PASSED] - telephone = data.getValue("Telephone", index): null

2021-03-19 13:49:01 - [TEST_STEP][PASSED] - emailAddress = data.getValue("EmailAddress", index): null

2021-03-19 13:49:01 - [TEST_STEP][PASSED] - cardNum = data.getValue("CardNumber", index): null

2021-03-19 13:49:01 - [TEST_STEP][PASSED] - cardType = data.getValue("CardType", index): null

2021-03-19 13:49:01 - [TEST_STEP][PASSED] - utilities.SafeActions.openBrowser(Quicksti_Url, [pageLoadTime]): Browser launched successfully

2021-03-19 13:49:01 - [MESSAGE][INFO] - Opening Browser

2021-03-19 13:49:01 - [MESSAGE][WARNING] - A browser is already opened. Closing browser and opening a new one

2021-03-19 13:49:01 - [MESSAGE][INFO] - Starting 'Chrome' driver

2021-03-19 13:49:01 - [MESSAGE][INFO] - Action delay is set to 0 milliseconds

2021-03-19 13:50:42 - [MESSAGE][PASSED] - Browser is opened with url: 'https://qa-certpayquicksti.faps.net/'

2021-03-19 13:50:43 - [MESSAGE][PASSED] - Current window maximized

2021-03-19 13:50:43 - [MESSAGE][PASSED] - Browser launched successfully

2021-03-19 13:50:43 - [TEST_STEP][PASSED] - utilities.SafeActions.safeType(findTestObject("CERTPAY_QUICKSTI/Login_ Page/BUREAU_CODE"), bureau_code, "Bureau code", [pageLoadTime]): Quicksti_Samday_FullRefunds_Admin.ts:Entered'6100000 into Bureau code

2021-03-19 13:50:43 - [MESSAGE][PASSED] - Object 'Object Repository/CERTPAY_QUICKSTI/Login_ Page/BUREAU_CODE' is present

2021-03-19 13:50:44 - [MESSAGE][PASSED] - Object 'Object Repository/CERTPAY_QUICKSTI/Login_ Page/BUREAU_CODE' is visible

2021-03-19 13:50:44 - [MESSAGE][PASSED] - Object 'Object Repository/CERTPAY_QUICKSTI/Login_ Page/BUREAU_CODE' is present

2021-03-19 13:50:46 - [MESSAGE][PASSED] - Text '6100000' is set on object 'Object Repository/CERTPAY_QUICKSTI/Login_ Page/BUREAU_CODE'

2021-03-19 13:50:46 - [MESSAGE][PASSED] - Quicksti_Samday_FullRefunds_Admin.ts:Entered'6100000 into Bureau code

2021-03-19 13:50:46 - [TEST_STEP][PASSED] - utilities.SafeActions.safeType(findTestObject("CERTPAY_QUICKSTI/Login_ Page/TELLER_ID"), teller_id, "Bureau code", [pageLoadTime]): Quicksti_Samday_FullRefunds_Admin.ts:Entered'zenq into Bureau code

2021-03-19 13:50:46 - [MESSAGE][PASSED] - Object 'Object Repository/CERTPAY_QUICKSTI/Login_ Page/TELLER_ID' is present

2021-03-19 13:50:46 - [MESSAGE][PASSED] - Object 'Object Repository/CERTPAY_QUICKSTI/Login_ Page/TELLER_ID' is visible

2021-03-19 13:50:47 - [MESSAGE][PASSED] - Object 'Object Repository/CERTPAY_QUICKSTI/Login_ Page/TELLER_ID' is present

2021-03-19 13:50:49 - [MESSAGE][PASSED] - Text 'zenq' is set on object 'Object Repository/CERTPAY_QUICKSTI/Login_ Page/TELLER_ID'

2021-03-19 13:50:49 - [MESSAGE][PASSED] - Quicksti_Samday_FullRefunds_Admin.ts:Entered'zenq into Bureau code

2021-03-19 13:50:49 - [TEST_STEP][PASSED] - utilities.SafeActions.safeClick(findTestObject("CERTPAY_QUICKSTI/Login_ Page/NEXT_BUTTON"), "Next button", [pageLoadTime]): Quicksti_Samday_FullRefunds_Admin.ts:Clicked on the Next button

2021-03-19 13:50:49 - [MESSAGE][INFO] - safeClicking

2021-03-19 13:50:49 - [MESSAGE][PASSED] - Object 'Object Repository/CERTPAY_QUICKSTI/Login_ Page/NEXT_BUTTON' is present

2021-03-19 13:50:49 - [MESSAGE][PASSED] - Object 'Object Repository/CERTPAY_QUICKSTI/Login_ Page/NEXT_BUTTON' is clickable

2021-03-19 13:50:54 - [MESSAGE][PASSED] - Object: 'Object Repository/CERTPAY_QUICKSTI/Login_ Page/NEXT_BUTTON' is clicked on

2021-03-19 13:50:54 - [MESSAGE][PASSED] - Quicksti_Samday_FullRefunds_Admin.ts:Clicked on the Next button

2021-03-19 13:50:54 - [TEST_STEP][PASSED] - utilities.SafeActions.safeClick(findTestObject("CERTPAY_QUICKSTI/Payment_Information_Page/MANUAL_ENTRY_BUTTON"), "ManualEntry", [pageLoadTime]): Quicksti_Samday_FullRefunds_Admin.ts:Clicked on the ManualEntry

2021-03-19 13:50:54 - [MESSAGE][INFO] - safeClicking

2021-03-19 13:50:54 - [MESSAGE][PASSED] - Object 'Object Repository/CERTPAY_QUICKSTI/Payment_Information_Page/MANUAL_ENTRY_BUTTON' is present

2021-03-19 13:50:55 - [MESSAGE][PASSED] - Object 'Object Repository/CERTPAY_QUICKSTI/Payment_Information_Page/MANUAL_ENTRY_BUTTON' is clickable

2021-03-19 13:50:57 - [MESSAGE][PASSED] - Object: 'Object Repository/CERTPAY_QUICKSTI/Payment_Information_Page/MANUAL_ENTRY_BUTTON' is clicked on

2021-03-19 13:50:57 - [MESSAGE][PASSED] - Quicksti_Samday_FullRefunds_Admin.ts:Clicked on the ManualEntry

2021-03-19 13:50:57 - [TEST_STEP][PASSED] - CardNumber = pages.Quicksti.setUserPaymentDetails(firstName, lastName, cardNum): Quicksti_Samday_FullRefunds_Admin.ts:Entered'5154623208647646 into CardNum

2021-03-19 13:50:58 - [MESSAGE][PASSED] - Object 'Object Repository/CERTPAY_QUICKSTI/Payment_Information_Page/FIRST_NAME' is present

2021-03-19 13:50:58 - [MESSAGE][PASSED] - Object 'Object Repository/CERTPAY_QUICKSTI/Payment_Information_Page/FIRST_NAME' is visible

2021-03-19 13:50:59 - [MESSAGE][PASSED] - Object 'Object Repository/CERTPAY_QUICKSTI/Payment_Information_Page/FIRST_NAME' is present

2021-03-19 13:51:00 - [MESSAGE][PASSED] - Text 'Tester' is set on object 'Object Repository/CERTPAY_QUICKSTI/Payment_Information_Page/FIRST_NAME'

2021-03-19 13:51:00 - [MESSAGE][PASSED] - Quicksti_Samday_FullRefunds_Admin.ts:Entered'Tester into FirstName

2021-03-19 13:51:01 - [MESSAGE][PASSED] - Object 'Object Repository/CERTPAY_QUICKSTI/Payment_Information_Page/LAST_NAME' is present

2021-03-19 13:51:01 - [MESSAGE][PASSED] - Object 'Object Repository/CERTPAY_QUICKSTI/Payment_Information_Page/LAST_NAME' is visible

2021-03-19 13:51:01 - [MESSAGE][PASSED] - Object 'Object Repository/CERTPAY_QUICKSTI/Payment_Information_Page/LAST_NAME' is present

2021-03-19 13:51:03 - [MESSAGE][PASSED] - Text 'Zenq1' is set on object 'Object Repository/CERTPAY_QUICKSTI/Payment_Information_Page/LAST_NAME'

2021-03-19 13:51:03 - [MESSAGE][PASSED] - Quicksti_Samday_FullRefunds_Admin.ts:Entered'Zenq1 into LAstName

2021-03-19 13:51:03 - [MESSAGE][PASSED] - Object 'Object Repository/CERTPAY_QUICKSTI/Payment_Information_Page/CARD_NUMBER' is present

2021-03-19 13:51:04 - [MESSAGE][PASSED] - Object 'Object Repository/CERTPAY_QUICKSTI/Payment_Information_Page/CARD_NUMBER' is visible

2021-03-19 13:51:04 - [MESSAGE][PASSED] - Object 'Object Repository/CERTPAY_QUICKSTI/Payment_Information_Page/CARD_NUMBER' is present

2021-03-19 13:51:05 - [MESSAGE][PASSED] - Text '5154623208647646' is set on object 'Object Repository/CERTPAY_QUICKSTI/Payment_Information_Page/CARD_NUMBER'

2021-03-19 13:51:05 - [MESSAGE][PASSED] - Quicksti_Samday_FullRefunds_Admin.ts:Entered'5154623208647646 into CardNum

2021-03-19 13:51:05 - [TEST_STEP][PASSED] - utilities.SafeActions.safeSelectOptionInDropdownByVisibleText(findTestObject("CERTPAY_QUICKSTI/Payment_Information_Page/PAYMENT_TYPE"), paymentType, "paymentType", [pageLoadTime]): selected dropdown option by visible text  Giftsfrom paymentType

2021-03-19 13:51:06 - [MESSAGE][PASSED] - Object 'Object Repository/CERTPAY_QUICKSTI/Payment_Information_Page/PAYMENT_TYPE' is visible

2021-03-19 13:51:06 - [MESSAGE][PASSED] - Object 'Object Repository/CERTPAY_QUICKSTI/Payment_Information_Page/PAYMENT_TYPE' is present

2021-03-19 13:51:07 - [MESSAGE][PASSED] - Object: 'Object Repository/CERTPAY_QUICKSTI/Payment_Information_Page/PAYMENT_TYPE' is clicked on

2021-03-19 13:51:08 - [MESSAGE][PASSED] - All options with label 'Gifts' are selected in object 'Object Repository/CERTPAY_QUICKSTI/Payment_Information_Page/PAYMENT_TYPE'  using regular expression

2021-03-19 13:51:08 - [MESSAGE][PASSED] - selected dropdown option by visible text  Giftsfrom paymentType

2021-03-19 13:51:08 - [TEST_STEP][PASSED] - pages.Quicksti.setExpDate(expMonth, expYear, securityCode): Quicksti_Samday_FullRefunds_Admin.ts:Entered'207 into securityCode

2021-03-19 13:51:09 - [MESSAGE][PASSED] - Object 'Object Repository/CERTPAY_QUICKSTI/Payment_Information_Page/EXP_MONTH' is visible

2021-03-19 13:51:09 - [MESSAGE][PASSED] - Object 'Object Repository/CERTPAY_QUICKSTI/Payment_Information_Page/EXP_MONTH' is present

2021-03-19 13:51:11 - [MESSAGE][PASSED] - Object: 'Object Repository/CERTPAY_QUICKSTI/Payment_Information_Page/EXP_MONTH' is clicked on

2021-03-19 13:51:12 - [MESSAGE][PASSED] - All options with label '04' are selected in object 'Object Repository/CERTPAY_QUICKSTI/Payment_Information_Page/EXP_MONTH'  using regular expression

2021-03-19 13:51:12 - [MESSAGE][PASSED] - selected dropdown option by visible text  04from expMonth

2021-03-19 13:51:13 - [MESSAGE][PASSED] - Object 'Object Repository/CERTPAY_QUICKSTI/Payment_Information_Page/EXP_YEAR' is visible

2021-03-19 13:51:13 - [MESSAGE][PASSED] - Object 'Object Repository/CERTPAY_QUICKSTI/Payment_Information_Page/EXP_YEAR' is present

2021-03-19 13:51:14 - [MESSAGE][PASSED] - Object: 'Object Repository/CERTPAY_QUICKSTI/Payment_Information_Page/EXP_YEAR' is clicked on

2021-03-19 13:51:17 - [MESSAGE][PASSED] - All options with label '2023' are selected in object 'Object Repository/CERTPAY_QUICKSTI/Payment_Information_Page/EXP_YEAR'  using regular expression

2021-03-19 13:51:17 - [MESSAGE][PASSED] - selected dropdown option by visible text  2023from  expYear

2021-03-19 13:51:17 - [MESSAGE][PASSED] - Object 'Object Repository/CERTPAY_QUICKSTI/Payment_Information_Page/SECURITY_CODE' is present

2021-03-19 13:51:18 - [MESSAGE][PASSED] - Object 'Object Repository/CERTPAY_QUICKSTI/Payment_Information_Page/SECURITY_CODE' is visible

2021-03-19 13:51:18 - [MESSAGE][PASSED] - Object 'Object Repository/CERTPAY_QUICKSTI/Payment_Information_Page/SECURITY_CODE' is present

2021-03-19 13:51:20 - [MESSAGE][PASSED] - Text '207' is set on object 'Object Repository/CERTPAY_QUICKSTI/Payment_Information_Page/SECURITY_CODE'

2021-03-19 13:51:20 - [MESSAGE][PASSED] - Quicksti_Samday_FullRefunds_Admin.ts:Entered'207 into securityCode

2021-03-19 13:51:20 - [TEST_STEP][PASSED] - pages.Quicksti.setPaymentAmountDetailsForSinglePayment(paymentAmount, quantity): Quicksti_Samday_FullRefunds_Admin.ts:Entered'2 into Quantity

2021-03-19 13:51:20 - [MESSAGE][PASSED] - Object 'Object Repository/CERTPAY_QUICKSTI/Payment_Information_Page/PAYMENT_AMOUNT' is present

2021-03-19 13:51:21 - [MESSAGE][PASSED] - Object 'Object Repository/CERTPAY_QUICKSTI/Payment_Information_Page/PAYMENT_AMOUNT' is visible

2021-03-19 13:51:21 - [MESSAGE][PASSED] - Object 'Object Repository/CERTPAY_QUICKSTI/Payment_Information_Page/PAYMENT_AMOUNT' is present

2021-03-19 13:51:23 - [MESSAGE][PASSED] - Text '25.00' is set on object 'Object Repository/CERTPAY_QUICKSTI/Payment_Information_Page/PAYMENT_AMOUNT'

2021-03-19 13:51:23 - [MESSAGE][PASSED] - Quicksti_Samday_FullRefunds_Admin.ts:Entered'25.00 into amount

2021-03-19 13:51:23 - [MESSAGE][PASSED] - Object 'Object Repository/CERTPAY_QUICKSTI/Payment_Information_Page/QUANTITY' is present

2021-03-19 13:51:24 - [MESSAGE][PASSED] - Object 'Object Repository/CERTPAY_QUICKSTI/Payment_Information_Page/QUANTITY' is visible

2021-03-19 13:51:24 - [MESSAGE][PASSED] - Object 'Object Repository/CERTPAY_QUICKSTI/Payment_Information_Page/QUANTITY' is present

2021-03-19 13:51:26 - [MESSAGE][PASSED] - Text '2' is set on object 'Object Repository/CERTPAY_QUICKSTI/Payment_Information_Page/QUANTITY'

2021-03-19 13:51:26 - [MESSAGE][PASSED] - Quicksti_Samday_FullRefunds_Admin.ts:Entered'2 into Quantity

2021-03-19 13:51:26 - [TEST_STEP][PASSED] - utilities.SafeActions.safeType(findTestObject("CERTPAY_QUICKSTI/Payment_Information_Page/REFRENCE_NUMBER"), referenceNum, "Reference Number", [pageLoadTime]): Quicksti_Samday_FullRefunds_Admin.ts:Entered'12 into Reference Number

2021-03-19 13:51:27 - [MESSAGE][PASSED] - Object 'Object Repository/CERTPAY_QUICKSTI/Payment_Information_Page/REFRENCE_NUMBER' is present

2021-03-19 13:51:27 - [MESSAGE][PASSED] - Object 'Object Repository/CERTPAY_QUICKSTI/Payment_Information_Page/REFRENCE_NUMBER' is visible

2021-03-19 13:51:27 - [MESSAGE][PASSED] - Object 'Object Repository/CERTPAY_QUICKSTI/Payment_Information_Page/REFRENCE_NUMBER' is present

2021-03-19 13:51:29 - [MESSAGE][PASSED] - Text '12' is set on object 'Object Repository/CERTPAY_QUICKSTI/Payment_Information_Page/REFRENCE_NUMBER'

2021-03-19 13:51:29 - [MESSAGE][PASSED] - Quicksti_Samday_FullRefunds_Admin.ts:Entered'12 into Reference Number

2021-03-19 13:51:29 - [TEST_STEP][PASSED] - amount_Value = pages.Quicksti.getAttributeValue(findTestObject("CERTPAY_QUICKSTI/Payment_Information_Page/SUB_TOTAL")): pages.Quicksti.getAttributeValue is PASSED

2021-03-19 13:51:30 - [MESSAGE][PASSED] - Attribute 'value' of object 'Object Repository/CERTPAY_QUICKSTI/Payment_Information_Page/SUB_TOTAL' is: '50.00'

2021-03-19 13:51:30 - [MESSAGE][PASSED] - pages.Quicksti.getAttributeValue is PASSED

2021-03-19 13:51:30 - [TEST_STEP][PASSED] - utilities.SafeActions.safeType(findTestObject("CERTPAY_QUICKSTI/Payment_Information_Page/COMMENTS"), "Testing", "Comments", [pageLoadTime]): Quicksti_Samday_FullRefunds_Admin.ts:Entered'Testing into Comments

2021-03-19 13:51:30 - [MESSAGE][PASSED] - Object 'Object Repository/CERTPAY_QUICKSTI/Payment_Information_Page/COMMENTS' is present

2021-03-19 13:51:31 - [MESSAGE][PASSED] - Object 'Object Repository/CERTPAY_QUICKSTI/Payment_Information_Page/COMMENTS' is visible

2021-03-19 13:51:31 - [MESSAGE][PASSED] - Object 'Object Repository/CERTPAY_QUICKSTI/Payment_Information_Page/COMMENTS' is present

2021-03-19 13:51:33 - [MESSAGE][PASSED] - Text 'Testing' is set on object 'Object Repository/CERTPAY_QUICKSTI/Payment_Information_Page/COMMENTS'

2021-03-19 13:51:33 - [MESSAGE][PASSED] - Quicksti_Samday_FullRefunds_Admin.ts:Entered'Testing into Comments

2021-03-19 13:51:33 - [TEST_STEP][PASSED] - utilities.SafeActions.safeType(findTestObject("CERTPAY_QUICKSTI/Payment_Information_Page/ADDRESS"), address, "Address", [pageLoadTime]): Quicksti_Samday_FullRefunds_Admin.ts:Entered'14-2 into Address

2021-03-19 13:51:33 - [MESSAGE][PASSED] - Object 'Object Repository/CERTPAY_QUICKSTI/Payment_Information_Page/ADDRESS' is present

2021-03-19 13:51:34 - [MESSAGE][PASSED] - Object 'Object Repository/CERTPAY_QUICKSTI/Payment_Information_Page/ADDRESS' is visible

2021-03-19 13:51:34 - [MESSAGE][PASSED] - Object 'Object Repository/CERTPAY_QUICKSTI/Payment_Information_Page/ADDRESS' is present

2021-03-19 13:51:36 - [MESSAGE][PASSED] - Text '14-2' is set on object 'Object Repository/CERTPAY_QUICKSTI/Payment_Information_Page/ADDRESS'

2021-03-19 13:51:36 - [MESSAGE][PASSED] - Quicksti_Samday_FullRefunds_Admin.ts:Entered'14-2 into Address

2021-03-19 13:51:36 - [TEST_STEP][PASSED] - utilities.SafeActions.safeType(findTestObject("CERTPAY_QUICKSTI/Payment_Information_Page/ZIP_CODE"), zipCode, "zipcode", [pageLoadTime]): Quicksti_Samday_FullRefunds_Admin.ts:Entered'76102 into zipcode

2021-03-19 13:51:36 - [MESSAGE][PASSED] - Object 'Object Repository/CERTPAY_QUICKSTI/Payment_Information_Page/ZIP_CODE' is present

2021-03-19 13:51:36 - [MESSAGE][PASSED] - Object 'Object Repository/CERTPAY_QUICKSTI/Payment_Information_Page/ZIP_CODE' is visible

2021-03-19 13:51:37 - [MESSAGE][PASSED] - Object 'Object Repository/CERTPAY_QUICKSTI/Payment_Information_Page/ZIP_CODE' is present

2021-03-19 13:51:38 - [MESSAGE][PASSED] - Text '76102' is set on object 'Object Repository/CERTPAY_QUICKSTI/Payment_Information_Page/ZIP_CODE'

2021-03-19 13:51:38 - [MESSAGE][PASSED] - Quicksti_Samday_FullRefunds_Admin.ts:Entered'76102 into zipcode

2021-03-19 13:51:38 - [TEST_STEP][PASSED] - utilities.SafeActions.safeType(findTestObject("CERTPAY_QUICKSTI/Payment_Information_Page/TELEPHONE"), telephone, "Telephone", [pageLoadTime]): Quicksti_Samday_FullRefunds_Admin.ts:Entered'9989897654 into Telephone

2021-03-19 13:51:39 - [MESSAGE][PASSED] - Object 'Object Repository/CERTPAY_QUICKSTI/Payment_Information_Page/TELEPHONE' is present

2021-03-19 13:51:39 - [MESSAGE][PASSED] - Object 'Object Repository/CERTPAY_QUICKSTI/Payment_Information_Page/TELEPHONE' is visible

2021-03-19 13:51:40 - [MESSAGE][PASSED] - Object 'Object Repository/CERTPAY_QUICKSTI/Payment_Information_Page/TELEPHONE' is present

2021-03-19 13:51:41 - [MESSAGE][PASSED] - Text '9989897654' is set on object 'Object Repository/CERTPAY_QUICKSTI/Payment_Information_Page/TELEPHONE'

2021-03-19 13:51:41 - [MESSAGE][PASSED] - Quicksti_Samday_FullRefunds_Admin.ts:Entered'9989897654 into Telephone

2021-03-19 13:51:41 - [TEST_STEP][PASSED] - utilities.SafeActions.safeType(findTestObject("CERTPAY_QUICKSTI/Payment_Information_Page/EMAIL_ADDRESS"), emailAddress, "EMAIL address", [pageLoadTime]): Quicksti_Samday_FullRefunds_Admin.ts:Entered'testing@zenq.com into EMAIL address

2021-03-19 13:51:42 - [MESSAGE][PASSED] - Object 'Object Repository/CERTPAY_QUICKSTI/Payment_Information_Page/EMAIL_ADDRESS' is present

2021-03-19 13:51:42 - [MESSAGE][PASSED] - Object 'Object Repository/CERTPAY_QUICKSTI/Payment_Information_Page/EMAIL_ADDRESS' is visible

2021-03-19 13:51:43 - [MESSAGE][PASSED] - Object 'Object Repository/CERTPAY_QUICKSTI/Payment_Information_Page/EMAIL_ADDRESS' is present

2021-03-19 13:51:44 - [MESSAGE][PASSED] - Text 'testing@zenq.com' is set on object 'Object Repository/CERTPAY_QUICKSTI/Payment_Information_Page/EMAIL_ADDRESS'

2021-03-19 13:51:44 - [MESSAGE][PASSED] - Quicksti_Samday_FullRefunds_Admin.ts:Entered'testing@zenq.com into EMAIL address

2021-03-19 13:51:44 - [TEST_STEP][PASSED] - utilities.SafeActions.safeClick(findTestObject("CERTPAY_QUICKSTI/Payment_Information_Page/NEXT_BUTTON"), "Next", [pageLoadTime]): Quicksti_Samday_FullRefunds_Admin.ts:Clicked on the Next

2021-03-19 13:51:45 - [MESSAGE][INFO] - safeClicking

2021-03-19 13:51:45 - [MESSAGE][PASSED] - Object 'Object Repository/CERTPAY_QUICKSTI/Payment_Information_Page/NEXT_BUTTON' is present

2021-03-19 13:51:45 - [MESSAGE][PASSED] - Object 'Object Repository/CERTPAY_QUICKSTI/Payment_Information_Page/NEXT_BUTTON' is clickable

2021-03-19 13:51:48 - [MESSAGE][PASSED] - Object: 'Object Repository/CERTPAY_QUICKSTI/Payment_Information_Page/NEXT_BUTTON' is clicked on

2021-03-19 13:51:48 - [MESSAGE][PASSED] - Quicksti_Samday_FullRefunds_Admin.ts:Clicked on the Next

2021-03-19 13:51:48 - [TEST_STEP][PASSED] - pages.Quicksti.verifyUserPaymentDetails(paymentAmount, firstName, lastName, CardNumber): pages.Quicksti.verifyUserPaymentDetails is PASSED

2021-03-19 13:51:49 - [MESSAGE][PASSED] - Text of object 'Object Repository/CERTPAY_QUICKSTI/Payment_Details_Verification_Page/AMOUNT' is: '$25.00'

2021-03-19 13:51:50 - [MESSAGE][PASSED] - Actual text '25.00' and expected text '25.00' are matched  using regular expression

2021-03-19 13:51:51 - [MESSAGE][PASSED] - Text of object 'Object Repository/CERTPAY_QUICKSTI/Payment_Details_Verification_Page/NAME' is: 'Tester Zenq1'

2021-03-19 13:51:51 - [MESSAGE][PASSED] - Actual text 'Tester Zenq1' and expected text 'Tester Zenq1' are matched  using regular expression

2021-03-19 13:51:51 - [MESSAGE][PASSED] - Text of object 'Object Repository/CERTPAY_QUICKSTI/Payment_Details_Verification_Page/CARD_NUMBER' is: '...7646'

2021-03-19 13:51:51 - [MESSAGE][PASSED] - Actual text '7646' and expected text '7646' are matched  using regular expression

2021-03-19 13:51:51 - [MESSAGE][PASSED] - pages.Quicksti.verifyUserPaymentDetails is PASSED

2021-03-19 13:51:51 - [TEST_STEP][PASSED] - delay(2): Delayed 2 second(s)

2021-03-19 13:51:53 - [MESSAGE][PASSED] - Delayed 2 second(s)

2021-03-19 13:51:53 - [TEST_STEP][PASSED] - ConvFee = getText(findTestObject("CERTPAY_QUICKSTI/Payment_Information_Page/CONV_FEE")): Text of object 'Object Repository/CERTPAY_QUICKSTI/Payment_Information_Page/CONV_FEE' is: '$4.95'

2021-03-19 13:51:54 - [MESSAGE][PASSED] - Text of object 'Object Repository/CERTPAY_QUICKSTI/Payment_Information_Page/CONV_FEE' is: '$4.95'

2021-03-19 13:51:54 - [TEST_STEP][PASSED] - scrollToElement(findTestObject("CERTPAY_QUICKSTI/Payment_Details_Verification_Page/PROCESS"), 30): Scroll to object 'Object Repository/CERTPAY_QUICKSTI/Payment_Details_Verification_Page/PROCESS' successfully

2021-03-19 13:51:54 - [MESSAGE][PASSED] - Scroll to object 'Object Repository/CERTPAY_QUICKSTI/Payment_Details_Verification_Page/PROCESS' successfully

2021-03-19 13:51:54 - [TEST_STEP][PASSED] - utilities.SafeActions.safeClick(findTestObject("CERTPAY_QUICKSTI/Payment_Details_Verification_Page/PROCESS"), "Process", [pageLoadTime]): Quicksti_Samday_FullRefunds_Admin.ts:Clicked on the Process

2021-03-19 13:51:54 - [MESSAGE][INFO] - safeClicking

2021-03-19 13:51:56 - [MESSAGE][PASSED] - Object 'Object Repository/CERTPAY_QUICKSTI/Payment_Details_Verification_Page/PROCESS' is present

2021-03-19 13:51:56 - [MESSAGE][PASSED] - Object 'Object Repository/CERTPAY_QUICKSTI/Payment_Details_Verification_Page/PROCESS' is clickable

2021-03-19 13:52:00 - [MESSAGE][PASSED] - Object: 'Object Repository/CERTPAY_QUICKSTI/Payment_Details_Verification_Page/PROCESS' is clicked on

2021-03-19 13:52:00 - [MESSAGE][PASSED] - Quicksti_Samday_FullRefunds_Admin.ts:Clicked on the Process

2021-03-19 13:52:00 - [TEST_STEP][PASSED] - paymentId = pages.Quicksti.verifyPaymentApproval(findTestObject("CERTPAY_QUICKSTI/Payment_Details_Verification_Page/APPROVED")): Payment is approved

2021-03-19 13:52:00 - [MESSAGE][PASSED] - Text of object 'Object Repository/CERTPAY_QUICKSTI/Payment_Details_Verification_Page/PAYMENT_ID' is: '100176225066'

2021-03-19 13:52:01 - [MESSAGE][PASSED] - Object 'Object Repository/CERTPAY_QUICKSTI/Payment_Details_Verification_Page/APPROVED' is present

2021-03-19 13:52:01 - [MESSAGE][PASSED] - Payment is approved

2021-03-19 13:52:03 - [TEST_STEP][PASSED] - navigateToUrl(Admin_url): Navigate to 'https://qa-certpayadmin.faps.net' successfully

2021-03-19 13:52:08 - [MESSAGE][PASSED] - Navigate to 'https://qa-certpayadmin.faps.net' successfully

2021-03-19 13:52:08 - [TEST_STEP][PASSED] - pages.Bureau_Login_Page.loginToAdminSite(AdminUsername, AdminPassword): Quicksti_Samday_FullRefunds_Admin.ts:Clicked on the LOGIN

2021-03-19 13:52:09 - [MESSAGE][PASSED] - Object 'Object Repository/CERTPAY_ADMIN/USER_NAME' is present

2021-03-19 13:52:09 - [MESSAGE][PASSED] - Object 'Object Repository/CERTPAY_ADMIN/USER_NAME' is visible

2021-03-19 13:52:10 - [MESSAGE][PASSED] - Object 'Object Repository/CERTPAY_ADMIN/USER_NAME' is present

2021-03-19 13:52:11 - [MESSAGE][PASSED] - Text 'VVangiliappan' is set on object 'Object Repository/CERTPAY_ADMIN/USER_NAME'

2021-03-19 13:52:11 - [MESSAGE][PASSED] - Quicksti_Samday_FullRefunds_Admin.ts:Entered'VVangiliappan into username

2021-03-19 13:52:12 - [MESSAGE][PASSED] - Object 'Object Repository/CERTPAY_ADMIN/PASSWORD' is present

2021-03-19 13:52:12 - [MESSAGE][PASSED] - Object 'Object Repository/CERTPAY_ADMIN/PASSWORD' is visible

2021-03-19 13:52:12 - [MESSAGE][PASSED] - Object 'Object Repository/CERTPAY_ADMIN/PASSWORD' is present

2021-03-19 13:52:14 - [MESSAGE][PASSED] - Text 'Test111!' is set on object 'Object Repository/CERTPAY_ADMIN/PASSWORD'

2021-03-19 13:52:14 - [MESSAGE][PASSED] - Quicksti_Samday_FullRefunds_Admin.ts:Entered'Test111! into password

2021-03-19 13:52:14 - [MESSAGE][INFO] - safeClicking

2021-03-19 13:52:15 - [MESSAGE][PASSED] - Object 'Object Repository/CERTPAY_ADMIN/LOGIN_BUTTON' is present

2021-03-19 13:52:15 - [MESSAGE][PASSED] - Object 'Object Repository/CERTPAY_ADMIN/LOGIN_BUTTON' is clickable

2021-03-19 13:52:26 - [MESSAGE][PASSED] - Object: 'Object Repository/CERTPAY_ADMIN/LOGIN_BUTTON' is clicked on

2021-03-19 13:52:26 - [MESSAGE][PASSED] - Quicksti_Samday_FullRefunds_Admin.ts:Clicked on the LOGIN

2021-03-19 13:52:26 - [TEST_STEP][PASSED] - utilities.SafeActions.safeClick(findTestObject("CERTPAY_ADMIN/TRANSACTION_MENU"), "TransactionMenu", [pageLoadTime]): Quicksti_Samday_FullRefunds_Admin.ts:Clicked on the TransactionMenu

2021-03-19 13:52:26 - [MESSAGE][INFO] - safeClicking

2021-03-19 13:52:27 - [MESSAGE][PASSED] - Object 'Object Repository/CERTPAY_ADMIN/TRANSACTION_MENU' is present

2021-03-19 13:52:27 - [MESSAGE][PASSED] - Object 'Object Repository/CERTPAY_ADMIN/TRANSACTION_MENU' is clickable

2021-03-19 13:52:28 - [MESSAGE][PASSED] - Object: 'Object Repository/CERTPAY_ADMIN/TRANSACTION_MENU' is clicked on

2021-03-19 13:52:28 - [MESSAGE][PASSED] - Quicksti_Samday_FullRefunds_Admin.ts:Clicked on the TransactionMenu

2021-03-19 13:52:28 - [TEST_STEP][PASSED] - utilities.SafeActions.safeClick(findTestObject("CERTPAY_ADMIN/TRANSACTION_SEARCH"), "TransactionSearch", [pageLoadTime]): Quicksti_Samday_FullRefunds_Admin.ts:Clicked on the TransactionSearch

2021-03-19 13:52:28 - [MESSAGE][INFO] - safeClicking

2021-03-19 13:52:29 - [MESSAGE][PASSED] - Object 'Object Repository/CERTPAY_ADMIN/TRANSACTION_SEARCH' is present

2021-03-19 13:52:29 - [MESSAGE][PASSED] - Object 'Object Repository/CERTPAY_ADMIN/TRANSACTION_SEARCH' is clickable

2021-03-19 13:52:33 - [MESSAGE][PASSED] - Object: 'Object Repository/CERTPAY_ADMIN/TRANSACTION_SEARCH' is clicked on

2021-03-19 13:52:33 - [MESSAGE][PASSED] - Quicksti_Samday_FullRefunds_Admin.ts:Clicked on the TransactionSearch

2021-03-19 13:52:33 - [TEST_STEP][PASSED] - utilities.SafeActions.safeType(findTestObject("CERTPAY_ADMIN/PAYMENT_ID"), paymentId, "Payment id", [pageLoadTime]): Quicksti_Samday_FullRefunds_Admin.ts:Entered'100176225066 into Payment id

2021-03-19 13:52:34 - [MESSAGE][PASSED] - Object 'Object Repository/CERTPAY_ADMIN/PAYMENT_ID' is present

2021-03-19 13:52:34 - [MESSAGE][PASSED] - Object 'Object Repository/CERTPAY_ADMIN/PAYMENT_ID' is visible

2021-03-19 13:52:34 - [MESSAGE][PASSED] - Object 'Object Repository/CERTPAY_ADMIN/PAYMENT_ID' is present

2021-03-19 13:52:36 - [MESSAGE][PASSED] - Text '100176225066' is set on object 'Object Repository/CERTPAY_ADMIN/PAYMENT_ID'

2021-03-19 13:52:36 - [MESSAGE][PASSED] - Quicksti_Samday_FullRefunds_Admin.ts:Entered'100176225066 into Payment id

2021-03-19 13:52:36 - [TEST_STEP][PASSED] - utilities.SafeActions.safeClick(findTestObject("CERTPAY_ADMIN/GO_BUTTON"), "Go button", [pageLoadTime]): Quicksti_Samday_FullRefunds_Admin.ts:Clicked on the Go button

2021-03-19 13:52:36 - [MESSAGE][INFO] - safeClicking

2021-03-19 13:52:37 - [MESSAGE][PASSED] - Object 'Object Repository/CERTPAY_ADMIN/GO_BUTTON' is present

2021-03-19 13:52:37 - [MESSAGE][PASSED] - Object 'Object Repository/CERTPAY_ADMIN/GO_BUTTON' is clickable

2021-03-19 13:52:42 - [MESSAGE][PASSED] - Object: 'Object Repository/CERTPAY_ADMIN/GO_BUTTON' is clicked on

2021-03-19 13:52:42 - [MESSAGE][PASSED] - Quicksti_Samday_FullRefunds_Admin.ts:Clicked on the Go button

2021-03-19 13:52:42 - [TEST_STEP][PASSED] - delay(3): Delayed 3 second(s)

2021-03-19 13:52:45 - [MESSAGE][PASSED] - Delayed 3 second(s)

2021-03-19 13:52:45 - [TEST_STEP][PASSED] - paymentIdList.add(paymentId): null

2021-03-19 13:52:45 - [TEST_STEP][PASSED] - println(paymentIdList): null

2021-03-19 13:52:45 - [TEST_STEP][PASSED] - utilities.SafeActions.safeClick(findTestObject("CERTPAY_ADMIN/ACTIONS_BUTTON"), "Actions button", [pageLoadTime]): Quicksti_Samday_FullRefunds_Admin.ts:Clicked on the Actions button

2021-03-19 13:52:45 - [MESSAGE][INFO] - safeClicking

2021-03-19 13:52:45 - [MESSAGE][PASSED] - Object 'Object Repository/CERTPAY_ADMIN/ACTIONS_BUTTON' is present

2021-03-19 13:52:45 - [MESSAGE][PASSED] - Object 'Object Repository/CERTPAY_ADMIN/ACTIONS_BUTTON' is clickable

2021-03-19 13:52:47 - [MESSAGE][PASSED] - Object: 'Object Repository/CERTPAY_ADMIN/ACTIONS_BUTTON' is clicked on

2021-03-19 13:52:47 - [MESSAGE][PASSED] - Quicksti_Samday_FullRefunds_Admin.ts:Clicked on the Actions button

2021-03-19 13:52:47 - [TEST_STEP][PASSED] - utilities.SafeActions.safeClick(findTestObject("CERTPAY_ADMIN/REFUND_MENU"), "Refund Menu", [pageLoadTime]): Quicksti_Samday_FullRefunds_Admin.ts:Clicked on the Refund Menu

2021-03-19 13:52:47 - [MESSAGE][INFO] - safeClicking

2021-03-19 13:52:47 - [MESSAGE][PASSED] - Object 'Object Repository/CERTPAY_ADMIN/REFUND_MENU' is present

2021-03-19 13:52:48 - [MESSAGE][PASSED] - Object 'Object Repository/CERTPAY_ADMIN/REFUND_MENU' is clickable

2021-03-19 13:52:49 - [MESSAGE][PASSED] - Object: 'Object Repository/CERTPAY_ADMIN/REFUND_MENU' is clicked on

2021-03-19 13:52:49 - [MESSAGE][PASSED] - Quicksti_Samday_FullRefunds_Admin.ts:Clicked on the Refund Menu

2021-03-19 13:52:49 - [TEST_STEP][PASSED] - delay(2): Delayed 2 second(s)

2021-03-19 13:52:51 - [MESSAGE][PASSED] - Delayed 2 second(s)

2021-03-19 13:52:51 - [TEST_STEP][FAILED] - utilities.SafeActions.safeClick(findTestObject("CERTPAY_ADMIN/CREDIT_RETURN"), "Credit Return", [pageLoadTime]): com.kms.katalon.core.exception.StepFailedException: Quicksti_Samday_FullRefunds_Admin.ts:Credit Returnis not attached to page document in time 60 No such element Exception

2021-03-19 13:52:51 - [MESSAGE][INFO] - safeClicking

2021-03-19 13:53:52 - [MESSAGE][INFO] - Unable to find the element located by 'By.xpath: //*[@id="refundForm"]/div/div[2]/div[1]/div[2]/span[1]'. Please recheck the objects properties to make sure the desired element is located. 

2021-03-19 13:53:53 - [MESSAGE][FAILED] - com.kms.katalon.core.webui.exception.WebElementNotFoundException: Web element with id: 'Object Repository/CERTPAY_ADMIN/CREDIT_RETURN' located by '//*[@id="refundForm"]/div/div[2]/div[1]/div[2]/span[1]' not found (Root cause: com.kms.katalon.core.exception.StepFailedException: com.kms.katalon.core.webui.exception.WebElementNotFoundException: Web element with id: 'Object Repository/CERTPAY_ADMIN/CREDIT_RETURN' located by '//*[@id="refundForm"]/div/div[2]/div[1]/div[2]/span[1]' not found
	at com.kms.katalon.core.webui.keyword.internal.WebUIKeywordMain.stepFailed(WebUIKeywordMain.groovy:64)
	at com.kms.katalon.core.webui.keyword.builtin.VerifyElementPresentKeyword$_verifyElementPresent_closure1.doCall(VerifyElementPresentKeyword.groovy:85)
	at com.kms.katalon.core.webui.keyword.builtin.VerifyElementPresentKeyword$_verifyElementPresent_closure1.call(VerifyElementPresentKeyword.groovy)
	at com.kms.katalon.core.webui.keyword.internal.WebUIKeywordMain.runKeyword(WebUIKeywordMain.groovy:20)
	at com.kms.katalon.core.webui.keyword.builtin.VerifyElementPresentKeyword.verifyElementPresent(VerifyElementPresentKeyword.groovy:92)
	at com.kms.katalon.core.webui.keyword.builtin.VerifyElementPresentKeyword.execute(VerifyElementPresentKeyword.groovy:68)
	at com.kms.katalon.core.keyword.internal.KeywordExecutor.executeKeywordForPlatform(KeywordExecutor.groovy:73)
	at com.kms.katalon.core.webui.keyword.WebUiBuiltInKeywords.verifyElementPresent(WebUiBuiltInKeywords.groovy:1463)
	at com.kms.katalon.core.webui.keyword.WebUiBuiltInKeywords$verifyElementPresent$3.call(Unknown Source)
	at utilities.SafeActions.safeClick(SafeActions.groovy:153)
	at utilities.SafeActions.invokeMethod(SafeActions.groovy)
	at com.kms.katalon.core.main.CustomKeywordDelegatingMetaClass.invokeStaticMethod(CustomKeywordDelegatingMetaClass.java:50)
	at TC_001_VISA_Sameday_FullRefund.run(TC_001_VISA_Sameday_FullRefund:150)
	at com.kms.katalon.core.main.ScriptEngine.run(ScriptEngine.java:194)
	at com.kms.katalon.core.main.ScriptEngine.runScriptAsRawText(ScriptEngine.java:119)
	at com.kms.katalon.core.main.TestCaseExecutor.runScript(TestCaseExecutor.java:398)
	at com.kms.katalon.core.main.TestCaseExecutor.doExecute(TestCaseExecutor.java:389)
	at com.kms.katalon.core.main.TestCaseExecutor.processExecutionPhase(TestCaseExecutor.java:368)
	at com.kms.katalon.core.main.TestCaseExecutor.accessMainPhase(TestCaseExecutor.java:360)
	at com.kms.katalon.core.main.TestCaseExecutor.execute(TestCaseExecutor.java:255)
	at com.kms.katalon.core.main.TestSuiteExecutor.accessTestCaseMainPhase(TestSuiteExecutor.java:203)
	at com.kms.katalon.core.main.TestSuiteExecutor.accessTestSuiteMainPhase(TestSuiteExecutor.java:152)
	at com.kms.katalon.core.main.TestSuiteExecutor.execute(TestSuiteExecutor.java:95)
	at com.kms.katalon.core.main.TestCaseMain.startTestSuite(TestCaseMain.java:157)
	at com.kms.katalon.core.main.TestCaseMain$startTestSuite$0.call(Unknown Source)
	at TempTestSuite1616141588699.run(TempTestSuite1616141588699.groovy:39)
)
[[ATTACHMENT|D:\\AutomationToolsandProjects\\Katalon Projects BackUp\\Sush_Certpay-master\\Reports\\20210319_134305\\Certpay_testSuite\\Quicksti_Samday_FullRefunds_Admin\\20210319_134308\\1616142232713.png]]

2021-03-19 13:53:54 - [MESSAGE][FAILED] - Unable to verify object 'Object Repository/CERTPAY_ADMIN/CREDIT_RETURN' is present (Root cause: com.kms.katalon.core.exception.StepFailedException: Unable to verify object 'Object Repository/CERTPAY_ADMIN/CREDIT_RETURN' is present
	at com.kms.katalon.core.webui.keyword.internal.WebUIKeywordMain.stepFailed(WebUIKeywordMain.groovy:64)
	at com.kms.katalon.core.webui.keyword.internal.WebUIKeywordMain.runKeyword(WebUIKeywordMain.groovy:26)
	at com.kms.katalon.core.webui.keyword.builtin.VerifyElementPresentKeyword.verifyElementPresent(VerifyElementPresentKeyword.groovy:92)
	at com.kms.katalon.core.webui.keyword.builtin.VerifyElementPresentKeyword.execute(VerifyElementPresentKeyword.groovy:68)
	at com.kms.katalon.core.keyword.internal.KeywordExecutor.executeKeywordForPlatform(KeywordExecutor.groovy:73)
	at com.kms.katalon.core.webui.keyword.WebUiBuiltInKeywords.verifyElementPresent(WebUiBuiltInKeywords.groovy:1463)
	at com.kms.katalon.core.webui.keyword.WebUiBuiltInKeywords$verifyElementPresent$3.call(Unknown Source)
[...]

2021-03-19 14:02:32 - [MESSAGE][PASSED] - Quicksti_Samday_FullRefunds_Admin.ts:Clicked on the TransactionSearch

2021-03-19 14:02:32 - [TEST_STEP][PASSED] - utilities.SafeActions.safeType(findTestObject("CERTPAY_ADMIN/PAYMENT_ID"), paymentId, "Payment id", [pageLoadTime]): Quicksti_Samday_FullRefunds_Admin.ts:Entered'100176225078 into Payment id

2021-03-19 14:02:33 - [MESSAGE][PASSED] - Object 'Object Repository/CERTPAY_ADMIN/PAYMENT_ID' is present

2021-03-19 14:02:33 - [MESSAGE][PASSED] - Object 'Object Repository/CERTPAY_ADMIN/PAYMENT_ID' is visible

2021-03-19 14:02:33 - [MESSAGE][PASSED] - Object 'Object Repository/CERTPAY_ADMIN/PAYMENT_ID' is present

2021-03-19 14:02:35 - [MESSAGE][PASSED] - Text '100176225078' is set on object 'Object Repository/CERTPAY_ADMIN/PAYMENT_ID'

2021-03-19 14:02:35 - [MESSAGE][PASSED] - Quicksti_Samday_FullRefunds_Admin.ts:Entered'100176225078 into Payment id

2021-03-19 14:02:35 - [TEST_STEP][PASSED] - utilities.SafeActions.safeClick(findTestObject("CERTPAY_ADMIN/GO_BUTTON"), "Go button", [pageLoadTime]): Quicksti_Samday_FullRefunds_Admin.ts:Clicked on the Go button

2021-03-19 14:02:35 - [MESSAGE][INFO] - safeClicking

2021-03-19 14:02:36 - [MESSAGE][PASSED] - Object 'Object Repository/CERTPAY_ADMIN/GO_BUTTON' is present

2021-03-19 14:02:36 - [MESSAGE][PASSED] - Object 'Object Repository/CERTPAY_ADMIN/GO_BUTTON' is clickable

2021-03-19 14:02:39 - [MESSAGE][PASSED] - Object: 'Object Repository/CERTPAY_ADMIN/GO_BUTTON' is clicked on

2021-03-19 14:02:39 - [MESSAGE][PASSED] - Quicksti_Samday_FullRefunds_Admin.ts:Clicked on the Go button

2021-03-19 14:02:39 - [TEST_STEP][PASSED] - delay(3): Delayed 3 second(s)

2021-03-19 14:02:42 - [MESSAGE][PASSED] - Delayed 3 second(s)

2021-03-19 14:02:42 - [TEST_STEP][PASSED] - paymentIdList.add(paymentId): null

2021-03-19 14:02:42 - [TEST_STEP][PASSED] - println(paymentIdList): null

2021-03-19 14:02:42 - [TEST_STEP][PASSED] - utilities.SafeActions.safeClick(findTestObject("CERTPAY_ADMIN/ACTIONS_BUTTON"), "Actions button", [pageLoadTime]): Quicksti_Samday_FullRefunds_Admin.ts:Clicked on the Actions button

2021-03-19 14:02:42 - [MESSAGE][INFO] - safeClicking

2021-03-19 14:02:43 - [MESSAGE][PASSED] - Object 'Object Repository/CERTPAY_ADMIN/ACTIONS_BUTTON' is present

2021-03-19 14:02:43 - [MESSAGE][PASSED] - Object 'Object Repository/CERTPAY_ADMIN/ACTIONS_BUTTON' is clickable

2021-03-19 14:02:45 - [MESSAGE][PASSED] - Object: 'Object Repository/CERTPAY_ADMIN/ACTIONS_BUTTON' is clicked on

2021-03-19 14:02:45 - [MESSAGE][PASSED] - Quicksti_Samday_FullRefunds_Admin.ts:Clicked on the Actions button

2021-03-19 14:02:45 - [TEST_STEP][PASSED] - utilities.SafeActions.safeClick(findTestObject("CERTPAY_ADMIN/REFUND_MENU"), "Refund Menu", [pageLoadTime]): Quicksti_Samday_FullRefunds_Admin.ts:Clicked on the Refund Menu

2021-03-19 14:02:45 - [MESSAGE][INFO] - safeClicking

2021-03-19 14:02:45 - [MESSAGE][PASSED] - Object 'Object Repository/CERTPAY_ADMIN/REFUND_MENU' is present

2021-03-19 14:02:45 - [MESSAGE][PASSED] - Object 'Object Repository/CERTPAY_ADMIN/REFUND_MENU' is clickable

2021-03-19 14:02:47 - [MESSAGE][PASSED] - Object: 'Object Repository/CERTPAY_ADMIN/REFUND_MENU' is clicked on

2021-03-19 14:02:47 - [MESSAGE][PASSED] - Quicksti_Samday_FullRefunds_Admin.ts:Clicked on the Refund Menu

2021-03-19 14:02:47 - [TEST_STEP][PASSED] - delay(2): Delayed 2 second(s)

2021-03-19 14:02:49 - [MESSAGE][PASSED] - Delayed 2 second(s)

2021-03-19 14:02:49 - [TEST_STEP][FAILED] - utilities.SafeActions.safeClick(findTestObject("CERTPAY_ADMIN/CREDIT_RETURN"), "Credit Return", [pageLoadTime]): com.kms.katalon.core.exception.StepFailedException: Quicksti_Samday_FullRefunds_Admin.ts:Credit Returnis not attached to page document in time 60 No such element Exception

2021-03-19 14:02:49 - [MESSAGE][INFO] - safeClicking

2021-03-19 14:03:50 - [MESSAGE][INFO] - Unable to find the element located by 'By.xpath: //*[@id="refundForm"]/div/div[2]/div[1]/div[2]/span[1]'. Please recheck the objects properties to make sure the desired element is located. 

2021-03-19 14:03:51 - [MESSAGE][FAILED] - com.kms.katalon.core.webui.exception.WebElementNotFoundException: Web element with id: 'Object Repository/CERTPAY_ADMIN/CREDIT_RETURN' located by '//*[@id="refundForm"]/div/div[2]/div[1]/div[2]/span[1]' not found (Root cause: com.kms.katalon.core.exception.StepFailedException: com.kms.katalon.core.webui.exception.WebElementNotFoundException: Web element with id: 'Object Repository/CERTPAY_ADMIN/CREDIT_RETURN' located by '//*[@id="refundForm"]/div/div[2]/div[1]/div[2]/span[1]' not found
	at com.kms.katalon.core.webui.keyword.internal.WebUIKeywordMain.stepFailed(WebUIKeywordMain.groovy:64)
	at com.kms.katalon.core.webui.keyword.builtin.VerifyElementPresentKeyword$_verifyElementPresent_closure1.doCall(VerifyElementPresentKeyword.groovy:85)
	at com.kms.katalon.core.webui.keyword.builtin.VerifyElementPresentKeyword$_verifyElementPresent_closure1.call(VerifyElementPresentKeyword.groovy)
	at com.kms.katalon.core.webui.keyword.internal.WebUIKeywordMain.runKeyword(WebUIKeywordMain.groovy:20)
	at com.kms.katalon.core.webui.keyword.builtin.VerifyElementPresentKeyword.verifyElementPresent(VerifyElementPresentKeyword.groovy:92)
	at com.kms.katalon.core.webui.keyword.builtin.VerifyElementPresentKeyword.execute(VerifyElementPresentKeyword.groovy:68)
	at com.kms.katalon.core.keyword.internal.KeywordExecutor.executeKeywordForPlatform(KeywordExecutor.groovy:73)
	at com.kms.katalon.core.webui.keyword.WebUiBuiltInKeywords.verifyElementPresent(WebUiBuiltInKeywords.groovy:1463)
	at com.kms.katalon.core.webui.keyword.WebUiBuiltInKeywords$verifyElementPresent$3.call(Unknown Source)
	at utilities.SafeActions.safeClick(SafeActions.groovy:153)
	at utilities.SafeActions.invokeMethod(SafeActions.groovy)
	at com.kms.katalon.core.main.CustomKeywordDelegatingMetaClass.invokeStaticMethod(CustomKeywordDelegatingMetaClass.java:50)
	at TC_001_VISA_Sameday_FullRefund.run(TC_001_VISA_Sameday_FullRefund:150)
	at com.kms.katalon.core.main.ScriptEngine.run(ScriptEngine.java:194)
	at com.kms.katalon.core.main.ScriptEngine.runScriptAsRawText(ScriptEngine.java:119)
	at com.kms.katalon.core.main.TestCaseExecutor.runScript(TestCaseExecutor.java:398)
	at com.kms.katalon.core.main.TestCaseExecutor.doExecute(TestCaseExecutor.java:389)
	at com.kms.katalon.core.main.TestCaseExecutor.processExecutionPhase(TestCaseExecutor.java:368)
	at com.kms.katalon.core.main.TestCaseExecutor.accessMainPhase(TestCaseExecutor.java:360)
	at com.kms.katalon.core.main.TestCaseExecutor.execute(TestCaseExecutor.java:255)
	at com.kms.katalon.core.main.TestSuiteExecutor.accessTestCaseMainPhase(TestSuiteExecutor.java:203)
	at com.kms.katalon.core.main.TestSuiteExecutor.accessTestSuiteMainPhase(TestSuiteExecutor.java:152)
	at com.kms.katalon.core.main.TestSuiteExecutor.execute(TestSuiteExecutor.java:95)
	at com.kms.katalon.core.main.TestCaseMain.startTestSuite(TestCaseMain.java:157)
	at com.kms.katalon.core.main.TestCaseMain$startTestSuite$0.call(Unknown Source)
	at TempTestSuite1616141588699.run(TempTestSuite1616141588699.groovy:39)
)
[[ATTACHMENT|D:\\AutomationToolsandProjects\\Katalon Projects BackUp\\Sush_Certpay-master\\Reports\\20210319_134305\\Certpay_testSuite\\Quicksti_Samday_FullRefunds_Admin\\20210319_134308\\1616142830433.png]]

2021-03-19 14:03:51 - [MESSAGE][FAILED] - Unable to verify object 'Object Repository/CERTPAY_ADMIN/CREDIT_RETURN' is present (Root cause: com.kms.katalon.core.exception.StepFailedException: Unable to verify object 'Object Repository/CERTPAY_ADMIN/CREDIT_RETURN' is present
	at com.kms.katalon.core.webui.keyword.internal.WebUIKeywordMain.stepFailed(WebUIKeywordMain.groovy:64)
	at com.kms.katalon.core.webui.keyword.internal.WebUIKeywordMain.runKeyword(WebUIKeywordMain.groovy:26)
	at com.kms.katalon.core.webui.keyword.builtin.VerifyElementPresentKeyword.verifyElementPresent(VerifyElementPresentKeyword.groovy:92)
	at com.kms.katalon.core.webui.keyword.builtin.VerifyElementPresentKeyword.execute(VerifyElementPresentKeyword.groovy:68)
	at com.kms.katalon.core.keyword.internal.KeywordExecutor.executeKeywordForPlatform(KeywordExecutor.groovy:73)
	at com.kms.katalon.core.webui.keyword.WebUiBuiltInKeywords.verifyElementPresent(WebUiBuiltInKeywords.groovy:1463)
	at com.kms.katalon.core.webui.keyword.WebUiBuiltInKeywords$verifyElementPresent$3.call(Unknown Source)
	at utilities.SafeActions.safeClick(SafeActions.groovy:153)
	at utilities.SafeActions.invokeMethod(SafeActions.groovy)
	at com.kms.katalon.core.main.CustomKeywordDelegatingMetaClass.invokeStaticMethod(CustomKeywordDelegatingMetaClass.java:50)
	at TC_001_VISA_Sameday_FullRefund.run(TC_001_VISA_Sameday_FullRefund:150)
	at com.kms.katalon.core.main.ScriptEngine.run(ScriptEngine.java:194)
	at com.kms.katalon.core.main.ScriptEngine.runScriptAsRawText(ScriptEngine.java:119)
	at com.kms.katalon.core.main.TestCaseExecutor.runScript(TestCaseExecutor.java:398)
	at com.kms.katalon.core.main.TestCaseExecutor.doExecute(TestCaseExecutor.java:389)
	at com.kms.katalon.core.main.TestCaseExecutor.processExecutionPhase(TestCaseExecutor.java:368)
	at com.kms.katalon.core.main.TestCaseExecutor.accessMainPhase(TestCaseExecutor.java:360)
	at com.kms.katalon.core.main.TestCaseExecutor.execute(TestCaseExecutor.java:255)
	at com.kms.katalon.core.main.TestSuiteExecutor.accessTestCaseMainPhase(TestSuiteExecutor.java:203)
	at com.kms.katalon.core.main.TestSuiteExecutor.accessTestSuiteMainPhase(TestSuiteExecutor.java:152)
	at com.kms.katalon.core.main.TestSuiteExecutor.execute(TestSuiteExecutor.java:95)
	at com.kms.katalon.core.main.TestCaseMain.startTestSuite(TestCaseMain.java:157)
	at com.kms.katalon.core.main.TestCaseMain$startTestSuite$0.call(Unknown Source)
	at TempTestSuite1616141588699.run(TempTestSuite1616141588699.groovy:39)
Caused by: com.kms.katalon.core.exception.StepFailedException: com.kms.katalon.core.webui.exception.WebElementNotFoundException: Web element with id: 'Object Repository/CERTPAY_ADMIN/CREDIT_RETURN' located by '//*[@id="refundForm"]/div/div[2]/div[1]/div[2]/span[1]' not found
	at com.kms.katalon.core.webui.keyword.internal.WebUIKeywordMain.stepFailed(WebUIKeywordMain.groovy:64)
	at com.kms.katalon.core.webui.keyword.builtin.VerifyElementPresentKeyword$_verifyElementPresent_closure1.doCall(VerifyElementPresentKeyword.groovy:85)
	at com.kms.katalon.core.webui.keyword.builtin.VerifyElementPresentKeyword$_verifyElementPresent_closure1.call(VerifyElementPresentKeyword.groovy)
	at com.kms.katalon.core.webui.keyword.internal.WebUIKeywordMain.runKeyword(WebUIKeywordMain.groovy:20)
	... 22 more
)
[[ATTACHMENT|D:\\AutomationToolsandProjects\\Katalon Projects BackUp\\Sush_Certpay-master\\Reports\\20210319_134305\\Certpay_testSuite\\Quicksti_Samday_FullRefunds_Admin\\20210319_134308\\1616142831061.png]]

2021-03-19 14:03:51 - [MESSAGE][FAILED] - Quicksti_Samday_FullRefunds_Admin.ts:Credit Returnis not attached to page document in time 60 No such element Exception

2021-03-19 14:03:51 - [MESSAGE][FAILED] - com.kms.katalon.core.exception.StepFailedException: Quicksti_Samday_FullRefunds_Admin.ts:Credit Returnis not attached to page document in time 60 No such element Exception

2021-03-19 14:03:51 - [TEST_STEP][PASSED] - utilities.SafeActions.safeClick(findTestObject("Object Repository/CERTPAY_ADMIN/FULL_REFUND_BUTTON"), "Set To Full Refund", [pageLoadTime]): Quicksti_Samday_FullRefunds_Admin.ts:Clicked on the Set To Full Refund

2021-03-19 14:03:51 - [MESSAGE][INFO] - safeClicking

2021-03-19 14:03:52 - [MESSAGE][PASSED] - Object 'Object Repository/CERTPAY_ADMIN/FULL_REFUND_BUTTON' is present

2021-03-19 14:03:52 - [MESSAGE][PASSED] - Object 'Object Repository/CERTPAY_ADMIN/FULL_REFUND_BUTTON' is clickable

2021-03-19 14:03:53 - [MESSAGE][PASSED] - Object: 'Object Repository/CERTPAY_ADMIN/FULL_REFUND_BUTTON' is clicked on

2021-03-19 14:03:53 - [MESSAGE][PASSED] - Quicksti_Samday_FullRefunds_Admin.ts:Clicked on the Set To Full Refund

2021-03-19 14:03:53 - [TEST_STEP][PASSED] - utilities.SafeActions.safeClick(findTestObject("Object Repository/CERTPAY_ADMIN/PROCESS_REVERSAL"), "Process Reversal", [pageLoadTime]): Quicksti_Samday_FullRefunds_Admin.ts:Clicked on the Process Reversal

2021-03-19 14:03:54 - [MESSAGE][INFO] - safeClicking

2021-03-19 14:03:54 - [MESSAGE][PASSED] - Object 'Object Repository/CERTPAY_ADMIN/PROCESS_REVERSAL' is present

2021-03-19 14:03:54 - [MESSAGE][PASSED] - Object 'Object Repository/CERTPAY_ADMIN/PROCESS_REVERSAL' is clickable

2021-03-19 14:03:56 - [MESSAGE][PASSED] - Object: 'Object Repository/CERTPAY_ADMIN/PROCESS_REVERSAL' is clicked on

2021-03-19 14:03:56 - [MESSAGE][PASSED] - Quicksti_Samday_FullRefunds_Admin.ts:Clicked on the Process Reversal

2021-03-19 14:03:56 - [TEST_STEP][PASSED] - delay(4): Delayed 4 second(s)

2021-03-19 14:04:00 - [MESSAGE][PASSED] - Delayed 4 second(s)

2021-03-19 14:04:00 - [TEST_STEP][PASSED] - pages.Search_Page.validateRefundAmount(amount_Value, ConvFee): Verified Refund payment details successfully

2021-03-19 14:04:01 - [MESSAGE][PASSED] - Text of object 'Object Repository/CERTPAY_ADMIN/REFUND_AMT' is: '$35.00'

2021-03-19 14:04:01 - [MESSAGE][PASSED] - Actual text '35.00' and expected text '35.00' are matched  using regular expression

2021-03-19 14:04:02 - [MESSAGE][PASSED] - Text of object 'Object Repository/CERTPAY_ADMIN/REFUND_CONV_AMT' is: '$0.87'

2021-03-19 14:04:02 - [MESSAGE][PASSED] - Actual text '0.87' and expected text '0.87' are matched  using regular expression

2021-03-19 14:04:02 - [MESSAGE][PASSED] - Verified Refund payment details successfully

2021-03-19 14:04:02 - [TEST_STEP][PASSED] - Start listener action : afterTestCase: Browser is closed

2021-03-19 14:04:02 - [TEST_STEP][PASSED] - closeBrowser(): Browser is closed

2021-03-19 14:04:03 - [MESSAGE][PASSED] - Browser is closed]]></system-out>
         <system-err><![CDATA[2021-03-19 13:43:25 - [TEST_CASE][FAILED] - Test Cases/SameDay_Refunds_Admin/TC_001_VISA_Sameday_FullRefund: Test Cases/SameDay_Refunds_Admin/TC_001_VISA_Sameday_FullRefund FAILED.
Reason:
com.kms.katalon.core.exception.StepFailedException: Quicksti_Samday_FullRefunds_Admin.ts:Credit Returnis not attached to page document in time 60 No such element Exception
	at com.kms.katalon.core.util.KeywordUtil.markFailed(KeywordUtil.java:19)
	at com.kms.katalon.core.util.KeywordUtil$markFailed$1.call(Unknown Source)
	at utilities.SafeActions.safeClick(SafeActions.groovy:167)
	at utilities.SafeActions.invokeMethod(SafeActions.groovy)
	at com.kms.katalon.core.main.CustomKeywordDelegatingMetaClass.invokeStaticMethod(CustomKeywordDelegatingMetaClass.java:50)
	at TC_001_VISA_Sameday_FullRefund.run(TC_001_VISA_Sameday_FullRefund:150)
	at com.kms.katalon.core.main.ScriptEngine.run(ScriptEngine.java:194)
	at com.kms.katalon.core.main.ScriptEngine.runScriptAsRawText(ScriptEngine.java:119)
	at com.kms.katalon.core.main.TestCaseExecutor.runScript(TestCaseExecutor.java:398)
	at com.kms.katalon.core.main.TestCaseExecutor.doExecute(TestCaseExecutor.java:389)
	at com.kms.katalon.core.main.TestCaseExecutor.processExecutionPhase(TestCaseExecutor.java:368)
	at com.kms.katalon.core.main.TestCaseExecutor.accessMainPhase(TestCaseExecutor.java:360)
	at com.kms.katalon.core.main.TestCaseExecutor.execute(TestCaseExecutor.java:255)
	at com.kms.katalon.core.main.TestSuiteExecutor.accessTestCaseMainPhase(TestSuiteExecutor.java:203)
	at com.kms.katalon.core.main.TestSuiteExecutor.accessTestSuiteMainPhase(TestSuiteExecutor.java:152)
	at com.kms.katalon.core.main.TestSuiteExecutor.execute(TestSuiteExecutor.java:95)
	at com.kms.katalon.core.main.TestCaseMain.startTestSuite(TestCaseMain.java:157)
	at com.kms.katalon.core.main.TestCaseMain$startTestSuite$0.call(Unknown Source)
	at TempTestSuite1616141588699.run(TempTestSuite1616141588699.groovy:39)]]></system-err>
      </testcase>
      <system-out><![CDATA[2021-03-19 13:43:23 - [TEST_SUITE][FAILED] - Quicksti_Samday_FullRefunds_Admin: Test Cases/SameDay_Refunds_Admin/TC_001_VISA_Sameday_FullRefund FAILED.
Reason:
com.kms.katalon.core.exception.StepFailedException: Quicksti_Samday_FullRefunds_Admin.ts:Credit Returnis not attached to page document in time 60 No such element Exception
	at com.kms.katalon.core.util.KeywordUtil.markFailed(KeywordUtil.java:19)
	at com.kms.katalon.core.util.KeywordUtil$markFailed$1.call(Unknown Source)
	at utilities.SafeActions.safeClick(SafeActions.groovy:167)
	at utilities.SafeActions.invokeMethod(SafeActions.groovy)
	at com.kms.katalon.core.main.CustomKeywordDelegatingMetaClass.invokeStaticMethod(CustomKeywordDelegatingMetaClass.java:50)
	at TC_001_VISA_Sameday_FullRefund.run(TC_001_VISA_Sameday_FullRefund:150)
	at com.kms.katalon.core.main.ScriptEngine.run(ScriptEngine.java:194)
	at com.kms.katalon.core.main.ScriptEngine.runScriptAsRawText(ScriptEngine.java:119)
	at com.kms.katalon.core.main.TestCaseExecutor.runScript(TestCaseExecutor.java:398)
	at com.kms.katalon.core.main.TestCaseExecutor.doExecute(TestCaseExecutor.java:389)
	at com.kms.katalon.core.main.TestCaseExecutor.processExecutionPhase(TestCaseExecutor.java:368)
	at com.kms.katalon.core.main.TestCaseExecutor.accessMainPhase(TestCaseExecutor.java:360)
	at com.kms.katalon.core.main.TestCaseExecutor.execute(TestCaseExecutor.java:255)
	at com.kms.katalon.core.main.TestSuiteExecutor.accessTestCaseMainPhase(TestSuiteExecutor.java:203)
	at com.kms.katalon.core.main.TestSuiteExecutor.accessTestSuiteMainPhase(TestSuiteExecutor.java:152)
	at com.kms.katalon.core.main.TestSuiteExecutor.execute(TestSuiteExecutor.java:95)
	at com.kms.katalon.core.main.TestCaseMain.startTestSuite(TestCaseMain.java:157)
	at com.kms.katalon.core.main.TestCaseMain$startTestSuite$0.call(Unknown Source)
	at TempTestSuite1616141588699.run(TempTestSuite1616141588699.groovy:39)]]></system-out>
      <system-err><![CDATA[2021-03-19 13:43:23 - [TEST_SUITE][FAILED] - Quicksti_Samday_FullRefunds_Admin: Test Cases/SameDay_Refunds_Admin/TC_001_VISA_Sameday_FullRefund FAILED.
Reason:
com.kms.katalon.core.exception.StepFailedException: Quicksti_Samday_FullRefunds_Admin.ts:Credit Returnis not attached to page document in time 60 No such element Exception
	at com.kms.katalon.core.util.KeywordUtil.markFailed(KeywordUtil.java:19)
	at com.kms.katalon.core.util.KeywordUtil$markFailed$1.call(Unknown Source)
	at utilities.SafeActions.safeClick(SafeActions.groovy:167)
	at utilities.SafeActions.invokeMethod(SafeActions.groovy)
	at com.kms.katalon.core.main.CustomKeywordDelegatingMetaClass.invokeStaticMethod(CustomKeywordDelegatingMetaClass.java:50)
	at TC_001_VISA_Sameday_FullRefund.run(TC_001_VISA_Sameday_FullRefund:150)
	at com.kms.katalon.core.main.ScriptEngine.run(ScriptEngine.java:194)
	at com.kms.katalon.core.main.ScriptEngine.runScriptAsRawText(ScriptEngine.java:119)
	at com.kms.katalon.core.main.TestCaseExecutor.runScript(TestCaseExecutor.java:398)
	at com.kms.katalon.core.main.TestCaseExecutor.doExecute(TestCaseExecutor.java:389)
	at com.kms.katalon.core.main.TestCaseExecutor.processExecutionPhase(TestCaseExecutor.java:368)
	at com.kms.katalon.core.main.TestCaseExecutor.accessMainPhase(TestCaseExecutor.java:360)
	at com.kms.katalon.core.main.TestCaseExecutor.execute(TestCaseExecutor.java:255)
	at com.kms.katalon.core.main.TestSuiteExecutor.accessTestCaseMainPhase(TestSuiteExecutor.java:203)
	at com.kms.katalon.core.main.TestSuiteExecutor.accessTestSuiteMainPhase(TestSuiteExecutor.java:152)
	at com.kms.katalon.core.main.TestSuiteExecutor.execute(TestSuiteExecutor.java:95)
	at com.kms.katalon.core.main.TestCaseMain.startTestSuite(TestCaseMain.java:157)
	at com.kms.katalon.core.main.TestCaseMain$startTestSuite$0.call(Unknown Source)
	at TempTestSuite1616141588699.run(TempTestSuite1616141588699.groovy:39)]]></system-err>
   </testsuite>
</testsuites>
