<?xml version="1.0" encoding="UTF-8" standalone="no"?>
<!DOCTYPE log SYSTEM "logger.dtd">
<log>
<record>
  <date>2021-03-22T15:48:25</date>
  <millis>1616408305688</millis>
  <sequence>0</sequence>
  <level>START</level>
  <class>com.kms.katalon.core.logging.XmlKeywordLogger</class>
  <method>startSuite</method>
  <thread>1</thread>
  <message>Start Test Suite : Test Suites/Certpay_testSuite/Quicksti</message>
  <nestedLevel>0</nestedLevel>
  <escapedJava>false</escapedJava>
  <property name="name">Quicksti</property>
  <property name="description"></property>
  <property name="id">Test Suites/Certpay_testSuite/Quicksti</property>
  <property name="stopImmediately">false</property>
</record>
<record>
  <date>2021-03-22T15:48:25</date>
  <millis>1616408305737</millis>
  <sequence>1</sequence>
  <level>RUN_DATA</level>
  <class>com.kms.katalon.core.logging.XmlKeywordLogger</class>
  <method>logMessage</method>
  <thread>1</thread>
  <message>hostName = saranya - KNILA-K202011012</message>
  <nestedLevel>0</nestedLevel>
  <escapedJava>false</escapedJava>
  <property name="hostName">saranya - KNILA-K202011012</property>
</record>
<record>
  <date>2021-03-22T15:48:25</date>
  <millis>1616408305740</millis>
  <sequence>2</sequence>
  <level>RUN_DATA</level>
  <class>com.kms.katalon.core.logging.XmlKeywordLogger</class>
  <method>logMessage</method>
  <thread>1</thread>
  <message>os = Windows 10 64bit</message>
  <nestedLevel>0</nestedLevel>
  <escapedJava>false</escapedJava>
  <property name="os">Windows 10 64bit</property>
</record>
<record>
  <date>2021-03-22T15:48:25</date>
  <millis>1616408305741</millis>
  <sequence>3</sequence>
  <level>RUN_DATA</level>
  <class>com.kms.katalon.core.logging.XmlKeywordLogger</class>
  <method>logMessage</method>
  <thread>1</thread>
  <message>hostAddress = 172.31.252.138</message>
  <nestedLevel>0</nestedLevel>
  <escapedJava>false</escapedJava>
  <property name="hostAddress">172.31.252.138</property>
</record>
<record>
  <date>2021-03-22T15:48:25</date>
  <millis>1616408305778</millis>
  <sequence>4</sequence>
  <level>RUN_DATA</level>
  <class>com.kms.katalon.core.logging.XmlKeywordLogger</class>
  <method>logMessage</method>
  <thread>1</thread>
  <message>katalonVersion = 7.9.1.208</message>
  <nestedLevel>0</nestedLevel>
  <escapedJava>false</escapedJava>
  <property name="katalonVersion">7.9.1.208</property>
</record>
<record>
  <date>2021-03-22T15:48:29</date>
  <millis>1616408309754</millis>
  <sequence>5</sequence>
  <level>START</level>
  <class>com.kms.katalon.core.logging.XmlKeywordLogger</class>
  <method>startTest</method>
  <thread>1</thread>
  <message>Start Test Case : Test Cases/Certpay_Quicksti/TC_001_SingleBureauSite_SingleLinePayment</message>
  <nestedLevel>1</nestedLevel>
  <escapedJava>false</escapedJava>
  <property name="name">Test Cases/Certpay_Quicksti/TC_001_SingleBureauSite_SingleLinePayment</property>
  <property name="description"></property>
  <property name="id">Test Cases/Certpay_Quicksti/TC_001_SingleBureauSite_SingleLinePayment</property>
  <property name="source">D:\AutomationToolsandProjects\Katalon Projects BackUp\Sush_Certpay-master\Test Cases\Certpay_Quicksti\TC_001_SingleBureauSite_SingleLinePayment.tc</property>
  <property name="tag"></property>
  <property name="isOptional">false</property>
</record>
<record>
  <date>2021-03-22T15:48:30</date>
  <millis>1616408310366</millis>
  <sequence>7</sequence>
  <level>INFO</level>
  <class>com.kms.katalon.core.logging.XmlKeywordLogger</class>
  <method>logMessage</method>
  <thread>1</thread>
  <message>(Default) expMonth = 03</message>
  <nestedLevel>1</nestedLevel>
  <escapedJava>false</escapedJava>
</record>
<record>
  <date>2021-03-22T15:48:30</date>
  <millis>1616408310438</millis>
  <sequence>8</sequence>
  <level>INFO</level>
  <class>com.kms.katalon.core.logging.XmlKeywordLogger</class>
  <method>logMessage</method>
  <thread>1</thread>
  <message>(Default) expYear = 2022</message>
  <nestedLevel>1</nestedLevel>
  <escapedJava>false</escapedJava>
</record>
<record>
  <date>2021-03-22T15:48:30</date>
  <millis>1616408310504</millis>
  <sequence>9</sequence>
  <level>INFO</level>
  <class>com.kms.katalon.core.logging.XmlKeywordLogger</class>
  <method>logMessage</method>
  <thread>1</thread>
  <message>(Default) securityCode = 207</message>
  <nestedLevel>1</nestedLevel>
  <escapedJava>false</escapedJava>
</record>
<record>
  <date>2021-03-22T15:48:30</date>
  <millis>1616408310658</millis>
  <sequence>10</sequence>
  <level>INFO</level>
  <class>com.kms.katalon.core.logging.XmlKeywordLogger</class>
  <method>logMessage</method>
  <thread>1</thread>
  <message>(Default) paymentAmount = 15.00</message>
  <nestedLevel>1</nestedLevel>
  <escapedJava>false</escapedJava>
</record>
<record>
  <date>2021-03-22T15:48:30</date>
  <millis>1616408310683</millis>
  <sequence>11</sequence>
  <level>INFO</level>
  <class>com.kms.katalon.core.logging.XmlKeywordLogger</class>
  <method>logMessage</method>
  <thread>1</thread>
  <message>(Default) quantity = 2</message>
  <nestedLevel>1</nestedLevel>
  <escapedJava>false</escapedJava>
</record>
<record>
  <date>2021-03-22T15:48:30</date>
  <millis>1616408310829</millis>
  <sequence>12</sequence>
  <level>INFO</level>
  <class>com.kms.katalon.core.logging.XmlKeywordLogger</class>
  <method>logMessage</method>
  <thread>1</thread>
  <message>(Default) referenceNum = 11</message>
  <nestedLevel>1</nestedLevel>
  <escapedJava>false</escapedJava>
</record>
<record>
  <date>2021-03-22T15:48:30</date>
  <millis>1616408310855</millis>
  <sequence>13</sequence>
  <level>INFO</level>
  <class>com.kms.katalon.core.logging.XmlKeywordLogger</class>
  <method>logMessage</method>
  <thread>1</thread>
  <message>(Default) address = 14-6</message>
  <nestedLevel>1</nestedLevel>
  <escapedJava>false</escapedJava>
</record>
<record>
  <date>2021-03-22T15:48:30</date>
  <millis>1616408310884</millis>
  <sequence>14</sequence>
  <level>INFO</level>
  <class>com.kms.katalon.core.logging.XmlKeywordLogger</class>
  <method>logMessage</method>
  <thread>1</thread>
  <message>(Default) telephone = 9696404001</message>
  <nestedLevel>1</nestedLevel>
  <escapedJava>false</escapedJava>
</record>
<record>
  <date>2021-03-22T15:48:30</date>
  <millis>1616408310905</millis>
  <sequence>15</sequence>
  <level>INFO</level>
  <class>com.kms.katalon.core.logging.XmlKeywordLogger</class>
  <method>logMessage</method>
  <thread>1</thread>
  <message>(Default) zipCode = 76102</message>
  <nestedLevel>1</nestedLevel>
  <escapedJava>false</escapedJava>
</record>
<record>
  <date>2021-03-22T15:48:30</date>
  <millis>1616408310926</millis>
  <sequence>16</sequence>
  <level>INFO</level>
  <class>com.kms.katalon.core.logging.XmlKeywordLogger</class>
  <method>logMessage</method>
  <thread>1</thread>
  <message>(Default) emailAddress = testing@zenq.com</message>
  <nestedLevel>1</nestedLevel>
  <escapedJava>false</escapedJava>
</record>
<record>
  <date>2021-03-22T15:48:30</date>
  <millis>1616408310961</millis>
  <sequence>17</sequence>
  <level>INFO</level>
  <class>com.kms.katalon.core.logging.XmlKeywordLogger</class>
  <method>logMessage</method>
  <thread>1</thread>
  <message>(Default) firstName = Michael</message>
  <nestedLevel>1</nestedLevel>
  <escapedJava>false</escapedJava>
</record>
<record>
  <date>2021-03-22T15:48:30</date>
  <millis>1616408310979</millis>
  <sequence>18</sequence>
  <level>INFO</level>
  <class>com.kms.katalon.core.logging.XmlKeywordLogger</class>
  <method>logMessage</method>
  <thread>1</thread>
  <message>(Default) lastName = Jack</message>
  <nestedLevel>1</nestedLevel>
  <escapedJava>false</escapedJava>
</record>
<record>
  <date>2021-03-22T15:48:30</date>
  <millis>1616408310982</millis>
  <sequence>19</sequence>
  <level>START</level>
  <class>com.kms.katalon.core.logging.XmlKeywordLogger</class>
  <method>startKeyword</method>
  <thread>1</thread>
  <message>Start listener action : beforeTestCase</message>
  <nestedLevel>1</nestedLevel>
  <escapedJava>false</escapedJava>
</record>
<record>
  <date>2021-03-22T15:48:30</date>
  <millis>1616408310989</millis>
  <sequence>22</sequence>
  <level>END</level>
  <class>com.kms.katalon.core.logging.XmlKeywordLogger</class>
  <method>endKeyword</method>
  <thread>1</thread>
  <message>End listener action : beforeTestCase</message>
  <nestedLevel>1</nestedLevel>
  <escapedJava>false</escapedJava>
</record>
<record>
  <date>2021-03-22T15:48:31</date>
  <millis>1616408311813</millis>
  <sequence>23</sequence>
  <level>START</level>
  <class>com.kms.katalon.core.logging.XmlKeywordLogger</class>
  <method>startKeyword</method>
  <thread>1</thread>
  <message>Start action : data = findTestData(&amp;quot;Data Files/Certpay/SingleBureau_SingleLine&amp;quot;)</message>
  <nestedLevel>1</nestedLevel>
  <escapedJava>false</escapedJava>
  <property name="startLine">17</property>
  <property name="stepIndex">1</property>
</record>
<record>
  <date>2021-03-22T15:48:38</date>
  <millis>1616408318743</millis>
  <sequence>28</sequence>
  <level>END</level>
  <class>com.kms.katalon.core.logging.XmlKeywordLogger</class>
  <method>endKeyword</method>
  <thread>1</thread>
  <message>End action : data = findTestData(&amp;quot;Data Files/Certpay/SingleBureau_SingleLine&amp;quot;)</message>
  <nestedLevel>1</nestedLevel>
  <escapedJava>false</escapedJava>
</record>
<record>
  <date>2021-03-22T15:48:38</date>
  <millis>1616408318744</millis>
  <sequence>29</sequence>
  <level>START</level>
  <class>com.kms.katalon.core.logging.XmlKeywordLogger</class>
  <method>startKeyword</method>
  <thread>1</thread>
  <message>Start action : paymentIdList = []</message>
  <nestedLevel>1</nestedLevel>
  <escapedJava>false</escapedJava>
  <property name="startLine">18</property>
  <property name="stepIndex">2</property>
</record>
<record>
  <date>2021-03-22T15:48:38</date>
  <millis>1616408318747</millis>
  <sequence>30</sequence>
  <level>END</level>
  <class>com.kms.katalon.core.logging.XmlKeywordLogger</class>
  <method>endKeyword</method>
  <thread>1</thread>
  <message>End action : paymentIdList = []</message>
  <nestedLevel>1</nestedLevel>
  <escapedJava>false</escapedJava>
</record>
<record>
  <date>2021-03-22T15:48:38</date>
  <millis>1616408318747</millis>
  <sequence>31</sequence>
  <level>START</level>
  <class>com.kms.katalon.core.logging.XmlKeywordLogger</class>
  <method>startKeyword</method>
  <thread>1</thread>
  <message>Start action : for (def index : (1..data.getRowNumbers()))</message>
  <nestedLevel>1</nestedLevel>
  <escapedJava>false</escapedJava>
  <property name="startLine">19</property>
  <property name="stepIndex">3</property>
</record>
<record>
  <date>2021-03-22T15:48:38</date>
  <millis>1616408318796</millis>
  <sequence>32</sequence>
  <level>START</level>
  <class>com.kms.katalon.core.logging.XmlKeywordLogger</class>
  <method>startKeyword</method>
  <thread>1</thread>
  <message>Start action : firstName = data.getValue(&amp;quot;FirstName&amp;quot;, index)</message>
  <nestedLevel>2</nestedLevel>
  <escapedJava>false</escapedJava>
  <property name="startLine">20</property>
  <property name="stepIndex">1</property>
</record>
<record>
  <date>2021-03-22T15:48:38</date>
  <millis>1616408318814</millis>
  <sequence>33</sequence>
  <level>END</level>
  <class>com.kms.katalon.core.logging.XmlKeywordLogger</class>
  <method>endKeyword</method>
  <thread>1</thread>
  <message>End action : firstName = data.getValue(&amp;quot;FirstName&amp;quot;, index)</message>
  <nestedLevel>2</nestedLevel>
  <escapedJava>false</escapedJava>
</record>
<record>
  <date>2021-03-22T15:48:38</date>
  <millis>1616408318814</millis>
  <sequence>34</sequence>
  <level>START</level>
  <class>com.kms.katalon.core.logging.XmlKeywordLogger</class>
  <method>startKeyword</method>
  <thread>1</thread>
  <message>Start action : lastName = data.getValue(&amp;quot;LastName&amp;quot;, index)</message>
  <nestedLevel>2</nestedLevel>
  <escapedJava>false</escapedJava>
  <property name="startLine">21</property>
  <property name="stepIndex">2</property>
</record>
<record>
  <date>2021-03-22T15:48:38</date>
  <millis>1616408318815</millis>
  <sequence>35</sequence>
  <level>END</level>
  <class>com.kms.katalon.core.logging.XmlKeywordLogger</class>
  <method>endKeyword</method>
  <thread>1</thread>
  <message>End action : lastName = data.getValue(&amp;quot;LastName&amp;quot;, index)</message>
  <nestedLevel>2</nestedLevel>
  <escapedJava>false</escapedJava>
</record>
<record>
  <date>2021-03-22T15:48:38</date>
  <millis>1616408318816</millis>
  <sequence>36</sequence>
  <level>START</level>
  <class>com.kms.katalon.core.logging.XmlKeywordLogger</class>
  <method>startKeyword</method>
  <thread>1</thread>
  <message>Start action : expMonth = data.getValue(&amp;quot;ExpMonth&amp;quot;, index)</message>
  <nestedLevel>2</nestedLevel>
  <escapedJava>false</escapedJava>
  <property name="startLine">22</property>
  <property name="stepIndex">3</property>
</record>
<record>
  <date>2021-03-22T15:48:38</date>
  <millis>1616408318817</millis>
  <sequence>37</sequence>
  <level>END</level>
  <class>com.kms.katalon.core.logging.XmlKeywordLogger</class>
  <method>endKeyword</method>
  <thread>1</thread>
  <message>End action : expMonth = data.getValue(&amp;quot;ExpMonth&amp;quot;, index)</message>
  <nestedLevel>2</nestedLevel>
  <escapedJava>false</escapedJava>
</record>
<record>
  <date>2021-03-22T15:48:38</date>
  <millis>1616408318819</millis>
  <sequence>38</sequence>
  <level>START</level>
  <class>com.kms.katalon.core.logging.XmlKeywordLogger</class>
  <method>startKeyword</method>
  <thread>1</thread>
  <message>Start action : expYear = data.getValue(&amp;quot;ExpYear&amp;quot;, index)</message>
  <nestedLevel>2</nestedLevel>
  <escapedJava>false</escapedJava>
  <property name="startLine">23</property>
  <property name="stepIndex">4</property>
</record>
<record>
  <date>2021-03-22T15:48:38</date>
  <millis>1616408318992</millis>
  <sequence>39</sequence>
  <level>END</level>
  <class>com.kms.katalon.core.logging.XmlKeywordLogger</class>
  <method>endKeyword</method>
  <thread>1</thread>
  <message>End action : expYear = data.getValue(&amp;quot;ExpYear&amp;quot;, index)</message>
  <nestedLevel>2</nestedLevel>
  <escapedJava>false</escapedJava>
</record>
<record>
  <date>2021-03-22T15:48:38</date>
  <millis>1616408318993</millis>
  <sequence>40</sequence>
  <level>START</level>
  <class>com.kms.katalon.core.logging.XmlKeywordLogger</class>
  <method>startKeyword</method>
  <thread>1</thread>
  <message>Start action : securityCode = data.getValue(&amp;quot;SecurityCode&amp;quot;, index)</message>
  <nestedLevel>2</nestedLevel>
  <escapedJava>false</escapedJava>
  <property name="startLine">24</property>
  <property name="stepIndex">5</property>
</record>
<record>
  <date>2021-03-22T15:48:38</date>
  <millis>1616408318998</millis>
  <sequence>41</sequence>
  <level>END</level>
  <class>com.kms.katalon.core.logging.XmlKeywordLogger</class>
  <method>endKeyword</method>
  <thread>1</thread>
  <message>End action : securityCode = data.getValue(&amp;quot;SecurityCode&amp;quot;, index)</message>
  <nestedLevel>2</nestedLevel>
  <escapedJava>false</escapedJava>
</record>
<record>
  <date>2021-03-22T15:48:38</date>
  <millis>1616408318999</millis>
  <sequence>42</sequence>
  <level>START</level>
  <class>com.kms.katalon.core.logging.XmlKeywordLogger</class>
  <method>startKeyword</method>
  <thread>1</thread>
  <message>Start action : paymentAmount = data.getValue(&amp;quot;PaymentAmount&amp;quot;, index)</message>
  <nestedLevel>2</nestedLevel>
  <escapedJava>false</escapedJava>
  <property name="startLine">25</property>
  <property name="stepIndex">6</property>
</record>
<record>
  <date>2021-03-22T15:48:39</date>
  <millis>1616408319009</millis>
  <sequence>43</sequence>
  <level>END</level>
  <class>com.kms.katalon.core.logging.XmlKeywordLogger</class>
  <method>endKeyword</method>
  <thread>1</thread>
  <message>End action : paymentAmount = data.getValue(&amp;quot;PaymentAmount&amp;quot;, index)</message>
  <nestedLevel>2</nestedLevel>
  <escapedJava>false</escapedJava>
</record>
<record>
  <date>2021-03-22T15:48:39</date>
  <millis>1616408319010</millis>
  <sequence>44</sequence>
  <level>START</level>
  <class>com.kms.katalon.core.logging.XmlKeywordLogger</class>
  <method>startKeyword</method>
  <thread>1</thread>
  <message>Start action : paymentType = data.getValue(&amp;quot;PaymentType&amp;quot;, index)</message>
  <nestedLevel>2</nestedLevel>
  <escapedJava>false</escapedJava>
  <property name="startLine">26</property>
  <property name="stepIndex">7</property>
</record>
<record>
  <date>2021-03-22T15:48:39</date>
  <millis>1616408319014</millis>
  <sequence>45</sequence>
  <level>END</level>
  <class>com.kms.katalon.core.logging.XmlKeywordLogger</class>
  <method>endKeyword</method>
  <thread>1</thread>
  <message>End action : paymentType = data.getValue(&amp;quot;PaymentType&amp;quot;, index)</message>
  <nestedLevel>2</nestedLevel>
  <escapedJava>false</escapedJava>
</record>
<record>
  <date>2021-03-22T15:48:39</date>
  <millis>1616408319016</millis>
  <sequence>46</sequence>
  <level>START</level>
  <class>com.kms.katalon.core.logging.XmlKeywordLogger</class>
  <method>startKeyword</method>
  <thread>1</thread>
  <message>Start action : quantity = data.getValue(&amp;quot;Quantity&amp;quot;, index)</message>
  <nestedLevel>2</nestedLevel>
  <escapedJava>false</escapedJava>
  <property name="startLine">27</property>
  <property name="stepIndex">8</property>
</record>
<record>
  <date>2021-03-22T15:48:39</date>
  <millis>1616408319023</millis>
  <sequence>47</sequence>
  <level>END</level>
  <class>com.kms.katalon.core.logging.XmlKeywordLogger</class>
  <method>endKeyword</method>
  <thread>1</thread>
  <message>End action : quantity = data.getValue(&amp;quot;Quantity&amp;quot;, index)</message>
  <nestedLevel>2</nestedLevel>
  <escapedJava>false</escapedJava>
</record>
<record>
  <date>2021-03-22T15:48:39</date>
  <millis>1616408319024</millis>
  <sequence>48</sequence>
  <level>START</level>
  <class>com.kms.katalon.core.logging.XmlKeywordLogger</class>
  <method>startKeyword</method>
  <thread>1</thread>
  <message>Start action : comments = data.getValue(&amp;quot;Comments&amp;quot;, index)</message>
  <nestedLevel>2</nestedLevel>
  <escapedJava>false</escapedJava>
  <property name="startLine">28</property>
  <property name="stepIndex">9</property>
</record>
<record>
  <date>2021-03-22T15:48:39</date>
  <millis>1616408319038</millis>
  <sequence>49</sequence>
  <level>END</level>
  <class>com.kms.katalon.core.logging.XmlKeywordLogger</class>
  <method>endKeyword</method>
  <thread>1</thread>
  <message>End action : comments = data.getValue(&amp;quot;Comments&amp;quot;, index)</message>
  <nestedLevel>2</nestedLevel>
  <escapedJava>false</escapedJava>
</record>
<record>
  <date>2021-03-22T15:48:39</date>
  <millis>1616408319039</millis>
  <sequence>50</sequence>
  <level>START</level>
  <class>com.kms.katalon.core.logging.XmlKeywordLogger</class>
  <method>startKeyword</method>
  <thread>1</thread>
  <message>Start action : referenceNum = data.getValue(&amp;quot;ReferenceNum&amp;quot;, index)</message>
  <nestedLevel>2</nestedLevel>
  <escapedJava>false</escapedJava>
  <property name="startLine">29</property>
  <property name="stepIndex">10</property>
</record>
<record>
  <date>2021-03-22T15:48:39</date>
  <millis>1616408319047</millis>
  <sequence>51</sequence>
  <level>END</level>
  <class>com.kms.katalon.core.logging.XmlKeywordLogger</class>
  <method>endKeyword</method>
  <thread>1</thread>
  <message>End action : referenceNum = data.getValue(&amp;quot;ReferenceNum&amp;quot;, index)</message>
  <nestedLevel>2</nestedLevel>
  <escapedJava>false</escapedJava>
</record>
<record>
  <date>2021-03-22T15:48:39</date>
  <millis>1616408319048</millis>
  <sequence>52</sequence>
  <level>START</level>
  <class>com.kms.katalon.core.logging.XmlKeywordLogger</class>
  <method>startKeyword</method>
  <thread>1</thread>
  <message>Start action : address = data.getValue(&amp;quot;Address&amp;quot;, index)</message>
  <nestedLevel>2</nestedLevel>
  <escapedJava>false</escapedJava>
  <property name="startLine">30</property>
  <property name="stepIndex">11</property>
</record>
<record>
  <date>2021-03-22T15:48:39</date>
  <millis>1616408319052</millis>
  <sequence>53</sequence>
  <level>END</level>
  <class>com.kms.katalon.core.logging.XmlKeywordLogger</class>
  <method>endKeyword</method>
  <thread>1</thread>
  <message>End action : address = data.getValue(&amp;quot;Address&amp;quot;, index)</message>
  <nestedLevel>2</nestedLevel>
  <escapedJava>false</escapedJava>
</record>
<record>
  <date>2021-03-22T15:48:39</date>
  <millis>1616408319052</millis>
  <sequence>54</sequence>
  <level>START</level>
  <class>com.kms.katalon.core.logging.XmlKeywordLogger</class>
  <method>startKeyword</method>
  <thread>1</thread>
  <message>Start action : zipCode = data.getValue(&amp;quot;Zipcode&amp;quot;, index)</message>
  <nestedLevel>2</nestedLevel>
  <escapedJava>false</escapedJava>
  <property name="startLine">31</property>
  <property name="stepIndex">12</property>
</record>
<record>
  <date>2021-03-22T15:48:39</date>
  <millis>1616408319063</millis>
  <sequence>55</sequence>
  <level>END</level>
  <class>com.kms.katalon.core.logging.XmlKeywordLogger</class>
  <method>endKeyword</method>
  <thread>1</thread>
  <message>End action : zipCode = data.getValue(&amp;quot;Zipcode&amp;quot;, index)</message>
  <nestedLevel>2</nestedLevel>
  <escapedJava>false</escapedJava>
</record>
<record>
  <date>2021-03-22T15:48:39</date>
  <millis>1616408319063</millis>
  <sequence>56</sequence>
  <level>START</level>
  <class>com.kms.katalon.core.logging.XmlKeywordLogger</class>
  <method>startKeyword</method>
  <thread>1</thread>
  <message>Start action : telephone = data.getValue(&amp;quot;Telephone&amp;quot;, index)</message>
  <nestedLevel>2</nestedLevel>
  <escapedJava>false</escapedJava>
  <property name="startLine">32</property>
  <property name="stepIndex">13</property>
</record>
<record>
  <date>2021-03-22T15:48:39</date>
  <millis>1616408319066</millis>
  <sequence>57</sequence>
  <level>END</level>
  <class>com.kms.katalon.core.logging.XmlKeywordLogger</class>
  <method>endKeyword</method>
  <thread>1</thread>
  <message>End action : telephone = data.getValue(&amp;quot;Telephone&amp;quot;, index)</message>
  <nestedLevel>2</nestedLevel>
  <escapedJava>false</escapedJava>
</record>
<record>
  <date>2021-03-22T15:48:39</date>
  <millis>1616408319067</millis>
  <sequence>58</sequence>
  <level>START</level>
  <class>com.kms.katalon.core.logging.XmlKeywordLogger</class>
  <method>startKeyword</method>
  <thread>1</thread>
  <message>Start action : emailAddress = data.getValue(&amp;quot;EmailAddress&amp;quot;, index)</message>
  <nestedLevel>2</nestedLevel>
  <escapedJava>false</escapedJava>
  <property name="startLine">33</property>
  <property name="stepIndex">14</property>
</record>
<record>
  <date>2021-03-22T15:48:39</date>
  <millis>1616408319068</millis>
  <sequence>59</sequence>
  <level>END</level>
  <class>com.kms.katalon.core.logging.XmlKeywordLogger</class>
  <method>endKeyword</method>
  <thread>1</thread>
  <message>End action : emailAddress = data.getValue(&amp;quot;EmailAddress&amp;quot;, index)</message>
  <nestedLevel>2</nestedLevel>
  <escapedJava>false</escapedJava>
</record>
<record>
  <date>2021-03-22T15:48:39</date>
  <millis>1616408319069</millis>
  <sequence>60</sequence>
  <level>START</level>
  <class>com.kms.katalon.core.logging.XmlKeywordLogger</class>
  <method>startKeyword</method>
  <thread>1</thread>
  <message>Start action : cardNum = data.getValue(&amp;quot;CardNumber&amp;quot;, index)</message>
  <nestedLevel>2</nestedLevel>
  <escapedJava>false</escapedJava>
  <property name="startLine">34</property>
  <property name="stepIndex">15</property>
</record>
<record>
  <date>2021-03-22T15:48:39</date>
  <millis>1616408319071</millis>
  <sequence>61</sequence>
  <level>END</level>
  <class>com.kms.katalon.core.logging.XmlKeywordLogger</class>
  <method>endKeyword</method>
  <thread>1</thread>
  <message>End action : cardNum = data.getValue(&amp;quot;CardNumber&amp;quot;, index)</message>
  <nestedLevel>2</nestedLevel>
  <escapedJava>false</escapedJava>
</record>
<record>
  <date>2021-03-22T15:48:39</date>
  <millis>1616408319071</millis>
  <sequence>62</sequence>
  <level>START</level>
  <class>com.kms.katalon.core.logging.XmlKeywordLogger</class>
  <method>startKeyword</method>
  <thread>1</thread>
  <message>Start action : cardType = data.getValue(&amp;quot;CardType&amp;quot;, index)</message>
  <nestedLevel>2</nestedLevel>
  <escapedJava>false</escapedJava>
  <property name="startLine">35</property>
  <property name="stepIndex">16</property>
</record>
<record>
  <date>2021-03-22T15:48:39</date>
  <millis>1616408319074</millis>
  <sequence>63</sequence>
  <level>END</level>
  <class>com.kms.katalon.core.logging.XmlKeywordLogger</class>
  <method>endKeyword</method>
  <thread>1</thread>
  <message>End action : cardType = data.getValue(&amp;quot;CardType&amp;quot;, index)</message>
  <nestedLevel>2</nestedLevel>
  <escapedJava>false</escapedJava>
</record>
<record>
  <date>2021-03-22T15:48:39</date>
  <millis>1616408319075</millis>
  <sequence>64</sequence>
  <level>START</level>
  <class>com.kms.katalon.core.logging.XmlKeywordLogger</class>
  <method>startKeyword</method>
  <thread>1</thread>
  <message>Start action : utilities.SafeActions.openBrowser(Quicksti_Url, [pageLoadTime])</message>
  <nestedLevel>2</nestedLevel>
  <escapedJava>false</escapedJava>
  <property name="startLine">39</property>
  <property name="stepIndex">17</property>
  <property name="description">Open Certpay Quicksti application</property>
</record>
<record>
  <date>2021-03-22T15:48:39</date>
  <millis>1616408319693</millis>
  <sequence>65</sequence>
  <level>INFO</level>
  <class>com.kms.katalon.core.logging.XmlKeywordLogger</class>
  <method>logMessage</method>
  <thread>1</thread>
  <message>Opening Browser</message>
  <nestedLevel>1</nestedLevel>
  <escapedJava>false</escapedJava>
</record>
<record>
  <date>2021-03-22T15:48:40</date>
  <millis>1616408320285</millis>
  <sequence>67</sequence>
  <level>INFO</level>
  <class>com.kms.katalon.core.logging.XmlKeywordLogger</class>
  <method>logMessage</method>
  <thread>1</thread>
  <message>Starting &amp;apos;Chrome&amp;apos; driver</message>
  <nestedLevel>1</nestedLevel>
  <escapedJava>false</escapedJava>
</record>
<record>
  <date>2021-03-22T15:48:40</date>
  <millis>1616408320383</millis>
  <sequence>69</sequence>
  <level>INFO</level>
  <class>com.kms.katalon.core.logging.XmlKeywordLogger</class>
  <method>logMessage</method>
  <thread>1</thread>
  <message>Action delay is set to 0 milliseconds</message>
  <nestedLevel>1</nestedLevel>
  <escapedJava>false</escapedJava>
</record>
<record>
  <date>2021-03-22T15:49:44</date>
  <millis>1616408384861</millis>
  <sequence>73</sequence>
  <level>FAILED</level>
  <class>com.kms.katalon.core.logging.XmlKeywordLogger</class>
  <method>logMessage</method>
  <thread>1</thread>
  <message>Unable to open browser with url: &amp;apos;https://qa-certpayquicksti.faps.net/&amp;apos; (Root cause: com.kms.katalon.core.exception.StepFailedException: Unable to open browser with url: &amp;apos;https://qa-certpayquicksti.faps.net/&amp;apos;
	at com.kms.katalon.core.webui.keyword.internal.WebUIKeywordMain.stepFailed(WebUIKeywordMain.groovy:64)
	at com.kms.katalon.core.webui.keyword.internal.WebUIKeywordMain.runKeyword(WebUIKeywordMain.groovy:26)
	at com.kms.katalon.core.webui.keyword.builtin.OpenBrowserKeyword.openBrowser(OpenBrowserKeyword.groovy:81)
	at com.kms.katalon.core.webui.keyword.builtin.OpenBrowserKeyword.execute(OpenBrowserKeyword.groovy:67)
	at com.kms.katalon.core.keyword.internal.KeywordExecutor.executeKeywordForPlatform(KeywordExecutor.groovy:73)
	at com.kms.katalon.core.webui.keyword.WebUiBuiltInKeywords.openBrowser(WebUiBuiltInKeywords.groovy:63)
	at com.kms.katalon.core.webui.keyword.WebUiBuiltInKeywords$openBrowser.call(Unknown Source)
	at utilities.SafeActions.openBrowser(SafeActions.groovy:40)
	at utilities.SafeActions.invokeMethod(SafeActions.groovy)
	at com.kms.katalon.core.main.CustomKeywordDelegatingMetaClass.invokeStaticMethod(CustomKeywordDelegatingMetaClass.java:50)
	at TC_001_SingleBureauSite_SingleLinePayment.run(TC_001_SingleBureauSite_SingleLinePayment:39)
	at com.kms.katalon.core.main.ScriptEngine.run(ScriptEngine.java:194)
	at com.kms.katalon.core.main.ScriptEngine.runScriptAsRawText(ScriptEngine.java:119)
	at com.kms.katalon.core.main.TestCaseExecutor.runScript(TestCaseExecutor.java:398)
	at com.kms.katalon.core.main.TestCaseExecutor.doExecute(TestCaseExecutor.java:389)
	at com.kms.katalon.core.main.TestCaseExecutor.processExecutionPhase(TestCaseExecutor.java:368)
	at com.kms.katalon.core.main.TestCaseExecutor.accessMainPhase(TestCaseExecutor.java:360)
	at com.kms.katalon.core.main.TestCaseExecutor.execute(TestCaseExecutor.java:255)
	at com.kms.katalon.core.main.TestSuiteExecutor.accessTestCaseMainPhase(TestSuiteExecutor.java:203)
	at com.kms.katalon.core.main.TestSuiteExecutor.accessTestSuiteMainPhase(TestSuiteExecutor.java:152)
	at com.kms.katalon.core.main.TestSuiteExecutor.execute(TestSuiteExecutor.java:95)
	at com.kms.katalon.core.main.TestCaseMain.startTestSuite(TestCaseMain.java:157)
	at com.kms.katalon.core.main.TestCaseMain$startTestSuite$0.call(Unknown Source)
	at TempTestSuite1616408280822.run(TempTestSuite1616408280822.groovy:39)
Caused by: org.openqa.selenium.SessionNotCreatedException: session not created
from disconnected: received Inspector.detached event
  (Session info: chrome=89.0.4389.90)
Build info: version: &amp;apos;3.141.59&amp;apos;, revision: &amp;apos;e82be7d358&amp;apos;, time: &amp;apos;2018-11-14T08:25:53&amp;apos;
System info: host: &amp;apos;KNILA-K20201101&amp;apos;, ip: &amp;apos;172.31.252.138&amp;apos;, os.name: &amp;apos;Windows 10&amp;apos;, os.arch: &amp;apos;amd64&amp;apos;, os.version: &amp;apos;10.0&amp;apos;, java.version: &amp;apos;1.8.0_181&amp;apos;
Driver info: driver.version: CChromeDriver
remote stacktrace: Backtrace:
	GetHandleVerifier [0x00F6B963+483]
	GetHandleVerifier [0x00F6B941+449]
	GetHandleVerifier [0x01313308+3832712]
	GetHandleVerifier [0x01308314+3787668]
	GetHandleVerifier [0x01308028+3786920]
	GetHandleVerifier [0x013076CD+3784525]
	GetHandleVerifier [0x01306A47+3781319]
	GetHandleVerifier [0x01306E36+3782326]
	GetHandleVerifier [0x01306765+3780581]
	GetHandleVerifier [0x0130FB21+3818401]
	GetHandleVerifier [0x01306721+3780513]
	GetHandleVerifier [0x013074B2+3783986]
	GetHandleVerifier [0x01306A47+3781319]
	GetHandleVerifier [0x01306E36+3782326]
	GetHandleVerifier [0x01306765+3780581]
	GetHandleVerifier [0x0130DF9C+3811356]
	GetHandleVerifier [0x01306721+3780513]
	GetHandleVerifier [0x013074B2+3783986]
	GetHandleVerifier [0x01306A47+3781319]
	GetHandleVerifier [0x01306E36+3782326]
	GetHandleVerifier [0x01306765+3780581]
	GetHandleVerifier [0x0130C392+3804178]
	GetHandleVerifier [0x01306721+3780513]
	GetHandleVerifier [0x013074B2+3783986]
	GetHandleVerifier [0x01306A47+3781319]
	GetHandleVerifier [0x01306E36+3782326]
	GetHandleVerifier [0x01306765+3780581]
	GetHandleVerifier [0x0130B655+3800789]
	GetHandleVerifier [0x01306721+3780513]
	GetHandleVerifier [0x013074B2+3783986]
	GetHandleVerifier [0x01306A47+3781319]
	GetHandleVerifier [0x01306E36+3782326]
	GetHandleVerifier [0x01306765+3780581]
	GetHandleVerifier [0x01302F46+3766214]
	GetHandleVerifier [0x01306721+3780513]
	GetHandleVerifier [0x01306543+3780035]
	GetHandleVerifier [0x01306337+3779511]
	GetHandleVerifier [0x01314540+3837376]
	GetHandleVerifier [0x0134F4BC+4078908]
	GetHandleVerifier [0x0134E56C+4074988]
	GetHandleVerifier [0x0134B2EB+4062059]
	GetHandleVerifier [0x0132ED14+3945876]
	GetHandleVerifier [0x0132FBCE+3949646]
	GetHandleVerifier [0x0132FB59+3949529]
	Ordinal0 [0x00F2B5CC+46540]
	Ordinal0 [0x00F29F53+40787]
	Ordinal0 [0x00F29B12+39698]
	GetHandleVerifier [0x01231468+2907368]
	GetHandleVerifier [0x010771EE+1096302]
	GetHandleVerifier [0x01033E8D+821005]
	GetHandleVerifier [0x0103396B+819691]
	GetHandleVerifier [0x01033881+819457]
	GetHandleVerifier [0x0105F463+998627]
	BaseThreadInitThunk [0x75A0FA29+25]
	RtlGetAppContainerNamedObjectPath [0x77527C7E+286]
	RtlGetAppContainerNamedObjectPath [0x77527C4E+238]

	at org.openqa.selenium.remote.W3CHandshakeResponse.lambda$errorHandler$0(W3CHandshakeResponse.java:62)
	at org.openqa.selenium.remote.HandshakeResponse.lambda$getResponseFunction$0(HandshakeResponse.java:30)
	at org.openqa.selenium.remote.ProtocolHandshake.lambda$createSession$0(ProtocolHandshake.java:126)
	at org.openqa.selenium.remote.ProtocolHandshake.createSession(ProtocolHandshake.java:128)
	at org.openqa.selenium.remote.ProtocolHandshake.createSession(ProtocolHandshake.java:74)
	at org.openqa.selenium.remote.HttpCommandExecutor.execute(HttpCommandExecutor.java:136)
	at org.openqa.selenium.remote.service.DriverCommandExecutor.execute(DriverCommandExecutor.java:83)
	at org.openqa.selenium.remote.RemoteWebDriver.execute(RemoteWebDriver.java:552)
	at com.kms.katalon.selenium.driver.CChromeDriver.execute(CChromeDriver.java:19)
	at org.openqa.selenium.remote.RemoteWebDriver.startSession(RemoteWebDriver.java:213)
	at org.openqa.selenium.remote.RemoteWebDriver.&amp;lt;init&amp;gt;(RemoteWebDriver.java:131)
	at org.openqa.selenium.chrome.ChromeDriver.&amp;lt;init&amp;gt;(ChromeDriver.java:181)
	at org.openqa.selenium.chrome.ChromeDriver.&amp;lt;init&amp;gt;(ChromeDriver.java:147)
	at com.kms.katalon.selenium.driver.CChromeDriver.&amp;lt;init&amp;gt;(CChromeDriver.java:13)
	at com.kms.katalon.core.webui.driver.DriverFactory.createNewChromeDriver(DriverFactory.java:400)
	at com.kms.katalon.core.webui.driver.DriverFactory.startNewBrowser(DriverFactory.java:358)
	at com.kms.katalon.core.webui.driver.DriverFactory.openWebDriver(DriverFactory.java:245)
	at com.kms.katalon.core.webui.keyword.builtin.OpenBrowserKeyword$_openBrowser_closure1.doCall(OpenBrowserKeyword.groovy:74)
	at com.kms.katalon.core.webui.keyword.builtin.OpenBrowserKeyword$_openBrowser_closure1.call(OpenBrowserKeyword.groovy)
	at com.kms.katalon.core.webui.keyword.internal.WebUIKeywordMain.runKeyword(WebUIKeywordMain.groovy:20)
	at com.kms.katalon.core.webui.keyword.builtin.OpenBrowserKeyword.openBrowser(OpenBrowserKeyword.groovy:81)
	at com.kms.katalon.core.webui.keyword.builtin.OpenBrowserKeyword.execute(OpenBrowserKeyword.groovy:67)
	at com.kms.katalon.core.keyword.internal.KeywordExecutor.executeKeywordForPlatform(KeywordExecutor.groovy:73)
	at com.kms.katalon.core.webui.keyword.WebUiBuiltInKeywords.openBrowser(WebUiBuiltInKeywords.groovy:63)
	at com.kms.katalon.core.webui.keyword.WebUiBuiltInKeywords$openBrowser.call(Unknown Source)
	at utilities.SafeActions.openBrowser(SafeActions.groovy:40)
	at utilities.SafeActions.invokeMethod(SafeActions.groovy)
	at com.kms.katalon.core.main.CustomKeywordDelegatingMetaClass.invokeStaticMethod(CustomKeywordDelegatingMetaClass.java:50)
	at Script1572264684393.run(Script1572264684393.groovy:39)
	... 13 more
)</message>
  <nestedLevel>1</nestedLevel>
  <escapedJava>false</escapedJava>
  <property name="failed.exception.class">org.openqa.selenium.SessionNotCreatedException</property>
  <property name="failed.exception.stacktrace">org.openqa.selenium.SessionNotCreatedException: session not created
from disconnected: received Inspector.detached event
  (Session info: chrome=89.0.4389.90)
Build info: version: &apos;3.141.59&apos;, revision: &apos;e82be7d358&apos;, time: &apos;2018-11-14T08:25:53&apos;
System info: host: &apos;KNILA-K20201101&apos;, ip: &apos;172.31.252.138&apos;, os.name: &apos;Windows 10&apos;, os.arch: &apos;amd64&apos;, os.version: &apos;10.0&apos;, java.version: &apos;1.8.0_181&apos;
Driver info: driver.version: CChromeDriver
remote stacktrace: Backtrace:
	GetHandleVerifier [0x00F6B963+483]
	GetHandleVerifier [0x00F6B941+449]
	GetHandleVerifier [0x01313308+3832712]
	GetHandleVerifier [0x01308314+3787668]
	GetHandleVerifier [0x01308028+3786920]
	GetHandleVerifier [0x013076CD+3784525]
	GetHandleVerifier [0x01306A47+3781319]
	GetHandleVerifier [0x01306E36+3782326]
	GetHandleVerifier [0x01306765+3780581]
	GetHandleVerifier [0x0130FB21+3818401]
	GetHandleVerifier [0x01306721+3780513]
	GetHandleVerifier [0x013074B2+3783986]
	GetHandleVerifier [0x01306A47+3781319]
	GetHandleVerifier [0x01306E36+3782326]
	GetHandleVerifier [0x01306765+3780581]
	GetHandleVerifier [0x0130DF9C+3811356]
	GetHandleVerifier [0x01306721+3780513]
	GetHandleVerifier [0x013074B2+3783986]
	GetHandleVerifier [0x01306A47+3781319]
	GetHandleVerifier [0x01306E36+3782326]
	GetHandleVerifier [0x01306765+3780581]
	GetHandleVerifier [0x0130C392+3804178]
	GetHandleVerifier [0x01306721+3780513]
	GetHandleVerifier [0x013074B2+3783986]
	GetHandleVerifier [0x01306A47+3781319]
	GetHandleVerifier [0x01306E36+3782326]
	GetHandleVerifier [0x01306765+3780581]
	GetHandleVerifier [0x0130B655+3800789]
	GetHandleVerifier [0x01306721+3780513]
	GetHandleVerifier [0x013074B2+3783986]
	GetHandleVerifier [0x01306A47+3781319]
	GetHandleVerifier [0x01306E36+3782326]
	GetHandleVerifier [0x01306765+3780581]
	GetHandleVerifier [0x01302F46+3766214]
	GetHandleVerifier [0x01306721+3780513]
	GetHandleVerifier [0x01306543+3780035]
	GetHandleVerifier [0x01306337+3779511]
	GetHandleVerifier [0x01314540+3837376]
	GetHandleVerifier [0x0134F4BC+4078908]
	GetHandleVerifier [0x0134E56C+4074988]
	GetHandleVerifier [0x0134B2EB+4062059]
	GetHandleVerifier [0x0132ED14+3945876]
	GetHandleVerifier [0x0132FBCE+3949646]
	GetHandleVerifier [0x0132FB59+3949529]
	Ordinal0 [0x00F2B5CC+46540]
	Ordinal0 [0x00F29F53+40787]
	Ordinal0 [0x00F29B12+39698]
	GetHandleVerifier [0x01231468+2907368]
	GetHandleVerifier [0x010771EE+1096302]
	GetHandleVerifier [0x01033E8D+821005]
	GetHandleVerifier [0x0103396B+819691]
	GetHandleVerifier [0x01033881+819457]
	GetHandleVerifier [0x0105F463+998627]
	BaseThreadInitThunk [0x75A0FA29+25]
	RtlGetAppContainerNamedObjectPath [0x77527C7E+286]
	RtlGetAppContainerNamedObjectPath [0x77527C4E+238]

	at org.openqa.selenium.remote.W3CHandshakeResponse.lambda$errorHandler$0(W3CHandshakeResponse.java:62)
	at org.openqa.selenium.remote.HandshakeResponse.lambda$getResponseFunction$0(HandshakeResponse.java:30)
	at org.openqa.selenium.remote.ProtocolHandshake.lambda$createSession$0(ProtocolHandshake.java:126)
	at org.openqa.selenium.remote.ProtocolHandshake.createSession(ProtocolHandshake.java:128)
	at org.openqa.selenium.remote.ProtocolHandshake.createSession(ProtocolHandshake.java:74)
	at org.openqa.selenium.remote.HttpCommandExecutor.execute(HttpCommandExecutor.java:136)
	at org.openqa.selenium.remote.service.DriverCommandExecutor.execute(DriverCommandExecutor.java:83)
	at org.openqa.selenium.remote.RemoteWebDriver.execute(RemoteWebDriver.java:552)
	at com.kms.katalon.selenium.driver.CChromeDriver.execute(CChromeDriver.java:19)
	at org.openqa.selenium.remote.RemoteWebDriver.startSession(RemoteWebDriver.java:213)
	at org.openqa.selenium.remote.RemoteWebDriver.&lt;init&gt;(RemoteWebDriver.java:131)
	at org.openqa.selenium.chrome.ChromeDriver.&lt;init&gt;(ChromeDriver.java:181)
	at org.openqa.selenium.chrome.ChromeDriver.&lt;init&gt;(ChromeDriver.java:147)
	at com.kms.katalon.selenium.driver.CChromeDriver.&lt;init&gt;(CChromeDriver.java:13)
	at com.kms.katalon.core.webui.driver.DriverFactory.createNewChromeDriver(DriverFactory.java:400)
	at com.kms.katalon.core.webui.driver.DriverFactory.startNewBrowser(DriverFactory.java:358)
	at com.kms.katalon.core.webui.driver.DriverFactory.openWebDriver(DriverFactory.java:245)
	at com.kms.katalon.core.webui.keyword.builtin.OpenBrowserKeyword$_openBrowser_closure1.doCall(OpenBrowserKeyword.groovy:74)
	at com.kms.katalon.core.webui.keyword.builtin.OpenBrowserKeyword$_openBrowser_closure1.call(OpenBrowserKeyword.groovy)
	at com.kms.katalon.core.webui.keyword.internal.WebUIKeywordMain.runKeyword(WebUIKeywordMain.groovy:20)
	at com.kms.katalon.core.webui.keyword.builtin.OpenBrowserKeyword.openBrowser(OpenBrowserKeyword.groovy:81)
	at com.kms.katalon.core.webui.keyword.builtin.OpenBrowserKeyword.execute(OpenBrowserKeyword.groovy:67)
	at com.kms.katalon.core.keyword.internal.KeywordExecutor.executeKeywordForPlatform(KeywordExecutor.groovy:73)
	at com.kms.katalon.core.webui.keyword.WebUiBuiltInKeywords.openBrowser(WebUiBuiltInKeywords.groovy:63)
	at com.kms.katalon.core.webui.keyword.WebUiBuiltInKeywords$openBrowser.call(Unknown Source)
	at utilities.SafeActions.openBrowser(SafeActions.groovy:40)
	at utilities.SafeActions.invokeMethod(SafeActions.groovy)
	at com.kms.katalon.core.main.CustomKeywordDelegatingMetaClass.invokeStaticMethod(CustomKeywordDelegatingMetaClass.java:50)
	at TC_001_SingleBureauSite_SingleLinePayment.run(TC_001_SingleBureauSite_SingleLinePayment:39)
	at com.kms.katalon.core.main.ScriptEngine.run(ScriptEngine.java:194)
	at com.kms.katalon.core.main.ScriptEngine.runScriptAsRawText(ScriptEngine.java:119)
	at com.kms.katalon.core.main.TestCaseExecutor.runScript(TestCaseExecutor.java:398)
	at com.kms.katalon.core.main.TestCaseExecutor.doExecute(TestCaseExecutor.java:389)
	at com.kms.katalon.core.main.TestCaseExecutor.processExecutionPhase(TestCaseExecutor.java:368)
	at com.kms.katalon.core.main.TestCaseExecutor.accessMainPhase(TestCaseExecutor.java:360)
	at com.kms.katalon.core.main.TestCaseExecutor.execute(TestCaseExecutor.java:255)
	at com.kms.katalon.core.main.TestSuiteExecutor.accessTestCaseMainPhase(TestSuiteExecutor.java:203)
	at com.kms.katalon.core.main.TestSuiteExecutor.accessTestSuiteMainPhase(TestSuiteExecutor.java:152)
	at com.kms.katalon.core.main.TestSuiteExecutor.execute(TestSuiteExecutor.java:95)
	at com.kms.katalon.core.main.TestCaseMain.startTestSuite(TestCaseMain.java:157)
	at com.kms.katalon.core.main.TestCaseMain$startTestSuite$0.call(Unknown Source)
	at TempTestSuite1616408280822.run(TempTestSuite1616408280822.groovy:39)
</property>
  <property name="failed.exception.message">session not created
from disconnected: received Inspector.detached event
  (Session info: chrome=89.0.4389.90)
Build info: version: &apos;3.141.59&apos;, revision: &apos;e82be7d358&apos;, time: &apos;2018-11-14T08:25:53&apos;
System info: host: &apos;KNILA-K20201101&apos;, ip: &apos;172.31.252.138&apos;, os.name: &apos;Windows 10&apos;, os.arch: &apos;amd64&apos;, os.version: &apos;10.0&apos;, java.version: &apos;1.8.0_181&apos;
Driver info: driver.version: CChromeDriver
remote stacktrace: Backtrace:
	GetHandleVerifier [0x00F6B963+483]
	GetHandleVerifier [0x00F6B941+449]
	GetHandleVerifier [0x01313308+3832712]
	GetHandleVerifier [0x01308314+3787668]
	GetHandleVerifier [0x01308028+3786920]
	GetHandleVerifier [0x013076CD+3784525]
	GetHandleVerifier [0x01306A47+3781319]
	GetHandleVerifier [0x01306E36+3782326]
	GetHandleVerifier [0x01306765+3780581]
	GetHandleVerifier [0x0130FB21+3818401]
	GetHandleVerifier [0x01306721+3780513]
	GetHandleVerifier [0x013074B2+3783986]
	GetHandleVerifier [0x01306A47+3781319]
	GetHandleVerifier [0x01306E36+3782326]
	GetHandleVerifier [0x01306765+3780581]
	GetHandleVerifier [0x0130DF9C+3811356]
	GetHandleVerifier [0x01306721+3780513]
	GetHandleVerifier [0x013074B2+3783986]
	GetHandleVerifier [0x01306A47+3781319]
	GetHandleVerifier [0x01306E36+3782326]
	GetHandleVerifier [0x01306765+3780581]
	GetHandleVerifier [0x0130C392+3804178]
	GetHandleVerifier [0x01306721+3780513]
	GetHandleVerifier [0x013074B2+3783986]
	GetHandleVerifier [0x01306A47+3781319]
	GetHandleVerifier [0x01306E36+3782326]
	GetHandleVerifier [0x01306765+3780581]
	GetHandleVerifier [0x0130B655+3800789]
	GetHandleVerifier [0x01306721+3780513]
	GetHandleVerifier [0x013074B2+3783986]
	GetHandleVerifier [0x01306A47+3781319]
	GetHandleVerifier [0x01306E36+3782326]
	GetHandleVerifier [0x01306765+3780581]
	GetHandleVerifier [0x01302F46+3766214]
	GetHandleVerifier [0x01306721+3780513]
	GetHandleVerifier [0x01306543+3780035]
	GetHandleVerifier [0x01306337+3779511]
	GetHandleVerifier [0x01314540+3837376]
	GetHandleVerifier [0x0134F4BC+4078908]
	GetHandleVerifier [0x0134E56C+4074988]
	GetHandleVerifier [0x0134B2EB+4062059]
	GetHandleVerifier [0x0132ED14+3945876]
	GetHandleVerifier [0x0132FBCE+3949646]
	GetHandleVerifier [0x0132FB59+3949529]
	Ordinal0 [0x00F2B5CC+46540]
	Ordinal0 [0x00F29F53+40787]
	Ordinal0 [0x00F29B12+39698]
	GetHandleVerifier [0x01231468+2907368]
	GetHandleVerifier [0x010771EE+1096302]
	GetHandleVerifier [0x01033E8D+821005]
	GetHandleVerifier [0x0103396B+819691]
	GetHandleVerifier [0x01033881+819457]
	GetHandleVerifier [0x0105F463+998627]
	BaseThreadInitThunk [0x75A0FA29+25]
	RtlGetAppContainerNamedObjectPath [0x77527C7E+286]
	RtlGetAppContainerNamedObjectPath [0x77527C4E+238]
</property>
</record>
<record>
  <date>2021-03-22T15:49:45</date>
  <millis>1616408385082</millis>
  <sequence>75</sequence>
  <level>ERROR</level>
  <class>com.kms.katalon.core.logging.XmlKeywordLogger</class>
  <method>logMessage</method>
  <thread>1</thread>
  <message>groovy.lang.MissingMethodException: No signature of method: static com.kms.katalon.core.util.KeywordUtil.Error() is applicable for argument types: (java.lang.String) values: [Unable to open browser]
Possible solutions: markError(java.lang.String), grep(), every(), iterator(), getAt(java.lang.String), grep(java.lang.Object)</message>
  <nestedLevel>1</nestedLevel>
  <escapedJava>false</escapedJava>
  <property name="failed.exception.class">groovy.lang.MissingMethodException</property>
  <property name="failed.exception.stacktrace">groovy.lang.MissingMethodException: No signature of method: static com.kms.katalon.core.util.KeywordUtil.Error() is applicable for argument types: (java.lang.String) values: [Unable to open browser]
Possible solutions: markError(java.lang.String), grep(), every(), iterator(), getAt(java.lang.String), grep(java.lang.Object)
	at utilities.SafeActions.openBrowser(SafeActions.groovy:49)
	at utilities.SafeActions.invokeMethod(SafeActions.groovy)
	at com.kms.katalon.core.main.CustomKeywordDelegatingMetaClass.invokeStaticMethod(CustomKeywordDelegatingMetaClass.java:50)
	at TC_001_SingleBureauSite_SingleLinePayment.run(TC_001_SingleBureauSite_SingleLinePayment:39)
	at com.kms.katalon.core.main.ScriptEngine.run(ScriptEngine.java:194)
	at com.kms.katalon.core.main.ScriptEngine.runScriptAsRawText(ScriptEngine.java:119)
	at com.kms.katalon.core.main.TestCaseExecutor.runScript(TestCaseExecutor.java:398)
	at com.kms.katalon.core.main.TestCaseExecutor.doExecute(TestCaseExecutor.java:389)
	at com.kms.katalon.core.main.TestCaseExecutor.processExecutionPhase(TestCaseExecutor.java:368)
	at com.kms.katalon.core.main.TestCaseExecutor.accessMainPhase(TestCaseExecutor.java:360)
	at com.kms.katalon.core.main.TestCaseExecutor.execute(TestCaseExecutor.java:255)
	at com.kms.katalon.core.main.TestSuiteExecutor.accessTestCaseMainPhase(TestSuiteExecutor.java:203)
	at com.kms.katalon.core.main.TestSuiteExecutor.accessTestSuiteMainPhase(TestSuiteExecutor.java:152)
	at com.kms.katalon.core.main.TestSuiteExecutor.execute(TestSuiteExecutor.java:95)
	at com.kms.katalon.core.main.TestCaseMain.startTestSuite(TestCaseMain.java:157)
	at com.kms.katalon.core.main.TestCaseMain$startTestSuite$0.call(Unknown Source)
	at TempTestSuite1616408280822.run(TempTestSuite1616408280822.groovy:39)
</property>
  <property name="failed.exception.message">No signature of method: static com.kms.katalon.core.util.KeywordUtil.Error() is applicable for argument types: (java.lang.String) values: [Unable to open browser]
Possible solutions: markError(java.lang.String), grep(), every(), iterator(), getAt(java.lang.String), grep(java.lang.Object)</property>
</record>
<record>
  <date>2021-03-22T15:49:45</date>
  <millis>1616408385101</millis>
  <sequence>76</sequence>
  <level>END</level>
  <class>com.kms.katalon.core.logging.XmlKeywordLogger</class>
  <method>endKeyword</method>
  <thread>1</thread>
  <message>End action : utilities.SafeActions.openBrowser(Quicksti_Url, [pageLoadTime])</message>
  <nestedLevel>2</nestedLevel>
  <escapedJava>false</escapedJava>
</record>
<record>
  <date>2021-03-22T15:49:45</date>
  <millis>1616408385102</millis>
  <sequence>77</sequence>
  <level>END</level>
  <class>com.kms.katalon.core.logging.XmlKeywordLogger</class>
  <method>endKeyword</method>
  <thread>1</thread>
  <message>End action : for (def index : (1..data.getRowNumbers()))</message>
  <nestedLevel>1</nestedLevel>
  <escapedJava>false</escapedJava>
</record>
<record>
  <date>2021-03-22T15:49:45</date>
  <millis>1616408385105</millis>
  <sequence>80</sequence>
  <level>ERROR</level>
  <class>com.kms.katalon.core.logging.XmlKeywordLogger</class>
  <method>logMessage</method>
  <thread>1</thread>
  <message>Test Cases/Certpay_Quicksti/TC_001_SingleBureauSite_SingleLinePayment FAILED.
Reason:
org.codehaus.groovy.runtime.InvokerInvocationException: groovy.lang.MissingMethodException: No signature of method: static com.kms.katalon.core.util.KeywordUtil.Error() is applicable for argument types: (java.lang.String) values: [Unable to open browser]
Possible solutions: markError(java.lang.String), grep(), every(), iterator(), getAt(java.lang.String), grep(java.lang.Object)
	at utilities.SafeActions.invokeMethod(SafeActions.groovy)
	at com.kms.katalon.core.main.CustomKeywordDelegatingMetaClass.invokeStaticMethod(CustomKeywordDelegatingMetaClass.java:50)
	at TC_001_SingleBureauSite_SingleLinePayment.run(TC_001_SingleBureauSite_SingleLinePayment:39)
	at com.kms.katalon.core.main.ScriptEngine.run(ScriptEngine.java:194)
	at com.kms.katalon.core.main.ScriptEngine.runScriptAsRawText(ScriptEngine.java:119)
	at com.kms.katalon.core.main.TestCaseExecutor.runScript(TestCaseExecutor.java:398)
	at com.kms.katalon.core.main.TestCaseExecutor.doExecute(TestCaseExecutor.java:389)
	at com.kms.katalon.core.main.TestCaseExecutor.processExecutionPhase(TestCaseExecutor.java:368)
	at com.kms.katalon.core.main.TestCaseExecutor.accessMainPhase(TestCaseExecutor.java:360)
	at com.kms.katalon.core.main.TestCaseExecutor.execute(TestCaseExecutor.java:255)
	at com.kms.katalon.core.main.TestSuiteExecutor.accessTestCaseMainPhase(TestSuiteExecutor.java:203)
	at com.kms.katalon.core.main.TestSuiteExecutor.accessTestSuiteMainPhase(TestSuiteExecutor.java:152)
	at com.kms.katalon.core.main.TestSuiteExecutor.execute(TestSuiteExecutor.java:95)
	at com.kms.katalon.core.main.TestCaseMain.startTestSuite(TestCaseMain.java:157)
	at com.kms.katalon.core.main.TestCaseMain$startTestSuite$0.call(Unknown Source)
	at TempTestSuite1616408280822.run(TempTestSuite1616408280822.groovy:39)
Caused by: groovy.lang.MissingMethodException: No signature of method: static com.kms.katalon.core.util.KeywordUtil.Error() is applicable for argument types: (java.lang.String) values: [Unable to open browser]
Possible solutions: markError(java.lang.String), grep(), every(), iterator(), getAt(java.lang.String), grep(java.lang.Object)
	at utilities.SafeActions.openBrowser(SafeActions.groovy:49)
	... 16 more
</message>
  <exception>
    <message>org.codehaus.groovy.runtime.InvokerInvocationException: groovy.lang.MissingMethodException: No signature of method: static com.kms.katalon.core.util.KeywordUtil.Error() is applicable for argument types: (java.lang.String) values: [Unable to open browser]
Possible solutions: markError(java.lang.String), grep(), every(), iterator(), getAt(java.lang.String), grep(java.lang.Object)</message>
    <frame>
      <class>utilities.SafeActions</class>
      <method>invokeMethod</method>
    </frame>
    <frame>
      <class>com.kms.katalon.core.main.CustomKeywordDelegatingMetaClass</class>
      <method>invokeStaticMethod</method>
      <line>50</line>
    </frame>
    <frame>
      <class>TC_001_SingleBureauSite_SingleLinePayment</class>
      <method>run</method>
      <line>39</line>
    </frame>
    <frame>
      <class>com.kms.katalon.core.main.ScriptEngine</class>
      <method>run</method>
      <line>194</line>
    </frame>
    <frame>
      <class>com.kms.katalon.core.main.ScriptEngine</class>
      <method>runScriptAsRawText</method>
      <line>119</line>
    </frame>
    <frame>
      <class>com.kms.katalon.core.main.TestCaseExecutor</class>
      <method>runScript</method>
      <line>398</line>
    </frame>
    <frame>
      <class>com.kms.katalon.core.main.TestCaseExecutor</class>
      <method>doExecute</method>
      <line>389</line>
    </frame>
    <frame>
      <class>com.kms.katalon.core.main.TestCaseExecutor</class>
      <method>processExecutionPhase</method>
      <line>368</line>
    </frame>
    <frame>
      <class>com.kms.katalon.core.main.TestCaseExecutor</class>
      <method>accessMainPhase</method>
      <line>360</line>
    </frame>
    <frame>
      <class>com.kms.katalon.core.main.TestCaseExecutor</class>
      <method>execute</method>
      <line>255</line>
    </frame>
    <frame>
      <class>com.kms.katalon.core.main.TestSuiteExecutor</class>
      <method>accessTestCaseMainPhase</method>
      <line>203</line>
    </frame>
    <frame>
      <class>com.kms.katalon.core.main.TestSuiteExecutor</class>
      <method>accessTestSuiteMainPhase</method>
      <line>152</line>
    </frame>
    <frame>
      <class>com.kms.katalon.core.main.TestSuiteExecutor</class>
      <method>execute</method>
      <line>95</line>
    </frame>
    <frame>
      <class>com.kms.katalon.core.main.TestCaseMain</class>
      <method>startTestSuite</method>
      <line>157</line>
    </frame>
    <frame>
      <class>com.kms.katalon.core.main.TestCaseMain$startTestSuite$0</class>
      <method>call</method>
    </frame>
    <frame>
      <class>TempTestSuite1616408280822</class>
      <method>run</method>
      <line>39</line>
    </frame>
  </exception>
  <nestedLevel>0</nestedLevel>
  <escapedJava>false</escapedJava>
  <property name="failed.exception.stacktrace">groovy.lang.MissingMethodException: No signature of method: static com.kms.katalon.core.util.KeywordUtil.Error() is applicable for argument types: (java.lang.String) values: [Unable to open browser]
Possible solutions: markError(java.lang.String), grep(), every(), iterator(), getAt(java.lang.String), grep(java.lang.Object)
	at utilities.SafeActions.openBrowser(SafeActions.groovy:49)
	at utilities.SafeActions.invokeMethod(SafeActions.groovy)
	at com.kms.katalon.core.main.CustomKeywordDelegatingMetaClass.invokeStaticMethod(CustomKeywordDelegatingMetaClass.java:50)
	at TC_001_SingleBureauSite_SingleLinePayment.run(TC_001_SingleBureauSite_SingleLinePayment:39)
	at com.kms.katalon.core.main.ScriptEngine.run(ScriptEngine.java:194)
	at com.kms.katalon.core.main.ScriptEngine.runScriptAsRawText(ScriptEngine.java:119)
	at com.kms.katalon.core.main.TestCaseExecutor.runScript(TestCaseExecutor.java:398)
	at com.kms.katalon.core.main.TestCaseExecutor.doExecute(TestCaseExecutor.java:389)
	at com.kms.katalon.core.main.TestCaseExecutor.processExecutionPhase(TestCaseExecutor.java:368)
	at com.kms.katalon.core.main.TestCaseExecutor.accessMainPhase(TestCaseExecutor.java:360)
	at com.kms.katalon.core.main.TestCaseExecutor.execute(TestCaseExecutor.java:255)
	at com.kms.katalon.core.main.TestSuiteExecutor.accessTestCaseMainPhase(TestSuiteExecutor.java:203)
	at com.kms.katalon.core.main.TestSuiteExecutor.accessTestSuiteMainPhase(TestSuiteExecutor.java:152)
	at com.kms.katalon.core.main.TestSuiteExecutor.execute(TestSuiteExecutor.java:95)
	at com.kms.katalon.core.main.TestCaseMain.startTestSuite(TestCaseMain.java:157)
	at com.kms.katalon.core.main.TestCaseMain$startTestSuite$0.call(Unknown Source)
	at TempTestSuite1616408280822.run(TempTestSuite1616408280822.groovy:39)
</property>
  <property name="failed.exception.class">groovy.lang.MissingMethodException</property>
  <property name="failed.exception.message">No signature of method: static com.kms.katalon.core.util.KeywordUtil.Error() is applicable for argument types: (java.lang.String) values: [Unable to open browser]
Possible solutions: markError(java.lang.String), grep(), every(), iterator(), getAt(java.lang.String), grep(java.lang.Object)</property>
</record>
<record>
  <date>2021-03-22T15:49:45</date>
  <millis>1616408385195</millis>
  <sequence>82</sequence>
  <level>START</level>
  <class>com.kms.katalon.core.logging.XmlKeywordLogger</class>
  <method>startKeyword</method>
  <thread>1</thread>
  <message>Start listener action : afterTestCase</message>
  <nestedLevel>1</nestedLevel>
  <escapedJava>false</escapedJava>
</record>
<record>
  <date>2021-03-22T15:49:45</date>
  <millis>1616408385196</millis>
  <sequence>84</sequence>
  <level>START</level>
  <class>com.kms.katalon.core.logging.XmlKeywordLogger</class>
  <method>startKeyword</method>
  <thread>1</thread>
  <message>Start action : closeBrowser()</message>
  <nestedLevel>1</nestedLevel>
  <escapedJava>false</escapedJava>
  <property name="startLine">44</property>
  <property name="stepIndex">1</property>
</record>
<record>
  <date>2021-03-22T15:49:45</date>
  <millis>1616408385230</millis>
  <sequence>86</sequence>
  <level>PASSED</level>
  <class>com.kms.katalon.core.logging.XmlKeywordLogger</class>
  <method>logMessage</method>
  <thread>1</thread>
  <message>Browser is closed</message>
  <nestedLevel>1</nestedLevel>
  <escapedJava>false</escapedJava>
  <property name="testops-method-name">com.kms.katalon.core.webui.keyword.builtin.CloseBrowserKeyword.closeBrowser</property>
  <property name="testops-execution-stacktrace"></property>
</record>
<record>
  <date>2021-03-22T15:49:45</date>
  <millis>1616408385230</millis>
  <sequence>88</sequence>
  <level>END</level>
  <class>com.kms.katalon.core.logging.XmlKeywordLogger</class>
  <method>endKeyword</method>
  <thread>1</thread>
  <message>End action : closeBrowser()</message>
  <nestedLevel>1</nestedLevel>
  <escapedJava>false</escapedJava>
</record>
<record>
  <date>2021-03-22T15:49:45</date>
  <millis>1616408385231</millis>
  <sequence>89</sequence>
  <level>END</level>
  <class>com.kms.katalon.core.logging.XmlKeywordLogger</class>
  <method>endKeyword</method>
  <thread>1</thread>
  <message>End listener action : afterTestCase</message>
  <nestedLevel>1</nestedLevel>
  <escapedJava>false</escapedJava>
</record>
<record>
  <date>2021-03-22T15:49:45</date>
  <millis>1616408385231</millis>
  <sequence>90</sequence>
  <level>END</level>
  <class>com.kms.katalon.core.logging.XmlKeywordLogger</class>
  <method>endTest</method>
  <thread>1</thread>
  <message>End Test Case : Test Cases/Certpay_Quicksti/TC_001_SingleBureauSite_SingleLinePayment</message>
  <nestedLevel>0</nestedLevel>
  <escapedJava>false</escapedJava>
</record>
<record>
  <date>2021-03-22T15:49:45</date>
  <millis>1616408385863</millis>
  <sequence>91</sequence>
  <level>START</level>
  <class>com.kms.katalon.core.logging.XmlKeywordLogger</class>
  <method>startTest</method>
  <thread>1</thread>
  <message>Start Test Case : Test Cases/Certpay_Quicksti/TC_002_MultiBureauSite_SingleBureau_MultiLinePayment</message>
  <nestedLevel>1</nestedLevel>
  <escapedJava>false</escapedJava>
  <property name="name">Test Cases/Certpay_Quicksti/TC_002_MultiBureauSite_SingleBureau_MultiLinePayment</property>
  <property name="description"></property>
  <property name="id">Test Cases/Certpay_Quicksti/TC_002_MultiBureauSite_SingleBureau_MultiLinePayment</property>
  <property name="source">D:\AutomationToolsandProjects\Katalon Projects BackUp\Sush_Certpay-master\Test Cases\Certpay_Quicksti\TC_002_MultiBureauSite_SingleBureau_MultiLinePayment.tc</property>
  <property name="tag"></property>
  <property name="isOptional">false</property>
</record>
</log>