<?xml version="1.0" encoding="UTF-8"?>
<testsuites name="Quicksti" time="2444.992" tests="5" failures="2" skips="0" errors="0">
   <testsuite name="Quicksti" tests="5" failures="2" errors="0" time="2444.992" skips="0" timestamp="2021-03-18 13:39:43" hostname="saranya - KNILA-K202011012" id="Test Suites/Certpay_testSuite/Quicksti">
      <properties>
         <property name="deviceName" value=""/>
         <property name="devicePlatform" value=""/>
         <property name="logFolder" value="D:\\AutomationToolsandProjects\\Katalon Projects BackUp\\Sush_Certpay-master\\Reports\\20210318_133934\\Certpay_testSuite\\Quicksti\\20210318_133936"/>
         <property name="logFiles" value="D:\\AutomationToolsandProjects\\Katalon Projects BackUp\\Sush_Certpay-master\\Reports\\20210318_133934\\Certpay_testSuite\\Quicksti\\20210318_133936\\execution0.log"/>
         <property name="attachments" value="D:\\AutomationToolsandProjects\\Katalon Projects BackUp\\Sush_Certpay-master\\Reports\\20210318_133934\\Certpay_testSuite\\Quicksti\\20210318_133936\\1616056470256.png, D:\\AutomationToolsandProjects\\Katalon Projects BackUp\\Sush_Certpay-master\\Reports\\20210318_133934\\Certpay_testSuite\\Quicksti\\20210318_133936\\1616056471964.png, D:\\AutomationToolsandProjects\\Katalon Projects BackUp\\Sush_Certpay-master\\Reports\\20210318_133934\\Certpay_testSuite\\Quicksti\\20210318_133936\\1616056769481.png"/>
         <property name="hostName" value="saranya - KNILA-K202011012"/>
         <property name="os" value="Windows 10 64bit"/>
         <property name="katalonVersion" value="7.9.1.208"/>
         <property name="browser" value="Chrome 89.0.4389.90"/>
         <property name="hostAddress" value="172.31.252.138"/>
         <property name="sessionId" value="cc3693918123454633b4e67874b6daad"/>
         <property name="seleniumVersion" value="3.141.59"/>
         <property name="proxyInformation" value="ProxyInformation { proxyOption=NO_PROXY, proxyServerType=HTTP, username=, password=********, proxyServerAddress=, proxyServerPort=0, executionList=&quot;&quot;, isApplyToDesiredCapabilities=true }"/>
         <property name="platform" value="Windows 10"/>
      </properties>
      <testcase name="Test Cases/Certpay_Quicksti/TC_001_SingleBureauSite_SingleLinePayment" time="531.115" classname="Test Cases/Certpay_Quicksti/TC_001_SingleBureauSite_SingleLinePayment" status="PASSED">
         <system-out><![CDATA[2021-03-18 13:39:47 - [TEST_CASE][PASSED] - Test Cases/Certpay_Quicksti/TC_001_SingleBureauSite_SingleLinePayment: Test Cases/Certpay_Quicksti/TC_001_SingleBureauSite_SingleLinePayment

2021-03-18 13:39:47 - [TEST_STEP][PASSED] - Start listener action : beforeTestCase: null

2021-03-18 13:39:48 - [TEST_STEP][PASSED] - data = findTestData("Data Files/Certpay/SingleBureau_SingleLine"): null

2021-03-18 13:39:49 - [TEST_STEP][PASSED] - paymentIdList = []: null

2021-03-18 13:39:49 - [TEST_STEP][PASSED] - for (def index : (1..data.getRowNumbers())): null

2021-03-18 13:39:49 - [TEST_STEP][PASSED] - firstName = data.getValue("FirstName", index): null

2021-03-18 13:39:49 - [TEST_STEP][PASSED] - lastName = data.getValue("LastName", index): null

2021-03-18 13:39:49 - [TEST_STEP][PASSED] - expMonth = data.getValue("ExpMonth", index): null

2021-03-18 13:39:49 - [TEST_STEP][PASSED] - expYear = data.getValue("ExpYear", index): null

2021-03-18 13:39:49 - [TEST_STEP][PASSED] - securityCode = data.getValue("SecurityCode", index): null

2021-03-18 13:39:49 - [TEST_STEP][PASSED] - paymentAmount = data.getValue("PaymentAmount", index): null

2021-03-18 13:39:49 - [TEST_STEP][PASSED] - paymentType = data.getValue("PaymentType", index): null

2021-03-18 13:39:49 - [TEST_STEP][PASSED] - quantity = data.getValue("Quantity", index): null

2021-03-18 13:39:49 - [TEST_STEP][PASSED] - comments = data.getValue("Comments", index): null

2021-03-18 13:39:49 - [TEST_STEP][PASSED] - referenceNum = data.getValue("ReferenceNum", index): null

2021-03-18 13:39:49 - [TEST_STEP][PASSED] - address = data.getValue("Address", index): null

2021-03-18 13:39:49 - [TEST_STEP][PASSED] - zipCode = data.getValue("Zipcode", index): null

2021-03-18 13:39:49 - [TEST_STEP][PASSED] - telephone = data.getValue("Telephone", index): null

2021-03-18 13:39:49 - [TEST_STEP][PASSED] - emailAddress = data.getValue("EmailAddress", index): null

2021-03-18 13:39:49 - [TEST_STEP][PASSED] - cardNum = data.getValue("CardNumber", index): null

2021-03-18 13:39:49 - [TEST_STEP][PASSED] - cardType = data.getValue("CardType", index): null

2021-03-18 13:39:49 - [TEST_STEP][PASSED] - utilities.SafeActions.openBrowser(Quicksti_Url, [pageLoadTime]): Browser launched successfully

2021-03-18 13:39:50 - [MESSAGE][INFO] - Opening Browser

2021-03-18 13:39:50 - [MESSAGE][INFO] - Starting 'Chrome' driver

2021-03-18 13:39:51 - [MESSAGE][INFO] - Action delay is set to 0 milliseconds

2021-03-18 13:40:05 - [MESSAGE][PASSED] - Browser is opened with url: 'https://qa-certpayquicksti.faps.net/'

2021-03-18 13:40:05 - [MESSAGE][PASSED] - Current window maximized

2021-03-18 13:40:05 - [MESSAGE][PASSED] - Browser launched successfully

2021-03-18 13:40:05 - [TEST_STEP][PASSED] - utilities.SafeActions.safeType(findTestObject("CERTPAY_QUICKSTI/Login_ Page/BUREAU_CODE"), bureau_code, "Bureau code", [pageLoadTime]): Quicksti.ts:Entered'6100000 into Bureau code

2021-03-18 13:40:05 - [MESSAGE][PASSED] - Object 'Object Repository/CERTPAY_QUICKSTI/Login_ Page/BUREAU_CODE' is present

2021-03-18 13:40:06 - [MESSAGE][PASSED] - Object 'Object Repository/CERTPAY_QUICKSTI/Login_ Page/BUREAU_CODE' is visible

2021-03-18 13:40:06 - [MESSAGE][PASSED] - Object 'Object Repository/CERTPAY_QUICKSTI/Login_ Page/BUREAU_CODE' is present

2021-03-18 13:40:08 - [MESSAGE][PASSED] - Text '6100000' is set on object 'Object Repository/CERTPAY_QUICKSTI/Login_ Page/BUREAU_CODE'

2021-03-18 13:40:08 - [MESSAGE][PASSED] - Quicksti.ts:Entered'6100000 into Bureau code

2021-03-18 13:40:08 - [TEST_STEP][PASSED] - utilities.SafeActions.safeType(findTestObject("CERTPAY_QUICKSTI/Login_ Page/TELLER_ID"), teller_id, "Bureau code", [pageLoadTime]): Quicksti.ts:Entered'zenq into Bureau code

2021-03-18 13:40:08 - [MESSAGE][PASSED] - Object 'Object Repository/CERTPAY_QUICKSTI/Login_ Page/TELLER_ID' is present

2021-03-18 13:40:09 - [MESSAGE][PASSED] - Object 'Object Repository/CERTPAY_QUICKSTI/Login_ Page/TELLER_ID' is visible

2021-03-18 13:40:09 - [MESSAGE][PASSED] - Object 'Object Repository/CERTPAY_QUICKSTI/Login_ Page/TELLER_ID' is present

2021-03-18 13:40:11 - [MESSAGE][PASSED] - Text 'zenq' is set on object 'Object Repository/CERTPAY_QUICKSTI/Login_ Page/TELLER_ID'

2021-03-18 13:40:11 - [MESSAGE][PASSED] - Quicksti.ts:Entered'zenq into Bureau code

2021-03-18 13:40:11 - [TEST_STEP][PASSED] - utilities.SafeActions.safeClick(findTestObject("CERTPAY_QUICKSTI/Login_ Page/NEXT_BUTTON"), "Next button", [pageLoadTime]): Quicksti.ts:Clicked on the Next button

2021-03-18 13:40:11 - [MESSAGE][INFO] - safeClicking

2021-03-18 13:40:11 - [MESSAGE][PASSED] - Object 'Object Repository/CERTPAY_QUICKSTI/Login_ Page/NEXT_BUTTON' is present

2021-03-18 13:40:12 - [MESSAGE][PASSED] - Object 'Object Repository/CERTPAY_QUICKSTI/Login_ Page/NEXT_BUTTON' is clickable

2021-03-18 13:40:15 - [MESSAGE][PASSED] - Object: 'Object Repository/CERTPAY_QUICKSTI/Login_ Page/NEXT_BUTTON' is clicked on

2021-03-18 13:40:15 - [MESSAGE][PASSED] - Quicksti.ts:Clicked on the Next button

2021-03-18 13:40:15 - [TEST_STEP][PASSED] - utilities.SafeActions.safeClick(findTestObject("CERTPAY_QUICKSTI/Payment_Information_Page/MANUAL_ENTRY_BUTTON"), "ManualEntry", [pageLoadTime]): Quicksti.ts:Clicked on the ManualEntry

2021-03-18 13:40:15 - [MESSAGE][INFO] - safeClicking

2021-03-18 13:40:16 - [MESSAGE][PASSED] - Object 'Object Repository/CERTPAY_QUICKSTI/Payment_Information_Page/MANUAL_ENTRY_BUTTON' is present

2021-03-18 13:40:16 - [MESSAGE][PASSED] - Object 'Object Repository/CERTPAY_QUICKSTI/Payment_Information_Page/MANUAL_ENTRY_BUTTON' is clickable

2021-03-18 13:40:19 - [MESSAGE][PASSED] - Object: 'Object Repository/CERTPAY_QUICKSTI/Payment_Information_Page/MANUAL_ENTRY_BUTTON' is clicked on

2021-03-18 13:40:19 - [MESSAGE][PASSED] - Quicksti.ts:Clicked on the ManualEntry

2021-03-18 13:40:19 - [TEST_STEP][PASSED] - CardNumber = pages.Quicksti.setUserPaymentDetails(firstName, lastName, cardNum): Quicksti.ts:Entered'4716428411725021 into CardNum

2021-03-18 13:40:20 - [MESSAGE][PASSED] - Object 'Object Repository/CERTPAY_QUICKSTI/Payment_Information_Page/FIRST_NAME' is present

2021-03-18 13:40:20 - [MESSAGE][PASSED] - Object 'Object Repository/CERTPAY_QUICKSTI/Payment_Information_Page/FIRST_NAME' is visible

2021-03-18 13:40:20 - [MESSAGE][PASSED] - Object 'Object Repository/CERTPAY_QUICKSTI/Payment_Information_Page/FIRST_NAME' is present

2021-03-18 13:40:22 - [MESSAGE][PASSED] - Text 'Tester' is set on object 'Object Repository/CERTPAY_QUICKSTI/Payment_Information_Page/FIRST_NAME'

2021-03-18 13:40:22 - [MESSAGE][PASSED] - Quicksti.ts:Entered'Tester into FirstName

2021-03-18 13:40:23 - [MESSAGE][PASSED] - Object 'Object Repository/CERTPAY_QUICKSTI/Payment_Information_Page/LAST_NAME' is present

2021-03-18 13:40:23 - [MESSAGE][PASSED] - Object 'Object Repository/CERTPAY_QUICKSTI/Payment_Information_Page/LAST_NAME' is visible

2021-03-18 13:40:24 - [MESSAGE][PASSED] - Object 'Object Repository/CERTPAY_QUICKSTI/Payment_Information_Page/LAST_NAME' is present

2021-03-18 13:40:26 - [MESSAGE][PASSED] - Text 'Zenq1' is set on object 'Object Repository/CERTPAY_QUICKSTI/Payment_Information_Page/LAST_NAME'

2021-03-18 13:40:26 - [MESSAGE][PASSED] - Quicksti.ts:Entered'Zenq1 into LAstName

2021-03-18 13:40:26 - [MESSAGE][PASSED] - Object 'Object Repository/CERTPAY_QUICKSTI/Payment_Information_Page/CARD_NUMBER' is present

2021-03-18 13:40:27 - [MESSAGE][PASSED] - Object 'Object Repository/CERTPAY_QUICKSTI/Payment_Information_Page/CARD_NUMBER' is visible

2021-03-18 13:40:27 - [MESSAGE][PASSED] - Object 'Object Repository/CERTPAY_QUICKSTI/Payment_Information_Page/CARD_NUMBER' is present

2021-03-18 13:40:29 - [MESSAGE][PASSED] - Text '4716428411725021' is set on object 'Object Repository/CERTPAY_QUICKSTI/Payment_Information_Page/CARD_NUMBER'

2021-03-18 13:40:29 - [MESSAGE][PASSED] - Quicksti.ts:Entered'4716428411725021 into CardNum

2021-03-18 13:40:29 - [TEST_STEP][PASSED] - utilities.SafeActions.safeSelectOptionInDropdownByVisibleText(findTestObject("CERTPAY_QUICKSTI/Payment_Information_Page/PAYMENT_TYPE"), paymentType, "paymentType", [pageLoadTime]): selected dropdown option by visible text  Taxesfrom paymentType

2021-03-18 13:40:29 - [MESSAGE][PASSED] - Object 'Object Repository/CERTPAY_QUICKSTI/Payment_Information_Page/PAYMENT_TYPE' is visible

2021-03-18 13:40:30 - [MESSAGE][PASSED] - Object 'Object Repository/CERTPAY_QUICKSTI/Payment_Information_Page/PAYMENT_TYPE' is present

2021-03-18 13:40:31 - [MESSAGE][PASSED] - Object: 'Object Repository/CERTPAY_QUICKSTI/Payment_Information_Page/PAYMENT_TYPE' is clicked on

2021-03-18 13:40:32 - [MESSAGE][PASSED] - All options with label 'Taxes' are selected in object 'Object Repository/CERTPAY_QUICKSTI/Payment_Information_Page/PAYMENT_TYPE'  using regular expression

2021-03-18 13:40:32 - [MESSAGE][PASSED] - selected dropdown option by visible text  Taxesfrom paymentType

2021-03-18 13:40:32 - [TEST_STEP][PASSED] - pages.Quicksti.setExpDate(expMonth, expYear, securityCode): Quicksti.ts:Entered'207 into securityCode

2021-03-18 13:40:33 - [MESSAGE][PASSED] - Object 'Object Repository/CERTPAY_QUICKSTI/Payment_Information_Page/EXP_MONTH' is visible

2021-03-18 13:40:33 - [MESSAGE][PASSED] - Object 'Object Repository/CERTPAY_QUICKSTI/Payment_Information_Page/EXP_MONTH' is present

2021-03-18 13:40:35 - [MESSAGE][PASSED] - Object: 'Object Repository/CERTPAY_QUICKSTI/Payment_Information_Page/EXP_MONTH' is clicked on

2021-03-18 13:40:36 - [MESSAGE][PASSED] - All options with label '03' are selected in object 'Object Repository/CERTPAY_QUICKSTI/Payment_Information_Page/EXP_MONTH'  using regular expression

2021-03-18 13:40:36 - [MESSAGE][PASSED] - selected dropdown option by visible text  03from expMonth

2021-03-18 13:40:37 - [MESSAGE][PASSED] - Object 'Object Repository/CERTPAY_QUICKSTI/Payment_Information_Page/EXP_YEAR' is visible

2021-03-18 13:40:37 - [MESSAGE][PASSED] - Object 'Object Repository/CERTPAY_QUICKSTI/Payment_Information_Page/EXP_YEAR' is present

2021-03-18 13:40:39 - [MESSAGE][PASSED] - Object: 'Object Repository/CERTPAY_QUICKSTI/Payment_Information_Page/EXP_YEAR' is clicked on

2021-03-18 13:40:40 - [MESSAGE][PASSED] - All options with label '2022' are selected in object 'Object Repository/CERTPAY_QUICKSTI/Payment_Information_Page/EXP_YEAR'  using regular expression

2021-03-18 13:40:40 - [MESSAGE][PASSED] - selected dropdown option by visible text  2022from  expYear

2021-03-18 13:40:41 - [MESSAGE][PASSED] - Object 'Object Repository/CERTPAY_QUICKSTI/Payment_Information_Page/SECURITY_CODE' is present

2021-03-18 13:40:41 - [MESSAGE][PASSED] - Object 'Object Repository/CERTPAY_QUICKSTI/Payment_Information_Page/SECURITY_CODE' is visible

2021-03-18 13:40:42 - [MESSAGE][PASSED] - Object 'Object Repository/CERTPAY_QUICKSTI/Payment_Information_Page/SECURITY_CODE' is present

2021-03-18 13:40:43 - [MESSAGE][PASSED] - Text '207' is set on object 'Object Repository/CERTPAY_QUICKSTI/Payment_Information_Page/SECURITY_CODE'

2021-03-18 13:40:43 - [MESSAGE][PASSED] - Quicksti.ts:Entered'207 into securityCode

2021-03-18 13:40:43 - [TEST_STEP][PASSED] - pages.Quicksti.setPaymentAmountDetailsForSinglePayment(paymentAmount, quantity): Quicksti.ts:Entered'1 into Quantity

2021-03-18 13:40:44 - [MESSAGE][PASSED] - Object 'Object Repository/CERTPAY_QUICKSTI/Payment_Information_Page/PAYMENT_AMOUNT' is present

2021-03-18 13:40:44 - [MESSAGE][PASSED] - Object 'Object Repository/CERTPAY_QUICKSTI/Payment_Information_Page/PAYMENT_AMOUNT' is visible

2021-03-18 13:40:45 - [MESSAGE][PASSED] - Object 'Object Repository/CERTPAY_QUICKSTI/Payment_Information_Page/PAYMENT_AMOUNT' is present

2021-03-18 13:40:46 - [MESSAGE][PASSED] - Text '20.00' is set on object 'Object Repository/CERTPAY_QUICKSTI/Payment_Information_Page/PAYMENT_AMOUNT'

2021-03-18 13:40:46 - [MESSAGE][PASSED] - Quicksti.ts:Entered'20.00 into amount

2021-03-18 13:40:47 - [MESSAGE][PASSED] - Object 'Object Repository/CERTPAY_QUICKSTI/Payment_Information_Page/QUANTITY' is present

2021-03-18 13:40:47 - [MESSAGE][PASSED] - Object 'Object Repository/CERTPAY_QUICKSTI/Payment_Information_Page/QUANTITY' is visible

2021-03-18 13:40:48 - [MESSAGE][PASSED] - Object 'Object Repository/CERTPAY_QUICKSTI/Payment_Information_Page/QUANTITY' is present

2021-03-18 13:40:50 - [MESSAGE][PASSED] - Text '1' is set on object 'Object Repository/CERTPAY_QUICKSTI/Payment_Information_Page/QUANTITY'

2021-03-18 13:40:50 - [MESSAGE][PASSED] - Quicksti.ts:Entered'1 into Quantity

2021-03-18 13:40:50 - [TEST_STEP][PASSED] - utilities.SafeActions.safeType(findTestObject("CERTPAY_QUICKSTI/Payment_Information_Page/REFRENCE_NUMBER"), referenceNum, "Reference Number", [pageLoadTime]): Quicksti.ts:Entered'11 into Reference Number

2021-03-18 13:40:50 - [MESSAGE][PASSED] - Object 'Object Repository/CERTPAY_QUICKSTI/Payment_Information_Page/REFRENCE_NUMBER' is present

2021-03-18 13:40:51 - [MESSAGE][PASSED] - Object 'Object Repository/CERTPAY_QUICKSTI/Payment_Information_Page/REFRENCE_NUMBER' is visible

2021-03-18 13:40:51 - [MESSAGE][PASSED] - Object 'Object Repository/CERTPAY_QUICKSTI/Payment_Information_Page/REFRENCE_NUMBER' is present

2021-03-18 13:40:53 - [MESSAGE][PASSED] - Text '11' is set on object 'Object Repository/CERTPAY_QUICKSTI/Payment_Information_Page/REFRENCE_NUMBER'

2021-03-18 13:40:53 - [MESSAGE][PASSED] - Quicksti.ts:Entered'11 into Reference Number

2021-03-18 13:40:53 - [TEST_STEP][PASSED] - amount_Value = pages.Quicksti.getAttributeValue(findTestObject("CERTPAY_QUICKSTI/Payment_Information_Page/SUB_TOTAL")): pages.Quicksti.getAttributeValue is PASSED

2021-03-18 13:40:53 - [MESSAGE][PASSED] - Attribute 'value' of object 'Object Repository/CERTPAY_QUICKSTI/Payment_Information_Page/SUB_TOTAL' is: '20.00'

2021-03-18 13:40:53 - [MESSAGE][PASSED] - pages.Quicksti.getAttributeValue is PASSED

2021-03-18 13:40:53 - [TEST_STEP][PASSED] - utilities.SafeActions.safeType(findTestObject("CERTPAY_QUICKSTI/Payment_Information_Page/COMMENTS"), "Testing", "Comments", [pageLoadTime]): Quicksti.ts:Entered'Testing into Comments

2021-03-18 13:40:54 - [MESSAGE][PASSED] - Object 'Object Repository/CERTPAY_QUICKSTI/Payment_Information_Page/COMMENTS' is present

2021-03-18 13:40:54 - [MESSAGE][PASSED] - Object 'Object Repository/CERTPAY_QUICKSTI/Payment_Information_Page/COMMENTS' is visible

2021-03-18 13:40:54 - [MESSAGE][PASSED] - Object 'Object Repository/CERTPAY_QUICKSTI/Payment_Information_Page/COMMENTS' is present

2021-03-18 13:40:56 - [MESSAGE][PASSED] - Text 'Testing' is set on object 'Object Repository/CERTPAY_QUICKSTI/Payment_Information_Page/COMMENTS'

2021-03-18 13:40:56 - [MESSAGE][PASSED] - Quicksti.ts:Entered'Testing into Comments

2021-03-18 13:40:56 - [TEST_STEP][PASSED] - utilities.SafeActions.safeType(findTestObject("CERTPAY_QUICKSTI/Payment_Information_Page/ADDRESS"), address, "Address", [pageLoadTime]): Quicksti.ts:Entered'14-2 into Address

2021-03-18 13:40:57 - [MESSAGE][PASSED] - Object 'Object Repository/CERTPAY_QUICKSTI/Payment_Information_Page/ADDRESS' is present

2021-03-18 13:40:57 - [MESSAGE][PASSED] - Object 'Object Repository/CERTPAY_QUICKSTI/Payment_Information_Page/ADDRESS' is visible

2021-03-18 13:40:57 - [MESSAGE][PASSED] - Object 'Object Repository/CERTPAY_QUICKSTI/Payment_Information_Page/ADDRESS' is present

2021-03-18 13:40:59 - [MESSAGE][PASSED] - Text '14-2' is set on object 'Object Repository/CERTPAY_QUICKSTI/Payment_Information_Page/ADDRESS'

2021-03-18 13:40:59 - [MESSAGE][PASSED] - Quicksti.ts:Entered'14-2 into Address

2021-03-18 13:40:59 - [TEST_STEP][PASSED] - utilities.SafeActions.safeType(findTestObject("CERTPAY_QUICKSTI/Payment_Information_Page/ZIP_CODE"), zipCode, "zipcode", [pageLoadTime]): Quicksti.ts:Entered'76102 into zipcode

2021-03-18 13:40:59 - [MESSAGE][PASSED] - Object 'Object Repository/CERTPAY_QUICKSTI/Payment_Information_Page/ZIP_CODE' is present

2021-03-18 13:41:00 - [MESSAGE][PASSED] - Object 'Object Repository/CERTPAY_QUICKSTI/Payment_Information_Page/ZIP_CODE' is visible

2021-03-18 13:41:00 - [MESSAGE][PASSED] - Object 'Object Repository/CERTPAY_QUICKSTI/Payment_Information_Page/ZIP_CODE' is present

2021-03-18 13:41:02 - [MESSAGE][PASSED] - Text '76102' is set on object 'Object Repository/CERTPAY_QUICKSTI/Payment_Information_Page/ZIP_CODE'

2021-03-18 13:41:02 - [MESSAGE][PASSED] - Quicksti.ts:Entered'76102 into zipcode

2021-03-18 13:41:02 - [TEST_STEP][PASSED] - utilities.SafeActions.safeType(findTestObject("CERTPAY_QUICKSTI/Payment_Information_Page/TELEPHONE"), telephone, "Telephone", [pageLoadTime]): Quicksti.ts:Entered'9988776655 into Telephone

2021-03-18 13:41:02 - [MESSAGE][PASSED] - Object 'Object Repository/CERTPAY_QUICKSTI/Payment_Information_Page/TELEPHONE' is present

2021-03-18 13:41:03 - [MESSAGE][PASSED] - Object 'Object Repository/CERTPAY_QUICKSTI/Payment_Information_Page/TELEPHONE' is visible

2021-03-18 13:41:03 - [MESSAGE][PASSED] - Object 'Object Repository/CERTPAY_QUICKSTI/Payment_Information_Page/TELEPHONE' is present

2021-03-18 13:41:05 - [MESSAGE][PASSED] - Text '9988776655' is set on object 'Object Repository/CERTPAY_QUICKSTI/Payment_Information_Page/TELEPHONE'

2021-03-18 13:41:05 - [MESSAGE][PASSED] - Quicksti.ts:Entered'9988776655 into Telephone

2021-03-18 13:41:05 - [TEST_STEP][PASSED] - utilities.SafeActions.safeType(findTestObject("CERTPAY_QUICKSTI/Payment_Information_Page/EMAIL_ADDRESS"), emailAddress, "EMAIL address", [pageLoadTime]): Quicksti.ts:Entered'testing@zenq.com into EMAIL address

2021-03-18 13:41:05 - [MESSAGE][PASSED] - Object 'Object Repository/CERTPAY_QUICKSTI/Payment_Information_Page/EMAIL_ADDRESS' is present

2021-03-18 13:41:06 - [MESSAGE][PASSED] - Object 'Object Repository/CERTPAY_QUICKSTI/Payment_Information_Page/EMAIL_ADDRESS' is visible

2021-03-18 13:41:06 - [MESSAGE][PASSED] - Object 'Object Repository/CERTPAY_QUICKSTI/Payment_Information_Page/EMAIL_ADDRESS' is present

2021-03-18 13:41:08 - [MESSAGE][PASSED] - Text 'testing@zenq.com' is set on object 'Object Repository/CERTPAY_QUICKSTI/Payment_Information_Page/EMAIL_ADDRESS'

2021-03-18 13:41:08 - [MESSAGE][PASSED] - Quicksti.ts:Entered'testing@zenq.com into EMAIL address

2021-03-18 13:41:08 - [TEST_STEP][PASSED] - utilities.SafeActions.safeClick(findTestObject("CERTPAY_QUICKSTI/Payment_Information_Page/NEXT_BUTTON"), "Next", [pageLoadTime]): Quicksti.ts:Clicked on the Next

2021-03-18 13:41:08 - [MESSAGE][INFO] - safeClicking

2021-03-18 13:41:08 - [MESSAGE][PASSED] - Object 'Object Repository/CERTPAY_QUICKSTI/Payment_Information_Page/NEXT_BUTTON' is present

2021-03-18 13:41:09 - [MESSAGE][PASSED] - Object 'Object Repository/CERTPAY_QUICKSTI/Payment_Information_Page/NEXT_BUTTON' is clickable

2021-03-18 13:41:12 - [MESSAGE][PASSED] - Object: 'Object Repository/CERTPAY_QUICKSTI/Payment_Information_Page/NEXT_BUTTON' is clicked on

2021-03-18 13:41:12 - [MESSAGE][PASSED] - Quicksti.ts:Clicked on the Next

2021-03-18 13:41:12 - [TEST_STEP][PASSED] - pages.Quicksti.verifyUserPaymentDetails(paymentAmount, firstName, lastName, CardNumber): pages.Quicksti.verifyUserPaymentDetails is PASSED

2021-03-18 13:41:12 - [MESSAGE][PASSED] - Text of object 'Object Repository/CERTPAY_QUICKSTI/Payment_Details_Verification_Page/AMOUNT' is: '$20.00'

2021-03-18 13:41:12 - [MESSAGE][PASSED] - Actual text '20.00' and expected text '20.00' are matched  using regular expression

2021-03-18 13:41:13 - [MESSAGE][PASSED] - Text of object 'Object Repository/CERTPAY_QUICKSTI/Payment_Details_Verification_Page/NAME' is: 'Tester Zenq1'

2021-03-18 13:41:13 - [MESSAGE][PASSED] - Actual text 'Tester Zenq1' and expected text 'Tester Zenq1' are matched  using regular expression

2021-03-18 13:41:13 - [MESSAGE][PASSED] - Text of object 'Object Repository/CERTPAY_QUICKSTI/Payment_Details_Verification_Page/CARD_NUMBER' is: '...5021'

2021-03-18 13:41:13 - [MESSAGE][PASSED] - Actual text '5021' and expected text '5021' are matched  using regular expression

2021-03-18 13:41:13 - [MESSAGE][PASSED] - pages.Quicksti.verifyUserPaymentDetails is PASSED

2021-03-18 13:41:13 - [TEST_STEP][PASSED] - delay(2): Delayed 2 second(s)

2021-03-18 13:41:15 - [MESSAGE][PASSED] - Delayed 2 second(s)

2021-03-18 13:41:15 - [TEST_STEP][PASSED] - ConvFee = getText(findTestObject("CERTPAY_QUICKSTI/Payment_Information_Page/CONV_FEE")): Text of object 'Object Repository/CERTPAY_QUICKSTI/Payment_Information_Page/CONV_FEE' is: '$0.50'

2021-03-18 13:41:16 - [MESSAGE][PASSED] - Text of object 'Object Repository/CERTPAY_QUICKSTI/Payment_Information_Page/CONV_FEE' is: '$0.50'

2021-03-18 13:41:16 - [TEST_STEP][PASSED] - scrollToElement(findTestObject("CERTPAY_QUICKSTI/Payment_Details_Verification_Page/PROCESS"), 0): Scroll to object 'Object Repository/CERTPAY_QUICKSTI/Payment_Details_Verification_Page/PROCESS' successfully

2021-03-18 13:41:16 - [MESSAGE][WARNING] - Timeout '0' is invalid. Using default page load timeout: '30'

2021-03-18 13:41:16 - [MESSAGE][PASSED] - Scroll to object 'Object Repository/CERTPAY_QUICKSTI/Payment_Details_Verification_Page/PROCESS' successfully

2021-03-18 13:41:16 - [TEST_STEP][PASSED] - utilities.SafeActions.safeClick(findTestObject("CERTPAY_QUICKSTI/Payment_Details_Verification_Page/PROCESS"), "Process", [pageLoadTime]): Quicksti.ts:Clicked on the Process

2021-03-18 13:41:16 - [MESSAGE][INFO] - safeClicking

2021-03-18 13:41:17 - [MESSAGE][PASSED] - Object 'Object Repository/CERTPAY_QUICKSTI/Payment_Details_Verification_Page/PROCESS' is present

2021-03-18 13:41:17 - [MESSAGE][PASSED] - Object 'Object Repository/CERTPAY_QUICKSTI/Payment_Details_Verification_Page/PROCESS' is clickable

2021-03-18 13:41:21 - [MESSAGE][PASSED] - Object: 'Object Repository/CERTPAY_QUICKSTI/Payment_Details_Verification_Page/PROCESS' is clicked on

2021-03-18 13:41:21 - [MESSAGE][PASSED] - Quicksti.ts:Clicked on the Process

2021-03-18 13:41:21 - [TEST_STEP][PASSED] - paymentId = pages.Quicksti.verifyPaymentApproval(findTestObject("CERTPAY_QUICKSTI/Payment_Details_Verification_Page/APPROVED")): Payment is approved

2021-03-18 13:41:22 - [MESSAGE][PASSED] - Text of object 'Object Repository/CERTPAY_QUICKSTI/Payment_Details_Verification_Page/PAYMENT_ID' is: '100176222933'

2021-03-18 13:41:22 - [MESSAGE][PASSED] - Object 'Object Repository/CERTPAY_QUICKSTI/Payment_Details_Verification_Page/APPROVED' is present

2021-03-18 13:41:22 - [MESSAGE][PASSED] - Payment is approved

2021-03-18 13:41:24 - [TEST_STEP][PASSED] - navigateToUrl(Admin_url): Navigate to 'https://qa-certpayadmin.faps.net' successfully

2021-03-18 13:41:32 - [MESSAGE][PASSED] - Navigate to 'https://qa-certpayadmin.faps.net' successfully

2021-03-18 13:41:32 - [TEST_STEP][PASSED] - pages.Bureau_Login_Page.loginToAdminSite(AdminUsername, AdminPassword): Quicksti.ts:Clicked on the LOGIN

2021-03-18 13:41:32 - [MESSAGE][PASSED] - Object 'Object Repository/CERTPAY_ADMIN/USER_NAME' is present

2021-03-18 13:41:32 - [MESSAGE][PASSED] - Object 'Object Repository/CERTPAY_ADMIN/USER_NAME' is visible

2021-03-18 13:41:33 - [MESSAGE][PASSED] - Object 'Object Repository/CERTPAY_ADMIN/USER_NAME' is present

2021-03-18 13:41:34 - [MESSAGE][PASSED] - Text 'VVangiliappan' is set on object 'Object Repository/CERTPAY_ADMIN/USER_NAME'

2021-03-18 13:41:34 - [MESSAGE][PASSED] - Quicksti.ts:Entered'VVangiliappan into username

2021-03-18 13:41:35 - [MESSAGE][PASSED] - Object 'Object Repository/CERTPAY_ADMIN/PASSWORD' is present

2021-03-18 13:41:35 - [MESSAGE][PASSED] - Object 'Object Repository/CERTPAY_ADMIN/PASSWORD' is visible

2021-03-18 13:41:36 - [MESSAGE][PASSED] - Object 'Object Repository/CERTPAY_ADMIN/PASSWORD' is present

2021-03-18 13:41:37 - [MESSAGE][PASSED] - Text 'Test111!' is set on object 'Object Repository/CERTPAY_ADMIN/PASSWORD'

2021-03-18 13:41:37 - [MESSAGE][PASSED] - Quicksti.ts:Entered'Test111! into password

2021-03-18 13:41:38 - [MESSAGE][INFO] - safeClicking

2021-03-18 13:41:38 - [MESSAGE][PASSED] - Object 'Object Repository/CERTPAY_ADMIN/LOGIN_BUTTON' is present

2021-03-18 13:41:38 - [MESSAGE][PASSED] - Object 'Object Repository/CERTPAY_ADMIN/LOGIN_BUTTON' is clickable

2021-03-18 13:41:49 - [MESSAGE][PASSED] - Object: 'Object Repository/CERTPAY_ADMIN/LOGIN_BUTTON' is clicked on

2021-03-18 13:41:49 - [MESSAGE][PASSED] - Quicksti.ts:Clicked on the LOGIN

2021-03-18 13:41:49 - [TEST_STEP][PASSED] - utilities.SafeActions.safeClick(findTestObject("CERTPAY_ADMIN/TRANSACTION_MENU"), "TransactionMenu", [pageLoadTime]): Quicksti.ts:Clicked on the TransactionMenu

2021-03-18 13:41:49 - [MESSAGE][INFO] - safeClicking

2021-03-18 13:41:49 - [MESSAGE][PASSED] - Object 'Object Repository/CERTPAY_ADMIN/TRANSACTION_MENU' is present

2021-03-18 13:41:50 - [MESSAGE][PASSED] - Object 'Object Repository/CERTPAY_ADMIN/TRANSACTION_MENU' is clickable

2021-03-18 13:41:51 - [MESSAGE][PASSED] - Object: 'Object Repository/CERTPAY_ADMIN/TRANSACTION_MENU' is clicked on

2021-03-18 13:41:51 - [MESSAGE][PASSED] - Quicksti.ts:Clicked on the TransactionMenu

2021-03-18 13:41:51 - [TEST_STEP][PASSED] - utilities.SafeActions.safeClick(findTestObject("CERTPAY_ADMIN/TRANSACTION_SEARCH"), "TransactionSearch", [pageLoadTime]): Quicksti.ts:Clicked on the TransactionSearch

2021-03-18 13:41:51 - [MESSAGE][INFO] - safeClicking

2021-03-18 13:41:52 - [MESSAGE][PASSED] - Object 'Object Repository/CERTPAY_ADMIN/TRANSACTION_SEARCH' is present

2021-03-18 13:41:52 - [MESSAGE][PASSED] - Object 'Object Repository/CERTPAY_ADMIN/TRANSACTION_SEARCH' is clickable

2021-03-18 13:41:56 - [MESSAGE][PASSED] - Object: 'Object Repository/CERTPAY_ADMIN/TRANSACTION_SEARCH' is clicked on

2021-03-18 13:41:56 - [MESSAGE][PASSED] - Quicksti.ts:Clicked on the TransactionSearch

2021-03-18 13:41:56 - [TEST_STEP][PASSED] - utilities.SafeActions.safeType(findTestObject("CERTPAY_ADMIN/PAYMENT_ID"), paymentId, "Payment id", [pageLoadTime]): Quicksti.ts:Entered'100176222933 into Payment id

2021-03-18 13:41:57 - [MESSAGE][PASSED] - Object 'Object Repository/CERTPAY_ADMIN/PAYMENT_ID' is present

2021-03-18 13:41:57 - [MESSAGE][PASSED] - Object 'Object Repository/CERTPAY_ADMIN/PAYMENT_ID' is visible

2021-03-18 13:41:58 - [MESSAGE][PASSED] - Object 'Object Repository/CERTPAY_ADMIN/PAYMENT_ID' is present

2021-03-18 13:42:00 - [MESSAGE][PASSED] - Text '100176222933' is set on object 'Object Repository/CERTPAY_ADMIN/PAYMENT_ID'

2021-03-18 13:42:00 - [MESSAGE][PASSED] - Quicksti.ts:Entered'100176222933 into Payment id

2021-03-18 13:42:00 - [TEST_STEP][PASSED] - utilities.SafeActions.safeClick(findTestObject("CERTPAY_ADMIN/GO_BUTTON"), "Go button", [pageLoadTime]): Quicksti.ts:Clicked on the Go button

2021-03-18 13:42:00 - [MESSAGE][INFO] - safeClicking

2021-03-18 13:42:00 - [MESSAGE][PASSED] - Object 'Object Repository/CERTPAY_ADMIN/GO_BUTTON' is present

2021-03-18 13:42:00 - [MESSAGE][PASSED] - Object 'Object Repository/CERTPAY_ADMIN/GO_BUTTON' is clickable

2021-03-18 13:42:04 - [MESSAGE][PASSED] - Object: 'Object Repository/CERTPAY_ADMIN/GO_BUTTON' is clicked on

2021-03-18 13:42:04 - [MESSAGE][PASSED] - Quicksti.ts:Clicked on the Go button

2021-03-18 13:42:04 - [TEST_STEP][PASSED] - delay(5): Delayed 5 second(s)

2021-03-18 13:42:09 - [MESSAGE][PASSED] - Delayed 5 second(s)

2021-03-18 13:42:09 - [TEST_STEP][PASSED] - scrollToPosition(800, 900): Browser is scrolled to position x = 800, y = 900

2021-03-18 13:42:09 - [MESSAGE][PASSED] - Browser is scrolled to position x = 800, y = 900

2021-03-18 13:42:09 - [TEST_STEP][PASSED] - pages.Search_Page.validatePaymentAmount(amount_Value, ConvFee): Verified payment details successfully 

2021-03-18 13:42:10 - [MESSAGE][PASSED] - Text of object 'Object Repository/CERTPAY_ADMIN/PAYMENT_AMOUNT' is: '$20.00'

2021-03-18 13:42:10 - [MESSAGE][PASSED] - Actual text '20.00' and expected text '20.00' are matched  using regular expression

2021-03-18 13:42:10 - [MESSAGE][PASSED] - Text of object 'Object Repository/CERTPAY_ADMIN/CONV_FEE' is: '$0.50'

2021-03-18 13:42:10 - [MESSAGE][PASSED] - Actual text '0.50' and expected text '0.50' are matched  using regular expression

2021-03-18 13:42:10 - [MESSAGE][PASSED] - Verified payment details successfully 

2021-03-18 13:42:10 - [TEST_STEP][PASSED] - paymentIdList.add(paymentId): null

2021-03-18 13:42:10 - [TEST_STEP][PASSED] - println(paymentIdList): null

2021-03-18 13:42:10 - [TEST_STEP][PASSED] - firstName = data.getValue("FirstName", index): null

2021-03-18 13:42:10 - [TEST_STEP][PASSED] - lastName = data.getValue("LastName", index): null

2021-03-18 13:42:10 - [TEST_STEP][PASSED] - expMonth = data.getValue("ExpMonth", index): null

2021-03-18 13:42:10 - [TEST_STEP][PASSED] - expYear = data.getValue("ExpYear", index): null

2021-03-18 13:42:10 - [TEST_STEP][PASSED] - securityCode = data.getValue("SecurityCode", index): null

2021-03-18 13:42:10 - [TEST_STEP][PASSED] - paymentAmount = data.getValue("PaymentAmount", index): null

2021-03-18 13:42:10 - [TEST_STEP][PASSED] - paymentType = data.getValue("PaymentType", index): null

2021-03-18 13:42:10 - [TEST_STEP][PASSED] - quantity = data.getValue("Quantity", index): null

2021-03-18 13:42:10 - [TEST_STEP][PASSED] - comments = data.getValue("Comments", index): null

2021-03-18 13:42:10 - [TEST_STEP][PASSED] - referenceNum = data.getValue("ReferenceNum", index): null

2021-03-18 13:42:10 - [TEST_STEP][PASSED] - address = data.getValue("Address", index): null

2021-03-18 13:42:10 - [TEST_STEP][PASSED] - zipCode = data.getValue("Zipcode", index): null

2021-03-18 13:42:10 - [TEST_STEP][PASSED] - telephone = data.getValue("Telephone", index): null

2021-03-18 13:42:10 - [TEST_STEP][PASSED] - emailAddress = data.getValue("EmailAddress", index): null

2021-03-18 13:42:10 - [TEST_STEP][PASSED] - cardNum = data.getValue("CardNumber", index): null

2021-03-18 13:42:10 - [TEST_STEP][PASSED] - cardType = data.getValue("CardType", index): null

2021-03-18 13:42:10 - [TEST_STEP][PASSED] - utilities.SafeActions.openBrowser(Quicksti_Url, [pageLoadTime]): Browser launched successfully

2021-03-18 13:42:10 - [MESSAGE][INFO] - Opening Browser

2021-03-18 13:42:10 - [MESSAGE][WARNING] - A browser is already opened. Closing browser and opening a new one

2021-03-18 13:42:11 - [MESSAGE][INFO] - Starting 'Chrome' driver

2021-03-18 13:42:11 - [MESSAGE][INFO] - Action delay is set to 0 milliseconds

2021-03-18 13:42:21 - [MESSAGE][PASSED] - Browser is opened with url: 'https://qa-certpayquicksti.faps.net/'

2021-03-18 13:42:21 - [MESSAGE][PASSED] - Current window maximized

2021-03-18 13:42:21 - [MESSAGE][PASSED] - Browser launched successfully

2021-03-18 13:42:21 - [TEST_STEP][PASSED] - utilities.SafeActions.safeType(findTestObject("CERTPAY_QUICKSTI/Login_ Page/BUREAU_CODE"), bureau_code, "Bureau code", [pageLoadTime]): Quicksti.ts:Entered'6100000 into Bureau code

2021-03-18 13:42:21 - [MESSAGE][PASSED] - Object 'Object Repository/CERTPAY_QUICKSTI/Login_ Page/BUREAU_CODE' is present

2021-03-18 13:42:22 - [MESSAGE][PASSED] - Object 'Object Repository/CERTPAY_QUICKSTI/Login_ Page/BUREAU_CODE' is visible

2021-03-18 13:42:22 - [MESSAGE][PASSED] - Object 'Object Repository/CERTPAY_QUICKSTI/Login_ Page/BUREAU_CODE' is present

2021-03-18 13:42:24 - [MESSAGE][PASSED] - Text '6100000' is set on object 'Object Repository/CERTPAY_QUICKSTI/Login_ Page/BUREAU_CODE'

2021-03-18 13:42:24 - [MESSAGE][PASSED] - Quicksti.ts:Entered'6100000 into Bureau code

2021-03-18 13:42:24 - [TEST_STEP][PASSED] - utilities.SafeActions.safeType(findTestObject("CERTPAY_QUICKSTI/Login_ Page/TELLER_ID"), teller_id, "Bureau code", [pageLoadTime]): Quicksti.ts:Entered'zenq into Bureau code

2021-03-18 13:42:24 - [MESSAGE][PASSED] - Object 'Object Repository/CERTPAY_QUICKSTI/Login_ Page/TELLER_ID' is present

2021-03-18 13:42:24 - [MESSAGE][PASSED] - Object 'Object Repository/CERTPAY_QUICKSTI/Login_ Page/TELLER_ID' is visible

2021-03-18 13:42:25 - [MESSAGE][PASSED] - Object 'Object Repository/CERTPAY_QUICKSTI/Login_ Page/TELLER_ID' is present

2021-03-18 13:42:26 - [MESSAGE][PASSED] - Text 'zenq' is set on object 'Object Repository/CERTPAY_QUICKSTI/Login_ Page/TELLER_ID'

2021-03-18 13:42:26 - [MESSAGE][PASSED] - Quicksti.ts:Entered'zenq into Bureau code

2021-03-18 13:42:26 - [TEST_STEP][PASSED] - utilities.SafeActions.safeClick(findTestObject("CERTPAY_QUICKSTI/Login_ Page/NEXT_BUTTON"), "Next button", [pageLoadTime]): Quicksti.ts:Clicked on the Next button

2021-03-18 13:42:26 - [MESSAGE][INFO] - safeClicking

2021-03-18 13:42:27 - [MESSAGE][PASSED] - Object 'Object Repository/CERTPAY_QUICKSTI/Login_ Page/NEXT_BUTTON' is present

2021-03-18 13:42:27 - [MESSAGE][PASSED] - Object 'Object Repository/CERTPAY_QUICKSTI/Login_ Page/NEXT_BUTTON' is clickable

2021-03-18 13:42:30 - [MESSAGE][PASSED] - Object: 'Object Repository/CERTPAY_QUICKSTI/Login_ Page/NEXT_BUTTON' is clicked on

2021-03-18 13:42:30 - [MESSAGE][PASSED] - Quicksti.ts:Clicked on the Next button

2021-03-18 13:42:30 - [TEST_STEP][PASSED] - utilities.SafeActions.safeClick(findTestObject("CERTPAY_QUICKSTI/Payment_Information_Page/MANUAL_ENTRY_BUTTON"), "ManualEntry", [pageLoadTime]): Quicksti.ts:Clicked on the ManualEntry

2021-03-18 13:42:31 - [MESSAGE][INFO] - safeClicking

2021-03-18 13:42:31 - [MESSAGE][PASSED] - Object 'Object Repository/CERTPAY_QUICKSTI/Payment_Information_Page/MANUAL_ENTRY_BUTTON' is present

2021-03-18 13:42:31 - [MESSAGE][PASSED] - Object 'Object Repository/CERTPAY_QUICKSTI/Payment_Information_Page/MANUAL_ENTRY_BUTTON' is clickable

2021-03-18 13:42:34 - [MESSAGE][PASSED] - Object: 'Object Repository/CERTPAY_QUICKSTI/Payment_Information_Page/MANUAL_ENTRY_BUTTON' is clicked on

2021-03-18 13:42:34 - [MESSAGE][PASSED] - Quicksti.ts:Clicked on the ManualEntry

2021-03-18 13:42:34 - [TEST_STEP][PASSED] - CardNumber = pages.Quicksti.setUserPaymentDetails(firstName, lastName, cardNum): Quicksti.ts:Entered'5154623208647646 into CardNum

2021-03-18 13:42:35 - [MESSAGE][PASSED] - Object 'Object Repository/CERTPAY_QUICKSTI/Payment_Information_Page/FIRST_NAME' is present

2021-03-18 13:42:35 - [MESSAGE][PASSED] - Object 'Object Repository/CERTPAY_QUICKSTI/Payment_Information_Page/FIRST_NAME' is visible

2021-03-18 13:42:35 - [MESSAGE][PASSED] - Object 'Object Repository/CERTPAY_QUICKSTI/Payment_Information_Page/FIRST_NAME' is present

2021-03-18 13:42:37 - [MESSAGE][PASSED] - Text 'Tester' is set on object 'Object Repository/CERTPAY_QUICKSTI/Payment_Information_Page/FIRST_NAME'

2021-03-18 13:42:37 - [MESSAGE][PASSED] - Quicksti.ts:Entered'Tester into FirstName

2021-03-18 13:42:38 - [MESSAGE][PASSED] - Object 'Object Repository/CERTPAY_QUICKSTI/Payment_Information_Page/LAST_NAME' is present

2021-03-18 13:42:38 - [MESSAGE][PASSED] - Object 'Object Repository/CERTPAY_QUICKSTI/Payment_Information_Page/LAST_NAME' is visible

2021-03-18 13:42:38 - [MESSAGE][PASSED] - Object 'Object Repository/CERTPAY_QUICKSTI/Payment_Information_Page/LAST_NAME' is present

2021-03-18 13:42:40 - [MESSAGE][PASSED] - Text 'Zenq1' is set on object 'Object Repository/CERTPAY_QUICKSTI/Payment_Information_Page/LAST_NAME'

2021-03-18 13:42:40 - [MESSAGE][PASSED] - Quicksti.ts:Entered'Zenq1 into LAstName

2021-03-18 13:42:40 - [MESSAGE][PASSED] - Object 'Object Repository/CERTPAY_QUICKSTI/Payment_Information_Page/CARD_NUMBER' is present

2021-03-18 13:42:41 - [MESSAGE][PASSED] - Object 'Object Repository/CERTPAY_QUICKSTI/Payment_Information_Page/CARD_NUMBER' is visible

2021-03-18 13:42:41 - [MESSAGE][PASSED] - Object 'Object Repository/CERTPAY_QUICKSTI/Payment_Information_Page/CARD_NUMBER' is present

2021-03-18 13:42:43 - [MESSAGE][PASSED] - Text '5154623208647646' is set on object 'Object Repository/CERTPAY_QUICKSTI/Payment_Information_Page/CARD_NUMBER'

2021-03-18 13:42:43 - [MESSAGE][PASSED] - Quicksti.ts:Entered'5154623208647646 into CardNum

2021-03-18 13:42:43 - [TEST_STEP][PASSED] - utilities.SafeActions.safeSelectOptionInDropdownByVisibleText(findTestObject("CERTPAY_QUICKSTI/Payment_Information_Page/PAYMENT_TYPE"), paymentType, "paymentType", [pageLoadTime]): selected dropdown option by visible text  Giftsfrom paymentType

2021-03-18 13:42:43 - [MESSAGE][PASSED] - Object 'Object Repository/CERTPAY_QUICKSTI/Payment_Information_Page/PAYMENT_TYPE' is visible

2021-03-18 13:42:44 - [MESSAGE][PASSED] - Object 'Object Repository/CERTPAY_QUICKSTI/Payment_Information_Page/PAYMENT_TYPE' is present

2021-03-18 13:42:45 - [MESSAGE][PASSED] - Object: 'Object Repository/CERTPAY_QUICKSTI/Payment_Information_Page/PAYMENT_TYPE' is clicked on

2021-03-18 13:42:47 - [MESSAGE][PASSED] - All options with label 'Gifts' are selected in object 'Object Repository/CERTPAY_QUICKSTI/Payment_Information_Page/PAYMENT_TYPE'  using regular expression

2021-03-18 13:42:47 - [MESSAGE][PASSED] - selected dropdown option by visible text  Giftsfrom paymentType

2021-03-18 13:42:47 - [TEST_STEP][PASSED] - pages.Quicksti.setExpDate(expMonth, expYear, securityCode): Quicksti.ts:Entered'207 into securityCode

2021-03-18 13:42:47 - [MESSAGE][PASSED] - Object 'Object Repository/CERTPAY_QUICKSTI/Payment_Information_Page/EXP_MONTH' is visible

2021-03-18 13:42:47 - [MESSAGE][PASSED] - Object 'Object Repository/CERTPAY_QUICKSTI/Payment_Information_Page/EXP_MONTH' is present

2021-03-18 13:42:49 - [MESSAGE][PASSED] - Object: 'Object Repository/CERTPAY_QUICKSTI/Payment_Information_Page/EXP_MONTH' is clicked on

2021-03-18 13:42:51 - [MESSAGE][PASSED] - All options with label '04' are selected in object 'Object Repository/CERTPAY_QUICKSTI/Payment_Information_Page/EXP_MONTH'  using regular expression

2021-03-18 13:42:51 - [MESSAGE][PASSED] - selected dropdown option by visible text  04from expMonth

2021-03-18 13:42:51 - [MESSAGE][PASSED] - Object 'Object Repository/CERTPAY_QUICKSTI/Payment_Information_Page/EXP_YEAR' is visible

2021-03-18 13:42:52 - [MESSAGE][PASSED] - Object 'Object Repository/CERTPAY_QUICKSTI/Payment_Information_Page/EXP_YEAR' is present

2021-03-18 13:42:53 - [MESSAGE][PASSED] - Object: 'Object Repository/CERTPAY_QUICKSTI/Payment_Information_Page/EXP_YEAR' is clicked on

2021-03-18 13:42:55 - [MESSAGE][PASSED] - All options with label '2023' are selected in object 'Object Repository/CERTPAY_QUICKSTI/Payment_Information_Page/EXP_YEAR'  using regular expression

2021-03-18 13:42:55 - [MESSAGE][PASSED] - selected dropdown option by visible text  2023from  expYear

2021-03-18 13:42:55 - [MESSAGE][PASSED] - Object 'Object Repository/CERTPAY_QUICKSTI/Payment_Information_Page/SECURITY_CODE' is present

2021-03-18 13:42:56 - [MESSAGE][PASSED] - Object 'Object Repository/CERTPAY_QUICKSTI/Payment_Information_Page/SECURITY_CODE' is visible

2021-03-18 13:42:56 - [MESSAGE][PASSED] - Object 'Object Repository/CERTPAY_QUICKSTI/Payment_Information_Page/SECURITY_CODE' is present

2021-03-18 13:42:58 - [MESSAGE][PASSED] - Text '207' is set on object 'Object Repository/CERTPAY_QUICKSTI/Payment_Information_Page/SECURITY_CODE'

2021-03-18 13:42:58 - [MESSAGE][PASSED] - Quicksti.ts:Entered'207 into securityCode

2021-03-18 13:42:58 - [TEST_STEP][PASSED] - pages.Quicksti.setPaymentAmountDetailsForSinglePayment(paymentAmount, quantity): Quicksti.ts:Entered'2 into Quantity

2021-03-18 13:42:58 - [MESSAGE][PASSED] - Object 'Object Repository/CERTPAY_QUICKSTI/Payment_Information_Page/PAYMENT_AMOUNT' is present

2021-03-18 13:42:59 - [MESSAGE][PASSED] - Object 'Object Repository/CERTPAY_QUICKSTI/Payment_Information_Page/PAYMENT_AMOUNT' is visible

2021-03-18 13:42:59 - [MESSAGE][PASSED] - Object 'Object Repository/CERTPAY_QUICKSTI/Payment_Information_Page/PAYMENT_AMOUNT' is present

2021-03-18 13:43:01 - [MESSAGE][PASSED] - Text '25.00' is set on object 'Object Repository/CERTPAY_QUICKSTI/Payment_Information_Page/PAYMENT_AMOUNT'

2021-03-18 13:43:01 - [MESSAGE][PASSED] - Quicksti.ts:Entered'25.00 into amount

2021-03-18 13:43:02 - [MESSAGE][PASSED] - Object 'Object Repository/CERTPAY_QUICKSTI/Payment_Information_Page/QUANTITY' is present

2021-03-18 13:43:02 - [MESSAGE][PASSED] - Object 'Object Repository/CERTPAY_QUICKSTI/Payment_Information_Page/QUANTITY' is visible

2021-03-18 13:43:02 - [MESSAGE][PASSED] - Object 'Object Repository/CERTPAY_QUICKSTI/Payment_Information_Page/QUANTITY' is present

2021-03-18 13:43:04 - [MESSAGE][PASSED] - Text '2' is set on object 'Object Repository/CERTPAY_QUICKSTI/Payment_Information_Page/QUANTITY'

2021-03-18 13:43:04 - [MESSAGE][PASSED] - Quicksti.ts:Entered'2 into Quantity

2021-03-18 13:43:04 - [TEST_STEP][PASSED] - utilities.SafeActions.safeType(findTestObject("CERTPAY_QUICKSTI/Payment_Information_Page/REFRENCE_NUMBER"), referenceNum, "Reference Number", [pageLoadTime]): Quicksti.ts:Entered'12 into Reference Number

2021-03-18 13:43:05 - [MESSAGE][PASSED] - Object 'Object Repository/CERTPAY_QUICKSTI/Payment_Information_Page/REFRENCE_NUMBER' is present

2021-03-18 13:43:05 - [MESSAGE][PASSED] - Object 'Object Repository/CERTPAY_QUICKSTI/Payment_Information_Page/REFRENCE_NUMBER' is visible

2021-03-18 13:43:05 - [MESSAGE][PASSED] - Object 'Object Repository/CERTPAY_QUICKSTI/Payment_Information_Page/REFRENCE_NUMBER' is present

2021-03-18 13:43:07 - [MESSAGE][PASSED] - Text '12' is set on object 'Object Repository/CERTPAY_QUICKSTI/Payment_Information_Page/REFRENCE_NUMBER'

2021-03-18 13:43:07 - [MESSAGE][PASSED] - Quicksti.ts:Entered'12 into Reference Number

2021-03-18 13:43:07 - [TEST_STEP][PASSED] - amount_Value = pages.Quicksti.getAttributeValue(findTestObject("CERTPAY_QUICKSTI/Payment_Information_Page/SUB_TOTAL")): pages.Quicksti.getAttributeValue is PASSED

2021-03-18 13:43:08 - [MESSAGE][PASSED] - Attribute 'value' of object 'Object Repository/CERTPAY_QUICKSTI/Payment_Information_Page/SUB_TOTAL' is: '50.00'

2021-03-18 13:43:08 - [MESSAGE][PASSED] - pages.Quicksti.getAttributeValue is PASSED

2021-03-18 13:43:08 - [TEST_STEP][PASSED] - utilities.SafeActions.safeType(findTestObject("CERTPAY_QUICKSTI/Payment_Information_Page/COMMENTS"), "Testing", "Comments", [pageLoadTime]): Quicksti.ts:Entered'Testing into Comments

2021-03-18 13:43:08 - [MESSAGE][PASSED] - Object 'Object Repository/CERTPAY_QUICKSTI/Payment_Information_Page/COMMENTS' is present

2021-03-18 13:43:09 - [MESSAGE][PASSED] - Object 'Object Repository/CERTPAY_QUICKSTI/Payment_Information_Page/COMMENTS' is visible

2021-03-18 13:43:09 - [MESSAGE][PASSED] - Object 'Object Repository/CERTPAY_QUICKSTI/Payment_Information_Page/COMMENTS' is present

2021-03-18 13:43:11 - [MESSAGE][PASSED] - Text 'Testing' is set on object 'Object Repository/CERTPAY_QUICKSTI/Payment_Information_Page/COMMENTS'

2021-03-18 13:43:11 - [MESSAGE][PASSED] - Quicksti.ts:Entered'Testing into Comments

2021-03-18 13:43:11 - [TEST_STEP][PASSED] - utilities.SafeActions.safeType(findTestObject("CERTPAY_QUICKSTI/Payment_Information_Page/ADDRESS"), address, "Address", [pageLoadTime]): Quicksti.ts:Entered'14-2 into Address

2021-03-18 13:43:11 - [MESSAGE][PASSED] - Object 'Object Repository/CERTPAY_QUICKSTI/Payment_Information_Page/ADDRESS' is present

2021-03-18 13:43:11 - [MESSAGE][PASSED] - Object 'Object Repository/CERTPAY_QUICKSTI/Payment_Information_Page/ADDRESS' is visible

2021-03-18 13:43:12 - [MESSAGE][PASSED] - Object 'Object Repository/CERTPAY_QUICKSTI/Payment_Information_Page/ADDRESS' is present

2021-03-18 13:43:14 - [MESSAGE][PASSED] - Text '14-2' is set on object 'Object Repository/CERTPAY_QUICKSTI/Payment_Information_Page/ADDRESS'

2021-03-18 13:43:14 - [MESSAGE][PASSED] - Quicksti.ts:Entered'14-2 into Address

2021-03-18 13:43:14 - [TEST_STEP][PASSED] - utilities.SafeActions.safeType(findTestObject("CERTPAY_QUICKSTI/Payment_Information_Page/ZIP_CODE"), zipCode, "zipcode", [pageLoadTime]): Quicksti.ts:Entered'76102 into zipcode

2021-03-18 13:43:14 - [MESSAGE][PASSED] - Object 'Object Repository/CERTPAY_QUICKSTI/Payment_Information_Page/ZIP_CODE' is present

2021-03-18 13:43:14 - [MESSAGE][PASSED] - Object 'Object Repository/CERTPAY_QUICKSTI/Payment_Information_Page/ZIP_CODE' is visible

2021-03-18 13:43:15 - [MESSAGE][PASSED] - Object 'Object Repository/CERTPAY_QUICKSTI/Payment_Information_Page/ZIP_CODE' is present

2021-03-18 13:43:17 - [MESSAGE][PASSED] - Text '76102' is set on object 'Object Repository/CERTPAY_QUICKSTI/Payment_Information_Page/ZIP_CODE'

2021-03-18 13:43:17 - [MESSAGE][PASSED] - Quicksti.ts:Entered'76102 into zipcode

2021-03-18 13:43:17 - [TEST_STEP][PASSED] - utilities.SafeActions.safeType(findTestObject("CERTPAY_QUICKSTI/Payment_Information_Page/TELEPHONE"), telephone, "Telephone", [pageLoadTime]): Quicksti.ts:Entered'9989897654 into Telephone

2021-03-18 13:43:17 - [MESSAGE][PASSED] - Object 'Object Repository/CERTPAY_QUICKSTI/Payment_Information_Page/TELEPHONE' is present

2021-03-18 13:43:17 - [MESSAGE][PASSED] - Object 'Object Repository/CERTPAY_QUICKSTI/Payment_Information_Page/TELEPHONE' is visible

2021-03-18 13:43:18 - [MESSAGE][PASSED] - Object 'Object Repository/CERTPAY_QUICKSTI/Payment_Information_Page/TELEPHONE' is present

2021-03-18 13:43:20 - [MESSAGE][PASSED] - Text '9989897654' is set on object 'Object Repository/CERTPAY_QUICKSTI/Payment_Information_Page/TELEPHONE'

2021-03-18 13:43:20 - [MESSAGE][PASSED] - Quicksti.ts:Entered'9989897654 into Telephone

2021-03-18 13:43:20 - [TEST_STEP][PASSED] - utilities.SafeActions.safeType(findTestObject("CERTPAY_QUICKSTI/Payment_Information_Page/EMAIL_ADDRESS"), emailAddress, "EMAIL address", [pageLoadTime]): Quicksti.ts:Entered'testing@zenq.com into EMAIL address

2021-03-18 13:43:20 - [MESSAGE][PASSED] - Object 'Object Repository/CERTPAY_QUICKSTI/Payment_Information_Page/EMAIL_ADDRESS' is present

2021-03-18 13:43:20 - [MESSAGE][PASSED] - Object 'Object Repository/CERTPAY_QUICKSTI/Payment_Information_Page/EMAIL_ADDRESS' is visible

2021-03-18 13:43:21 - [MESSAGE][PASSED] - Object 'Object Repository/CERTPAY_QUICKSTI/Payment_Information_Page/EMAIL_ADDRESS' is present

2021-03-18 13:43:23 - [MESSAGE][PASSED] - Text 'testing@zenq.com' is set on object 'Object Repository/CERTPAY_QUICKSTI/Payment_Information_Page/EMAIL_ADDRESS'

2021-03-18 13:43:23 - [MESSAGE][PASSED] - Quicksti.ts:Entered'testing@zenq.com into EMAIL address

2021-03-18 13:43:23 - [TEST_STEP][PASSED] - utilities.SafeActions.safeClick(findTestObject("CERTPAY_QUICKSTI/Payment_Information_Page/NEXT_BUTTON"), "Next", [pageLoadTime]): Quicksti.ts:Clicked on the Next

2021-03-18 13:43:23 - [MESSAGE][INFO] - safeClicking

2021-03-18 13:43:23 - [MESSAGE][PASSED] - Object 'Object Repository/CERTPAY_QUICKSTI/Payment_Information_Page/NEXT_BUTTON' is present

2021-03-18 13:43:23 - [MESSAGE][PASSED] - Object 'Object Repository/CERTPAY_QUICKSTI/Payment_Information_Page/NEXT_BUTTON' is clickable

2021-03-18 13:43:26 - [MESSAGE][PASSED] - Object: 'Object Repository/CERTPAY_QUICKSTI/Payment_Information_Page/NEXT_BUTTON' is clicked on

2021-03-18 13:43:26 - [MESSAGE][PASSED] - Quicksti.ts:Clicked on the Next

2021-03-18 13:43:26 - [TEST_STEP][PASSED] - pages.Quicksti.verifyUserPaymentDetails(paymentAmount, firstName, lastName, CardNumber): pages.Quicksti.verifyUserPaymentDetails is PASSED

2021-03-18 13:43:27 - [MESSAGE][PASSED] - Text of object 'Object Repository/CERTPAY_QUICKSTI/Payment_Details_Verification_Page/AMOUNT' is: '$25.00'

2021-03-18 13:43:27 - [MESSAGE][PASSED] - Actual text '25.00' and expected text '25.00' are matched  using regular expression

2021-03-18 13:43:28 - [MESSAGE][PASSED] - Text of object 'Object Repository/CERTPAY_QUICKSTI/Payment_Details_Verification_Page/NAME' is: 'Tester Zenq1'

2021-03-18 13:43:28 - [MESSAGE][PASSED] - Actual text 'Tester Zenq1' and expected text 'Tester Zenq1' are matched  using regular expression

2021-03-18 13:43:28 - [MESSAGE][PASSED] - Text of object 'Object Repository/CERTPAY_QUICKSTI/Payment_Details_Verification_Page/CARD_NUMBER' is: '...7646'

2021-03-18 13:43:28 - [MESSAGE][PASSED] - Actual text '7646' and expected text '7646' are matched  using regular expression

2021-03-18 13:43:28 - [MESSAGE][PASSED] - pages.Quicksti.verifyUserPaymentDetails is PASSED

2021-03-18 13:43:28 - [TEST_STEP][PASSED] - delay(2): Delayed 2 second(s)

2021-03-18 13:43:30 - [MESSAGE][PASSED] - Delayed 2 second(s)

2021-03-18 13:43:30 - [TEST_STEP][PASSED] - ConvFee = getText(findTestObject("CERTPAY_QUICKSTI/Payment_Information_Page/CONV_FEE")): Text of object 'Object Repository/CERTPAY_QUICKSTI/Payment_Information_Page/CONV_FEE' is: '$4.95'

2021-03-18 13:43:31 - [MESSAGE][PASSED] - Text of object 'Object Repository/CERTPAY_QUICKSTI/Payment_Information_Page/CONV_FEE' is: '$4.95'

2021-03-18 13:43:31 - [TEST_STEP][PASSED] - scrollToElement(findTestObject("CERTPAY_QUICKSTI/Payment_Details_Verification_Page/PROCESS"), 0): Scroll to object 'Object Repository/CERTPAY_QUICKSTI/Payment_Details_Verification_Page/PROCESS' successfully

2021-03-18 13:43:31 - [MESSAGE][WARNING] - Timeout '0' is invalid. Using default page load timeout: '30'

2021-03-18 13:43:31 - [MESSAGE][PASSED] - Scroll to object 'Object Repository/CERTPAY_QUICKSTI/Payment_Details_Verification_Page/PROCESS' successfully

2021-03-18 13:43:31 - [TEST_STEP][PASSED] - utilities.SafeActions.safeClick(findTestObject("CERTPAY_QUICKSTI/Payment_Details_Verification_Page/PROCESS"), "Process", [pageLoadTime]): Quicksti.ts:Clicked on the Process

2021-03-18 13:43:31 - [MESSAGE][INFO] - safeClicking

2021-03-18 13:43:32 - [MESSAGE][PASSED] - Object 'Object Repository/CERTPAY_QUICKSTI/Payment_Details_Verification_Page/PROCESS' is present

2021-03-18 13:43:32 - [MESSAGE][PASSED] - Object 'Object Repository/CERTPAY_QUICKSTI/Payment_Details_Verification_Page/PROCESS' is clickable

2021-03-18 13:43:36 - [MESSAGE][PASSED] - Object: 'Object Repository/CERTPAY_QUICKSTI/Payment_Details_Verification_Page/PROCESS' is clicked on

2021-03-18 13:43:36 - [MESSAGE][PASSED] - Quicksti.ts:Clicked on the Process

2021-03-18 13:43:36 - [TEST_STEP][PASSED] - paymentId = pages.Quicksti.verifyPaymentApproval(findTestObject("CERTPAY_QUICKSTI/Payment_Details_Verification_Page/APPROVED")): Payment is approved

2021-03-18 13:43:37 - [MESSAGE][PASSED] - Text of object 'Object Repository/CERTPAY_QUICKSTI/Payment_Details_Verification_Page/PAYMENT_ID' is: '100176222941'

2021-03-18 13:43:37 - [MESSAGE][PASSED] - Object 'Object Repository/CERTPAY_QUICKSTI/Payment_Details_Verification_Page/APPROVED' is present

2021-03-18 13:43:37 - [MESSAGE][PASSED] - Payment is approved

2021-03-18 13:43:39 - [TEST_STEP][PASSED] - navigateToUrl(Admin_url): Navigate to 'https://qa-certpayadmin.faps.net' successfully

2021-03-18 13:43:48 - [MESSAGE][PASSED] - Navigate to 'https://qa-certpayadmin.faps.net' successfully

2021-03-18 13:43:48 - [TEST_STEP][PASSED] - pages.Bureau_Login_Page.loginToAdminSite(AdminUsername, AdminPassword): Quicksti.ts:Clicked on the LOGIN

2021-03-18 13:43:49 - [MESSAGE][PASSED] - Object 'Object Repository/CERTPAY_ADMIN/USER_NAME' is present

2021-03-18 13:43:49 - [MESSAGE][PASSED] - Object 'Object Repository/CERTPAY_ADMIN/USER_NAME' is visible

2021-03-18 13:43:49 - [MESSAGE][PASSED] - Object 'Object Repository/CERTPAY_ADMIN/USER_NAME' is present

2021-03-18 13:43:51 - [MESSAGE][PASSED] - Text 'VVangiliappan' is set on object 'Object Repository/CERTPAY_ADMIN/USER_NAME'

2021-03-18 13:43:51 - [MESSAGE][PASSED] - Quicksti.ts:Entered'VVangiliappan into username

2021-03-18 13:43:51 - [MESSAGE][PASSED] - Object 'Object Repository/CERTPAY_ADMIN/PASSWORD' is present

2021-03-18 13:43:52 - [MESSAGE][PASSED] - Object 'Object Repository/CERTPAY_ADMIN/PASSWORD' is visible

2021-03-18 13:43:52 - [MESSAGE][PASSED] - Object 'Object Repository/CERTPAY_ADMIN/PASSWORD' is present

2021-03-18 13:43:54 - [MESSAGE][PASSED] - Text 'Test111!' is set on object 'Object Repository/CERTPAY_ADMIN/PASSWORD'

2021-03-18 13:43:54 - [MESSAGE][PASSED] - Quicksti.ts:Entered'Test111! into password

2021-03-18 13:43:54 - [MESSAGE][INFO] - safeClicking

2021-03-18 13:43:54 - [MESSAGE][PASSED] - Object 'Object Repository/CERTPAY_ADMIN/LOGIN_BUTTON' is present

2021-03-18 13:43:54 - [MESSAGE][PASSED] - Object 'Object Repository/CERTPAY_ADMIN/LOGIN_BUTTON' is clickable

2021-03-18 13:44:02 - [MESSAGE][PASSED] - Object: 'Object Repository/CERTPAY_ADMIN/LOGIN_BUTTON' is clicked on

2021-03-18 13:44:02 - [MESSAGE][PASSED] - Quicksti.ts:Clicked on the LOGIN

2021-03-18 13:44:02 - [TEST_STEP][PASSED] - utilities.SafeActions.safeClick(findTestObject("CERTPAY_ADMIN/TRANSACTION_MENU"), "TransactionMenu", [pageLoadTime]): Quicksti.ts:Clicked on the TransactionMenu

2021-03-18 13:44:02 - [MESSAGE][INFO] - safeClicking

2021-03-18 13:44:02 - [MESSAGE][PASSED] - Object 'Object Repository/CERTPAY_ADMIN/TRANSACTION_MENU' is present

2021-03-18 13:44:03 - [MESSAGE][PASSED] - Object 'Object Repository/CERTPAY_ADMIN/TRANSACTION_MENU' is clickable

2021-03-18 13:44:04 - [MESSAGE][PASSED] - Object: 'Object Repository/CERTPAY_ADMIN/TRANSACTION_MENU' is clicked on

2021-03-18 13:44:04 - [MESSAGE][PASSED] - Quicksti.ts:Clicked on the TransactionMenu

2021-03-18 13:44:04 - [TEST_STEP][PASSED] - utilities.SafeActions.safeClick(findTestObject("CERTPAY_ADMIN/TRANSACTION_SEARCH"), "TransactionSearch", [pageLoadTime]): Quicksti.ts:Clicked on the TransactionSearch

2021-03-18 13:44:04 - [MESSAGE][INFO] - safeClicking

2021-03-18 13:44:04 - [MESSAGE][PASSED] - Object 'Object Repository/CERTPAY_ADMIN/TRANSACTION_SEARCH' is present

2021-03-18 13:44:05 - [MESSAGE][PASSED] - Object 'Object Repository/CERTPAY_ADMIN/TRANSACTION_SEARCH' is clickable

2021-03-18 13:44:08 - [MESSAGE][PASSED] - Object: 'Object Repository/CERTPAY_ADMIN/TRANSACTION_SEARCH' is clicked on

2021-03-18 13:44:08 - [MESSAGE][PASSED] - Quicksti.ts:Clicked on the TransactionSearch

2021-03-18 13:44:08 - [TEST_STEP][PASSED] - utilities.SafeActions.safeType(findTestObject("CERTPAY_ADMIN/PAYMENT_ID"), paymentId, "Payment id", [pageLoadTime]): Quicksti.ts:Entered'100176222941 into Payment id

2021-03-18 13:44:09 - [MESSAGE][PASSED] - Object 'Object Repository/CERTPAY_ADMIN/PAYMENT_ID' is present

2021-03-18 13:44:09 - [MESSAGE][PASSED] - Object 'Object Repository/CERTPAY_ADMIN/PAYMENT_ID' is visible

2021-03-18 13:44:10 - [MESSAGE][PASSED] - Object 'Object Repository/CERTPAY_ADMIN/PAYMENT_ID' is present

2021-03-18 13:44:11 - [MESSAGE][PASSED] - Text '100176222941' is set on object 'Object Repository/CERTPAY_ADMIN/PAYMENT_ID'

2021-03-18 13:44:11 - [MESSAGE][PASSED] - Quicksti.ts:Entered'100176222941 into Payment id

2021-03-18 13:44:11 - [TEST_STEP][PASSED] - utilities.SafeActions.safeClick(findTestObject("CERTPAY_ADMIN/GO_BUTTON"), "Go button", [pageLoadTime]): Quicksti.ts:Clicked on the Go button

2021-03-18 13:44:12 - [MESSAGE][INFO] - safeClicking

2021-03-18 13:44:12 - [MESSAGE][PASSED] - Object 'Object Repository/CERTPAY_ADMIN/GO_BUTTON' is present

2021-03-18 13:44:12 - [MESSAGE][PASSED] - Object 'Object Repository/CERTPAY_ADMIN/GO_BUTTON' is clickable

2021-03-18 13:44:16 - [MESSAGE][PASSED] - Object: 'Object Repository/CERTPAY_ADMIN/GO_BUTTON' is clicked on

2021-03-18 13:44:16 - [MESSAGE][PASSED] - Quicksti.ts:Clicked on the Go button

2021-03-18 13:44:16 - [TEST_STEP][PASSED] - delay(5): Delayed 5 second(s)

2021-03-18 13:44:21 - [MESSAGE][PASSED] - Delayed 5 second(s)

2021-03-18 13:44:21 - [TEST_STEP][PASSED] - scrollToPosition(800, 900): Browser is scrolled to position x = 800, y = 900

2021-03-18 13:44:21 - [MESSAGE][PASSED] - Browser is scrolled to position x = 800, y = 900

2021-03-18 13:44:21 - [TEST_STEP][PASSED] - pages.Search_Page.validatePaymentAmount(amount_Value, ConvFee): Verified payment details successfully 

2021-03-18 13:44:21 - [MESSAGE][PASSED] - Text of object 'Object Repository/CERTPAY_ADMIN/PAYMENT_AMOUNT' is: '$50.00'

2021-03-18 13:44:21 - [MESSAGE][PASSED] - Actual text '50.00' and expected text '50.00' are matched  using regular expression

2021-03-18 13:44:22 - [MESSAGE][PASSED] - Text of object 'Object Repository/CERTPAY_ADMIN/CONV_FEE' is: '$4.95'

2021-03-18 13:44:22 - [MESSAGE][PASSED] - Actual text '4.95' and expected text '4.95' are matched  using regular expression

2021-03-18 13:44:22 - [MESSAGE][PASSED] - Verified payment details successfully 

2021-03-18 13:44:22 - [TEST_STEP][PASSED] - paymentIdList.add(paymentId): null

2021-03-18 13:44:22 - [TEST_STEP][PASSED] - println(paymentIdList): null

2021-03-18 13:44:22 - [TEST_STEP][PASSED] - firstName = data.getValue("FirstName", index): null

2021-03-18 13:44:22 - [TEST_STEP][PASSED] - lastName = data.getValue("LastName", index): null

2021-03-18 13:44:22 - [TEST_STEP][PASSED] - expMonth = data.getValue("ExpMonth", index): null

2021-03-18 13:44:22 - [TEST_STEP][PASSED] - expYear = data.getValue("ExpYear", index): null

2021-03-18 13:44:22 - [TEST_STEP][PASSED] - securityCode = data.getValue("SecurityCode", index): null

2021-03-18 13:44:22 - [TEST_STEP][PASSED] - paymentAmount = data.getValue("PaymentAmount", index): null

2021-03-18 13:44:22 - [TEST_STEP][PASSED] - paymentType = data.getValue("PaymentType", index): null

2021-03-18 13:44:22 - [TEST_STEP][PASSED] - quantity = data.getValue("Quantity", index): null

2021-03-18 13:44:22 - [TEST_STEP][PASSED] - comments = data.getValue("Comments", index): null

2021-03-18 13:44:22 - [TEST_STEP][PASSED] - referenceNum = data.getValue("ReferenceNum", index): null

2021-03-18 13:44:22 - [TEST_STEP][PASSED] - address = data.getValue("Address", index): null

2021-03-18 13:44:22 - [TEST_STEP][PASSED] - zipCode = data.getValue("Zipcode", index): null

2021-03-18 13:44:22 - [TEST_STEP][PASSED] - telephone = data.getValue("Telephone", index): null

2021-03-18 13:44:22 - [TEST_STEP][PASSED] - emailAddress = data.getValue("EmailAddress", index): null

2021-03-18 13:44:22 - [TEST_STEP][PASSED] - cardNum = data.getValue("CardNumber", index): null

2021-03-18 13:44:22 - [TEST_STEP][PASSED] - cardType = data.getValue("CardType", index): null

2021-03-18 13:44:22 - [TEST_STEP][PASSED] - utilities.SafeActions.openBrowser(Quicksti_Url, [pageLoadTime]): Browser launched successfully

2021-03-18 13:44:22 - [MESSAGE][INFO] - Opening Browser

2021-03-18 13:44:22 - [MESSAGE][WARNING] - A browser is already opened. Closing browser and opening a new one

2021-03-18 13:44:23 - [MESSAGE][INFO] - Starting 'Chrome' driver

2021-03-18 13:44:23 - [MESSAGE][INFO] - Action delay is set to 0 milliseconds

2021-03-18 13:44:32 - [MESSAGE][PASSED] - Browser is opened with url: 'https://qa-certpayquicksti.faps.net/'

2021-03-18 13:44:32 - [MESSAGE][PASSED] - Current window maximized

2021-03-18 13:44:32 - [MESSAGE][PASSED] - Browser launched successfully

2021-03-18 13:44:32 - [TEST_STEP][PASSED] - utilities.SafeActions.safeType(findTestObject("CERTPAY_QUICKSTI/Login_ Page/BUREAU_CODE"), bureau_code, "Bureau code", [pageLoadTime]): Quicksti.ts:Entered'6100000 into Bureau code

2021-03-18 13:44:33 - [MESSAGE][PASSED] - Object 'Object Repository/CERTPAY_QUICKSTI/Login_ Page/BUREAU_CODE' is present

2021-03-18 13:44:33 - [MESSAGE][PASSED] - Object 'Object Repository/CERTPAY_QUICKSTI/Login_ Page/BUREAU_CODE' is visible

2021-03-18 13:44:34 - [MESSAGE][PASSED] - Object 'Object Repository/CERTPAY_QUICKSTI/Login_ Page/BUREAU_CODE' is present

2021-03-18 13:44:35 - [MESSAGE][PASSED] - Text '6100000' is set on object 'Object Repository/CERTPAY_QUICKSTI/Login_ Page/BUREAU_CODE'

2021-03-18 13:44:35 - [MESSAGE][PASSED] - Quicksti.ts:Entered'6100000 into Bureau code

2021-03-18 13:44:35 - [TEST_STEP][PASSED] - utilities.SafeActions.safeType(findTestObject("CERTPAY_QUICKSTI/Login_ Page/TELLER_ID"), teller_id, "Bureau code", [pageLoadTime]): Quicksti.ts:Entered'zenq into Bureau code

2021-03-18 13:44:36 - [MESSAGE][PASSED] - Object 'Object Repository/CERTPAY_QUICKSTI/Login_ Page/TELLER_ID' is present

2021-03-18 13:44:36 - [MESSAGE][PASSED] - Object 'Object Repository/CERTPAY_QUICKSTI/Login_ Page/TELLER_ID' is visible

2021-03-18 13:44:36 - [MESSAGE][PASSED] - Object 'Object Repository/CERTPAY_QUICKSTI/Login_ Page/TELLER_ID' is present

2021-03-18 13:44:38 - [MESSAGE][PASSED] - Text 'zenq' is set on object 'Object Repository/CERTPAY_QUICKSTI/Login_ Page/TELLER_ID'

2021-03-18 13:44:38 - [MESSAGE][PASSED] - Quicksti.ts:Entered'zenq into Bureau code

2021-03-18 13:44:38 - [TEST_STEP][PASSED] - utilities.SafeActions.safeClick(findTestObject("CERTPAY_QUICKSTI/Login_ Page/NEXT_BUTTON"), "Next button", [pageLoadTime]): Quicksti.ts:Clicked on the Next button

2021-03-18 13:44:38 - [MESSAGE][INFO] - safeClicking

2021-03-18 13:44:38 - [MESSAGE][PASSED] - Object 'Object Repository/CERTPAY_QUICKSTI/Login_ Page/NEXT_BUTTON' is present

2021-03-18 13:44:38 - [MESSAGE][PASSED] - Object 'Object Repository/CERTPAY_QUICKSTI/Login_ Page/NEXT_BUTTON' is clickable

2021-03-18 13:44:42 - [MESSAGE][PASSED] - Object: 'Object Repository/CERTPAY_QUICKSTI/Login_ Page/NEXT_BUTTON' is clicked on

2021-03-18 13:44:42 - [MESSAGE][PASSED] - Quicksti.ts:Clicked on the Next button

2021-03-18 13:44:42 - [TEST_STEP][PASSED] - utilities.SafeActions.safeClick(findTestObject("CERTPAY_QUICKSTI/Payment_Information_Page/MANUAL_ENTRY_BUTTON"), "ManualEntry", [pageLoadTime]): Quicksti.ts:Clicked on the ManualEntry

2021-03-18 13:44:42 - [MESSAGE][INFO] - safeClicking

2021-03-18 13:44:42 - [MESSAGE][PASSED] - Object 'Object Repository/CERTPAY_QUICKSTI/Payment_Information_Page/MANUAL_ENTRY_BUTTON' is present

2021-03-18 13:44:43 - [MESSAGE][PASSED] - Object 'Object Repository/CERTPAY_QUICKSTI/Payment_Information_Page/MANUAL_ENTRY_BUTTON' is clickable

2021-03-18 13:44:45 - [MESSAGE][PASSED] - Object: 'Object Repository/CERTPAY_QUICKSTI/Payment_Information_Page/MANUAL_ENTRY_BUTTON' is clicked on

2021-03-18 13:44:45 - [MESSAGE][PASSED] - Quicksti.ts:Clicked on the ManualEntry

2021-03-18 13:44:45 - [TEST_STEP][PASSED] - CardNumber = pages.Quicksti.setUserPaymentDetails(firstName, lastName, cardNum): Quicksti.ts:Entered'8171999900000018 into CardNum

2021-03-18 13:44:46 - [MESSAGE][PASSED] - Object 'Object Repository/CERTPAY_QUICKSTI/Payment_Information_Page/FIRST_NAME' is present

2021-03-18 13:44:47 - [MESSAGE][PASSED] - Object 'Object Repository/CERTPAY_QUICKSTI/Payment_Information_Page/FIRST_NAME' is visible

2021-03-18 13:44:47 - [MESSAGE][PASSED] - Object 'Object Repository/CERTPAY_QUICKSTI/Payment_Information_Page/FIRST_NAME' is present

2021-03-18 13:44:49 - [MESSAGE][PASSED] - Text 'Tester' is set on object 'Object Repository/CERTPAY_QUICKSTI/Payment_Information_Page/FIRST_NAME'

2021-03-18 13:44:49 - [MESSAGE][PASSED] - Quicksti.ts:Entered'Tester into FirstName

2021-03-18 13:44:49 - [MESSAGE][PASSED] - Object 'Object Repository/CERTPAY_QUICKSTI/Payment_Information_Page/LAST_NAME' is present

2021-03-18 13:44:49 - [MESSAGE][PASSED] - Object 'Object Repository/CERTPAY_QUICKSTI/Payment_Information_Page/LAST_NAME' is visible

2021-03-18 13:44:50 - [MESSAGE][PASSED] - Object 'Object Repository/CERTPAY_QUICKSTI/Payment_Information_Page/LAST_NAME' is present

2021-03-18 13:44:52 - [MESSAGE][PASSED] - Text 'Zenq1' is set on object 'Object Repository/CERTPAY_QUICKSTI/Payment_Information_Page/LAST_NAME'

2021-03-18 13:44:52 - [MESSAGE][PASSED] - Quicksti.ts:Entered'Zenq1 into LAstName

2021-03-18 13:44:52 - [MESSAGE][PASSED] - Object 'Object Repository/CERTPAY_QUICKSTI/Payment_Information_Page/CARD_NUMBER' is present

2021-03-18 13:44:52 - [MESSAGE][PASSED] - Object 'Object Repository/CERTPAY_QUICKSTI/Payment_Information_Page/CARD_NUMBER' is visible

2021-03-18 13:44:53 - [MESSAGE][PASSED] - Object 'Object Repository/CERTPAY_QUICKSTI/Payment_Information_Page/CARD_NUMBER' is present

2021-03-18 13:44:55 - [MESSAGE][PASSED] - Text '8171999900000018' is set on object 'Object Repository/CERTPAY_QUICKSTI/Payment_Information_Page/CARD_NUMBER'

2021-03-18 13:44:55 - [MESSAGE][PASSED] - Quicksti.ts:Entered'8171999900000018 into CardNum

2021-03-18 13:44:55 - [TEST_STEP][PASSED] - utilities.SafeActions.safeSelectOptionInDropdownByVisibleText(findTestObject("CERTPAY_QUICKSTI/Payment_Information_Page/PAYMENT_TYPE"), paymentType, "paymentType", [pageLoadTime]): selected dropdown option by visible text  Licensesfrom paymentType

2021-03-18 13:44:55 - [MESSAGE][PASSED] - Object 'Object Repository/CERTPAY_QUICKSTI/Payment_Information_Page/PAYMENT_TYPE' is visible

2021-03-18 13:44:55 - [MESSAGE][PASSED] - Object 'Object Repository/CERTPAY_QUICKSTI/Payment_Information_Page/PAYMENT_TYPE' is present

2021-03-18 13:44:57 - [MESSAGE][PASSED] - Object: 'Object Repository/CERTPAY_QUICKSTI/Payment_Information_Page/PAYMENT_TYPE' is clicked on

2021-03-18 13:44:58 - [MESSAGE][PASSED] - All options with label 'Licenses' are selected in object 'Object Repository/CERTPAY_QUICKSTI/Payment_Information_Page/PAYMENT_TYPE'  using regular expression

2021-03-18 13:44:58 - [MESSAGE][PASSED] - selected dropdown option by visible text  Licensesfrom paymentType

2021-03-18 13:44:58 - [TEST_STEP][PASSED] - pages.Quicksti.setExpDate(expMonth, expYear, securityCode): Quicksti.ts:Entered'111 into securityCode

2021-03-18 13:44:59 - [MESSAGE][PASSED] - Object 'Object Repository/CERTPAY_QUICKSTI/Payment_Information_Page/EXP_MONTH' is visible

2021-03-18 13:44:59 - [MESSAGE][PASSED] - Object 'Object Repository/CERTPAY_QUICKSTI/Payment_Information_Page/EXP_MONTH' is present

2021-03-18 13:45:00 - [MESSAGE][PASSED] - Object: 'Object Repository/CERTPAY_QUICKSTI/Payment_Information_Page/EXP_MONTH' is clicked on

2021-03-18 13:45:02 - [MESSAGE][PASSED] - All options with label '04' are selected in object 'Object Repository/CERTPAY_QUICKSTI/Payment_Information_Page/EXP_MONTH'  using regular expression

2021-03-18 13:45:02 - [MESSAGE][PASSED] - selected dropdown option by visible text  04from expMonth

2021-03-18 13:45:03 - [MESSAGE][PASSED] - Object 'Object Repository/CERTPAY_QUICKSTI/Payment_Information_Page/EXP_YEAR' is visible

2021-03-18 13:45:03 - [MESSAGE][PASSED] - Object 'Object Repository/CERTPAY_QUICKSTI/Payment_Information_Page/EXP_YEAR' is present

2021-03-18 13:45:04 - [MESSAGE][PASSED] - Object: 'Object Repository/CERTPAY_QUICKSTI/Payment_Information_Page/EXP_YEAR' is clicked on

2021-03-18 13:45:06 - [MESSAGE][PASSED] - All options with label '2027' are selected in object 'Object Repository/CERTPAY_QUICKSTI/Payment_Information_Page/EXP_YEAR'  using regular expression

2021-03-18 13:45:06 - [MESSAGE][PASSED] - selected dropdown option by visible text  2027from  expYear

2021-03-18 13:45:07 - [MESSAGE][PASSED] - Object 'Object Repository/CERTPAY_QUICKSTI/Payment_Information_Page/SECURITY_CODE' is present

2021-03-18 13:45:07 - [MESSAGE][PASSED] - Object 'Object Repository/CERTPAY_QUICKSTI/Payment_Information_Page/SECURITY_CODE' is visible

2021-03-18 13:45:07 - [MESSAGE][PASSED] - Object 'Object Repository/CERTPAY_QUICKSTI/Payment_Information_Page/SECURITY_CODE' is present

2021-03-18 13:45:09 - [MESSAGE][PASSED] - Text '111' is set on object 'Object Repository/CERTPAY_QUICKSTI/Payment_Information_Page/SECURITY_CODE'

2021-03-18 13:45:09 - [MESSAGE][PASSED] - Quicksti.ts:Entered'111 into securityCode

2021-03-18 13:45:09 - [TEST_STEP][PASSED] - pages.Quicksti.setPaymentAmountDetailsForSinglePayment(paymentAmount, quantity): Quicksti.ts:Entered'1 into Quantity

2021-03-18 13:45:10 - [MESSAGE][PASSED] - Object 'Object Repository/CERTPAY_QUICKSTI/Payment_Information_Page/PAYMENT_AMOUNT' is present

2021-03-18 13:45:10 - [MESSAGE][PASSED] - Object 'Object Repository/CERTPAY_QUICKSTI/Payment_Information_Page/PAYMENT_AMOUNT' is visible

2021-03-18 13:45:10 - [MESSAGE][PASSED] - Object 'Object Repository/CERTPAY_QUICKSTI/Payment_Information_Page/PAYMENT_AMOUNT' is present

2021-03-18 13:45:12 - [MESSAGE][PASSED] - Text '30.00' is set on object 'Object Repository/CERTPAY_QUICKSTI/Payment_Information_Page/PAYMENT_AMOUNT'

2021-03-18 13:45:12 - [MESSAGE][PASSED] - Quicksti.ts:Entered'30.00 into amount

2021-03-18 13:45:13 - [MESSAGE][PASSED] - Object 'Object Repository/CERTPAY_QUICKSTI/Payment_Information_Page/QUANTITY' is present

2021-03-18 13:45:13 - [MESSAGE][PASSED] - Object 'Object Repository/CERTPAY_QUICKSTI/Payment_Information_Page/QUANTITY' is visible

2021-03-18 13:45:13 - [MESSAGE][PASSED] - Object 'Object Repository/CERTPAY_QUICKSTI/Payment_Information_Page/QUANTITY' is present

2021-03-18 13:45:15 - [MESSAGE][PASSED] - Text '1' is set on object 'Object Repository/CERTPAY_QUICKSTI/Payment_Information_Page/QUANTITY'

2021-03-18 13:45:15 - [MESSAGE][PASSED] - Quicksti.ts:Entered'1 into Quantity

2021-03-18 13:45:15 - [TEST_STEP][PASSED] - utilities.SafeActions.safeType(findTestObject("CERTPAY_QUICKSTI/Payment_Information_Page/REFRENCE_NUMBER"), referenceNum, "Reference Number", [pageLoadTime]): Quicksti.ts:Entered'13 into Reference Number

2021-03-18 13:45:16 - [MESSAGE][PASSED] - Object 'Object Repository/CERTPAY_QUICKSTI/Payment_Information_Page/REFRENCE_NUMBER' is present

2021-03-18 13:45:16 - [MESSAGE][PASSED] - Object 'Object Repository/CERTPAY_QUICKSTI/Payment_Information_Page/REFRENCE_NUMBER' is visible

2021-03-18 13:45:16 - [MESSAGE][PASSED] - Object 'Object Repository/CERTPAY_QUICKSTI/Payment_Information_Page/REFRENCE_NUMBER' is present

2021-03-18 13:45:18 - [MESSAGE][PASSED] - Text '13' is set on object 'Object Repository/CERTPAY_QUICKSTI/Payment_Information_Page/REFRENCE_NUMBER'

2021-03-18 13:45:18 - [MESSAGE][PASSED] - Quicksti.ts:Entered'13 into Reference Number

2021-03-18 13:45:18 - [TEST_STEP][PASSED] - amount_Value = pages.Quicksti.getAttributeValue(findTestObject("CERTPAY_QUICKSTI/Payment_Information_Page/SUB_TOTAL")): pages.Quicksti.getAttributeValue is PASSED

2021-03-18 13:45:19 - [MESSAGE][PASSED] - Attribute 'value' of object 'Object Repository/CERTPAY_QUICKSTI/Payment_Information_Page/SUB_TOTAL' is: '30.00'

2021-03-18 13:45:19 - [MESSAGE][PASSED] - pages.Quicksti.getAttributeValue is PASSED

2021-03-18 13:45:19 - [TEST_STEP][PASSED] - utilities.SafeActions.safeType(findTestObject("CERTPAY_QUICKSTI/Payment_Information_Page/COMMENTS"), "Testing", "Comments", [pageLoadTime]): Quicksti.ts:Entered'Testing into Comments

2021-03-18 13:45:19 - [MESSAGE][PASSED] - Object 'Object Repository/CERTPAY_QUICKSTI/Payment_Information_Page/COMMENTS' is present

2021-03-18 13:45:19 - [MESSAGE][PASSED] - Object 'Object Repository/CERTPAY_QUICKSTI/Payment_Information_Page/COMMENTS' is visible

2021-03-18 13:45:20 - [MESSAGE][PASSED] - Object 'Object Repository/CERTPAY_QUICKSTI/Payment_Information_Page/COMMENTS' is present

2021-03-18 13:45:21 - [MESSAGE][PASSED] - Text 'Testing' is set on object 'Object Repository/CERTPAY_QUICKSTI/Payment_Information_Page/COMMENTS'

2021-03-18 13:45:21 - [MESSAGE][PASSED] - Quicksti.ts:Entered'Testing into Comments

2021-03-18 13:45:21 - [TEST_STEP][PASSED] - utilities.SafeActions.safeType(findTestObject("CERTPAY_QUICKSTI/Payment_Information_Page/ADDRESS"), address, "Address", [pageLoadTime]): Quicksti.ts:Entered'14-2 into Address

2021-03-18 13:45:22 - [MESSAGE][PASSED] - Object 'Object Repository/CERTPAY_QUICKSTI/Payment_Information_Page/ADDRESS' is present

2021-03-18 13:45:22 - [MESSAGE][PASSED] - Object 'Object Repository/CERTPAY_QUICKSTI/Payment_Information_Page/ADDRESS' is visible

2021-03-18 13:45:23 - [MESSAGE][PASSED] - Object 'Object Repository/CERTPAY_QUICKSTI/Payment_Information_Page/ADDRESS' is present

2021-03-18 13:45:24 - [MESSAGE][PASSED] - Text '14-2' is set on object 'Object Repository/CERTPAY_QUICKSTI/Payment_Information_Page/ADDRESS'

2021-03-18 13:45:24 - [MESSAGE][PASSED] - Quicksti.ts:Entered'14-2 into Address

2021-03-18 13:45:24 - [TEST_STEP][PASSED] - utilities.SafeActions.safeType(findTestObject("CERTPAY_QUICKSTI/Payment_Information_Page/ZIP_CODE"), zipCode, "zipcode", [pageLoadTime]): Quicksti.ts:Entered'76102 into zipcode

2021-03-18 13:45:25 - [MESSAGE][PASSED] - Object 'Object Repository/CERTPAY_QUICKSTI/Payment_Information_Page/ZIP_CODE' is present

2021-03-18 13:45:25 - [MESSAGE][PASSED] - Object 'Object Repository/CERTPAY_QUICKSTI/Payment_Information_Page/ZIP_CODE' is visible

2021-03-18 13:45:25 - [MESSAGE][PASSED] - Object 'Object Repository/CERTPAY_QUICKSTI/Payment_Information_Page/ZIP_CODE' is present

2021-03-18 13:45:27 - [MESSAGE][PASSED] - Text '76102' is set on object 'Object Repository/CERTPAY_QUICKSTI/Payment_Information_Page/ZIP_CODE'

2021-03-18 13:45:27 - [MESSAGE][PASSED] - Quicksti.ts:Entered'76102 into zipcode

2021-03-18 13:45:27 - [TEST_STEP][PASSED] - utilities.SafeActions.safeType(findTestObject("CERTPAY_QUICKSTI/Payment_Information_Page/TELEPHONE"), telephone, "Telephone", [pageLoadTime]): Quicksti.ts:Entered'9989897654 into Telephone

2021-03-18 13:45:28 - [MESSAGE][PASSED] - Object 'Object Repository/CERTPAY_QUICKSTI/Payment_Information_Page/TELEPHONE' is present

2021-03-18 13:45:28 - [MESSAGE][PASSED] - Object 'Object Repository/CERTPAY_QUICKSTI/Payment_Information_Page/TELEPHONE' is visible

2021-03-18 13:45:28 - [MESSAGE][PASSED] - Object 'Object Repository/CERTPAY_QUICKSTI/Payment_Information_Page/TELEPHONE' is present

2021-03-18 13:45:30 - [MESSAGE][PASSED] - Text '9989897654' is set on object 'Object Repository/CERTPAY_QUICKSTI/Payment_Information_Page/TELEPHONE'

2021-03-18 13:45:30 - [MESSAGE][PASSED] - Quicksti.ts:Entered'9989897654 into Telephone

2021-03-18 13:45:30 - [TEST_STEP][PASSED] - utilities.SafeActions.safeType(findTestObject("CERTPAY_QUICKSTI/Payment_Information_Page/EMAIL_ADDRESS"), emailAddress, "EMAIL address", [pageLoadTime]): Quicksti.ts:Entered'testing@zenq.com into EMAIL address

2021-03-18 13:45:31 - [MESSAGE][PASSED] - Object 'Object Repository/CERTPAY_QUICKSTI/Payment_Information_Page/EMAIL_ADDRESS' is present

2021-03-18 13:45:31 - [MESSAGE][PASSED] - Object 'Object Repository/CERTPAY_QUICKSTI/Payment_Information_Page/EMAIL_ADDRESS' is visible

2021-03-18 13:45:31 - [MESSAGE][PASSED] - Object 'Object Repository/CERTPAY_QUICKSTI/Payment_Information_Page/EMAIL_ADDRESS' is present

2021-03-18 13:45:33 - [MESSAGE][PASSED] - Text 'testing@zenq.com' is set on object 'Object Repository/CERTPAY_QUICKSTI/Payment_Information_Page/EMAIL_ADDRESS'

2021-03-18 13:45:33 - [MESSAGE][PASSED] - Quicksti.ts:Entered'testing@zenq.com into EMAIL address

2021-03-18 13:45:33 - [TEST_STEP][PASSED] - utilities.SafeActions.safeClick(findTestObject("CERTPAY_QUICKSTI/Payment_Information_Page/NEXT_BUTTON"), "Next", [pageLoadTime]): Quicksti.ts:Clicked on the Next

2021-03-18 13:45:33 - [MESSAGE][INFO] - safeClicking

2021-03-18 13:45:34 - [MESSAGE][PASSED] - Object 'Object Repository/CERTPAY_QUICKSTI/Payment_Information_Page/NEXT_BUTTON' is present

2021-03-18 13:45:34 - [MESSAGE][PASSED] - Object 'Object Repository/CERTPAY_QUICKSTI/Payment_Information_Page/NEXT_BUTTON' is clickable

2021-03-18 13:45:37 - [MESSAGE][PASSED] - Object: 'Object Repository/CERTPAY_QUICKSTI/Payment_Information_Page/NEXT_BUTTON' is clicked on

2021-03-18 13:45:37 - [MESSAGE][PASSED] - Quicksti.ts:Clicked on the Next

2021-03-18 13:45:37 - [TEST_STEP][PASSED] - pages.Quicksti.verifyUserPaymentDetails(paymentAmount, firstName, lastName, CardNumber): pages.Quicksti.verifyUserPaymentDetails is PASSED

2021-03-18 13:45:38 - [MESSAGE][PASSED] - Text of object 'Object Repository/CERTPAY_QUICKSTI/Payment_Details_Verification_Page/AMOUNT' is: '$30.00'

2021-03-18 13:45:38 - [MESSAGE][PASSED] - Actual text '30.00' and expected text '30.00' are matched  using regular expression

2021-03-18 13:45:38 - [MESSAGE][PASSED] - Text of object 'Object Repository/CERTPAY_QUICKSTI/Payment_Details_Verification_Page/NAME' is: 'Tester Zenq1'

2021-03-18 13:45:38 - [MESSAGE][PASSED] - Actual text 'Tester Zenq1' and expected text 'Tester Zenq1' are matched  using regular expression

2021-03-18 13:45:39 - [MESSAGE][PASSED] - Text of object 'Object Repository/CERTPAY_QUICKSTI/Payment_Details_Verification_Page/CARD_NUMBER' is: '...0018'

2021-03-18 13:45:39 - [MESSAGE][PASSED] - Actual text '0018' and expected text '0018' are matched  using regular expression

2021-03-18 13:45:39 - [MESSAGE][PASSED] - pages.Quicksti.verifyUserPaymentDetails is PASSED

2021-03-18 13:45:39 - [TEST_STEP][PASSED] - delay(2): Delayed 2 second(s)

2021-03-18 13:45:41 - [MESSAGE][PASSED] - Delayed 2 second(s)

2021-03-18 13:45:41 - [TEST_STEP][PASSED] - ConvFee = getText(findTestObject("CERTPAY_QUICKSTI/Payment_Information_Page/CONV_FEE")): Text of object 'Object Repository/CERTPAY_QUICKSTI/Payment_Information_Page/CONV_FEE' is: '$0.71'

[...]

2021-03-18 14:19:16 - [MESSAGE][PASSED] - Text '14-2' is set on object 'Object Repository/CERTPAY_QUICKSTI/Payment_Information_Page/ADDRESS'

2021-03-18 14:19:16 - [MESSAGE][PASSED] - Quicksti.ts:Entered'14-2 into Address

2021-03-18 14:19:16 - [TEST_STEP][PASSED] - utilities.SafeActions.safeType(findTestObject("CERTPAY_QUICKSTI/Payment_Information_Page/ZIP_CODE"), zipCode, "zipcode", [pageLoadTime]): Quicksti.ts:Entered'76102 into zipcode

2021-03-18 14:19:16 - [MESSAGE][PASSED] - Object 'Object Repository/CERTPAY_QUICKSTI/Payment_Information_Page/ZIP_CODE' is present

2021-03-18 14:19:17 - [MESSAGE][PASSED] - Object 'Object Repository/CERTPAY_QUICKSTI/Payment_Information_Page/ZIP_CODE' is visible

2021-03-18 14:19:17 - [MESSAGE][PASSED] - Object 'Object Repository/CERTPAY_QUICKSTI/Payment_Information_Page/ZIP_CODE' is present

2021-03-18 14:19:19 - [MESSAGE][PASSED] - Text '76102' is set on object 'Object Repository/CERTPAY_QUICKSTI/Payment_Information_Page/ZIP_CODE'

2021-03-18 14:19:19 - [MESSAGE][PASSED] - Quicksti.ts:Entered'76102 into zipcode

2021-03-18 14:19:19 - [TEST_STEP][PASSED] - utilities.SafeActions.safeType(findTestObject("CERTPAY_QUICKSTI/Payment_Information_Page/TELEPHONE"), telephone, "Telephone", [pageLoadTime]): Quicksti.ts:Entered'9989897654 into Telephone

2021-03-18 14:19:19 - [MESSAGE][PASSED] - Object 'Object Repository/CERTPAY_QUICKSTI/Payment_Information_Page/TELEPHONE' is present

2021-03-18 14:19:20 - [MESSAGE][PASSED] - Object 'Object Repository/CERTPAY_QUICKSTI/Payment_Information_Page/TELEPHONE' is visible

2021-03-18 14:19:20 - [MESSAGE][PASSED] - Object 'Object Repository/CERTPAY_QUICKSTI/Payment_Information_Page/TELEPHONE' is present

2021-03-18 14:19:22 - [MESSAGE][PASSED] - Text '9989897654' is set on object 'Object Repository/CERTPAY_QUICKSTI/Payment_Information_Page/TELEPHONE'

2021-03-18 14:19:22 - [MESSAGE][PASSED] - Quicksti.ts:Entered'9989897654 into Telephone

2021-03-18 14:19:22 - [TEST_STEP][PASSED] - utilities.SafeActions.safeType(findTestObject("CERTPAY_QUICKSTI/Payment_Information_Page/EMAIL_ADDRESS"), emailAddress, "EMAIL address", [pageLoadTime]): Quicksti.ts:Entered'testing@zenq.com into EMAIL address

2021-03-18 14:19:22 - [MESSAGE][PASSED] - Object 'Object Repository/CERTPAY_QUICKSTI/Payment_Information_Page/EMAIL_ADDRESS' is present

2021-03-18 14:19:23 - [MESSAGE][PASSED] - Object 'Object Repository/CERTPAY_QUICKSTI/Payment_Information_Page/EMAIL_ADDRESS' is visible

2021-03-18 14:19:23 - [MESSAGE][PASSED] - Object 'Object Repository/CERTPAY_QUICKSTI/Payment_Information_Page/EMAIL_ADDRESS' is present

2021-03-18 14:19:25 - [MESSAGE][PASSED] - Text 'testing@zenq.com' is set on object 'Object Repository/CERTPAY_QUICKSTI/Payment_Information_Page/EMAIL_ADDRESS'

2021-03-18 14:19:25 - [MESSAGE][PASSED] - Quicksti.ts:Entered'testing@zenq.com into EMAIL address

2021-03-18 14:19:25 - [TEST_STEP][PASSED] - utilities.SafeActions.safeClick(findTestObject("CERTPAY_QUICKSTI/Payment_Information_Page/NEXT_BUTTON"), "Next", [pageLoadTime]): Quicksti.ts:Clicked on the Next

2021-03-18 14:19:25 - [MESSAGE][INFO] - safeClicking

2021-03-18 14:19:25 - [MESSAGE][PASSED] - Object 'Object Repository/CERTPAY_QUICKSTI/Payment_Information_Page/NEXT_BUTTON' is present

2021-03-18 14:19:26 - [MESSAGE][PASSED] - Object 'Object Repository/CERTPAY_QUICKSTI/Payment_Information_Page/NEXT_BUTTON' is clickable

2021-03-18 14:19:28 - [MESSAGE][PASSED] - Object: 'Object Repository/CERTPAY_QUICKSTI/Payment_Information_Page/NEXT_BUTTON' is clicked on

2021-03-18 14:19:28 - [MESSAGE][PASSED] - Quicksti.ts:Clicked on the Next

2021-03-18 14:19:28 - [TEST_STEP][PASSED] - pages.Quicksti.verifyUserPaymentDetails(paymentAmount, firstName, lastName, CardNumber): pages.Quicksti.verifyUserPaymentDetails is PASSED

2021-03-18 14:19:29 - [MESSAGE][PASSED] - Text of object 'Object Repository/CERTPAY_QUICKSTI/Payment_Details_Verification_Page/AMOUNT' is: '$35.00'

2021-03-18 14:19:29 - [MESSAGE][PASSED] - Actual text '35.00' and expected text '35.00' are matched  using regular expression

2021-03-18 14:19:29 - [MESSAGE][PASSED] - Text of object 'Object Repository/CERTPAY_QUICKSTI/Payment_Details_Verification_Page/NAME' is: 'Tester Zenq1'

2021-03-18 14:19:29 - [MESSAGE][PASSED] - Actual text 'Tester Zenq1' and expected text 'Tester Zenq1' are matched  using regular expression

2021-03-18 14:19:30 - [MESSAGE][PASSED] - Text of object 'Object Repository/CERTPAY_QUICKSTI/Payment_Details_Verification_Page/CARD_NUMBER' is: '...1006'

2021-03-18 14:19:30 - [MESSAGE][PASSED] - Actual text '1006' and expected text '1006' are matched  using regular expression

2021-03-18 14:19:30 - [MESSAGE][PASSED] - pages.Quicksti.verifyUserPaymentDetails is PASSED

2021-03-18 14:19:30 - [TEST_STEP][PASSED] - delay(2): Delayed 2 second(s)

2021-03-18 14:19:32 - [MESSAGE][PASSED] - Delayed 2 second(s)

2021-03-18 14:19:32 - [TEST_STEP][PASSED] - ConvFee = getText(findTestObject("CERTPAY_QUICKSTI/Payment_Information_Page/CONV_FEE")): Text of object 'Object Repository/CERTPAY_QUICKSTI/Payment_Information_Page/CONV_FEE' is: '$0.88'

2021-03-18 14:19:32 - [MESSAGE][PASSED] - Text of object 'Object Repository/CERTPAY_QUICKSTI/Payment_Information_Page/CONV_FEE' is: '$0.88'

2021-03-18 14:19:32 - [TEST_STEP][PASSED] - scrollToElement(findTestObject("CERTPAY_QUICKSTI/Payment_Details_Verification_Page/PROCESS"), 0): Scroll to object 'Object Repository/CERTPAY_QUICKSTI/Payment_Details_Verification_Page/PROCESS' successfully

2021-03-18 14:19:33 - [MESSAGE][WARNING] - Timeout '0' is invalid. Using default page load timeout: '30'

2021-03-18 14:19:33 - [MESSAGE][PASSED] - Scroll to object 'Object Repository/CERTPAY_QUICKSTI/Payment_Details_Verification_Page/PROCESS' successfully

2021-03-18 14:19:33 - [TEST_STEP][PASSED] - utilities.SafeActions.safeClick(findTestObject("CERTPAY_QUICKSTI/Payment_Details_Verification_Page/PROCESS"), "Process", [pageLoadTime]): Quicksti.ts:Clicked on the Process

2021-03-18 14:19:33 - [MESSAGE][INFO] - safeClicking

2021-03-18 14:19:33 - [MESSAGE][PASSED] - Object 'Object Repository/CERTPAY_QUICKSTI/Payment_Details_Verification_Page/PROCESS' is present

2021-03-18 14:19:34 - [MESSAGE][PASSED] - Object 'Object Repository/CERTPAY_QUICKSTI/Payment_Details_Verification_Page/PROCESS' is clickable

2021-03-18 14:19:39 - [MESSAGE][PASSED] - Object: 'Object Repository/CERTPAY_QUICKSTI/Payment_Details_Verification_Page/PROCESS' is clicked on

2021-03-18 14:19:39 - [MESSAGE][PASSED] - Quicksti.ts:Clicked on the Process

2021-03-18 14:19:39 - [TEST_STEP][PASSED] - PaymentId = pages.Quicksti.verifyPaymentApproval(findTestObject("CERTPAY_QUICKSTI/Payment_Details_Verification_Page/APPROVED")): Payment is approved

2021-03-18 14:19:39 - [MESSAGE][PASSED] - Text of object 'Object Repository/CERTPAY_QUICKSTI/Payment_Details_Verification_Page/PAYMENT_ID' is: '100176223041'

2021-03-18 14:19:40 - [MESSAGE][PASSED] - Object 'Object Repository/CERTPAY_QUICKSTI/Payment_Details_Verification_Page/APPROVED' is present

2021-03-18 14:19:40 - [MESSAGE][PASSED] - Payment is approved

2021-03-18 14:19:42 - [TEST_STEP][PASSED] - navigateToUrl(Admin_url): Navigate to 'https://qa-certpayadmin.faps.net' successfully

2021-03-18 14:19:50 - [MESSAGE][PASSED] - Navigate to 'https://qa-certpayadmin.faps.net' successfully

2021-03-18 14:19:50 - [TEST_STEP][PASSED] - pages.Bureau_Login_Page.loginToAdminSite(AdminUsername, AdminPassword): Quicksti.ts:Clicked on the LOGIN

2021-03-18 14:19:50 - [MESSAGE][PASSED] - Object 'Object Repository/CERTPAY_ADMIN/USER_NAME' is present

2021-03-18 14:19:51 - [MESSAGE][PASSED] - Object 'Object Repository/CERTPAY_ADMIN/USER_NAME' is visible

2021-03-18 14:19:51 - [MESSAGE][PASSED] - Object 'Object Repository/CERTPAY_ADMIN/USER_NAME' is present

2021-03-18 14:19:53 - [MESSAGE][PASSED] - Text 'VVangiliappan' is set on object 'Object Repository/CERTPAY_ADMIN/USER_NAME'

2021-03-18 14:19:53 - [MESSAGE][PASSED] - Quicksti.ts:Entered'VVangiliappan into username

2021-03-18 14:19:53 - [MESSAGE][PASSED] - Object 'Object Repository/CERTPAY_ADMIN/PASSWORD' is present

2021-03-18 14:19:54 - [MESSAGE][PASSED] - Object 'Object Repository/CERTPAY_ADMIN/PASSWORD' is visible

2021-03-18 14:19:54 - [MESSAGE][PASSED] - Object 'Object Repository/CERTPAY_ADMIN/PASSWORD' is present

2021-03-18 14:19:56 - [MESSAGE][PASSED] - Text 'Test111!' is set on object 'Object Repository/CERTPAY_ADMIN/PASSWORD'

2021-03-18 14:19:56 - [MESSAGE][PASSED] - Quicksti.ts:Entered'Test111! into password

2021-03-18 14:19:56 - [MESSAGE][INFO] - safeClicking

2021-03-18 14:19:56 - [MESSAGE][PASSED] - Object 'Object Repository/CERTPAY_ADMIN/LOGIN_BUTTON' is present

2021-03-18 14:19:57 - [MESSAGE][PASSED] - Object 'Object Repository/CERTPAY_ADMIN/LOGIN_BUTTON' is clickable

2021-03-18 14:20:03 - [MESSAGE][PASSED] - Object: 'Object Repository/CERTPAY_ADMIN/LOGIN_BUTTON' is clicked on

2021-03-18 14:20:03 - [MESSAGE][PASSED] - Quicksti.ts:Clicked on the LOGIN

2021-03-18 14:20:03 - [TEST_STEP][PASSED] - utilities.SafeActions.safeClick(findTestObject("CERTPAY_ADMIN/TRANSACTION_MENU"), "TransactionMenu", [pageLoadTime]): Quicksti.ts:Clicked on the TransactionMenu

2021-03-18 14:20:03 - [MESSAGE][INFO] - safeClicking

2021-03-18 14:20:03 - [MESSAGE][PASSED] - Object 'Object Repository/CERTPAY_ADMIN/TRANSACTION_MENU' is present

2021-03-18 14:20:04 - [MESSAGE][PASSED] - Object 'Object Repository/CERTPAY_ADMIN/TRANSACTION_MENU' is clickable

2021-03-18 14:20:05 - [MESSAGE][PASSED] - Object: 'Object Repository/CERTPAY_ADMIN/TRANSACTION_MENU' is clicked on

2021-03-18 14:20:05 - [MESSAGE][PASSED] - Quicksti.ts:Clicked on the TransactionMenu

2021-03-18 14:20:05 - [TEST_STEP][PASSED] - utilities.SafeActions.safeClick(findTestObject("CERTPAY_ADMIN/TRANSACTION_SEARCH"), "TransactionSearch", [pageLoadTime]): Quicksti.ts:Clicked on the TransactionSearch

2021-03-18 14:20:05 - [MESSAGE][INFO] - safeClicking

2021-03-18 14:20:06 - [MESSAGE][PASSED] - Object 'Object Repository/CERTPAY_ADMIN/TRANSACTION_SEARCH' is present

2021-03-18 14:20:06 - [MESSAGE][PASSED] - Object 'Object Repository/CERTPAY_ADMIN/TRANSACTION_SEARCH' is clickable

2021-03-18 14:20:09 - [MESSAGE][PASSED] - Object: 'Object Repository/CERTPAY_ADMIN/TRANSACTION_SEARCH' is clicked on

2021-03-18 14:20:09 - [MESSAGE][PASSED] - Quicksti.ts:Clicked on the TransactionSearch

2021-03-18 14:20:09 - [TEST_STEP][PASSED] - utilities.SafeActions.safeType(findTestObject("CERTPAY_ADMIN/PAYMENT_ID"), PaymentId, "Payment id", [pageLoadTime]): Quicksti.ts:Entered'100176223041 into Payment id

2021-03-18 14:20:09 - [MESSAGE][PASSED] - Object 'Object Repository/CERTPAY_ADMIN/PAYMENT_ID' is present

2021-03-18 14:20:10 - [MESSAGE][PASSED] - Object 'Object Repository/CERTPAY_ADMIN/PAYMENT_ID' is visible

2021-03-18 14:20:10 - [MESSAGE][PASSED] - Object 'Object Repository/CERTPAY_ADMIN/PAYMENT_ID' is present

2021-03-18 14:20:12 - [MESSAGE][PASSED] - Text '100176223041' is set on object 'Object Repository/CERTPAY_ADMIN/PAYMENT_ID'

2021-03-18 14:20:12 - [MESSAGE][PASSED] - Quicksti.ts:Entered'100176223041 into Payment id

2021-03-18 14:20:12 - [TEST_STEP][PASSED] - utilities.SafeActions.safeClick(findTestObject("CERTPAY_ADMIN/GO_BUTTON"), "Go button", [pageLoadTime]): Quicksti.ts:Clicked on the Go button

2021-03-18 14:20:12 - [MESSAGE][INFO] - safeClicking

2021-03-18 14:20:12 - [MESSAGE][PASSED] - Object 'Object Repository/CERTPAY_ADMIN/GO_BUTTON' is present

2021-03-18 14:20:13 - [MESSAGE][PASSED] - Object 'Object Repository/CERTPAY_ADMIN/GO_BUTTON' is clickable

2021-03-18 14:20:16 - [MESSAGE][PASSED] - Object: 'Object Repository/CERTPAY_ADMIN/GO_BUTTON' is clicked on

2021-03-18 14:20:16 - [MESSAGE][PASSED] - Quicksti.ts:Clicked on the Go button

2021-03-18 14:20:16 - [TEST_STEP][PASSED] - delay(5): Delayed 5 second(s)

2021-03-18 14:20:21 - [MESSAGE][PASSED] - Delayed 5 second(s)

2021-03-18 14:20:21 - [TEST_STEP][PASSED] - scrollToPosition(800, 900): Browser is scrolled to position x = 800, y = 900

2021-03-18 14:20:21 - [MESSAGE][PASSED] - Browser is scrolled to position x = 800, y = 900

2021-03-18 14:20:21 - [TEST_STEP][PASSED] - pages.Search_Page.validatePaymentAmount(amount_Value, ConvFee): Verified payment details successfully 

2021-03-18 14:20:22 - [MESSAGE][PASSED] - Text of object 'Object Repository/CERTPAY_ADMIN/PAYMENT_AMOUNT' is: '$35.00'

2021-03-18 14:20:22 - [MESSAGE][PASSED] - Actual text '35.00' and expected text '35.00' are matched  using regular expression

2021-03-18 14:20:22 - [MESSAGE][PASSED] - Text of object 'Object Repository/CERTPAY_ADMIN/CONV_FEE' is: '$0.88'

2021-03-18 14:20:22 - [MESSAGE][PASSED] - Actual text '0.88' and expected text '0.88' are matched  using regular expression

2021-03-18 14:20:22 - [MESSAGE][PASSED] - Verified payment details successfully 

2021-03-18 14:20:22 - [TEST_STEP][PASSED] - Start listener action : afterTestCase: Browser is closed

2021-03-18 14:20:22 - [TEST_STEP][PASSED] - closeBrowser(): Browser is closed

2021-03-18 14:20:23 - [MESSAGE][PASSED] - Browser is closed]]></system-out>
         <system-err><![CDATA[]]></system-err>
      </testcase>
      <system-out><![CDATA[2021-03-18 13:39:43 - [TEST_SUITE][FAILED] - Quicksti: Test Cases/Certpay_Quicksti/TC_003_MultiBureauSite_SingleBureau_SingleLinePayment FAILED.
Reason:
com.kms.katalon.core.exception.StepFailedException: Unable to verify object '' is visible
	at com.kms.katalon.core.webui.keyword.internal.WebUIKeywordMain.stepFailed(WebUIKeywordMain.groovy:64)
	at com.kms.katalon.core.webui.keyword.internal.WebUIKeywordMain.runKeyword(WebUIKeywordMain.groovy:26)
	at com.kms.katalon.core.webui.keyword.builtin.VerifyElementVisibleKeyword.verifyElementVisible(VerifyElementVisibleKeyword.groovy:97)
	at com.kms.katalon.core.webui.keyword.builtin.VerifyElementVisibleKeyword.execute(VerifyElementVisibleKeyword.groovy:67)
	at com.kms.katalon.core.keyword.internal.KeywordExecutor.executeKeywordForPlatform(KeywordExecutor.groovy:73)
	at com.kms.katalon.core.webui.keyword.WebUiBuiltInKeywords.verifyElementVisible(WebUiBuiltInKeywords.groovy:375)
	at com.kms.katalon.core.webui.keyword.WebUiBuiltInKeywords$verifyElementVisible$2.call(Unknown Source)
	at utilities.SafeActions.safeType(SafeActions.groovy:109)
	at pages.Quicksti.setCommnets(Quicksti.groovy:153)
	at pages.Quicksti.invokeMethod(Quicksti.groovy)
	at com.kms.katalon.core.main.CustomKeywordDelegatingMetaClass.invokeStaticMethod(CustomKeywordDelegatingMetaClass.java:50)
	at TC_003_MultiBureauSite_SingleBureau_SingleLinePayment.run(TC_003_MultiBureauSite_SingleBureau_SingleLinePayment:52)
	at com.kms.katalon.core.main.ScriptEngine.run(ScriptEngine.java:194)
	at com.kms.katalon.core.main.ScriptEngine.runScriptAsRawText(ScriptEngine.java:119)
	at com.kms.katalon.core.main.TestCaseExecutor.runScript(TestCaseExecutor.java:398)
	at com.kms.katalon.core.main.TestCaseExecutor.doExecute(TestCaseExecutor.java:389)
	at com.kms.katalon.core.main.TestCaseExecutor.processExecutionPhase(TestCaseExecutor.java:368)
	at com.kms.katalon.core.main.TestCaseExecutor.accessMainPhase(TestCaseExecutor.java:360)
	at com.kms.katalon.core.main.TestCaseExecutor.execute(TestCaseExecutor.java:255)
	at com.kms.katalon.core.main.TestSuiteExecutor.accessTestCaseMainPhase(TestSuiteExecutor.java:203)
	at com.kms.katalon.core.main.TestSuiteExecutor.accessTestSuiteMainPhase(TestSuiteExecutor.java:152)
	at com.kms.katalon.core.main.TestSuiteExecutor.execute(TestSuiteExecutor.java:95)
	at com.kms.katalon.core.main.TestCaseMain.startTestSuite(TestCaseMain.java:157)
	at com.kms.katalon.core.main.TestCaseMain$startTestSuite$0.call(Unknown Source)
	at TempTestSuite1616054976705.run(TempTestSuite1616054976705.groovy:39)
Caused by: com.kms.katalon.core.exception.StepFailedException: Web element with id: '' located by '//input[@id='Com_000_00']' not found
	at com.kms.katalon.core.webui.keyword.internal.WebUIKeywordMain.stepFailed(WebUIKeywordMain.groovy:64)
	at com.kms.katalon.core.webui.keyword.builtin.VerifyElementVisibleKeyword$_verifyElementVisible_closure1.doCall(VerifyElementVisibleKeyword.groovy:89)
	at com.kms.katalon.core.webui.keyword.builtin.VerifyElementVisibleKeyword$_verifyElementVisible_closure1.call(VerifyElementVisibleKeyword.groovy)
	at com.kms.katalon.core.webui.keyword.internal.WebUIKeywordMain.runKeyword(WebUIKeywordMain.groovy:20)
	... 23 more]]></system-out>
      <system-err><![CDATA[2021-03-18 13:39:43 - [TEST_SUITE][FAILED] - Quicksti: Test Cases/Certpay_Quicksti/TC_003_MultiBureauSite_SingleBureau_SingleLinePayment FAILED.
Reason:
com.kms.katalon.core.exception.StepFailedException: Unable to verify object '' is visible
	at com.kms.katalon.core.webui.keyword.internal.WebUIKeywordMain.stepFailed(WebUIKeywordMain.groovy:64)
	at com.kms.katalon.core.webui.keyword.internal.WebUIKeywordMain.runKeyword(WebUIKeywordMain.groovy:26)
	at com.kms.katalon.core.webui.keyword.builtin.VerifyElementVisibleKeyword.verifyElementVisible(VerifyElementVisibleKeyword.groovy:97)
	at com.kms.katalon.core.webui.keyword.builtin.VerifyElementVisibleKeyword.execute(VerifyElementVisibleKeyword.groovy:67)
	at com.kms.katalon.core.keyword.internal.KeywordExecutor.executeKeywordForPlatform(KeywordExecutor.groovy:73)
	at com.kms.katalon.core.webui.keyword.WebUiBuiltInKeywords.verifyElementVisible(WebUiBuiltInKeywords.groovy:375)
	at com.kms.katalon.core.webui.keyword.WebUiBuiltInKeywords$verifyElementVisible$2.call(Unknown Source)
	at utilities.SafeActions.safeType(SafeActions.groovy:109)
	at pages.Quicksti.setCommnets(Quicksti.groovy:153)
	at pages.Quicksti.invokeMethod(Quicksti.groovy)
	at com.kms.katalon.core.main.CustomKeywordDelegatingMetaClass.invokeStaticMethod(CustomKeywordDelegatingMetaClass.java:50)
	at TC_003_MultiBureauSite_SingleBureau_SingleLinePayment.run(TC_003_MultiBureauSite_SingleBureau_SingleLinePayment:52)
	at com.kms.katalon.core.main.ScriptEngine.run(ScriptEngine.java:194)
	at com.kms.katalon.core.main.ScriptEngine.runScriptAsRawText(ScriptEngine.java:119)
	at com.kms.katalon.core.main.TestCaseExecutor.runScript(TestCaseExecutor.java:398)
	at com.kms.katalon.core.main.TestCaseExecutor.doExecute(TestCaseExecutor.java:389)
	at com.kms.katalon.core.main.TestCaseExecutor.processExecutionPhase(TestCaseExecutor.java:368)
	at com.kms.katalon.core.main.TestCaseExecutor.accessMainPhase(TestCaseExecutor.java:360)
	at com.kms.katalon.core.main.TestCaseExecutor.execute(TestCaseExecutor.java:255)
	at com.kms.katalon.core.main.TestSuiteExecutor.accessTestCaseMainPhase(TestSuiteExecutor.java:203)
	at com.kms.katalon.core.main.TestSuiteExecutor.accessTestSuiteMainPhase(TestSuiteExecutor.java:152)
	at com.kms.katalon.core.main.TestSuiteExecutor.execute(TestSuiteExecutor.java:95)
	at com.kms.katalon.core.main.TestCaseMain.startTestSuite(TestCaseMain.java:157)
	at com.kms.katalon.core.main.TestCaseMain$startTestSuite$0.call(Unknown Source)
	at TempTestSuite1616054976705.run(TempTestSuite1616054976705.groovy:39)
Caused by: com.kms.katalon.core.exception.StepFailedException: Web element with id: '' located by '//input[@id='Com_000_00']' not found
	at com.kms.katalon.core.webui.keyword.internal.WebUIKeywordMain.stepFailed(WebUIKeywordMain.groovy:64)
	at com.kms.katalon.core.webui.keyword.builtin.VerifyElementVisibleKeyword$_verifyElementVisible_closure1.doCall(VerifyElementVisibleKeyword.groovy:89)
	at com.kms.katalon.core.webui.keyword.builtin.VerifyElementVisibleKeyword$_verifyElementVisible_closure1.call(VerifyElementVisibleKeyword.groovy)
	at com.kms.katalon.core.webui.keyword.internal.WebUIKeywordMain.runKeyword(WebUIKeywordMain.groovy:20)
	... 23 more]]></system-err>
   </testsuite>
</testsuites>
