<?xml version="1.0" encoding="UTF-8"?>
<testsuites name="Quicksti_Sameday_PartialRefund_Admin" time="613.52" tests="1" failures="1" skips="0" errors="0">
   <testsuite name="Quicksti_Sameday_PartialRefund_Admin" tests="1" failures="1" errors="0" time="613.52" skips="0" timestamp="2021-03-22 11:27:19" hostname="saranya - KNILA-K202011012" id="Test Suites/Certpay_testSuite/Quicksti_Sameday_PartialRefund_Admin">
      <properties>
[...]
</properties>
      <testcase name="Test Cases/SameDay_Refunds_Admin/TC_002_VISA_Sameday_PartialRefund" time="611.542" classname="Test Cases/SameDay_Refunds_Admin/TC_002_VISA_Sameday_PartialRefund" status="FAILED">
         <failure type="FAILED" message="Test Cases/SameDay_Refunds_Admin/TC_002_VISA_Sameday_PartialRefund FAILED.
Reason:
com.kms.katalon.core.exception.StepFailedException: Quicksti_Sameday_PartialRefund_Admin.ts:Credit Returnis not attached to page document in time 60 No such element Exception
	at com.kms.katalon.core.util.KeywordUtil.markFailed(KeywordUtil.java:19)
	at com.kms.katalon.core.util.KeywordUtil$markFailed$1.call(Unknown Source)
	at utilities.SafeActions.safeClick(SafeActions.groovy:167)
	at utilities.SafeActions.invokeMethod(SafeActions.groovy)
	at com.kms.katalon.core.main.CustomKeywordDelegatingMetaClass.invokeStaticMethod(CustomKeywordDelegatingMetaClass.java:50)
	at TC_002_VISA_Sameday_PartialRefund.run(TC_002_VISA_Sameday_PartialRefund:151)
	at com.kms.katalon.core.main.ScriptEngine.run(ScriptEngine.java:194)
	at com.kms.katalon.core.main.ScriptEngine.runScriptAsRawText(ScriptEngine.java:119)
	at com.kms.katalon.core.main.TestCaseExecutor.runScript(TestCaseExecutor.java:398)
	at com.kms.katalon.core.main.TestCaseExecutor.doExecute(TestCaseExecutor.java:389)
	at com.kms.katalon.core.main.TestCaseExecutor.processExecutionPhase(TestCaseExecutor.java:368)
	at com.kms.katalon.core.main.TestCaseExecutor.accessMainPhase(TestCaseExecutor.java:360)
	at com.kms.katalon.core.main.TestCaseExecutor.execute(TestCaseExecutor.java:255)
	at com.kms.katalon.core.main.TestSuiteExecutor.accessTestCaseMainPhase(TestSuiteExecutor.java:203)
	at com.kms.katalon.core.main.TestSuiteExecutor.accessTestSuiteMainPhase(TestSuiteExecutor.java:152)
	at com.kms.katalon.core.main.TestSuiteExecutor.execute(TestSuiteExecutor.java:95)
	at com.kms.katalon.core.main.TestCaseMain.startTestSuite(TestCaseMain.java:157)
	at com.kms.katalon.core.main.TestCaseMain$startTestSuite$0.call(Unknown Source)
	at TempTestSuite1616392628990.run(TempTestSuite1616392628990.groovy:39)
"/>
         <system-out><![CDATA[2021-03-22 11:27:20 - [TEST_CASE][FAILED] - Test Cases/SameDay_Refunds_Admin/TC_002_VISA_Sameday_PartialRefund: Test Cases/SameDay_Refunds_Admin/TC_002_VISA_Sameday_PartialRefund FAILED.
Reason:
com.kms.katalon.core.exception.StepFailedException: Quicksti_Sameday_PartialRefund_Admin.ts:Credit Returnis not attached to page document in time 60 No such element Exception
	at com.kms.katalon.core.util.KeywordUtil.markFailed(KeywordUtil.java:19)
	at com.kms.katalon.core.util.KeywordUtil$markFailed$1.call(Unknown Source)
	at utilities.SafeActions.safeClick(SafeActions.groovy:167)
	at utilities.SafeActions.invokeMethod(SafeActions.groovy)
	at com.kms.katalon.core.main.CustomKeywordDelegatingMetaClass.invokeStaticMethod(CustomKeywordDelegatingMetaClass.java:50)
	at TC_002_VISA_Sameday_PartialRefund.run(TC_002_VISA_Sameday_PartialRefund:151)
	at com.kms.katalon.core.main.ScriptEngine.run(ScriptEngine.java:194)
	at com.kms.katalon.core.main.ScriptEngine.runScriptAsRawText(ScriptEngine.java:119)
	at com.kms.katalon.core.main.TestCaseExecutor.runScript(TestCaseExecutor.java:398)
	at com.kms.katalon.core.main.TestCaseExecutor.doExecute(TestCaseExecutor.java:389)
	at com.kms.katalon.core.main.TestCaseExecutor.processExecutionPhase(TestCaseExecutor.java:368)
	at com.kms.katalon.core.main.TestCaseExecutor.accessMainPhase(TestCaseExecutor.java:360)
	at com.kms.katalon.core.main.TestCaseExecutor.execute(TestCaseExecutor.java:255)
	at com.kms.katalon.core.main.TestSuiteExecutor.accessTestCaseMainPhase(TestSuiteExecutor.java:203)
	at com.kms.katalon.core.main.TestSuiteExecutor.accessTestSuiteMainPhase(TestSuiteExecutor.java:152)
	at com.kms.katalon.core.main.TestSuiteExecutor.execute(TestSuiteExecutor.java:95)
	at com.kms.katalon.core.main.TestCaseMain.startTestSuite(TestCaseMain.java:157)
	at com.kms.katalon.core.main.TestCaseMain$startTestSuite$0.call(Unknown Source)
	at TempTestSuite1616392628990.run(TempTestSuite1616392628990.groovy:39)


2021-03-22 11:27:21 - [TEST_STEP][PASSED] - Start listener action : beforeTestCase: null

2021-03-22 11:27:21 - [TEST_STEP][PASSED] - data = findTestData("Data Files/Certpay/SingleBureau_SingleLine"): null

2021-03-22 11:27:22 - [TEST_STEP][PASSED] - paymentIdList = []: null

2021-03-22 11:27:22 - [TEST_STEP][FAILED] - for (def index : (1..data.getRowNumbers())): null

2021-03-22 11:27:22 - [TEST_STEP][PASSED] - firstName = data.getValue("FirstName", index): null

2021-03-22 11:27:22 - [TEST_STEP][PASSED] - lastName = data.getValue("LastName", index): null

2021-03-22 11:27:22 - [TEST_STEP][PASSED] - expMonth = data.getValue("ExpMonth", index): null

2021-03-22 11:27:22 - [TEST_STEP][PASSED] - expYear = data.getValue("ExpYear", index): null

2021-03-22 11:27:22 - [TEST_STEP][PASSED] - securityCode = data.getValue("SecurityCode", index): null

2021-03-22 11:27:22 - [TEST_STEP][PASSED] - paymentAmount = data.getValue("PaymentAmount", index): null

2021-03-22 11:27:22 - [TEST_STEP][PASSED] - paymentType = data.getValue("PaymentType", index): null

2021-03-22 11:27:22 - [TEST_STEP][PASSED] - quantity = data.getValue("Quantity", index): null

2021-03-22 11:27:22 - [TEST_STEP][PASSED] - comments = data.getValue("Comments", index): null

2021-03-22 11:27:22 - [TEST_STEP][PASSED] - referenceNum = data.getValue("ReferenceNum", index): null

2021-03-22 11:27:22 - [TEST_STEP][PASSED] - address = data.getValue("Address", index): null

2021-03-22 11:27:22 - [TEST_STEP][PASSED] - zipCode = data.getValue("Zipcode", index): null

2021-03-22 11:27:22 - [TEST_STEP][PASSED] - telephone = data.getValue("Telephone", index): null

2021-03-22 11:27:22 - [TEST_STEP][PASSED] - emailAddress = data.getValue("EmailAddress", index): null

2021-03-22 11:27:22 - [TEST_STEP][PASSED] - cardNum = data.getValue("CardNumber", index): null

2021-03-22 11:27:22 - [TEST_STEP][PASSED] - cardType = data.getValue("CardType", index): null

2021-03-22 11:27:22 - [TEST_STEP][PASSED] - RefundAmount = data.getValue("RefundAmount", index): null

2021-03-22 11:27:22 - [TEST_STEP][PASSED] - utilities.SafeActions.openBrowser(Quicksti_Url, [pageLoadTime]): Browser launched successfully

2021-03-22 11:27:22 - [MESSAGE][INFO] - Opening Browser

2021-03-22 11:27:23 - [MESSAGE][INFO] - Starting 'Chrome' driver

2021-03-22 11:27:23 - [MESSAGE][INFO] - Action delay is set to 0 milliseconds

2021-03-22 11:29:00 - [MESSAGE][PASSED] - Browser is opened with url: 'https://qa-certpayquicksti.faps.net/'

2021-03-22 11:29:00 - [MESSAGE][PASSED] - Current window maximized

2021-03-22 11:29:00 - [MESSAGE][PASSED] - Browser launched successfully

2021-03-22 11:29:00 - [TEST_STEP][PASSED] - utilities.SafeActions.safeType(findTestObject("CERTPAY_QUICKSTI/Login_ Page/BUREAU_CODE"), bureau_code, "Bureau code", [pageLoadTime]): Quicksti_Sameday_PartialRefund_Admin.ts:Entered'6100000 into Bureau code

2021-03-22 11:29:00 - [MESSAGE][PASSED] - Object 'Object Repository/CERTPAY_QUICKSTI/Login_ Page/BUREAU_CODE' is present

2021-03-22 11:29:01 - [MESSAGE][PASSED] - Object 'Object Repository/CERTPAY_QUICKSTI/Login_ Page/BUREAU_CODE' is visible

2021-03-22 11:29:01 - [MESSAGE][PASSED] - Object 'Object Repository/CERTPAY_QUICKSTI/Login_ Page/BUREAU_CODE' is present

2021-03-22 11:29:02 - [MESSAGE][PASSED] - Text '6100000' is set on object 'Object Repository/CERTPAY_QUICKSTI/Login_ Page/BUREAU_CODE'

2021-03-22 11:29:02 - [MESSAGE][PASSED] - Quicksti_Sameday_PartialRefund_Admin.ts:Entered'6100000 into Bureau code

2021-03-22 11:29:02 - [TEST_STEP][PASSED] - utilities.SafeActions.safeType(findTestObject("CERTPAY_QUICKSTI/Login_ Page/TELLER_ID"), teller_id, "Bureau code", [pageLoadTime]): Quicksti_Sameday_PartialRefund_Admin.ts:Entered'zenq into Bureau code

2021-03-22 11:29:03 - [MESSAGE][PASSED] - Object 'Object Repository/CERTPAY_QUICKSTI/Login_ Page/TELLER_ID' is present

2021-03-22 11:29:03 - [MESSAGE][PASSED] - Object 'Object Repository/CERTPAY_QUICKSTI/Login_ Page/TELLER_ID' is visible

2021-03-22 11:29:03 - [MESSAGE][PASSED] - Object 'Object Repository/CERTPAY_QUICKSTI/Login_ Page/TELLER_ID' is present

2021-03-22 11:29:05 - [MESSAGE][PASSED] - Text 'zenq' is set on object 'Object Repository/CERTPAY_QUICKSTI/Login_ Page/TELLER_ID'

2021-03-22 11:29:05 - [MESSAGE][PASSED] - Quicksti_Sameday_PartialRefund_Admin.ts:Entered'zenq into Bureau code

2021-03-22 11:29:05 - [TEST_STEP][PASSED] - utilities.SafeActions.safeClick(findTestObject("CERTPAY_QUICKSTI/Login_ Page/NEXT_BUTTON"), "Next button", [pageLoadTime]): Quicksti_Sameday_PartialRefund_Admin.ts:Clicked on the Next button

2021-03-22 11:29:05 - [MESSAGE][INFO] - safeClicking

2021-03-22 11:29:05 - [MESSAGE][PASSED] - Object 'Object Repository/CERTPAY_QUICKSTI/Login_ Page/NEXT_BUTTON' is present

2021-03-22 11:29:06 - [MESSAGE][PASSED] - Object 'Object Repository/CERTPAY_QUICKSTI/Login_ Page/NEXT_BUTTON' is clickable

2021-03-22 11:29:09 - [MESSAGE][PASSED] - Object: 'Object Repository/CERTPAY_QUICKSTI/Login_ Page/NEXT_BUTTON' is clicked on

2021-03-22 11:29:09 - [MESSAGE][PASSED] - Quicksti_Sameday_PartialRefund_Admin.ts:Clicked on the Next button

2021-03-22 11:29:09 - [TEST_STEP][PASSED] - utilities.SafeActions.safeClick(findTestObject("CERTPAY_QUICKSTI/Payment_Information_Page/MANUAL_ENTRY_BUTTON"), "ManualEntry", [pageLoadTime]): Quicksti_Sameday_PartialRefund_Admin.ts:Clicked on the ManualEntry

2021-03-22 11:29:09 - [MESSAGE][INFO] - safeClicking

2021-03-22 11:29:09 - [MESSAGE][PASSED] - Object 'Object Repository/CERTPAY_QUICKSTI/Payment_Information_Page/MANUAL_ENTRY_BUTTON' is present

2021-03-22 11:29:09 - [MESSAGE][PASSED] - Object 'Object Repository/CERTPAY_QUICKSTI/Payment_Information_Page/MANUAL_ENTRY_BUTTON' is clickable

2021-03-22 11:29:12 - [MESSAGE][PASSED] - Object: 'Object Repository/CERTPAY_QUICKSTI/Payment_Information_Page/MANUAL_ENTRY_BUTTON' is clicked on

2021-03-22 11:29:12 - [MESSAGE][PASSED] - Quicksti_Sameday_PartialRefund_Admin.ts:Clicked on the ManualEntry

2021-03-22 11:29:12 - [TEST_STEP][PASSED] - CardNumber = pages.Quicksti.setUserPaymentDetails(firstName, lastName, cardNum): Quicksti_Sameday_PartialRefund_Admin.ts:Entered'4716428411725021 into CardNum

2021-03-22 11:29:12 - [MESSAGE][PASSED] - Object 'Object Repository/CERTPAY_QUICKSTI/Payment_Information_Page/FIRST_NAME' is present

2021-03-22 11:29:13 - [MESSAGE][PASSED] - Object 'Object Repository/CERTPAY_QUICKSTI/Payment_Information_Page/FIRST_NAME' is visible

2021-03-22 11:29:13 - [MESSAGE][PASSED] - Object 'Object Repository/CERTPAY_QUICKSTI/Payment_Information_Page/FIRST_NAME' is present

2021-03-22 11:29:15 - [MESSAGE][PASSED] - Text 'Tester' is set on object 'Object Repository/CERTPAY_QUICKSTI/Payment_Information_Page/FIRST_NAME'

2021-03-22 11:29:15 - [MESSAGE][PASSED] - Quicksti_Sameday_PartialRefund_Admin.ts:Entered'Tester into FirstName

2021-03-22 11:29:15 - [MESSAGE][PASSED] - Object 'Object Repository/CERTPAY_QUICKSTI/Payment_Information_Page/LAST_NAME' is present

2021-03-22 11:29:15 - [MESSAGE][PASSED] - Object 'Object Repository/CERTPAY_QUICKSTI/Payment_Information_Page/LAST_NAME' is visible

2021-03-22 11:29:16 - [MESSAGE][PASSED] - Object 'Object Repository/CERTPAY_QUICKSTI/Payment_Information_Page/LAST_NAME' is present

2021-03-22 11:29:17 - [MESSAGE][PASSED] - Text 'Zenq1' is set on object 'Object Repository/CERTPAY_QUICKSTI/Payment_Information_Page/LAST_NAME'

2021-03-22 11:29:17 - [MESSAGE][PASSED] - Quicksti_Sameday_PartialRefund_Admin.ts:Entered'Zenq1 into LAstName

2021-03-22 11:29:18 - [MESSAGE][PASSED] - Object 'Object Repository/CERTPAY_QUICKSTI/Payment_Information_Page/CARD_NUMBER' is present

2021-03-22 11:29:18 - [MESSAGE][PASSED] - Object 'Object Repository/CERTPAY_QUICKSTI/Payment_Information_Page/CARD_NUMBER' is visible

2021-03-22 11:29:18 - [MESSAGE][PASSED] - Object 'Object Repository/CERTPAY_QUICKSTI/Payment_Information_Page/CARD_NUMBER' is present

2021-03-22 11:29:20 - [MESSAGE][PASSED] - Text '4716428411725021' is set on object 'Object Repository/CERTPAY_QUICKSTI/Payment_Information_Page/CARD_NUMBER'

2021-03-22 11:29:20 - [MESSAGE][PASSED] - Quicksti_Sameday_PartialRefund_Admin.ts:Entered'4716428411725021 into CardNum

2021-03-22 11:29:20 - [TEST_STEP][PASSED] - utilities.SafeActions.safeSelectOptionInDropdownByVisibleText(findTestObject("CERTPAY_QUICKSTI/Payment_Information_Page/PAYMENT_TYPE"), paymentType, "paymentType", [pageLoadTime]): selected dropdown option by visible text  Taxesfrom paymentType

2021-03-22 11:29:20 - [MESSAGE][PASSED] - Object 'Object Repository/CERTPAY_QUICKSTI/Payment_Information_Page/PAYMENT_TYPE' is visible

2021-03-22 11:29:21 - [MESSAGE][PASSED] - Object 'Object Repository/CERTPAY_QUICKSTI/Payment_Information_Page/PAYMENT_TYPE' is present

2021-03-22 11:29:22 - [MESSAGE][PASSED] - Object: 'Object Repository/CERTPAY_QUICKSTI/Payment_Information_Page/PAYMENT_TYPE' is clicked on

2021-03-22 11:29:23 - [MESSAGE][PASSED] - All options with label 'Taxes' are selected in object 'Object Repository/CERTPAY_QUICKSTI/Payment_Information_Page/PAYMENT_TYPE'  using regular expression

2021-03-22 11:29:23 - [MESSAGE][PASSED] - selected dropdown option by visible text  Taxesfrom paymentType

2021-03-22 11:29:23 - [TEST_STEP][PASSED] - pages.Quicksti.setExpDate(expMonth, expYear, securityCode): Quicksti_Sameday_PartialRefund_Admin.ts:Entered'207 into securityCode

2021-03-22 11:29:23 - [MESSAGE][PASSED] - Object 'Object Repository/CERTPAY_QUICKSTI/Payment_Information_Page/EXP_MONTH' is visible

2021-03-22 11:29:23 - [MESSAGE][PASSED] - Object 'Object Repository/CERTPAY_QUICKSTI/Payment_Information_Page/EXP_MONTH' is present

2021-03-22 11:29:24 - [MESSAGE][PASSED] - Object: 'Object Repository/CERTPAY_QUICKSTI/Payment_Information_Page/EXP_MONTH' is clicked on

2021-03-22 11:29:26 - [MESSAGE][PASSED] - All options with label '03' are selected in object 'Object Repository/CERTPAY_QUICKSTI/Payment_Information_Page/EXP_MONTH'  using regular expression

2021-03-22 11:29:26 - [MESSAGE][PASSED] - selected dropdown option by visible text  03from expMonth

2021-03-22 11:29:26 - [MESSAGE][PASSED] - Object 'Object Repository/CERTPAY_QUICKSTI/Payment_Information_Page/EXP_YEAR' is visible

2021-03-22 11:29:26 - [MESSAGE][PASSED] - Object 'Object Repository/CERTPAY_QUICKSTI/Payment_Information_Page/EXP_YEAR' is present

2021-03-22 11:29:28 - [MESSAGE][PASSED] - Object: 'Object Repository/CERTPAY_QUICKSTI/Payment_Information_Page/EXP_YEAR' is clicked on

2021-03-22 11:29:29 - [MESSAGE][PASSED] - All options with label '2022' are selected in object 'Object Repository/CERTPAY_QUICKSTI/Payment_Information_Page/EXP_YEAR'  using regular expression

2021-03-22 11:29:29 - [MESSAGE][PASSED] - selected dropdown option by visible text  2022from  expYear

2021-03-22 11:29:29 - [MESSAGE][PASSED] - Object 'Object Repository/CERTPAY_QUICKSTI/Payment_Information_Page/SECURITY_CODE' is present

2021-03-22 11:29:30 - [MESSAGE][PASSED] - Object 'Object Repository/CERTPAY_QUICKSTI/Payment_Information_Page/SECURITY_CODE' is visible

2021-03-22 11:29:30 - [MESSAGE][PASSED] - Object 'Object Repository/CERTPAY_QUICKSTI/Payment_Information_Page/SECURITY_CODE' is present

2021-03-22 11:29:32 - [MESSAGE][PASSED] - Text '207' is set on object 'Object Repository/CERTPAY_QUICKSTI/Payment_Information_Page/SECURITY_CODE'

2021-03-22 11:29:32 - [MESSAGE][PASSED] - Quicksti_Sameday_PartialRefund_Admin.ts:Entered'207 into securityCode

2021-03-22 11:29:32 - [TEST_STEP][PASSED] - pages.Quicksti.setPaymentAmountDetailsForSinglePayment(paymentAmount, quantity): Quicksti_Sameday_PartialRefund_Admin.ts:Entered'1 into Quantity

2021-03-22 11:29:32 - [MESSAGE][PASSED] - Object 'Object Repository/CERTPAY_QUICKSTI/Payment_Information_Page/PAYMENT_AMOUNT' is present

2021-03-22 11:29:32 - [MESSAGE][PASSED] - Object 'Object Repository/CERTPAY_QUICKSTI/Payment_Information_Page/PAYMENT_AMOUNT' is visible

2021-03-22 11:29:33 - [MESSAGE][PASSED] - Object 'Object Repository/CERTPAY_QUICKSTI/Payment_Information_Page/PAYMENT_AMOUNT' is present

2021-03-22 11:29:34 - [MESSAGE][PASSED] - Text '20.00' is set on object 'Object Repository/CERTPAY_QUICKSTI/Payment_Information_Page/PAYMENT_AMOUNT'

2021-03-22 11:29:34 - [MESSAGE][PASSED] - Quicksti_Sameday_PartialRefund_Admin.ts:Entered'20.00 into amount

2021-03-22 11:29:35 - [MESSAGE][PASSED] - Object 'Object Repository/CERTPAY_QUICKSTI/Payment_Information_Page/QUANTITY' is present

2021-03-22 11:29:35 - [MESSAGE][PASSED] - Object 'Object Repository/CERTPAY_QUICKSTI/Payment_Information_Page/QUANTITY' is visible

2021-03-22 11:29:35 - [MESSAGE][PASSED] - Object 'Object Repository/CERTPAY_QUICKSTI/Payment_Information_Page/QUANTITY' is present

2021-03-22 11:29:37 - [MESSAGE][PASSED] - Text '1' is set on object 'Object Repository/CERTPAY_QUICKSTI/Payment_Information_Page/QUANTITY'

2021-03-22 11:29:37 - [MESSAGE][PASSED] - Quicksti_Sameday_PartialRefund_Admin.ts:Entered'1 into Quantity

2021-03-22 11:29:37 - [TEST_STEP][PASSED] - utilities.SafeActions.safeType(findTestObject("CERTPAY_QUICKSTI/Payment_Information_Page/REFRENCE_NUMBER"), referenceNum, "Reference Number", [pageLoadTime]): Quicksti_Sameday_PartialRefund_Admin.ts:Entered'11 into Reference Number

2021-03-22 11:29:38 - [MESSAGE][PASSED] - Object 'Object Repository/CERTPAY_QUICKSTI/Payment_Information_Page/REFRENCE_NUMBER' is present

2021-03-22 11:29:38 - [MESSAGE][PASSED] - Object 'Object Repository/CERTPAY_QUICKSTI/Payment_Information_Page/REFRENCE_NUMBER' is visible

2021-03-22 11:29:38 - [MESSAGE][PASSED] - Object 'Object Repository/CERTPAY_QUICKSTI/Payment_Information_Page/REFRENCE_NUMBER' is present

2021-03-22 11:29:40 - [MESSAGE][PASSED] - Text '11' is set on object 'Object Repository/CERTPAY_QUICKSTI/Payment_Information_Page/REFRENCE_NUMBER'

2021-03-22 11:29:40 - [MESSAGE][PASSED] - Quicksti_Sameday_PartialRefund_Admin.ts:Entered'11 into Reference Number

2021-03-22 11:29:40 - [TEST_STEP][PASSED] - amount_Value = pages.Quicksti.getAttributeValue(findTestObject("CERTPAY_QUICKSTI/Payment_Information_Page/SUB_TOTAL")): pages.Quicksti.getAttributeValue is PASSED

2021-03-22 11:29:40 - [MESSAGE][PASSED] - Attribute 'value' of object 'Object Repository/CERTPAY_QUICKSTI/Payment_Information_Page/SUB_TOTAL' is: '20.00'

2021-03-22 11:29:40 - [MESSAGE][PASSED] - pages.Quicksti.getAttributeValue is PASSED

2021-03-22 11:29:40 - [TEST_STEP][PASSED] - utilities.SafeActions.safeType(findTestObject("CERTPAY_QUICKSTI/Payment_Information_Page/COMMENTS"), "Testing", "Comments", [pageLoadTime]): Quicksti_Sameday_PartialRefund_Admin.ts:Entered'Testing into Comments

2021-03-22 11:29:41 - [MESSAGE][PASSED] - Object 'Object Repository/CERTPAY_QUICKSTI/Payment_Information_Page/COMMENTS' is present

2021-03-22 11:29:41 - [MESSAGE][PASSED] - Object 'Object Repository/CERTPAY_QUICKSTI/Payment_Information_Page/COMMENTS' is visible

2021-03-22 11:29:41 - [MESSAGE][PASSED] - Object 'Object Repository/CERTPAY_QUICKSTI/Payment_Information_Page/COMMENTS' is present

2021-03-22 11:29:43 - [MESSAGE][PASSED] - Text 'Testing' is set on object 'Object Repository/CERTPAY_QUICKSTI/Payment_Information_Page/COMMENTS'

2021-03-22 11:29:43 - [MESSAGE][PASSED] - Quicksti_Sameday_PartialRefund_Admin.ts:Entered'Testing into Comments

2021-03-22 11:29:43 - [TEST_STEP][PASSED] - utilities.SafeActions.safeType(findTestObject("CERTPAY_QUICKSTI/Payment_Information_Page/ADDRESS"), address, "Address", [pageLoadTime]): Quicksti_Sameday_PartialRefund_Admin.ts:Entered'14-2 into Address

2021-03-22 11:29:43 - [MESSAGE][PASSED] - Object 'Object Repository/CERTPAY_QUICKSTI/Payment_Information_Page/ADDRESS' is present

2021-03-22 11:29:44 - [MESSAGE][PASSED] - Object 'Object Repository/CERTPAY_QUICKSTI/Payment_Information_Page/ADDRESS' is visible

2021-03-22 11:29:44 - [MESSAGE][PASSED] - Object 'Object Repository/CERTPAY_QUICKSTI/Payment_Information_Page/ADDRESS' is present

2021-03-22 11:29:46 - [MESSAGE][PASSED] - Text '14-2' is set on object 'Object Repository/CERTPAY_QUICKSTI/Payment_Information_Page/ADDRESS'

2021-03-22 11:29:46 - [MESSAGE][PASSED] - Quicksti_Sameday_PartialRefund_Admin.ts:Entered'14-2 into Address

2021-03-22 11:29:46 - [TEST_STEP][PASSED] - utilities.SafeActions.safeType(findTestObject("CERTPAY_QUICKSTI/Payment_Information_Page/ZIP_CODE"), zipCode, "zipcode", [pageLoadTime]): Quicksti_Sameday_PartialRefund_Admin.ts:Entered'76102 into zipcode

2021-03-22 11:29:46 - [MESSAGE][PASSED] - Object 'Object Repository/CERTPAY_QUICKSTI/Payment_Information_Page/ZIP_CODE' is present

2021-03-22 11:29:47 - [MESSAGE][PASSED] - Object 'Object Repository/CERTPAY_QUICKSTI/Payment_Information_Page/ZIP_CODE' is visible

2021-03-22 11:29:47 - [MESSAGE][PASSED] - Object 'Object Repository/CERTPAY_QUICKSTI/Payment_Information_Page/ZIP_CODE' is present

2021-03-22 11:29:49 - [MESSAGE][PASSED] - Text '76102' is set on object 'Object Repository/CERTPAY_QUICKSTI/Payment_Information_Page/ZIP_CODE'

2021-03-22 11:29:49 - [MESSAGE][PASSED] - Quicksti_Sameday_PartialRefund_Admin.ts:Entered'76102 into zipcode

2021-03-22 11:29:49 - [TEST_STEP][PASSED] - utilities.SafeActions.safeType(findTestObject("CERTPAY_QUICKSTI/Payment_Information_Page/TELEPHONE"), telephone, "Telephone", [pageLoadTime]): Quicksti_Sameday_PartialRefund_Admin.ts:Entered'9988776655 into Telephone

2021-03-22 11:29:49 - [MESSAGE][PASSED] - Object 'Object Repository/CERTPAY_QUICKSTI/Payment_Information_Page/TELEPHONE' is present

2021-03-22 11:29:49 - [MESSAGE][PASSED] - Object 'Object Repository/CERTPAY_QUICKSTI/Payment_Information_Page/TELEPHONE' is visible

2021-03-22 11:29:50 - [MESSAGE][PASSED] - Object 'Object Repository/CERTPAY_QUICKSTI/Payment_Information_Page/TELEPHONE' is present

2021-03-22 11:29:51 - [MESSAGE][PASSED] - Text '9988776655' is set on object 'Object Repository/CERTPAY_QUICKSTI/Payment_Information_Page/TELEPHONE'

2021-03-22 11:29:51 - [MESSAGE][PASSED] - Quicksti_Sameday_PartialRefund_Admin.ts:Entered'9988776655 into Telephone

2021-03-22 11:29:51 - [TEST_STEP][PASSED] - utilities.SafeActions.safeType(findTestObject("CERTPAY_QUICKSTI/Payment_Information_Page/EMAIL_ADDRESS"), emailAddress, "EMAIL address", [pageLoadTime]): Quicksti_Sameday_PartialRefund_Admin.ts:Entered'testing@zenq.com into EMAIL address

2021-03-22 11:29:51 - [MESSAGE][PASSED] - Object 'Object Repository/CERTPAY_QUICKSTI/Payment_Information_Page/EMAIL_ADDRESS' is present

2021-03-22 11:29:52 - [MESSAGE][PASSED] - Object 'Object Repository/CERTPAY_QUICKSTI/Payment_Information_Page/EMAIL_ADDRESS' is visible

2021-03-22 11:29:52 - [MESSAGE][PASSED] - Object 'Object Repository/CERTPAY_QUICKSTI/Payment_Information_Page/EMAIL_ADDRESS' is present

2021-03-22 11:29:53 - [MESSAGE][PASSED] - Text 'testing@zenq.com' is set on object 'Object Repository/CERTPAY_QUICKSTI/Payment_Information_Page/EMAIL_ADDRESS'

2021-03-22 11:29:53 - [MESSAGE][PASSED] - Quicksti_Sameday_PartialRefund_Admin.ts:Entered'testing@zenq.com into EMAIL address

2021-03-22 11:29:53 - [TEST_STEP][PASSED] - utilities.SafeActions.safeClick(findTestObject("CERTPAY_QUICKSTI/Payment_Information_Page/NEXT_BUTTON"), "Next", [pageLoadTime]): Quicksti_Sameday_PartialRefund_Admin.ts:Clicked on the Next

2021-03-22 11:29:54 - [MESSAGE][INFO] - safeClicking

2021-03-22 11:29:54 - [MESSAGE][PASSED] - Object 'Object Repository/CERTPAY_QUICKSTI/Payment_Information_Page/NEXT_BUTTON' is present

2021-03-22 11:29:54 - [MESSAGE][PASSED] - Object 'Object Repository/CERTPAY_QUICKSTI/Payment_Information_Page/NEXT_BUTTON' is clickable

2021-03-22 11:29:56 - [MESSAGE][PASSED] - Object: 'Object Repository/CERTPAY_QUICKSTI/Payment_Information_Page/NEXT_BUTTON' is clicked on

2021-03-22 11:29:56 - [MESSAGE][PASSED] - Quicksti_Sameday_PartialRefund_Admin.ts:Clicked on the Next

2021-03-22 11:29:56 - [TEST_STEP][PASSED] - pages.Quicksti.verifyUserPaymentDetails(paymentAmount, firstName, lastName, CardNumber): pages.Quicksti.verifyUserPaymentDetails is PASSED

2021-03-22 11:29:57 - [MESSAGE][PASSED] - Text of object 'Object Repository/CERTPAY_QUICKSTI/Payment_Details_Verification_Page/AMOUNT' is: '$20.00'

2021-03-22 11:29:57 - [MESSAGE][PASSED] - Actual text '20.00' and expected text '20.00' are matched  using regular expression

2021-03-22 11:29:57 - [MESSAGE][PASSED] - Text of object 'Object Repository/CERTPAY_QUICKSTI/Payment_Details_Verification_Page/NAME' is: 'Tester Zenq1'

2021-03-22 11:29:57 - [MESSAGE][PASSED] - Actual text 'Tester Zenq1' and expected text 'Tester Zenq1' are matched  using regular expression

2021-03-22 11:29:58 - [MESSAGE][PASSED] - Text of object 'Object Repository/CERTPAY_QUICKSTI/Payment_Details_Verification_Page/CARD_NUMBER' is: '...5021'

2021-03-22 11:29:58 - [MESSAGE][PASSED] - Actual text '5021' and expected text '5021' are matched  using regular expression

2021-03-22 11:29:58 - [MESSAGE][PASSED] - pages.Quicksti.verifyUserPaymentDetails is PASSED

2021-03-22 11:29:58 - [TEST_STEP][PASSED] - delay(2): Delayed 2 second(s)

2021-03-22 11:30:00 - [MESSAGE][PASSED] - Delayed 2 second(s)

2021-03-22 11:30:00 - [TEST_STEP][PASSED] - ConvFee = getText(findTestObject("CERTPAY_QUICKSTI/Payment_Information_Page/CONV_FEE")): Text of object 'Object Repository/CERTPAY_QUICKSTI/Payment_Information_Page/CONV_FEE' is: '$0.50'

2021-03-22 11:30:00 - [MESSAGE][PASSED] - Text of object 'Object Repository/CERTPAY_QUICKSTI/Payment_Information_Page/CONV_FEE' is: '$0.50'

2021-03-22 11:30:00 - [TEST_STEP][PASSED] - scrollToElement(findTestObject("CERTPAY_QUICKSTI/Payment_Details_Verification_Page/PROCESS"), 30): Scroll to object 'Object Repository/CERTPAY_QUICKSTI/Payment_Details_Verification_Page/PROCESS' successfully

2021-03-22 11:30:01 - [MESSAGE][PASSED] - Scroll to object 'Object Repository/CERTPAY_QUICKSTI/Payment_Details_Verification_Page/PROCESS' successfully

2021-03-22 11:30:01 - [TEST_STEP][PASSED] - utilities.SafeActions.safeClick(findTestObject("CERTPAY_QUICKSTI/Payment_Details_Verification_Page/PROCESS"), "Process", [pageLoadTime]): Quicksti_Sameday_PartialRefund_Admin.ts:Clicked on the Process

2021-03-22 11:30:01 - [MESSAGE][INFO] - safeClicking

2021-03-22 11:30:01 - [MESSAGE][PASSED] - Object 'Object Repository/CERTPAY_QUICKSTI/Payment_Details_Verification_Page/PROCESS' is present

2021-03-22 11:30:01 - [MESSAGE][PASSED] - Object 'Object Repository/CERTPAY_QUICKSTI/Payment_Details_Verification_Page/PROCESS' is clickable

2021-03-22 11:30:06 - [MESSAGE][PASSED] - Object: 'Object Repository/CERTPAY_QUICKSTI/Payment_Details_Verification_Page/PROCESS' is clicked on

2021-03-22 11:30:06 - [MESSAGE][PASSED] - Quicksti_Sameday_PartialRefund_Admin.ts:Clicked on the Process

2021-03-22 11:30:06 - [TEST_STEP][PASSED] - paymentId = pages.Quicksti.verifyPaymentApproval(findTestObject("CERTPAY_QUICKSTI/Payment_Details_Verification_Page/APPROVED")): Payment is approved

2021-03-22 11:30:07 - [MESSAGE][PASSED] - Text of object 'Object Repository/CERTPAY_QUICKSTI/Payment_Details_Verification_Page/PAYMENT_ID' is: '100176225706'

2021-03-22 11:30:07 - [MESSAGE][PASSED] - Object 'Object Repository/CERTPAY_QUICKSTI/Payment_Details_Verification_Page/APPROVED' is present

2021-03-22 11:30:07 - [MESSAGE][PASSED] - Payment is approved

2021-03-22 11:30:09 - [TEST_STEP][PASSED] - navigateToUrl(Admin_url): Navigate to 'https://qa-certpayadmin.faps.net' successfully

2021-03-22 11:30:16 - [MESSAGE][PASSED] - Navigate to 'https://qa-certpayadmin.faps.net' successfully

2021-03-22 11:30:16 - [TEST_STEP][PASSED] - pages.Bureau_Login_Page.loginToAdminSite(AdminUsername, AdminPassword): Quicksti_Sameday_PartialRefund_Admin.ts:Clicked on the LOGIN

2021-03-22 11:30:17 - [MESSAGE][PASSED] - Object 'Object Repository/CERTPAY_ADMIN/USER_NAME' is present

2021-03-22 11:30:17 - [MESSAGE][PASSED] - Object 'Object Repository/CERTPAY_ADMIN/USER_NAME' is visible

2021-03-22 11:30:17 - [MESSAGE][PASSED] - Object 'Object Repository/CERTPAY_ADMIN/USER_NAME' is present

2021-03-22 11:30:19 - [MESSAGE][PASSED] - Text 'VVangiliappan' is set on object 'Object Repository/CERTPAY_ADMIN/USER_NAME'

2021-03-22 11:30:19 - [MESSAGE][PASSED] - Quicksti_Sameday_PartialRefund_Admin.ts:Entered'VVangiliappan into username

2021-03-22 11:30:19 - [MESSAGE][PASSED] - Object 'Object Repository/CERTPAY_ADMIN/PASSWORD' is present

2021-03-22 11:30:20 - [MESSAGE][PASSED] - Object 'Object Repository/CERTPAY_ADMIN/PASSWORD' is visible

2021-03-22 11:30:20 - [MESSAGE][PASSED] - Object 'Object Repository/CERTPAY_ADMIN/PASSWORD' is present

2021-03-22 11:30:21 - [MESSAGE][PASSED] - Text 'Test111!' is set on object 'Object Repository/CERTPAY_ADMIN/PASSWORD'

2021-03-22 11:30:21 - [MESSAGE][PASSED] - Quicksti_Sameday_PartialRefund_Admin.ts:Entered'Test111! into password

2021-03-22 11:30:21 - [MESSAGE][INFO] - safeClicking

2021-03-22 11:30:22 - [MESSAGE][PASSED] - Object 'Object Repository/CERTPAY_ADMIN/LOGIN_BUTTON' is present

2021-03-22 11:30:22 - [MESSAGE][PASSED] - Object 'Object Repository/CERTPAY_ADMIN/LOGIN_BUTTON' is clickable

2021-03-22 11:30:30 - [MESSAGE][PASSED] - Object: 'Object Repository/CERTPAY_ADMIN/LOGIN_BUTTON' is clicked on

2021-03-22 11:30:30 - [MESSAGE][PASSED] - Quicksti_Sameday_PartialRefund_Admin.ts:Clicked on the LOGIN

2021-03-22 11:30:30 - [TEST_STEP][PASSED] - utilities.SafeActions.safeClick(findTestObject("CERTPAY_ADMIN/TRANSACTION_MENU"), "TransactionMenu", [pageLoadTime]): Quicksti_Sameday_PartialRefund_Admin.ts:Clicked on the TransactionMenu

2021-03-22 11:30:30 - [MESSAGE][INFO] - safeClicking

2021-03-22 11:30:30 - [MESSAGE][PASSED] - Object 'Object Repository/CERTPAY_ADMIN/TRANSACTION_MENU' is present

2021-03-22 11:30:30 - [MESSAGE][PASSED] - Object 'Object Repository/CERTPAY_ADMIN/TRANSACTION_MENU' is clickable

2021-03-22 11:30:32 - [MESSAGE][PASSED] - Object: 'Object Repository/CERTPAY_ADMIN/TRANSACTION_MENU' is clicked on

2021-03-22 11:30:32 - [MESSAGE][PASSED] - Quicksti_Sameday_PartialRefund_Admin.ts:Clicked on the TransactionMenu

2021-03-22 11:30:32 - [TEST_STEP][PASSED] - utilities.SafeActions.safeClick(findTestObject("CERTPAY_ADMIN/TRANSACTION_SEARCH"), "TransactionSearch", [pageLoadTime]): Quicksti_Sameday_PartialRefund_Admin.ts:Clicked on the TransactionSearch

2021-03-22 11:30:32 - [MESSAGE][INFO] - safeClicking

2021-03-22 11:30:32 - [MESSAGE][PASSED] - Object 'Object Repository/CERTPAY_ADMIN/TRANSACTION_SEARCH' is present

2021-03-22 11:30:32 - [MESSAGE][PASSED] - Object 'Object Repository/CERTPAY_ADMIN/TRANSACTION_SEARCH' is clickable

2021-03-22 11:30:38 - [MESSAGE][PASSED] - Object: 'Object Repository/CERTPAY_ADMIN/TRANSACTION_SEARCH' is clicked on

2021-03-22 11:30:38 - [MESSAGE][PASSED] - Quicksti_Sameday_PartialRefund_Admin.ts:Clicked on the TransactionSearch

2021-03-22 11:30:38 - [TEST_STEP][PASSED] - utilities.SafeActions.safeType(findTestObject("CERTPAY_ADMIN/PAYMENT_ID"), paymentId, "Payment id", [pageLoadTime]): Quicksti_Sameday_PartialRefund_Admin.ts:Entered'100176225706 into Payment id

2021-03-22 11:30:38 - [MESSAGE][PASSED] - Object 'Object Repository/CERTPAY_ADMIN/PAYMENT_ID' is present

2021-03-22 11:30:39 - [MESSAGE][PASSED] - Object 'Object Repository/CERTPAY_ADMIN/PAYMENT_ID' is visible

2021-03-22 11:30:39 - [MESSAGE][PASSED] - Object 'Object Repository/CERTPAY_ADMIN/PAYMENT_ID' is present

2021-03-22 11:30:41 - [MESSAGE][PASSED] - Text '100176225706' is set on object 'Object Repository/CERTPAY_ADMIN/PAYMENT_ID'

2021-03-22 11:30:41 - [MESSAGE][PASSED] - Quicksti_Sameday_PartialRefund_Admin.ts:Entered'100176225706 into Payment id

2021-03-22 11:30:41 - [TEST_STEP][PASSED] - utilities.SafeActions.safeClick(findTestObject("CERTPAY_ADMIN/GO_BUTTON"), "Go button", [pageLoadTime]): Quicksti_Sameday_PartialRefund_Admin.ts:Clicked on the Go button

2021-03-22 11:30:41 - [MESSAGE][INFO] - safeClicking

2021-03-22 11:30:41 - [MESSAGE][PASSED] - Object 'Object Repository/CERTPAY_ADMIN/GO_BUTTON' is present

2021-03-22 11:30:41 - [MESSAGE][PASSED] - Object 'Object Repository/CERTPAY_ADMIN/GO_BUTTON' is clickable

2021-03-22 11:30:44 - [MESSAGE][PASSED] - Object: 'Object Repository/CERTPAY_ADMIN/GO_BUTTON' is clicked on

2021-03-22 11:30:44 - [MESSAGE][PASSED] - Quicksti_Sameday_PartialRefund_Admin.ts:Clicked on the Go button

2021-03-22 11:30:44 - [TEST_STEP][PASSED] - delay(3): Delayed 3 second(s)

2021-03-22 11:30:47 - [MESSAGE][PASSED] - Delayed 3 second(s)

2021-03-22 11:30:47 - [TEST_STEP][PASSED] - paymentIdList.add(paymentId): null

2021-03-22 11:30:47 - [TEST_STEP][PASSED] - println(paymentIdList): null

2021-03-22 11:30:47 - [TEST_STEP][PASSED] - utilities.SafeActions.safeClick(findTestObject("CERTPAY_ADMIN/ACTIONS_BUTTON"), "Actions button", [pageLoadTime]): Quicksti_Sameday_PartialRefund_Admin.ts:Clicked on the Actions button

2021-03-22 11:30:48 - [MESSAGE][INFO] - safeClicking

2021-03-22 11:30:48 - [MESSAGE][PASSED] - Object 'Object Repository/CERTPAY_ADMIN/ACTIONS_BUTTON' is present

2021-03-22 11:30:48 - [MESSAGE][PASSED] - Object 'Object Repository/CERTPAY_ADMIN/ACTIONS_BUTTON' is clickable

2021-03-22 11:30:49 - [MESSAGE][PASSED] - Object: 'Object Repository/CERTPAY_ADMIN/ACTIONS_BUTTON' is clicked on

2021-03-22 11:30:49 - [MESSAGE][PASSED] - Quicksti_Sameday_PartialRefund_Admin.ts:Clicked on the Actions button

2021-03-22 11:30:49 - [TEST_STEP][PASSED] - utilities.SafeActions.safeClick(findTestObject("CERTPAY_ADMIN/REFUND_MENU"), "Refund Menu", [pageLoadTime]): Quicksti_Sameday_PartialRefund_Admin.ts:Clicked on the Refund Menu

2021-03-22 11:30:49 - [MESSAGE][INFO] - safeClicking

2021-03-22 11:30:50 - [MESSAGE][PASSED] - Object 'Object Repository/CERTPAY_ADMIN/REFUND_MENU' is present

2021-03-22 11:30:50 - [MESSAGE][PASSED] - Object 'Object Repository/CERTPAY_ADMIN/REFUND_MENU' is clickable

2021-03-22 11:30:51 - [MESSAGE][PASSED] - Object: 'Object Repository/CERTPAY_ADMIN/REFUND_MENU' is clicked on

2021-03-22 11:30:51 - [MESSAGE][PASSED] - Quicksti_Sameday_PartialRefund_Admin.ts:Clicked on the Refund Menu

2021-03-22 11:30:51 - [TEST_STEP][PASSED] - delay(2): Delayed 2 second(s)

2021-03-22 11:30:53 - [MESSAGE][PASSED] - Delayed 2 second(s)

2021-03-22 11:30:53 - [TEST_STEP][FAILED] - utilities.SafeActions.safeClick(findTestObject("CERTPAY_ADMIN/CREDIT_RETURN"), "Credit Return", [pageLoadTime]): com.kms.katalon.core.exception.StepFailedException: Quicksti_Sameday_PartialRefund_Admin.ts:Credit Returnis not attached to page document in time 60 No such element Exception

2021-03-22 11:30:54 - [MESSAGE][INFO] - safeClicking

2021-03-22 11:31:55 - [MESSAGE][INFO] - Unable to find the element located by 'By.xpath: //*[@id="refundForm"]/div/div[2]/div[1]/div[2]/span[1]'. Please recheck the objects properties to make sure the desired element is located. 

2021-03-22 11:31:56 - [MESSAGE][FAILED] - com.kms.katalon.core.webui.exception.WebElementNotFoundException: Web element with id: 'Object Repository/CERTPAY_ADMIN/CREDIT_RETURN' located by '//*[@id="refundForm"]/div/div[2]/div[1]/div[2]/span[1]' not found (Root cause: com.kms.katalon.core.exception.StepFailedException: com.kms.katalon.core.webui.exception.WebElementNotFoundException: Web element with id: 'Object Repository/CERTPAY_ADMIN/CREDIT_RETURN' located by '//*[@id="refundForm"]/div/div[2]/div[1]/div[2]/span[1]' not found
	at com.kms.katalon.core.webui.keyword.internal.WebUIKeywordMain.stepFailed(WebUIKeywordMain.groovy:64)
	at com.kms.katalon.core.webui.keyword.builtin.VerifyElementPresentKeyword$_verifyElementPresent_closure1.doCall(VerifyElementPresentKeyword.groovy:85)
	at com.kms.katalon.core.webui.keyword.builtin.VerifyElementPresentKeyword$_verifyElementPresent_closure1.call(VerifyElementPresentKeyword.groovy)
	at com.kms.katalon.core.webui.keyword.internal.WebUIKeywordMain.runKeyword(WebUIKeywordMain.groovy:20)
	at com.kms.katalon.core.webui.keyword.builtin.VerifyElementPresentKeyword.verifyElementPresent(VerifyElementPresentKeyword.groovy:92)
	at com.kms.katalon.core.webui.keyword.builtin.VerifyElementPresentKeyword.execute(VerifyElementPresentKeyword.groovy:68)
	at com.kms.katalon.core.keyword.internal.KeywordExecutor.executeKeywordForPlatform(KeywordExecutor.groovy:73)
	at com.kms.katalon.core.webui.keyword.WebUiBuiltInKeywords.verifyElementPresent(WebUiBuiltInKeywords.groovy:1463)
	at com.kms.katalon.core.webui.keyword.WebUiBuiltInKeywords$verifyElementPresent$3.call(Unknown Source)
	at utilities.SafeActions.safeClick(SafeActions.groovy:153)
	at utilities.SafeActions.invokeMethod(SafeActions.groovy)
	at com.kms.katalon.core.main.CustomKeywordDelegatingMetaClass.invokeStaticMethod(CustomKeywordDelegatingMetaClass.java:50)
	at TC_002_VISA_Sameday_PartialRefund.run(TC_002_VISA_Sameday_PartialRefund:151)
	at com.kms.katalon.core.main.ScriptEngine.run(ScriptEngine.java:194)
	at com.kms.katalon.core.main.ScriptEngine.runScriptAsRawText(ScriptEngine.java:119)
	at com.kms.katalon.core.main.TestCaseExecutor.runScript(TestCaseExecutor.java:398)
	at com.kms.katalon.core.main.TestCaseExecutor.doExecute(TestCaseExecutor.java:389)
	at com.kms.katalon.core.main.TestCaseExecutor.processExecutionPhase(TestCaseExecutor.java:368)
	at com.kms.katalon.core.main.TestCaseExecutor.accessMainPhase(TestCaseExecutor.java:360)
	at com.kms.katalon.core.main.TestCaseExecutor.execute(TestCaseExecutor.java:255)
	at com.kms.katalon.core.main.TestSuiteExecutor.accessTestCaseMainPhase(TestSuiteExecutor.java:203)
	at com.kms.katalon.core.main.TestSuiteExecutor.accessTestSuiteMainPhase(TestSuiteExecutor.java:152)
	at com.kms.katalon.core.main.TestSuiteExecutor.execute(TestSuiteExecutor.java:95)
	at com.kms.katalon.core.main.TestCaseMain.startTestSuite(TestCaseMain.java:157)
	at com.kms.katalon.core.main.TestCaseMain$startTestSuite$0.call(Unknown Source)
	at TempTestSuite1616392628990.run(TempTestSuite1616392628990.groovy:39)
)
[[ATTACHMENT|D:\\AutomationToolsandProjects\\Katalon Projects BackUp\\Sush_Certpay-master\\Reports\\20210322_112707\\Certpay_testSuite\\Quicksti_Sameday_PartialRefund_Admin\\20210322_112708\\1616392915513.png]]

2021-03-22 11:31:57 - [MESSAGE][FAILED] - Unable to verify object 'Object Repository/CERTPAY_ADMIN/CREDIT_RETURN' is present (Root cause: com.kms.katalon.core.exception.StepFailedException: Unable to verify object 'Object Repository/CERTPAY_ADMIN/CREDIT_RETURN' is present
	at com.kms.katalon.core.webui.keyword.internal.WebUIKeywordMain.stepFailed(WebUIKeywordMain.groovy:64)
	at com.kms.katalon.core.webui.keyword.internal.WebUIKeywordMain.runKeyword(WebUIKeywordMain.groovy:26)
	at com.kms.katalon.core.webui.keyword.builtin.VerifyElementPresentKeyword.verifyElementPresent(VerifyElementPresentKeyword.groovy:92)
	at com.kms.katalon.core.webui.keyword.builtin.VerifyElementPresentKeyword.execute(VerifyElementPresentKeyword.groovy:68)
	at com.kms.katalon.core.keyword.internal.KeywordExecutor.executeKeywordForPlatform(KeywordExecutor.groovy:73)
	at com.kms.katalon.core.webui.keyword.WebUiBuiltInKeywords.verifyElementPresent(WebUiBuiltInKeywords.groovy:1463)
	at com.kms.katalon.core.webui.keyword.WebUiBuiltInKeywords$verifyElementPresent$3.call(Unknown Source)
	at utilities.SafeActions.safeClick(SafeActions.groovy:153)
	at utilities.SafeActions.invokeMethod(SafeActions.groovy)
	at com.kms.katalon.core.main.CustomKeywordDelegatingMetaClass.invokeStaticMethod(CustomKeywordDelegatingMetaClass.java:50)
	at TC_002_VISA_Sameday_PartialRefund.run(TC_002_VISA_Sameday_PartialRefund:151)
	at com.kms.katalon.core.main.ScriptEngine.run(ScriptEngine.java:194)
	at com.kms.katalon.core.main.ScriptEngine.runScriptAsRawText(ScriptEngine.java:119)
	at com.kms.katalon.core.main.TestCaseExecutor.runScript(TestCaseExecutor.java:398)
	at com.kms.katalon.core.main.TestCaseExecutor.doExecute(TestCaseExecutor.java:389)
	at com.kms.katalon.core.main.TestCaseExecutor.processExecutionPhase(TestCaseExecutor.java:368)
	at com.kms.katalon.core.main.TestCaseExecutor.accessMainPhase(TestCaseExecutor.java:360)
	at com.kms.katalon.core.main.TestCaseExecutor.execute(TestCaseExecutor.java:255)
	at com.kms.katalon.core.main.TestSuiteExecutor.accessTestCaseMainPhase(TestSuiteExecutor.java:203)
	at com.kms.katalon.core.main.TestSuiteExecutor.accessTestSuiteMainPhase(TestSuiteExecutor.java:152)
	at com.kms.katalon.core.main.TestSuiteExecutor.execute(TestSuiteExecutor.java:95)
	at com.kms.katalon.core.main.TestCaseMain.startTestSuite(TestCaseMain.java:157)
	at com.kms.katalon.core.main.TestCaseMain$startTestSuite$0.call(Unknown Source)
	at TempTestSuite1616392628990.run(TempTestSuite1616392628990.groovy:39)
Caused by: com.kms.katalon.core.exception.StepFailedException: com.kms.katalon.core.webui.exception.WebElementNotFoundException: Web element with id: 'Object Repository/CERTPAY_ADMIN/CREDIT_RETURN' located by '//*[@id="refundForm"]/div/div[2]/div[1]/div[2]/span[1]' not found
	at com.kms.katalon.core.webui.keyword.internal.WebUIKeywordMain.stepFailed(WebUIKeywordMain.groovy:64)
	at com.kms.katalon.core.webui.keyword.builtin.VerifyElementPresentKeyword$_verifyElementPresent_closure1.doCall(VerifyElementPresentKeyword.groovy:85)
	at com.kms.katalon.core.webui.keyword.builtin.VerifyElementPresentKeyword$_verifyElementPresent_closure1.call(VerifyElementPresentKeyword.groovy)
	at com.kms.katalon.core.webui.keyword.internal.WebUIKeywordMain.runKeyword(WebUIKeywordMain.groovy:20)
	... 22 more
)
[[ATTACHMENT|D:\\AutomationToolsandProjects\\Katalon Projects BackUp\\Sush_Certpay-master\\Reports\\20210322_112707\\Certpay_testSuite\\Quicksti_Sameday_PartialRefund_Admin\\20210322_112708\\1616392916788.png]]

2021-03-22 11:31:57 - [MESSAGE][FAILED] - Quicksti_Sameday_PartialRefund_Admin.ts:Credit Returnis not attached to page document in time 60 No such element Exception

2021-03-22 11:31:57 - [MESSAGE][FAILED] - com.kms.katalon.core.exception.StepFailedException: Quicksti_Sameday_PartialRefund_Admin.ts:Credit Returnis not attached to page document in time 60 No such element Exception

2021-03-22 11:31:57 - [TEST_STEP][PASSED] - utilities.SafeActions.safeType(findTestObject("Object Repository/CERTPAY_ADMIN/REFUND_AMOUNT"), RefundAmount, "Payment id", [pageLoadTime]): Quicksti_Sameday_PartialRefund_Admin.ts:Entered'12.00 into Payment id

2021-03-22 11:31:57 - [MESSAGE][PASSED] - Object 'Object Repository/CERTPAY_ADMIN/REFUND_AMOUNT' is present

2021-03-22 11:31:57 - [MESSAGE][PASSED] - Object 'Object Repository/CERTPAY_ADMIN/REFUND_AMOUNT' is visible

2021-03-22 11:31:58 - [MESSAGE][PASSED] - Object 'Object Repository/CERTPAY_ADMIN/REFUND_AMOUNT' is present

2021-03-22 11:31:59 - [MESSAGE][PASSED] - Text '12.00' is set on object 'Object Repository/CERTPAY_ADMIN/REFUND_AMOUNT'

2021-03-22 11:31:59 - [MESSAGE][PASSED] - Quicksti_Sameday_PartialRefund_Admin.ts:Entered'12.00 into Payment id

2021-03-22 11:31:59 - [TEST_STEP][PASSED] - sConvAmount = ConvFee.substring(1): null

2021-03-22 11:31:59 - [TEST_STEP][PASSED] - utilities.SafeActions.safeType(findTestObject("Object Repository/CERTPAY_ADMIN/REFUND_CONVFEE"), sConvAmount, "Payment id", [pageLoadTime]): Quicksti_Sameday_PartialRefund_Admin.ts:Entered'0.50 into Payment id

2021-03-22 11:32:00 - [MESSAGE][PASSED] - Object 'Object Repository/CERTPAY_ADMIN/REFUND_CONVFEE' is present

2021-03-22 11:32:00 - [MESSAGE][PASSED] - Object 'Object Repository/CERTPAY_ADMIN/REFUND_CONVFEE' is visible

2021-03-22 11:32:00 - [MESSAGE][PASSED] - Object 'Object Repository/CERTPAY_ADMIN/REFUND_CONVFEE' is present

2021-03-22 11:32:02 - [MESSAGE][PASSED] - Text '0.50' is set on object 'Object Repository/CERTPAY_ADMIN/REFUND_CONVFEE'

2021-03-22 11:32:02 - [MESSAGE][PASSED] - Quicksti_Sameday_PartialRefund_Admin.ts:Entered'0.50 into Payment id

2021-03-22 11:32:02 - [TEST_STEP][PASSED] - utilities.SafeActions.safeClick(findTestObject("Object Repository/CERTPAY_ADMIN/PROCESS_REVERSAL"), "Process Reversal", [pageLoadTime]): Quicksti_Sameday_PartialRefund_Admin.ts:Clicked on the Process Reversal

2021-03-22 11:32:02 - [MESSAGE][INFO] - safeClicking

2021-03-22 11:32:02 - [MESSAGE][PASSED] - Object 'Object Repository/CERTPAY_ADMIN/PROCESS_REVERSAL' is present

2021-03-22 11:32:03 - [MESSAGE][PASSED] - Object 'Object Repository/CERTPAY_ADMIN/PROCESS_REVERSAL' is clickable

2021-03-22 11:32:04 - [MESSAGE][PASSED] - Object: 'Object Repository/CERTPAY_ADMIN/PROCESS_REVERSAL' is clicked on

2021-03-22 11:32:04 - [MESSAGE][PASSED] - Quicksti_Sameday_PartialRefund_Admin.ts:Clicked on the Process Reversal

2021-03-22 11:32:04 - [TEST_STEP][PASSED] - delay(2): Delayed 2 second(s)

2021-03-22 11:32:06 - [MESSAGE][PASSED] - Delayed 2 second(s)

2021-03-22 11:32:06 - [TEST_STEP][PASSED] - pages.Search_Page.validateRefundAmount(RefundAmount, ConvFee): Verified Refund payment details successfully

2021-03-22 11:32:11 - [MESSAGE][PASSED] - Text of object 'Object Repository/CERTPAY_ADMIN/REFUND_AMT' is: '$12.00'

2021-03-22 11:32:11 - [MESSAGE][PASSED] - Actual text '12.00' and expected text '12.00' are matched  using regular expression

2021-03-22 11:32:12 - [MESSAGE][PASSED] - Text of object 'Object Repository/CERTPAY_ADMIN/REFUND_CONV_AMT' is: '$0.50'

2021-03-22 11:32:12 - [MESSAGE][PASSED] - Actual text '0.50' and expected text '0.50' are matched  using regular expression

2021-03-22 11:32:12 - [MESSAGE][PASSED] - Verified Refund payment details successfully

2021-03-22 11:32:12 - [TEST_STEP][PASSED] - firstName = data.getValue("FirstName", index): null

2021-03-22 11:32:12 - [TEST_STEP][PASSED] - lastName = data.getValue("LastName", index): null

2021-03-22 11:32:12 - [TEST_STEP][PASSED] - expMonth = data.getValue("ExpMonth", index): null

2021-03-22 11:32:12 - [TEST_STEP][PASSED] - expYear = data.getValue("ExpYear", index): null

2021-03-22 11:32:12 - [TEST_STEP][PASSED] - securityCode = data.getValue("SecurityCode", index): null

2021-03-22 11:32:12 - [TEST_STEP][PASSED] - paymentAmount = data.getValue("PaymentAmount", index): null

2021-03-22 11:32:12 - [TEST_STEP][PASSED] - paymentType = data.getValue("PaymentType", index): null

2021-03-22 11:32:12 - [TEST_STEP][PASSED] - quantity = data.getValue("Quantity", index): null

2021-03-22 11:32:12 - [TEST_STEP][PASSED] - comments = data.getValue("Comments", index): null

2021-03-22 11:32:12 - [TEST_STEP][PASSED] - referenceNum = data.getValue("ReferenceNum", index): null

2021-03-22 11:32:12 - [TEST_STEP][PASSED] - address = data.getValue("Address", index): null

2021-03-22 11:32:12 - [TEST_STEP][PASSED] - zipCode = data.getValue("Zipcode", index): null

2021-03-22 11:32:12 - [TEST_STEP][PASSED] - telephone = data.getValue("Telephone", index): null

2021-03-22 11:32:12 - [TEST_STEP][PASSED] - emailAddress = data.getValue("EmailAddress", index): null

2021-03-22 11:32:12 - [TEST_STEP][PASSED] - cardNum = data.getValue("CardNumber", index): null

2021-03-22 11:32:12 - [TEST_STEP][PASSED] - cardType = data.getValue("CardType", index): null

2021-03-22 11:32:12 - [TEST_STEP][PASSED] - RefundAmount = data.getValue("RefundAmount", index): null

2021-03-22 11:32:12 - [TEST_STEP][PASSED] - utilities.SafeActions.openBrowser(Quicksti_Url, [pageLoadTime]): Browser launched successfully

2021-03-22 11:32:12 - [MESSAGE][INFO] - Opening Browser

2021-03-22 11:32:12 - [MESSAGE][WARNING] - A browser is already opened. Closing browser and opening a new one

2021-03-22 11:32:13 - [MESSAGE][INFO] - Starting 'Chrome' driver

2021-03-22 11:32:13 - [MESSAGE][INFO] - Action delay is set to 0 milliseconds

2021-03-22 11:33:52 - [MESSAGE][PASSED] - Browser is opened with url: 'https://qa-certpayquicksti.faps.net/'

2021-03-22 11:33:52 - [MESSAGE][PASSED] - Current window maximized

2021-03-22 11:33:52 - [MESSAGE][PASSED] - Browser launched successfully

2021-03-22 11:33:52 - [TEST_STEP][PASSED] - utilities.SafeActions.safeType(findTestObject("CERTPAY_QUICKSTI/Login_ Page/BUREAU_CODE"), bureau_code, "Bureau code", [pageLoadTime]): Quicksti_Sameday_PartialRefund_Admin.ts:Entered'6100000 into Bureau code

2021-03-22 11:33:53 - [MESSAGE][PASSED] - Object 'Object Repository/CERTPAY_QUICKSTI/Login_ Page/BUREAU_CODE' is present

2021-03-22 11:33:53 - [MESSAGE][PASSED] - Object 'Object Repository/CERTPAY_QUICKSTI/Login_ Page/BUREAU_CODE' is visible

2021-03-22 11:33:53 - [MESSAGE][PASSED] - Object 'Object Repository/CERTPAY_QUICKSTI/Login_ Page/BUREAU_CODE' is present

2021-03-22 11:33:55 - [MESSAGE][PASSED] - Text '6100000' is set on object 'Object Repository/CERTPAY_QUICKSTI/Login_ Page/BUREAU_CODE'

2021-03-22 11:33:55 - [MESSAGE][PASSED] - Quicksti_Sameday_PartialRefund_Admin.ts:Entered'6100000 into Bureau code

2021-03-22 11:33:55 - [TEST_STEP][PASSED] - utilities.SafeActions.safeType(findTestObject("CERTPAY_QUICKSTI/Login_ Page/TELLER_ID"), teller_id, "Bureau code", [pageLoadTime]): Quicksti_Sameday_PartialRefund_Admin.ts:Entered'zenq into Bureau code

2021-03-22 11:33:55 - [MESSAGE][PASSED] - Object 'Object Repository/CERTPAY_QUICKSTI/Login_ Page/TELLER_ID' is present

2021-03-22 11:33:56 - [MESSAGE][PASSED] - Object 'Object Repository/CERTPAY_QUICKSTI/Login_ Page/TELLER_ID' is visible

2021-03-22 11:33:56 - [MESSAGE][PASSED] - Object 'Object Repository/CERTPAY_QUICKSTI/Login_ Page/TELLER_ID' is present

2021-03-22 11:33:57 - [MESSAGE][PASSED] - Text 'zenq' is set on object 'Object Repository/CERTPAY_QUICKSTI/Login_ Page/TELLER_ID'

2021-03-22 11:33:57 - [MESSAGE][PASSED] - Quicksti_Sameday_PartialRefund_Admin.ts:Entered'zenq into Bureau code

2021-03-22 11:33:57 - [TEST_STEP][PASSED] - utilities.SafeActions.safeClick(findTestObject("CERTPAY_QUICKSTI/Login_ Page/NEXT_BUTTON"), "Next button", [pageLoadTime]): Quicksti_Sameday_PartialRefund_Admin.ts:Clicked on the Next button

2021-03-22 11:33:58 - [MESSAGE][INFO] - safeClicking

2021-03-22 11:33:58 - [MESSAGE][PASSED] - Object 'Object Repository/CERTPAY_QUICKSTI/Login_ Page/NEXT_BUTTON' is present

2021-03-22 11:33:58 - [MESSAGE][PASSED] - Object 'Object Repository/CERTPAY_QUICKSTI/Login_ Page/NEXT_BUTTON' is clickable

2021-03-22 11:34:55 - [MESSAGE][PASSED] - Object: 'Object Repository/CERTPAY_QUICKSTI/Login_ Page/NEXT_BUTTON' is clicked on

2021-03-22 11:34:55 - [MESSAGE][PASSED] - Quicksti_Sameday_PartialRefund_Admin.ts:Clicked on the Next button

2021-03-22 11:34:55 - [TEST_STEP][FAILED] - utilities.SafeActions.safeClick(findTestObject("CERTPAY_QUICKSTI/Payment_Information_Page/MANUAL_ENTRY_BUTTON"), "ManualEntry", [pageLoadTime]): com.kms.katalon.core.exception.StepFailedException: Quicksti_Sameday_PartialRefund_Admin.ts:ManualEntryis not attached to page document in time 60 No such element Exception

2021-03-22 11:34:55 - [MESSAGE][INFO] - safeClicking

2021-03-22 11:35:56 - [MESSAGE][INFO] - Unable to find the element located by 'By.xpath: //input[@id='buttonManualEntry']'. Please recheck the objects properties to make sure the desired element is located. 

2021-03-22 11:35:58 - [MESSAGE][FAILED] - com.kms.katalon.core.webui.exception.WebElementNotFoundException: Web element with id: 'Object Repository/CERTPAY_QUICKSTI/Payment_Information_Page/MANUAL_ENTRY_BUTTON' located by '//input[@id='buttonManualEntry']' not found (Root cause: com.kms.katalon.core.exception.StepFailedException: com.kms.katalon.core.webui.exception.WebElementNotFoundException: Web element with id: 'Object Repository/CERTPAY_QUICKSTI/Payment_Information_Page/MANUAL_ENTRY_BUTTON' located by '//input[@id='buttonManualEntry']' not found
	at com.kms.katalon.core.webui.keyword.internal.WebUIKeywordMain.stepFailed(WebUIKeywordMain.groovy:64)
	at com.kms.katalon.core.webui.keyword.builtin.VerifyElementPresentKeyword$_verifyElementPresent_closure1.doCall(VerifyElementPresentKeyword.groovy:85)
	at com.kms.katalon.core.webui.keyword.builtin.VerifyElementPresentKeyword$_verifyElementPresent_closure1.call(VerifyElementPresentKeyword.groovy)
	at com.kms.katalon.core.webui.keyword.internal.WebUIKeywordMain.runKeyword(WebUIKeywordMain.groovy:20)
	at com.kms.katalon.core.webui.keyword.builtin.VerifyElementPresentKeyword.verifyElementPresent(VerifyElementPresentKeyword.groovy:92)
	at com.kms.katalon.core.webui.keyword.builtin.VerifyElementPresentKeyword.execute(VerifyElementPresentKeyword.groovy:68)
	at com.kms.katalon.core.keyword.internal.KeywordExecutor.executeKeywordForPlatform(KeywordExecutor.groovy:73)
	at com.kms.katalon.core.webui.keyword.WebUiBuiltInKeywords.verifyElementPresent(WebUiBuiltInKeywords.groovy:1463)
	at com.kms.katalon.core.webui.keyword.WebUiBuiltInKeywords$verifyElementPresent$3.call(Unknown Source)
	at utilities.SafeActions.safeClick(SafeActions.groovy:153)
	at utilities.SafeActions.invokeMethod(SafeActions.groovy)
	at com.kms.katalon.core.main.CustomKeywordDelegatingMetaClass.invokeStaticMethod(CustomKeywordDelegatingMetaClass.java:50)
	at TC_002_VISA_Sameday_PartialRefund.run(TC_002_VISA_Sameday_PartialRefund:55)
	at com.kms.katalon.core.main.ScriptEngine.run(ScriptEngine.java:194)
	at com.kms.katalon.core.main.ScriptEngine.runScriptAsRawText(ScriptEngine.java:119)
	at com.kms.katalon.core.main.TestCaseExecutor.runScript(TestCaseExecutor.java:398)
	at com.kms.katalon.core.main.TestCaseExecutor.doExecute(TestCaseExecutor.java:389)
	at com.kms.katalon.core.main.TestCaseExecutor.processExecutionPhase(TestCaseExecutor.java:368)
	at com.kms.katalon.core.main.TestCaseExecutor.accessMainPhase(TestCaseExecutor.java:360)
	at com.kms.katalon.core.main.TestCaseExecutor.execute(TestCaseExecutor.java:255)
	at com.kms.katalon.core.main.TestSuiteExecutor.accessTestCaseMainPhase(TestSuiteExecutor.java:203)
	at com.kms.katalon.core.main.TestSuiteExecutor.accessTestSuiteMainPhase(TestSuiteExecutor.java:152)
	at com.kms.katalon.core.main.TestSuiteExecutor.execute(TestSuiteExecutor.java:95)
	at com.kms.katalon.core.main.TestCaseMain.startTestSuite(TestCaseMain.java:157)
	at com.kms.katalon.core.main.TestCaseMain$startTestSuite$0.call(Unknown Source)
	at TempTestSuite1616392628990.run(TempTestSuite1616392628990.groovy:39)
)
[[ATTACHMENT|D:\\AutomationToolsandProjects\\Katalon Projects BackUp\\Sush_Certpay-master\\Reports\\20210322_112707\\Certpay_testSuite\\Quicksti_Sameday_PartialRefund_Admin\\20210322_112708\\1616393156372.png]]

2021-03-22 11:35:58 - [MESSAGE][FAILED] - Unable to verify object 'Object Repository/CERTPAY_QUICKSTI/Payment_Information_Page/MANUAL_ENTRY_BUTTON' is present (Root cause: com.kms.katalon.core.exception.StepFailedException: Unable to verify object 'Object Repository/CERTPAY_QUICKSTI/Payment_Information_Page/MANUAL_ENTRY_BUTTON' is present
	at com.kms.katalon.core.webui.keyword.internal.WebUIKeywordMain.stepFailed(WebUIKeywordMain.groovy:64)
	at com.kms.katalon.core.webui.keyword.internal.WebUIKeywordMain.runKeyword(WebUIKeywordMain.groovy:26)
	at com.kms.katalon.core.webui.keyword.builtin.VerifyElementPresentKeyword.verifyElementPresent(VerifyElementPresentKeyword.groovy:92)
	at com.kms.katalon.core.webui.keyword.builtin.VerifyElementPresentKeyword.execute(VerifyElementPresentKeyword.groovy:68)
	at com.kms.katalon.core.keyword.internal.KeywordExecutor.executeKeywordForPlatform(KeywordExecutor.groovy:73)
	at com.kms.katalon.core.webui.keyword.WebUiBuiltInKeywords.verifyElementPresent(WebUiBuiltInKeywords.groovy:1463)
	at com.kms.katalon.core.webui.keyword.WebUiBuiltInKeywords$verifyElementPresent$3.call(Unknown Source)
	at utilities.SafeActions.safeClick(SafeActions.groovy:153)
	at utilities.SafeActions.invokeMethod(SafeActions.groovy)
	at com.kms.katalon.core.main.CustomKeywordDelegatingMetaClass.invokeStaticMethod(CustomKeywordDelegatingMetaClass.java:50)
	at TC_002_VISA_Sameday_PartialRefund.run(TC_002_VISA_Sameday_PartialRefund:55)
	at com.kms.katalon.core.main.ScriptEngine.run(ScriptEngine.java:194)
	at com.kms.katalon.core.main.ScriptEngine.runScriptAsRawText(ScriptEngine.java:119)
	at com.kms.katalon.core.main.TestCaseExecutor.runScript(TestCaseExecutor.java:398)
	at com.kms.katalon.core.main.TestCaseExecutor.doExecute(TestCaseExecutor.java:389)
	at com.kms.katalon.core.main.TestCaseExecutor.processExecutionPhase(TestCaseExecutor.java:368)
	at com.kms.katalon.core.main.TestCaseExecutor.accessMainPhase(TestCaseExecutor.java:360)
	at com.kms.katalon.core.main.TestCaseExecutor.execute(TestCaseExecutor.java:255)
	at com.kms.katalon.core.main.TestSuiteExecutor.accessTestCaseMainPhase(TestSuiteExecutor.java:203)
	at com.kms.katalon.core.main.TestSuiteExecutor.accessTestSuiteMainPhase(TestSuiteExecutor.java:152)
	at com.kms.katalon.core.main.TestSuiteExecutor.execute(TestSuiteExecutor.java:95)
	at com.kms.katalon.core.main.TestCaseMain.startTestSuite(TestCaseMain.java:157)
	at com.kms.katalon.core.main.TestCaseMain$startTestSuite$0.call(Unknown Source)
	at TempTestSuite1616392628990.run(TempTestSuite1616392628990.groovy:39)
Caused by: com.kms.katalon.core.exception.StepFailedException: com.kms.katalon.core.webui.exception.WebElementNotFoundException: Web element with id: 'Object Repository/CERTPAY_QUICKSTI/Payment_Information_Page/MANUAL_ENTRY_BUTTON' located by '//input[@id='buttonManualEntry']' not found
	at com.kms.katalon.core.webui.keyword.internal.WebUIKeywordMain.stepFailed(WebUIKeywordMain.groovy:64)
	at com.kms.katalon.core.webui.keyword.builtin.VerifyElementPresentKeyword$_verifyElementPresent_closure1.doCall(VerifyElementPresentKeyword.groovy:85)
	at com.kms.katalon.core.webui.keyword.builtin.VerifyElementPresentKeyword$_verifyElementPresent_closure1.call(VerifyElementPresentKeyword.groovy)
	at com.kms.katalon.core.webui.keyword.internal.WebUIKeywordMain.runKeyword(WebUIKeywordMain.groovy:20)
	... 22 more
)
[[ATTACHMENT|D:\\AutomationToolsandProjects\\Katalon Projects BackUp\\Sush_Certpay-master\\Reports\\20210322_112707\\Certpay_testSuite\\Quicksti_Sameday_PartialRefund_Admin\\20210322_112708\\1616393158065.png]]

2021-03-22 11:35:58 - [MESSAGE][FAILED] - Quicksti_Sameday_PartialRefund_Admin.ts:ManualEntryis not attached to page document in time 60 No such element Exception

2021-03-22 11:35:58 - [MESSAGE][FAILED] - com.kms.katalon.core.exception.StepFailedException: Quicksti_Sameday_PartialRefund_Admin.ts:ManualEntryis not attached to page document in time 60 No such element Exception

2021-03-22 11:35:58 - [TEST_STEP][FAILED] - CardNumber = pages.Quicksti.setUserPaymentDetails(firstName, lastName, cardNum): Unable to verify object 'Object Repository/CERTPAY_QUICKSTI/Payment_Information_Page/FIRST_NAME' is visible

2021-03-22 11:36:59 - [MESSAGE][INFO] - Unable to find the element located by 'By.xpath: //input[@id='txtFirstName']'. Please recheck the objects properties to make sure the desired element is located. 

2021-03-22 11:36:59 - [MESSAGE][WARNING] - Object 'Object Repository/CERTPAY_QUICKSTI/Payment_Information_Page/FIRST_NAME' is not present after 60 second(s)

2021-03-22 11:37:30 - [MESSAGE][INFO] - Unable to find the element located by 'By.xpath: //input[@id='txtFirstName']'. Please recheck the objects properties to make sure the desired element is located. 

2021-03-22 11:37:30 - [MESSAGE][FAILED] - Web element with id: 'Object Repository/CERTPAY_QUICKSTI/Payment_Information_Page/FIRST_NAME' located by '//input[@id='txtFirstName']' not found (Root cause: com.kms.katalon.core.exception.StepFailedException: Web element with id: 'Object Repository/CERTPAY_QUICKSTI/Payment_Information_Page/FIRST_NAME' located by '//input[@id='txtFirstName']' not found
	at com.kms.katalon.core.webui.keyword.internal.WebUIKeywordMain.stepFailed(WebUIKeywordMain.groovy:64)
	at com.kms.katalon.core.webui.keyword.builtin.VerifyElementVisibleKeyword$_verifyElementVisible_closure1.doCall(VerifyElementVisibleKeyword.groovy:89)
	at com.kms.katalon.core.webui.keyword.builtin.VerifyElementVisibleKeyword$_verifyElementVisible_closure1.call(VerifyElementVisibleKeyword.groovy)
	at com.kms.katalon.core.webui.keyword.internal.WebUIKeywordMain.runKeyword(WebUIKeywordMain.groovy:20)
	at com.kms.katalon.core.webui.keyword.builtin.VerifyElementVisibleKeyword.verifyElementVisible(VerifyElementVisibleKeyword.groovy:97)
	at com.kms.katalon.core.webui.keyword.builtin.VerifyElementVisibleKeyword.execute(VerifyElementVisibleKeyword.groovy:67)
	at com.kms.katalon.core.keyword.internal.KeywordExecutor.executeKeywordForPlatform(KeywordExecutor.groovy:73)
	at com.kms.katalon.core.webui.keyword.WebUiBuiltInKeywords.verifyElementVisible(WebUiBuiltInKeywords.groovy:375)
	at com.kms.katalon.core.webui.keyword.WebUiBuiltInKeywords$verifyElementVisible$2.call(Unknown Source)
	at utilities.SafeActions.safeType(SafeActions.groovy:109)
	at pages.Quicksti.setUserPaymentDetails(Quicksti.groovy:46)
	at pages.Quicksti.invokeMethod(Quicksti.groovy)
	at com.kms.katalon.core.main.CustomKeywordDelegatingMetaClass.invokeStaticMethod(CustomKeywordDelegatingMetaClass.java:50)
	at TC_002_VISA_Sameday_PartialRefund.run(TC_002_VISA_Sameday_PartialRefund:58)
	at com.kms.katalon.core.main.ScriptEngine.run(ScriptEngine.java:194)
	at com.kms.katalon.core.main.ScriptEngine.runScriptAsRawText(ScriptEngine.java:119)
	at com.kms.katalon.core.main.TestCaseExecutor.runScript(TestCaseExecutor.java:398)
	at com.kms.katalon.core.main.TestCaseExecutor.doExecute(TestCaseExecutor.java:389)
	at com.kms.katalon.core.main.TestCaseExecutor.processExecutionPhase(TestCaseExecutor.java:368)
	at com.kms.katalon.core.main.TestCaseExecutor.accessMainPhase(TestCaseExecutor.java:360)
	at com.kms.katalon.core.main.TestCaseExecutor.execute(TestCaseExecutor.java:255)
	at com.kms.katalon.core.main.TestSuiteExecutor.accessTestCaseMainPhase(TestSuiteExecutor.java:203)
	at com.kms.katalon.core.main.TestSuiteExecutor.accessTestSuiteMainPhase(TestSuiteExecutor.java:152)
	at com.kms.katalon.core.main.TestSuiteExecutor.execute(TestSuiteExecutor.java:95)
	at com.kms.katalon.core.main.TestCaseMain.startTestSuite(TestCaseMain.java:157)
	at com.kms.katalon.core.main.TestCaseMain$startTestSuite$0.call(Unknown Source)
	at TempTestSuite1616392628990.run(TempTestSuite1616392628990.groovy:39)
)
[[ATTACHMENT|D:\\AutomationToolsandProjects\\Katalon Projects BackUp\\Sush_Certpay-master\\Reports\\20210322_112707\\Certpay_testSuite\\Quicksti_Sameday_PartialRefund_Admin\\20210322_112708\\1616393250512.png]]

2021-03-22 11:37:31 - [MESSAGE][FAILED] - Unable to verify object 'Object Repository/CERTPAY_QUICKSTI/Payment_Information_Page/FIRST_NAME' is visible (Root cause: com.kms.katalon.core.exception.StepFailedException: Unable to verify object 'Object Repository/CERTPAY_QUICKSTI/Payment_Information_Page/FIRST_NAME' is visible
	at com.kms.katalon.core.webui.keyword.internal.WebUIKeywordMain.stepFailed(WebUIKeywordMain.groovy:64)
	at com.kms.katalon.core.webui.keyword.internal.WebUIKeywordMain.runKeyword(WebUIKeywordMain.groovy:26)
	at com.kms.katalon.core.webui.keyword.builtin.VerifyElementVisibleKeyword.verifyElementVisible(VerifyElementVisibleKeyword.groovy:97)
	at com.kms.katalon.core.webui.keyword.builtin.VerifyElementVisibleKeyword.execute(VerifyElementVisibleKeyword.groovy:67)
	at com.kms.katalon.core.keyword.internal.KeywordExecutor.executeKeywordForPlatform(KeywordExecutor.groovy:73)
	at com.kms.katalon.core.webui.keyword.WebUiBuiltInKeywords.verifyElementVisible(WebUiBuiltInKeywords.groovy:375)
	at com.kms.katalon.core.webui.keyword.WebUiBuiltInKeywords$verifyElementVisible$2.call(Unknown Source)
	at utilities.SafeActions.safeType(SafeActions.groovy:109)
	at pages.Quicksti.setUserPaymentDetails(Quicksti.groovy:46)
	at pages.Quicksti.invokeMethod(Quicksti.groovy)
	at com.kms.katalon.core.main.CustomKeywordDelegatingMetaClass.invokeStaticMethod(CustomKeywordDelegatingMetaClass.java:50)
	at TC_002_VISA_Sameday_PartialRefund.run(TC_002_VISA_Sameday_PartialRefund:58)
	at com.kms.katalon.core.main.ScriptEngine.run(ScriptEngine.java:194)
	at com.kms.katalon.core.main.ScriptEngine.runScriptAsRawText(ScriptEngine.java:119)
	at com.kms.katalon.core.main.TestCaseExecutor.runScript(TestCaseExecutor.java:398)
	at com.kms.katalon.core.main.TestCaseExecutor.doExecute(TestCaseExecutor.java:389)
	at com.kms.katalon.core.main.TestCaseExecutor.processExecutionPhase(TestCaseExecutor.java:368)
	at com.kms.katalon.core.main.TestCaseExecutor.accessMainPhase(TestCaseExecutor.java:360)
	at com.kms.katalon.core.main.TestCaseExecutor.execute(TestCaseExecutor.java:255)
	at com.kms.katalon.core.main.TestSuiteExecutor.accessTestCaseMainPhase(TestSuiteExecutor.java:203)
	at com.kms.katalon.core.main.TestSuiteExecutor.accessTestSuiteMainPhase(TestSuiteExecutor.java:152)
	at com.kms.katalon.core.main.TestSuiteExecutor.execute(TestSuiteExecutor.java:95)
	at com.kms.katalon.core.main.TestCaseMain.startTestSuite(TestCaseMain.java:157)
	at com.kms.katalon.core.main.TestCaseMain$startTestSuite$0.call(Unknown Source)
	at TempTestSuite1616392628990.run(TempTestSuite1616392628990.groovy:39)
Caused by: com.kms.katalon.core.exception.StepFailedException: Web element with id: 'Object Repository/CERTPAY_QUICKSTI/Payment_Information_Page/FIRST_NAME' located by '//input[@id='txtFirstName']' not found
	at com.kms.katalon.core.webui.keyword.internal.WebUIKeywordMain.stepFailed(WebUIKeywordMain.groovy:64)
	at com.kms.katalon.core.webui.keyword.builtin.VerifyElementVisibleKeyword$_verifyElementVisible_closure1.doCall(VerifyElementVisibleKeyword.groovy:89)
	at com.kms.katalon.core.webui.keyword.builtin.VerifyElementVisibleKeyword$_verifyElementVisible_closure1.call(VerifyElementVisibleKeyword.groovy)
	at com.kms.katalon.core.webui.keyword.internal.WebUIKeywordMain.runKeyword(WebUIKeywordMain.groovy:20)
	... 23 more
)
[[ATTACHMENT|D:\\AutomationToolsandProjects\\Katalon Projects BackUp\\Sush_Certpay-master\\Reports\\20210322_112707\\Certpay_testSuite\\Quicksti_Sameday_PartialRefund_Admin\\20210322_112708\\1616393250890.png]]

2021-03-22 11:37:31 - [MESSAGE][FAILED] - Unable to verify object 'Object Repository/CERTPAY_QUICKSTI/Payment_Information_Page/FIRST_NAME' is visible

2021-03-22 11:37:31 - [TEST_STEP][PASSED] - Start listener action : afterTestCase: Browser is closed

2021-03-22 11:37:31 - [TEST_STEP][PASSED] - closeBrowser(): Browser is closed

2021-03-22 11:37:32 - [MESSAGE][PASSED] - Browser is closed]]></system-out>
         <system-err><![CDATA[2021-03-22 11:27:20 - [TEST_CASE][FAILED] - Test Cases/SameDay_Refunds_Admin/TC_002_VISA_Sameday_PartialRefund: Test Cases/SameDay_Refunds_Admin/TC_002_VISA_Sameday_PartialRefund FAILED.
Reason:
com.kms.katalon.core.exception.StepFailedException: Quicksti_Sameday_PartialRefund_Admin.ts:Credit Returnis not attached to page document in time 60 No such element Exception
	at com.kms.katalon.core.util.KeywordUtil.markFailed(KeywordUtil.java:19)
	at com.kms.katalon.core.util.KeywordUtil$markFailed$1.call(Unknown Source)
	at utilities.SafeActions.safeClick(SafeActions.groovy:167)
	at utilities.SafeActions.invokeMethod(SafeActions.groovy)
	at com.kms.katalon.core.main.CustomKeywordDelegatingMetaClass.invokeStaticMethod(CustomKeywordDelegatingMetaClass.java:50)
	at TC_002_VISA_Sameday_PartialRefund.run(TC_002_VISA_Sameday_PartialRefund:151)
	at com.kms.katalon.core.main.ScriptEngine.run(ScriptEngine.java:194)
	at com.kms.katalon.core.main.ScriptEngine.runScriptAsRawText(ScriptEngine.java:119)
	at com.kms.katalon.core.main.TestCaseExecutor.runScript(TestCaseExecutor.java:398)
	at com.kms.katalon.core.main.TestCaseExecutor.doExecute(TestCaseExecutor.java:389)
	at com.kms.katalon.core.main.TestCaseExecutor.processExecutionPhase(TestCaseExecutor.java:368)
	at com.kms.katalon.core.main.TestCaseExecutor.accessMainPhase(TestCaseExecutor.java:360)
	at com.kms.katalon.core.main.TestCaseExecutor.execute(TestCaseExecutor.java:255)
	at com.kms.katalon.core.main.TestSuiteExecutor.accessTestCaseMainPhase(TestSuiteExecutor.java:203)
	at com.kms.katalon.core.main.TestSuiteExecutor.accessTestSuiteMainPhase(TestSuiteExecutor.java:152)
	at com.kms.katalon.core.main.TestSuiteExecutor.execute(TestSuiteExecutor.java:95)
	at com.kms.katalon.core.main.TestCaseMain.startTestSuite(TestCaseMain.java:157)
	at com.kms.katalon.core.main.TestCaseMain$startTestSuite$0.call(Unknown Source)
	at TempTestSuite1616392628990.run(TempTestSuite1616392628990.groovy:39)]]></system-err>
      </testcase>
      <system-out><![CDATA[2021-03-22 11:27:19 - [TEST_SUITE][FAILED] - Quicksti_Sameday_PartialRefund_Admin: Test Cases/SameDay_Refunds_Admin/TC_002_VISA_Sameday_PartialRefund FAILED.
Reason:
com.kms.katalon.core.exception.StepFailedException: Quicksti_Sameday_PartialRefund_Admin.ts:Credit Returnis not attached to page document in time 60 No such element Exception
	at com.kms.katalon.core.util.KeywordUtil.markFailed(KeywordUtil.java:19)
	at com.kms.katalon.core.util.KeywordUtil$markFailed$1.call(Unknown Source)
	at utilities.SafeActions.safeClick(SafeActions.groovy:167)
	at utilities.SafeActions.invokeMethod(SafeActions.groovy)
	at com.kms.katalon.core.main.CustomKeywordDelegatingMetaClass.invokeStaticMethod(CustomKeywordDelegatingMetaClass.java:50)
	at TC_002_VISA_Sameday_PartialRefund.run(TC_002_VISA_Sameday_PartialRefund:151)
	at com.kms.katalon.core.main.ScriptEngine.run(ScriptEngine.java:194)
	at com.kms.katalon.core.main.ScriptEngine.runScriptAsRawText(ScriptEngine.java:119)
	at com.kms.katalon.core.main.TestCaseExecutor.runScript(TestCaseExecutor.java:398)
	at com.kms.katalon.core.main.TestCaseExecutor.doExecute(TestCaseExecutor.java:389)
	at com.kms.katalon.core.main.TestCaseExecutor.processExecutionPhase(TestCaseExecutor.java:368)
	at com.kms.katalon.core.main.TestCaseExecutor.accessMainPhase(TestCaseExecutor.java:360)
	at com.kms.katalon.core.main.TestCaseExecutor.execute(TestCaseExecutor.java:255)
	at com.kms.katalon.core.main.TestSuiteExecutor.accessTestCaseMainPhase(TestSuiteExecutor.java:203)
	at com.kms.katalon.core.main.TestSuiteExecutor.accessTestSuiteMainPhase(TestSuiteExecutor.java:152)
	at com.kms.katalon.core.main.TestSuiteExecutor.execute(TestSuiteExecutor.java:95)
	at com.kms.katalon.core.main.TestCaseMain.startTestSuite(TestCaseMain.java:157)
	at com.kms.katalon.core.main.TestCaseMain$startTestSuite$0.call(Unknown Source)
	at TempTestSuite1616392628990.run(TempTestSuite1616392628990.groovy:39)]]></system-out>
      <system-err><![CDATA[2021-03-22 11:27:19 - [TEST_SUITE][FAILED] - Quicksti_Sameday_PartialRefund_Admin: Test Cases/SameDay_Refunds_Admin/TC_002_VISA_Sameday_PartialRefund FAILED.
Reason:
com.kms.katalon.core.exception.StepFailedException: Quicksti_Sameday_PartialRefund_Admin.ts:Credit Returnis not attached to page document in time 60 No such element Exception
	at com.kms.katalon.core.util.KeywordUtil.markFailed(KeywordUtil.java:19)
	at com.kms.katalon.core.util.KeywordUtil$markFailed$1.call(Unknown Source)
	at utilities.SafeActions.safeClick(SafeActions.groovy:167)
	at utilities.SafeActions.invokeMethod(SafeActions.groovy)
	at com.kms.katalon.core.main.CustomKeywordDelegatingMetaClass.invokeStaticMethod(CustomKeywordDelegatingMetaClass.java:50)
	at TC_002_VISA_Sameday_PartialRefund.run(TC_002_VISA_Sameday_PartialRefund:151)
	at com.kms.katalon.core.main.ScriptEngine.run(ScriptEngine.java:194)
	at com.kms.katalon.core.main.ScriptEngine.runScriptAsRawText(ScriptEngine.java:119)
	at com.kms.katalon.core.main.TestCaseExecutor.runScript(TestCaseExecutor.java:398)
	at com.kms.katalon.core.main.TestCaseExecutor.doExecute(TestCaseExecutor.java:389)
	at com.kms.katalon.core.main.TestCaseExecutor.processExecutionPhase(TestCaseExecutor.java:368)
	at com.kms.katalon.core.main.TestCaseExecutor.accessMainPhase(TestCaseExecutor.java:360)
	at com.kms.katalon.core.main.TestCaseExecutor.execute(TestCaseExecutor.java:255)
	at com.kms.katalon.core.main.TestSuiteExecutor.accessTestCaseMainPhase(TestSuiteExecutor.java:203)
	at com.kms.katalon.core.main.TestSuiteExecutor.accessTestSuiteMainPhase(TestSuiteExecutor.java:152)
	at com.kms.katalon.core.main.TestSuiteExecutor.execute(TestSuiteExecutor.java:95)
	at com.kms.katalon.core.main.TestCaseMain.startTestSuite(TestCaseMain.java:157)
	at com.kms.katalon.core.main.TestCaseMain$startTestSuite$0.call(Unknown Source)
	at TempTestSuite1616392628990.run(TempTestSuite1616392628990.groovy:39)]]></system-err>
   </testsuite>
</testsuites>
