<?xml version="1.0" encoding="UTF-8"?>
<testsuites name="Quicksti_Master" time="1147.196" tests="1" failures="1" skips="0" errors="0">
   <testsuite name="Quicksti_Master" tests="1" failures="1" errors="0" time="1147.196" skips="0" timestamp="2021-03-19 17:53:05" hostname="saranya - KNILA-K202011012" id="Test Suites/Certpay_testSuite_New/Quicksti_Master">
      <properties>
         <property name="deviceName" value=""/>
         <property name="devicePlatform" value=""/>
         <property name="logFolder" value="D:\\AutomationToolsandProjects\\Katalon Projects BackUp\\Sush_Certpay-master\\Reports\\20210319_175226\\Certpay_testSuite_New\\Quicksti_Master\\20210319_175233"/>
         <property name="logFiles" value="D:\\AutomationToolsandProjects\\Katalon Projects BackUp\\Sush_Certpay-master\\Reports\\20210319_175226\\Certpay_testSuite_New\\Quicksti_Master\\20210319_175233\\execution0.log"/>
         <property name="attachments" value="D:\\AutomationToolsandProjects\\Katalon Projects BackUp\\Sush_Certpay-master\\Reports\\20210319_175226\\Certpay_testSuite_New\\Quicksti_Master\\20210319_175233\\1616157727038.png"/>
         <property name="hostName" value="saranya - KNILA-K202011012"/>
         <property name="os" value="Windows 10 64bit"/>
         <property name="katalonVersion" value="7.9.1.208"/>
         <property name="browser" value="Chrome 89.0.4389.90"/>
         <property name="hostAddress" value="172.31.252.138"/>
         <property name="sessionId" value="0d9e6866a7d1d032a854604121fa8d44"/>
         <property name="seleniumVersion" value="3.141.59"/>
         <property name="proxyInformation" value="ProxyInformation { proxyOption=NO_PROXY, proxyServerType=HTTP, username=, password=********, proxyServerAddress=, proxyServerPort=0, executionList=&quot;&quot;, isApplyToDesiredCapabilities=true }"/>
         <property name="platform" value="Windows 10"/>
      </properties>
      <testcase name="Test Cases/Certpay_Quicksti_New/TC_0014_MultiBureauSite_MultiBureaus_SingleLinePayment_Master" time="1139.224" classname="Test Cases/Certpay_Quicksti_New/TC_0014_MultiBureauSite_MultiBureaus_SingleLinePayment_Master" status="FAILED">
         <failure type="FAILED" message="Test Cases/Certpay_Quicksti_New/TC_0014_MultiBureauSite_MultiBureaus_SingleLinePayment_Master FAILED.
Reason:
com.kms.katalon.core.exception.StepFailedException: Unable to get text of object 'Object Repository/CERTPAY_QUICKSTI/Payment_Details_Verification_Page/AMOUNT'
	at com.kms.katalon.core.webui.keyword.internal.WebUIKeywordMain.stepFailed(WebUIKeywordMain.groovy:64)
	at com.kms.katalon.core.webui.keyword.internal.WebUIKeywordMain.runKeyword(WebUIKeywordMain.groovy:26)
	at com.kms.katalon.core.webui.keyword.builtin.GetTextKeyword.getText(GetTextKeyword.groovy:88)
	at com.kms.katalon.core.webui.keyword.builtin.GetTextKeyword.execute(GetTextKeyword.groovy:67)
	at com.kms.katalon.core.keyword.internal.KeywordExecutor.executeKeywordForPlatform(KeywordExecutor.groovy:73)
	at com.kms.katalon.core.webui.keyword.WebUiBuiltInKeywords.getText(WebUiBuiltInKeywords.groovy:917)
	at com.kms.katalon.core.webui.keyword.WebUiBuiltInKeywords$getText$10.call(Unknown Source)
	at pages.Quicksti.verifyUserPaymentDetails(Quicksti.groovy:104)
	at pages.Quicksti.invokeMethod(Quicksti.groovy)
	at com.kms.katalon.core.main.CustomKeywordDelegatingMetaClass.invokeStaticMethod(CustomKeywordDelegatingMetaClass.java:50)
	at TC_0014_MultiBureauSite_MultiBureaus_SingleLinePayment_Master.run(TC_0014_MultiBureauSite_MultiBureaus_SingleLinePayment_Master:108)
	at com.kms.katalon.core.main.ScriptEngine.run(ScriptEngine.java:194)
	at com.kms.katalon.core.main.ScriptEngine.runScriptAsRawText(ScriptEngine.java:119)
	at com.kms.katalon.core.main.TestCaseExecutor.runScript(TestCaseExecutor.java:398)
	at com.kms.katalon.core.main.TestCaseExecutor.doExecute(TestCaseExecutor.java:389)
	at com.kms.katalon.core.main.TestCaseExecutor.processExecutionPhase(TestCaseExecutor.java:368)
	at com.kms.katalon.core.main.TestCaseExecutor.accessMainPhase(TestCaseExecutor.java:360)
	at com.kms.katalon.core.main.TestCaseExecutor.execute(TestCaseExecutor.java:255)
	at com.kms.katalon.core.main.TestSuiteExecutor.accessTestCaseMainPhase(TestSuiteExecutor.java:203)
	at com.kms.katalon.core.main.TestSuiteExecutor.accessTestSuiteMainPhase(TestSuiteExecutor.java:152)
	at com.kms.katalon.core.main.TestSuiteExecutor.execute(TestSuiteExecutor.java:95)
	at com.kms.katalon.core.main.TestCaseMain.startTestSuite(TestCaseMain.java:157)
	at com.kms.katalon.core.main.TestCaseMain$startTestSuite$0.call(Unknown Source)
	at TempTestSuite1616156553391.run(TempTestSuite1616156553391.groovy:39)
Caused by: com.kms.katalon.core.webui.exception.WebElementNotFoundException: Web element with id: 'Object Repository/CERTPAY_QUICKSTI/Payment_Details_Verification_Page/AMOUNT' located by '(//td[@class='invoiceAmount col-xs-12 col-sm-2 amount'])[1]' not found
	at com.kms.katalon.core.webui.common.WebUiCommonHelper.findWebElement(WebUiCommonHelper.java:1368)
	at com.kms.katalon.core.webui.keyword.internal.WebUIAbstractKeyword.findWebElement(WebUIAbstractKeyword.groovy:27)
	at com.kms.katalon.core.webui.keyword.internal.WebUIAbstractKeyword.findWebElement(WebUIAbstractKeyword.groovy:26)
	at com.kms.katalon.core.webui.keyword.builtin.GetTextKeyword$_getText_closure1.doCall(GetTextKeyword.groovy:78)
	at com.kms.katalon.core.webui.keyword.builtin.GetTextKeyword$_getText_closure1.call(GetTextKeyword.groovy)
	at com.kms.katalon.core.webui.keyword.internal.WebUIKeywordMain.runKeyword(WebUIKeywordMain.groovy:20)
	... 22 more
"/>
         <system-out><![CDATA[2021-03-19 17:53:10 - [TEST_CASE][FAILED] - Test Cases/Certpay_Quicksti_New/TC_0014_MultiBureauSite_MultiBureaus_SingleLinePayment_Master: Test Cases/Certpay_Quicksti_New/TC_0014_MultiBureauSite_MultiBureaus_SingleLinePayment_Master FAILED.
Reason:
com.kms.katalon.core.exception.StepFailedException: Unable to get text of object 'Object Repository/CERTPAY_QUICKSTI/Payment_Details_Verification_Page/AMOUNT'
	at com.kms.katalon.core.webui.keyword.internal.WebUIKeywordMain.stepFailed(WebUIKeywordMain.groovy:64)
	at com.kms.katalon.core.webui.keyword.internal.WebUIKeywordMain.runKeyword(WebUIKeywordMain.groovy:26)
	at com.kms.katalon.core.webui.keyword.builtin.GetTextKeyword.getText(GetTextKeyword.groovy:88)
	at com.kms.katalon.core.webui.keyword.builtin.GetTextKeyword.execute(GetTextKeyword.groovy:67)
	at com.kms.katalon.core.keyword.internal.KeywordExecutor.executeKeywordForPlatform(KeywordExecutor.groovy:73)
	at com.kms.katalon.core.webui.keyword.WebUiBuiltInKeywords.getText(WebUiBuiltInKeywords.groovy:917)
	at com.kms.katalon.core.webui.keyword.WebUiBuiltInKeywords$getText$10.call(Unknown Source)
	at pages.Quicksti.verifyUserPaymentDetails(Quicksti.groovy:104)
	at pages.Quicksti.invokeMethod(Quicksti.groovy)
	at com.kms.katalon.core.main.CustomKeywordDelegatingMetaClass.invokeStaticMethod(CustomKeywordDelegatingMetaClass.java:50)
	at TC_0014_MultiBureauSite_MultiBureaus_SingleLinePayment_Master.run(TC_0014_MultiBureauSite_MultiBureaus_SingleLinePayment_Master:108)
	at com.kms.katalon.core.main.ScriptEngine.run(ScriptEngine.java:194)
	at com.kms.katalon.core.main.ScriptEngine.runScriptAsRawText(ScriptEngine.java:119)
	at com.kms.katalon.core.main.TestCaseExecutor.runScript(TestCaseExecutor.java:398)
	at com.kms.katalon.core.main.TestCaseExecutor.doExecute(TestCaseExecutor.java:389)
	at com.kms.katalon.core.main.TestCaseExecutor.processExecutionPhase(TestCaseExecutor.java:368)
	at com.kms.katalon.core.main.TestCaseExecutor.accessMainPhase(TestCaseExecutor.java:360)
	at com.kms.katalon.core.main.TestCaseExecutor.execute(TestCaseExecutor.java:255)
	at com.kms.katalon.core.main.TestSuiteExecutor.accessTestCaseMainPhase(TestSuiteExecutor.java:203)
	at com.kms.katalon.core.main.TestSuiteExecutor.accessTestSuiteMainPhase(TestSuiteExecutor.java:152)
	at com.kms.katalon.core.main.TestSuiteExecutor.execute(TestSuiteExecutor.java:95)
	at com.kms.katalon.core.main.TestCaseMain.startTestSuite(TestCaseMain.java:157)
	at com.kms.katalon.core.main.TestCaseMain$startTestSuite$0.call(Unknown Source)
	at TempTestSuite1616156553391.run(TempTestSuite1616156553391.groovy:39)
Caused by: com.kms.katalon.core.webui.exception.WebElementNotFoundException: Web element with id: 'Object Repository/CERTPAY_QUICKSTI/Payment_Details_Verification_Page/AMOUNT' located by '(//td[@class='invoiceAmount col-xs-12 col-sm-2 amount'])[1]' not found
	at com.kms.katalon.core.webui.common.WebUiCommonHelper.findWebElement(WebUiCommonHelper.java:1368)
	at com.kms.katalon.core.webui.keyword.internal.WebUIAbstractKeyword.findWebElement(WebUIAbstractKeyword.groovy:27)
	at com.kms.katalon.core.webui.keyword.internal.WebUIAbstractKeyword.findWebElement(WebUIAbstractKeyword.groovy:26)
	at com.kms.katalon.core.webui.keyword.builtin.GetTextKeyword$_getText_closure1.doCall(GetTextKeyword.groovy:78)
	at com.kms.katalon.core.webui.keyword.builtin.GetTextKeyword$_getText_closure1.call(GetTextKeyword.groovy)
	at com.kms.katalon.core.webui.keyword.internal.WebUIKeywordMain.runKeyword(WebUIKeywordMain.groovy:20)
	... 22 more


2021-03-19 17:53:11 - [TEST_STEP][PASSED] - Start listener action : beforeTestCase: null

2021-03-19 17:53:12 - [TEST_STEP][PASSED] - data = findTestData("Data Files/Certpay/MultiBureau_SingleLine_Master"): null

2021-03-19 17:53:24 - [TEST_STEP][FAILED] - for (def index : (1..data.getRowNumbers())): Unable to get text of object 'Object Repository/CERTPAY_QUICKSTI/Payment_Details_Verification_Page/AMOUNT'

2021-03-19 17:53:24 - [TEST_STEP][PASSED] - firstName = data.getValue("FirstName", index): null

2021-03-19 17:53:24 - [TEST_STEP][PASSED] - lastName = data.getValue("LastName", index): null

2021-03-19 17:53:24 - [TEST_STEP][PASSED] - expMonth = data.getValue("ExpMonth", index): null

2021-03-19 17:53:24 - [TEST_STEP][PASSED] - expYear = data.getValue("ExpYear", index): null

2021-03-19 17:53:24 - [TEST_STEP][PASSED] - securityCode = data.getValue("SecurityCode", index): null

2021-03-19 17:53:24 - [TEST_STEP][PASSED] - paymentAmount = data.getValue("PaymentAmount", index): null

2021-03-19 17:53:24 - [TEST_STEP][PASSED] - paymentType = data.getValue("PaymentType", index): null

2021-03-19 17:53:24 - [TEST_STEP][PASSED] - quantity = data.getValue("Quantity", index): null

2021-03-19 17:53:24 - [TEST_STEP][PASSED] - comments = data.getValue("Comments", index): null

2021-03-19 17:53:24 - [TEST_STEP][PASSED] - referenceNum = data.getValue("ReferenceNum", index): null

2021-03-19 17:53:24 - [TEST_STEP][PASSED] - address = data.getValue("Address", index): null

2021-03-19 17:53:24 - [TEST_STEP][PASSED] - zipCode = data.getValue("Zipcode", index): null

2021-03-19 17:53:24 - [TEST_STEP][PASSED] - telephone = data.getValue("Telephone", index): null

2021-03-19 17:53:24 - [TEST_STEP][PASSED] - emailAddress = data.getValue("EmailAddress", index): null

2021-03-19 17:53:24 - [TEST_STEP][PASSED] - cardNum = data.getValue("CardNumber", index): null

2021-03-19 17:53:24 - [TEST_STEP][PASSED] - cardType = data.getValue("CardType", index): null

2021-03-19 17:53:24 - [TEST_STEP][PASSED] - utilities.SafeActions.openBrowser(Quicksti_Url, [pageLoadTime]): Browser launched successfully

2021-03-19 17:53:28 - [MESSAGE][INFO] - Opening Browser

2021-03-19 17:53:29 - [MESSAGE][INFO] - Starting 'Chrome' driver

2021-03-19 17:53:30 - [MESSAGE][INFO] - Action delay is set to 0 milliseconds

2021-03-19 17:55:26 - [MESSAGE][PASSED] - Browser is opened with url: 'https://qa-certpayquicksti.faps.net/'

2021-03-19 17:55:26 - [MESSAGE][PASSED] - Current window maximized

2021-03-19 17:55:26 - [MESSAGE][PASSED] - Browser launched successfully

2021-03-19 17:55:26 - [TEST_STEP][PASSED] - utilities.SafeActions.safeCheck(findTestObject("CERTPAY_QUICKSTI/Login_ Page/MULTI_BUREAU_CHECKBOX"), "Multi Bureau", [pageLoadTime]): Quicksti_Master.ts:Checkbox 'Multi Bureau'is selected

2021-03-19 17:55:27 - [MESSAGE][PASSED] - Object 'Object Repository/CERTPAY_QUICKSTI/Login_ Page/MULTI_BUREAU_CHECKBOX' is present

2021-03-19 17:55:30 - [MESSAGE][PASSED] - Object 'Object Repository/CERTPAY_QUICKSTI/Login_ Page/MULTI_BUREAU_CHECKBOX' is present

2021-03-19 17:55:31 - [MESSAGE][PASSED] - Object: 'Object Repository/CERTPAY_QUICKSTI/Login_ Page/MULTI_BUREAU_CHECKBOX' is clicked on

2021-03-19 17:55:31 - [MESSAGE][PASSED] - Quicksti_Master.ts:Checkbox 'Multi Bureau'is selected

2021-03-19 17:55:31 - [TEST_STEP][PASSED] - utilities.SafeActions.safeType(findTestObject("CERTPAY_QUICKSTI/Login_ Page/TELLER_ID"), teller_id, "Bureau code", [pageLoadTime]): Quicksti_Master.ts:Entered'zenq into Bureau code

2021-03-19 17:55:34 - [MESSAGE][PASSED] - Object 'Object Repository/CERTPAY_QUICKSTI/Login_ Page/TELLER_ID' is present

2021-03-19 17:55:35 - [MESSAGE][PASSED] - Object 'Object Repository/CERTPAY_QUICKSTI/Login_ Page/TELLER_ID' is visible

2021-03-19 17:55:35 - [MESSAGE][PASSED] - Object 'Object Repository/CERTPAY_QUICKSTI/Login_ Page/TELLER_ID' is present

2021-03-19 17:55:39 - [MESSAGE][PASSED] - Text 'zenq' is set on object 'Object Repository/CERTPAY_QUICKSTI/Login_ Page/TELLER_ID'

2021-03-19 17:55:39 - [MESSAGE][PASSED] - Quicksti_Master.ts:Entered'zenq into Bureau code

2021-03-19 17:55:39 - [TEST_STEP][PASSED] - utilities.SafeActions.safeClick(findTestObject("CERTPAY_QUICKSTI/Login_ Page/NEXT_BUTTON"), "Next button", [pageLoadTime]): Quicksti_Master.ts:Clicked on the Next button

2021-03-19 17:55:39 - [MESSAGE][INFO] - safeClicking

2021-03-19 17:55:39 - [MESSAGE][PASSED] - Object 'Object Repository/CERTPAY_QUICKSTI/Login_ Page/NEXT_BUTTON' is present

2021-03-19 17:55:48 - [MESSAGE][PASSED] - Object 'Object Repository/CERTPAY_QUICKSTI/Login_ Page/NEXT_BUTTON' is clickable

2021-03-19 17:55:54 - [MESSAGE][PASSED] - Object: 'Object Repository/CERTPAY_QUICKSTI/Login_ Page/NEXT_BUTTON' is clicked on

2021-03-19 17:55:54 - [MESSAGE][PASSED] - Quicksti_Master.ts:Clicked on the Next button

2021-03-19 17:55:54 - [TEST_STEP][PASSED] - pages.Quicksti.setCommnets("0", "0", comments): Quicksti_Master.ts:Entered'Testing into Comments

2021-03-19 17:55:55 - [MESSAGE][PASSED] - Object '' is present

2021-03-19 17:55:55 - [MESSAGE][PASSED] - Object '' is visible

2021-03-19 17:55:55 - [MESSAGE][PASSED] - Object '' is present

2021-03-19 17:55:59 - [MESSAGE][PASSED] - Text 'Testing' is set on object ''

2021-03-19 17:55:59 - [MESSAGE][PASSED] - Quicksti_Master.ts:Entered'Testing into Comments

2021-03-19 17:55:59 - [TEST_STEP][PASSED] - utilities.SafeActions.safeType(findTestObject("CERTPAY_QUICKSTI/Payment_Information_Page/PAYMENT_AMOUNT"), paymentAmount, "Payment Amount", [pageLoadTime]): Quicksti_Master.ts:Entered'20.00 into Payment Amount

2021-03-19 17:56:00 - [MESSAGE][PASSED] - Object 'Object Repository/CERTPAY_QUICKSTI/Payment_Information_Page/PAYMENT_AMOUNT' is present

2021-03-19 17:56:00 - [MESSAGE][PASSED] - Object 'Object Repository/CERTPAY_QUICKSTI/Payment_Information_Page/PAYMENT_AMOUNT' is visible

2021-03-19 17:56:00 - [MESSAGE][PASSED] - Object 'Object Repository/CERTPAY_QUICKSTI/Payment_Information_Page/PAYMENT_AMOUNT' is present

2021-03-19 17:56:02 - [MESSAGE][PASSED] - Text '20.00' is set on object 'Object Repository/CERTPAY_QUICKSTI/Payment_Information_Page/PAYMENT_AMOUNT'

2021-03-19 17:56:02 - [MESSAGE][PASSED] - Quicksti_Master.ts:Entered'20.00 into Payment Amount

2021-03-19 17:56:02 - [TEST_STEP][PASSED] - pages.Quicksti.setAmountDetailsForMultiBureau("0", paymentType, "0", referenceNum, quantity): Quicksti_Master.ts:Entered'1 into Quntity

2021-03-19 17:56:03 - [MESSAGE][PASSED] - Object '' is visible

2021-03-19 17:56:03 - [MESSAGE][PASSED] - Object '' is present

2021-03-19 17:56:08 - [MESSAGE][PASSED] - Object: '' is clicked on

2021-03-19 17:56:11 - [MESSAGE][PASSED] - All options with label 'Taxes' are selected in object ''  using regular expression

2021-03-19 17:56:11 - [MESSAGE][PASSED] - selected dropdown option by visible text  Taxesfrom Payment Type

2021-03-19 17:56:11 - [MESSAGE][PASSED] - Object '' is present

2021-03-19 17:56:12 - [MESSAGE][PASSED] - Object '' is visible

2021-03-19 17:56:12 - [MESSAGE][PASSED] - Object '' is present

2021-03-19 17:56:14 - [MESSAGE][PASSED] - Text '11' is set on object ''

2021-03-19 17:56:14 - [MESSAGE][PASSED] - Quicksti_Master.ts:Entered'11 into RefrenceNumber

2021-03-19 17:56:15 - [MESSAGE][PASSED] - Object '' is present

2021-03-19 17:56:15 - [MESSAGE][PASSED] - Object '' is visible

2021-03-19 17:56:15 - [MESSAGE][PASSED] - Object '' is present

2021-03-19 17:56:17 - [MESSAGE][PASSED] - Text '1' is set on object ''

2021-03-19 17:56:17 - [MESSAGE][PASSED] - Quicksti_Master.ts:Entered'1 into Quntity

2021-03-19 17:56:17 - [TEST_STEP][PASSED] - utilities.SafeActions.safeType(findTestObject("CERTPAY_QUICKSTI/Payment_Information_Page/MULTIBUREAU_PAYMENT_AMOUNT"), paymentAmount, "Payment Amount", [pageLoadTime]): Quicksti_Master.ts:Entered'20.00 into Payment Amount

2021-03-19 17:56:18 - [MESSAGE][PASSED] - Object 'Object Repository/CERTPAY_QUICKSTI/Payment_Information_Page/MULTIBUREAU_PAYMENT_AMOUNT' is present

2021-03-19 17:56:18 - [MESSAGE][PASSED] - Object 'Object Repository/CERTPAY_QUICKSTI/Payment_Information_Page/MULTIBUREAU_PAYMENT_AMOUNT' is visible

2021-03-19 17:56:18 - [MESSAGE][PASSED] - Object 'Object Repository/CERTPAY_QUICKSTI/Payment_Information_Page/MULTIBUREAU_PAYMENT_AMOUNT' is present

2021-03-19 17:56:20 - [MESSAGE][PASSED] - Text '20.00' is set on object 'Object Repository/CERTPAY_QUICKSTI/Payment_Information_Page/MULTIBUREAU_PAYMENT_AMOUNT'

2021-03-19 17:56:20 - [MESSAGE][PASSED] - Quicksti_Master.ts:Entered'20.00 into Payment Amount

2021-03-19 17:56:20 - [TEST_STEP][PASSED] - pages.Quicksti.setAmountDetailsForMultiBureau("0", "Registration Fees", "1", referenceNum, quantity): Quicksti_Master.ts:Entered'1 into Quntity

2021-03-19 17:56:21 - [MESSAGE][PASSED] - Object '' is visible

2021-03-19 17:56:21 - [MESSAGE][PASSED] - Object '' is present

2021-03-19 17:56:23 - [MESSAGE][PASSED] - Object: '' is clicked on

2021-03-19 17:56:24 - [MESSAGE][PASSED] - All options with label 'Registration Fees' are selected in object ''  using regular expression

2021-03-19 17:56:24 - [MESSAGE][PASSED] - selected dropdown option by visible text  Registration Feesfrom Payment Type

2021-03-19 17:56:24 - [MESSAGE][PASSED] - Object '' is present

2021-03-19 17:56:25 - [MESSAGE][PASSED] - Object '' is visible

2021-03-19 17:56:25 - [MESSAGE][PASSED] - Object '' is present

2021-03-19 17:56:27 - [MESSAGE][PASSED] - Text '11' is set on object ''

2021-03-19 17:56:27 - [MESSAGE][PASSED] - Quicksti_Master.ts:Entered'11 into RefrenceNumber

2021-03-19 17:56:27 - [MESSAGE][PASSED] - Object '' is present

2021-03-19 17:56:27 - [MESSAGE][PASSED] - Object '' is visible

2021-03-19 17:56:28 - [MESSAGE][PASSED] - Object '' is present

2021-03-19 17:56:30 - [MESSAGE][PASSED] - Text '1' is set on object ''

2021-03-19 17:56:30 - [MESSAGE][PASSED] - Quicksti_Master.ts:Entered'1 into Quntity

2021-03-19 17:56:30 - [TEST_STEP][PASSED] - utilities.SafeActions.safeType(findTestObject("CERTPAY_QUICKSTI/Payment_Information_Page/MULTIBUREAU_PAY_AMOUNT2"), paymentAmount, "Payment Amount", [pageLoadTime]): Quicksti_Master.ts:Entered'20.00 into Payment Amount

2021-03-19 17:56:30 - [MESSAGE][PASSED] - Object 'Object Repository/CERTPAY_QUICKSTI/Payment_Information_Page/MULTIBUREAU_PAY_AMOUNT2' is present

2021-03-19 17:56:31 - [MESSAGE][PASSED] - Object 'Object Repository/CERTPAY_QUICKSTI/Payment_Information_Page/MULTIBUREAU_PAY_AMOUNT2' is visible

2021-03-19 17:56:31 - [MESSAGE][PASSED] - Object 'Object Repository/CERTPAY_QUICKSTI/Payment_Information_Page/MULTIBUREAU_PAY_AMOUNT2' is present

2021-03-19 17:56:33 - [MESSAGE][PASSED] - Text '20.00' is set on object 'Object Repository/CERTPAY_QUICKSTI/Payment_Information_Page/MULTIBUREAU_PAY_AMOUNT2'

2021-03-19 17:56:33 - [MESSAGE][PASSED] - Quicksti_Master.ts:Entered'20.00 into Payment Amount

2021-03-19 17:56:33 - [TEST_STEP][PASSED] - pages.Quicksti.setCommnets("2", "0", "Tester"): Quicksti_Master.ts:Entered'Tester into Comments

2021-03-19 17:56:33 - [MESSAGE][PASSED] - Object '' is present

2021-03-19 17:56:34 - [MESSAGE][PASSED] - Object '' is visible

2021-03-19 17:56:34 - [MESSAGE][PASSED] - Object '' is present

2021-03-19 17:56:36 - [MESSAGE][PASSED] - Text 'Tester' is set on object ''

2021-03-19 17:56:36 - [MESSAGE][PASSED] - Quicksti_Master.ts:Entered'Tester into Comments

2021-03-19 17:56:36 - [TEST_STEP][PASSED] - pages.Quicksti.setAmountDetailsForMultiBureau("0", "Vehicles", "2", referenceNum, quantity): Quicksti_Master.ts:Entered'1 into Quntity

2021-03-19 17:56:36 - [MESSAGE][PASSED] - Object '' is visible

2021-03-19 17:56:37 - [MESSAGE][PASSED] - Object '' is present

2021-03-19 17:56:38 - [MESSAGE][PASSED] - Object: '' is clicked on

2021-03-19 17:56:39 - [MESSAGE][PASSED] - All options with label 'Vehicles' are selected in object ''  using regular expression

2021-03-19 17:56:39 - [MESSAGE][PASSED] - selected dropdown option by visible text  Vehiclesfrom Payment Type

2021-03-19 17:56:40 - [MESSAGE][PASSED] - Object '' is present

2021-03-19 17:56:40 - [MESSAGE][PASSED] - Object '' is visible

2021-03-19 17:56:40 - [MESSAGE][PASSED] - Object '' is present

2021-03-19 17:57:34 - [MESSAGE][PASSED] - Text '11' is set on object ''

2021-03-19 17:57:34 - [MESSAGE][PASSED] - Quicksti_Master.ts:Entered'11 into RefrenceNumber

2021-03-19 17:57:34 - [MESSAGE][PASSED] - Object '' is present

2021-03-19 17:57:35 - [MESSAGE][PASSED] - Object '' is visible

2021-03-19 17:57:35 - [MESSAGE][PASSED] - Object '' is present

2021-03-19 17:57:37 - [MESSAGE][PASSED] - Text '1' is set on object ''

2021-03-19 17:57:37 - [MESSAGE][PASSED] - Quicksti_Master.ts:Entered'1 into Quntity

2021-03-19 17:57:37 - [TEST_STEP][PASSED] - utilities.SafeActions.safeClick(findTestObject("CERTPAY_QUICKSTI/Payment_Information_Page/MANUAL_ENTRY_BUTTON"), "ManualEntry", [pageLoadTime]): Quicksti_Master.ts:Clicked on the ManualEntry

2021-03-19 17:57:37 - [MESSAGE][INFO] - safeClicking

2021-03-19 17:57:38 - [MESSAGE][PASSED] - Object 'Object Repository/CERTPAY_QUICKSTI/Payment_Information_Page/MANUAL_ENTRY_BUTTON' is present

2021-03-19 17:57:38 - [MESSAGE][PASSED] - Object 'Object Repository/CERTPAY_QUICKSTI/Payment_Information_Page/MANUAL_ENTRY_BUTTON' is clickable

2021-03-19 17:57:43 - [MESSAGE][PASSED] - Object: 'Object Repository/CERTPAY_QUICKSTI/Payment_Information_Page/MANUAL_ENTRY_BUTTON' is clicked on

2021-03-19 17:57:43 - [MESSAGE][PASSED] - Quicksti_Master.ts:Clicked on the ManualEntry

2021-03-19 17:57:43 - [TEST_STEP][PASSED] - amount_Value = pages.Quicksti.getAttributeValue(findTestObject("CERTPAY_QUICKSTI/Payment_Information_Page/SUB_TOTAL")): pages.Quicksti.getAttributeValue is PASSED

2021-03-19 17:57:45 - [MESSAGE][PASSED] - Attribute 'value' of object 'Object Repository/CERTPAY_QUICKSTI/Payment_Information_Page/SUB_TOTAL' is: '20.00'

2021-03-19 17:57:46 - [MESSAGE][PASSED] - pages.Quicksti.getAttributeValue is PASSED

2021-03-19 17:57:46 - [TEST_STEP][PASSED] - CardNumber = pages.Quicksti.setUserPaymentDetails(firstName, lastName, cardNum): Quicksti_Master.ts:Entered'5474397016786986 into CardNum

2021-03-19 17:57:47 - [MESSAGE][PASSED] - Object 'Object Repository/CERTPAY_QUICKSTI/Payment_Information_Page/FIRST_NAME' is present

2021-03-19 17:57:47 - [MESSAGE][PASSED] - Object 'Object Repository/CERTPAY_QUICKSTI/Payment_Information_Page/FIRST_NAME' is visible

2021-03-19 17:57:48 - [MESSAGE][PASSED] - Object 'Object Repository/CERTPAY_QUICKSTI/Payment_Information_Page/FIRST_NAME' is present

2021-03-19 17:57:50 - [MESSAGE][PASSED] - Text 'Tester' is set on object 'Object Repository/CERTPAY_QUICKSTI/Payment_Information_Page/FIRST_NAME'

2021-03-19 17:57:50 - [MESSAGE][PASSED] - Quicksti_Master.ts:Entered'Tester into FirstName

2021-03-19 17:57:51 - [MESSAGE][PASSED] - Object 'Object Repository/CERTPAY_QUICKSTI/Payment_Information_Page/LAST_NAME' is present

2021-03-19 17:57:51 - [MESSAGE][PASSED] - Object 'Object Repository/CERTPAY_QUICKSTI/Payment_Information_Page/LAST_NAME' is visible

2021-03-19 17:57:51 - [MESSAGE][PASSED] - Object 'Object Repository/CERTPAY_QUICKSTI/Payment_Information_Page/LAST_NAME' is present

2021-03-19 17:57:53 - [MESSAGE][PASSED] - Text 'Zenq1' is set on object 'Object Repository/CERTPAY_QUICKSTI/Payment_Information_Page/LAST_NAME'

2021-03-19 17:57:53 - [MESSAGE][PASSED] - Quicksti_Master.ts:Entered'Zenq1 into LAstName

2021-03-19 17:57:54 - [MESSAGE][PASSED] - Object 'Object Repository/CERTPAY_QUICKSTI/Payment_Information_Page/CARD_NUMBER' is present

2021-03-19 17:57:54 - [MESSAGE][PASSED] - Object 'Object Repository/CERTPAY_QUICKSTI/Payment_Information_Page/CARD_NUMBER' is visible

2021-03-19 17:57:54 - [MESSAGE][PASSED] - Object 'Object Repository/CERTPAY_QUICKSTI/Payment_Information_Page/CARD_NUMBER' is present

2021-03-19 17:57:56 - [MESSAGE][PASSED] - Text '5474397016786986' is set on object 'Object Repository/CERTPAY_QUICKSTI/Payment_Information_Page/CARD_NUMBER'

2021-03-19 17:57:56 - [MESSAGE][PASSED] - Quicksti_Master.ts:Entered'5474397016786986 into CardNum

2021-03-19 17:57:56 - [TEST_STEP][PASSED] - pages.Quicksti.setExpDate(expMonth, expYear, securityCode): Quicksti_Master.ts:Entered'207 into securityCode

2021-03-19 17:57:57 - [MESSAGE][PASSED] - Object 'Object Repository/CERTPAY_QUICKSTI/Payment_Information_Page/EXP_MONTH' is visible

2021-03-19 17:57:57 - [MESSAGE][PASSED] - Object 'Object Repository/CERTPAY_QUICKSTI/Payment_Information_Page/EXP_MONTH' is present

2021-03-19 17:57:58 - [MESSAGE][PASSED] - Object: 'Object Repository/CERTPAY_QUICKSTI/Payment_Information_Page/EXP_MONTH' is clicked on

2021-03-19 17:58:00 - [MESSAGE][PASSED] - All options with label '03' are selected in object 'Object Repository/CERTPAY_QUICKSTI/Payment_Information_Page/EXP_MONTH'  using regular expression

2021-03-19 17:58:00 - [MESSAGE][PASSED] - selected dropdown option by visible text  03from expMonth

2021-03-19 17:58:01 - [MESSAGE][PASSED] - Object 'Object Repository/CERTPAY_QUICKSTI/Payment_Information_Page/EXP_YEAR' is visible

2021-03-19 17:58:01 - [MESSAGE][PASSED] - Object 'Object Repository/CERTPAY_QUICKSTI/Payment_Information_Page/EXP_YEAR' is present

2021-03-19 17:58:03 - [MESSAGE][PASSED] - Object: 'Object Repository/CERTPAY_QUICKSTI/Payment_Information_Page/EXP_YEAR' is clicked on

2021-03-19 17:58:05 - [MESSAGE][PASSED] - All options with label '2022' are selected in object 'Object Repository/CERTPAY_QUICKSTI/Payment_Information_Page/EXP_YEAR'  using regular expression

2021-03-19 17:58:05 - [MESSAGE][PASSED] - selected dropdown option by visible text  2022from  expYear

2021-03-19 17:58:05 - [MESSAGE][PASSED] - Object 'Object Repository/CERTPAY_QUICKSTI/Payment_Information_Page/SECURITY_CODE' is present

2021-03-19 17:58:06 - [MESSAGE][PASSED] - Object 'Object Repository/CERTPAY_QUICKSTI/Payment_Information_Page/SECURITY_CODE' is visible

2021-03-19 17:58:06 - [MESSAGE][PASSED] - Object 'Object Repository/CERTPAY_QUICKSTI/Payment_Information_Page/SECURITY_CODE' is present

2021-03-19 17:58:08 - [MESSAGE][PASSED] - Text '207' is set on object 'Object Repository/CERTPAY_QUICKSTI/Payment_Information_Page/SECURITY_CODE'

2021-03-19 17:58:08 - [MESSAGE][PASSED] - Quicksti_Master.ts:Entered'207 into securityCode

2021-03-19 17:58:08 - [TEST_STEP][PASSED] - utilities.SafeActions.safeType(findTestObject("CERTPAY_QUICKSTI/Payment_Information_Page/ADDRESS"), address, "Address", [pageLoadTime]): Quicksti_Master.ts:Entered'14-2 into Address

2021-03-19 17:58:08 - [MESSAGE][PASSED] - Object 'Object Repository/CERTPAY_QUICKSTI/Payment_Information_Page/ADDRESS' is present

2021-03-19 17:58:09 - [MESSAGE][PASSED] - Object 'Object Repository/CERTPAY_QUICKSTI/Payment_Information_Page/ADDRESS' is visible

2021-03-19 17:58:09 - [MESSAGE][PASSED] - Object 'Object Repository/CERTPAY_QUICKSTI/Payment_Information_Page/ADDRESS' is present

2021-03-19 17:58:11 - [MESSAGE][PASSED] - Text '14-2' is set on object 'Object Repository/CERTPAY_QUICKSTI/Payment_Information_Page/ADDRESS'

2021-03-19 17:58:11 - [MESSAGE][PASSED] - Quicksti_Master.ts:Entered'14-2 into Address

2021-03-19 17:58:11 - [TEST_STEP][PASSED] - utilities.SafeActions.safeType(findTestObject("CERTPAY_QUICKSTI/Payment_Information_Page/ZIP_CODE"), zipCode, "zipcode", [pageLoadTime]): Quicksti_Master.ts:Entered'76102 into zipcode

2021-03-19 17:58:11 - [MESSAGE][PASSED] - Object 'Object Repository/CERTPAY_QUICKSTI/Payment_Information_Page/ZIP_CODE' is present

2021-03-19 17:58:12 - [MESSAGE][PASSED] - Object 'Object Repository/CERTPAY_QUICKSTI/Payment_Information_Page/ZIP_CODE' is visible

2021-03-19 17:58:12 - [MESSAGE][PASSED] - Object 'Object Repository/CERTPAY_QUICKSTI/Payment_Information_Page/ZIP_CODE' is present

2021-03-19 17:58:14 - [MESSAGE][PASSED] - Text '76102' is set on object 'Object Repository/CERTPAY_QUICKSTI/Payment_Information_Page/ZIP_CODE'

2021-03-19 17:58:14 - [MESSAGE][PASSED] - Quicksti_Master.ts:Entered'76102 into zipcode

2021-03-19 17:58:14 - [TEST_STEP][PASSED] - utilities.SafeActions.safeType(findTestObject("CERTPAY_QUICKSTI/Payment_Information_Page/TELEPHONE"), telephone, "Telephone", [pageLoadTime]): Quicksti_Master.ts:Entered'9988776655 into Telephone

2021-03-19 17:58:14 - [MESSAGE][PASSED] - Object 'Object Repository/CERTPAY_QUICKSTI/Payment_Information_Page/TELEPHONE' is present

2021-03-19 17:58:14 - [MESSAGE][PASSED] - Object 'Object Repository/CERTPAY_QUICKSTI/Payment_Information_Page/TELEPHONE' is visible

2021-03-19 17:58:15 - [MESSAGE][PASSED] - Object 'Object Repository/CERTPAY_QUICKSTI/Payment_Information_Page/TELEPHONE' is present

2021-03-19 17:58:17 - [MESSAGE][PASSED] - Text '9988776655' is set on object 'Object Repository/CERTPAY_QUICKSTI/Payment_Information_Page/TELEPHONE'

2021-03-19 17:58:17 - [MESSAGE][PASSED] - Quicksti_Master.ts:Entered'9988776655 into Telephone

2021-03-19 17:58:17 - [TEST_STEP][PASSED] - utilities.SafeActions.safeType(findTestObject("CERTPAY_QUICKSTI/Payment_Information_Page/EMAIL_ADDRESS"), emailAddress, "EMAIL address", [pageLoadTime]): Quicksti_Master.ts:Entered'testing@zenq.com into EMAIL address

2021-03-19 17:58:17 - [MESSAGE][PASSED] - Object 'Object Repository/CERTPAY_QUICKSTI/Payment_Information_Page/EMAIL_ADDRESS' is present

2021-03-19 17:58:17 - [MESSAGE][PASSED] - Object 'Object Repository/CERTPAY_QUICKSTI/Payment_Information_Page/EMAIL_ADDRESS' is visible

2021-03-19 17:58:18 - [MESSAGE][PASSED] - Object 'Object Repository/CERTPAY_QUICKSTI/Payment_Information_Page/EMAIL_ADDRESS' is present

2021-03-19 17:58:19 - [MESSAGE][PASSED] - Text 'testing@zenq.com' is set on object 'Object Repository/CERTPAY_QUICKSTI/Payment_Information_Page/EMAIL_ADDRESS'

2021-03-19 17:58:19 - [MESSAGE][PASSED] - Quicksti_Master.ts:Entered'testing@zenq.com into EMAIL address

2021-03-19 17:58:19 - [TEST_STEP][PASSED] - utilities.SafeActions.safeClick(findTestObject("CERTPAY_QUICKSTI/Payment_Information_Page/NEXT_BUTTON"), "Next", [pageLoadTime]): Quicksti_Master.ts:Clicked on the Next

2021-03-19 17:58:20 - [MESSAGE][INFO] - safeClicking

2021-03-19 17:58:20 - [MESSAGE][PASSED] - Object 'Object Repository/CERTPAY_QUICKSTI/Payment_Information_Page/NEXT_BUTTON' is present

2021-03-19 17:58:20 - [MESSAGE][PASSED] - Object 'Object Repository/CERTPAY_QUICKSTI/Payment_Information_Page/NEXT_BUTTON' is clickable

2021-03-19 17:58:24 - [MESSAGE][PASSED] - Object: 'Object Repository/CERTPAY_QUICKSTI/Payment_Information_Page/NEXT_BUTTON' is clicked on

2021-03-19 17:58:24 - [MESSAGE][PASSED] - Quicksti_Master.ts:Clicked on the Next

2021-03-19 17:58:24 - [TEST_STEP][PASSED] - pages.Quicksti.verifyUserPaymentDetails(paymentAmount, firstName, lastName, CardNumber): pages.Quicksti.verifyUserPaymentDetails is PASSED

2021-03-19 17:58:25 - [MESSAGE][PASSED] - Text of object 'Object Repository/CERTPAY_QUICKSTI/Payment_Details_Verification_Page/AMOUNT' is: '$20.00'

2021-03-19 17:58:25 - [MESSAGE][PASSED] - Actual text '20.00' and expected text '20.00' are matched  using regular expression

2021-03-19 17:58:25 - [MESSAGE][PASSED] - Text of object 'Object Repository/CERTPAY_QUICKSTI/Payment_Details_Verification_Page/NAME' is: 'Tester Zenq1'

2021-03-19 17:58:25 - [MESSAGE][PASSED] - Actual text 'Tester Zenq1' and expected text 'Tester Zenq1' are matched  using regular expression

2021-03-19 17:58:26 - [MESSAGE][PASSED] - Text of object 'Object Repository/CERTPAY_QUICKSTI/Payment_Details_Verification_Page/CARD_NUMBER' is: '...6986'

2021-03-19 17:58:26 - [MESSAGE][PASSED] - Actual text '6986' and expected text '6986' are matched  using regular expression

2021-03-19 17:58:26 - [MESSAGE][PASSED] - pages.Quicksti.verifyUserPaymentDetails is PASSED

2021-03-19 17:58:26 - [TEST_STEP][PASSED] - delay(2): Delayed 2 second(s)

2021-03-19 17:58:28 - [MESSAGE][PASSED] - Delayed 2 second(s)

2021-03-19 17:58:28 - [TEST_STEP][PASSED] - ConvFee = getText(findTestObject("CERTPAY_QUICKSTI/Payment_Information_Page/CONV_FEE")): Text of object 'Object Repository/CERTPAY_QUICKSTI/Payment_Information_Page/CONV_FEE' is: '$0.43'

2021-03-19 17:58:28 - [MESSAGE][PASSED] - Text of object 'Object Repository/CERTPAY_QUICKSTI/Payment_Information_Page/CONV_FEE' is: '$0.43'

2021-03-19 17:58:28 - [TEST_STEP][PASSED] - scrollToElement(findTestObject("CERTPAY_QUICKSTI/Payment_Details_Verification_Page/PROCESS"), 0): Scroll to object 'Object Repository/CERTPAY_QUICKSTI/Payment_Details_Verification_Page/PROCESS' successfully

2021-03-19 17:58:28 - [MESSAGE][WARNING] - Timeout '0' is invalid. Using default page load timeout: '30'

2021-03-19 17:58:28 - [MESSAGE][PASSED] - Scroll to object 'Object Repository/CERTPAY_QUICKSTI/Payment_Details_Verification_Page/PROCESS' successfully

2021-03-19 17:58:28 - [TEST_STEP][PASSED] - utilities.SafeActions.safeClick(findTestObject("CERTPAY_QUICKSTI/Payment_Details_Verification_Page/PROCESS"), "Process", [pageLoadTime]): Quicksti_Master.ts:Clicked on the Process

2021-03-19 17:58:28 - [MESSAGE][INFO] - safeClicking

2021-03-19 17:58:29 - [MESSAGE][PASSED] - Object 'Object Repository/CERTPAY_QUICKSTI/Payment_Details_Verification_Page/PROCESS' is present

2021-03-19 17:58:29 - [MESSAGE][PASSED] - Object 'Object Repository/CERTPAY_QUICKSTI/Payment_Details_Verification_Page/PROCESS' is clickable

2021-03-19 17:58:37 - [MESSAGE][PASSED] - Object: 'Object Repository/CERTPAY_QUICKSTI/Payment_Details_Verification_Page/PROCESS' is clicked on

2021-03-19 17:58:37 - [MESSAGE][PASSED] - Quicksti_Master.ts:Clicked on the Process

2021-03-19 17:58:37 - [TEST_STEP][PASSED] - PaymentId = pages.Quicksti.verifyPaymentApproval(findTestObject("CERTPAY_QUICKSTI/Payment_Details_Verification_Page/APPROVED")): Payment is approved

2021-03-19 17:58:38 - [MESSAGE][PASSED] - Text of object 'Object Repository/CERTPAY_QUICKSTI/Payment_Details_Verification_Page/PAYMENT_ID' is: '100176225258'

2021-03-19 17:58:38 - [MESSAGE][PASSED] - Object 'Object Repository/CERTPAY_QUICKSTI/Payment_Details_Verification_Page/APPROVED' is present

2021-03-19 17:58:38 - [MESSAGE][PASSED] - Payment is approved

2021-03-19 17:58:40 - [TEST_STEP][PASSED] - navigateToUrl(Admin_url): Navigate to 'https://qa-certpayadmin.faps.net' successfully

2021-03-19 17:58:50 - [MESSAGE][PASSED] - Navigate to 'https://qa-certpayadmin.faps.net' successfully

2021-03-19 17:58:50 - [TEST_STEP][PASSED] - pages.Bureau_Login_Page.loginToAdminSite(AdminUsername, AdminPassword): Quicksti_Master.ts:Clicked on the LOGIN

2021-03-19 17:58:51 - [MESSAGE][PASSED] - Object 'Object Repository/CERTPAY_ADMIN/USER_NAME' is present

2021-03-19 17:58:52 - [MESSAGE][PASSED] - Object 'Object Repository/CERTPAY_ADMIN/USER_NAME' is visible

2021-03-19 17:58:52 - [MESSAGE][PASSED] - Object 'Object Repository/CERTPAY_ADMIN/USER_NAME' is present

2021-03-19 17:58:54 - [MESSAGE][PASSED] - Text 'VVangiliappan' is set on object 'Object Repository/CERTPAY_ADMIN/USER_NAME'

2021-03-19 17:58:54 - [MESSAGE][PASSED] - Quicksti_Master.ts:Entered'VVangiliappan into username

2021-03-19 17:58:55 - [MESSAGE][PASSED] - Object 'Object Repository/CERTPAY_ADMIN/PASSWORD' is present

2021-03-19 17:58:55 - [MESSAGE][PASSED] - Object 'Object Repository/CERTPAY_ADMIN/PASSWORD' is visible

2021-03-19 17:58:55 - [MESSAGE][PASSED] - Object 'Object Repository/CERTPAY_ADMIN/PASSWORD' is present

2021-03-19 17:58:58 - [MESSAGE][PASSED] - Text 'Test111!' is set on object 'Object Repository/CERTPAY_ADMIN/PASSWORD'

2021-03-19 17:58:58 - [MESSAGE][PASSED] - Quicksti_Master.ts:Entered'Test111! into password

2021-03-19 17:58:58 - [MESSAGE][INFO] - safeClicking

2021-03-19 17:58:58 - [MESSAGE][PASSED] - Object 'Object Repository/CERTPAY_ADMIN/LOGIN_BUTTON' is present

2021-03-19 17:58:59 - [MESSAGE][PASSED] - Object 'Object Repository/CERTPAY_ADMIN/LOGIN_BUTTON' is clickable

2021-03-19 17:59:18 - [MESSAGE][PASSED] - Object: 'Object Repository/CERTPAY_ADMIN/LOGIN_BUTTON' is clicked on

2021-03-19 17:59:18 - [MESSAGE][PASSED] - Quicksti_Master.ts:Clicked on the LOGIN

2021-03-19 17:59:18 - [TEST_STEP][PASSED] - utilities.SafeActions.safeClick(findTestObject("CERTPAY_ADMIN/TRANSACTION_MENU"), "TransactionMenu", [pageLoadTime]): Quicksti_Master.ts:Clicked on the TransactionMenu

2021-03-19 17:59:19 - [MESSAGE][INFO] - safeClicking

2021-03-19 17:59:19 - [MESSAGE][PASSED] - Object 'Object Repository/CERTPAY_ADMIN/TRANSACTION_MENU' is present

2021-03-19 17:59:19 - [MESSAGE][PASSED] - Object 'Object Repository/CERTPAY_ADMIN/TRANSACTION_MENU' is clickable

2021-03-19 17:59:21 - [MESSAGE][PASSED] - Object: 'Object Repository/CERTPAY_ADMIN/TRANSACTION_MENU' is clicked on

2021-03-19 17:59:21 - [MESSAGE][PASSED] - Quicksti_Master.ts:Clicked on the TransactionMenu

2021-03-19 17:59:21 - [TEST_STEP][PASSED] - utilities.SafeActions.safeClick(findTestObject("CERTPAY_ADMIN/TRANSACTION_SEARCH"), "TransactionSearch", [pageLoadTime]): Quicksti_Master.ts:Clicked on the TransactionSearch

2021-03-19 17:59:21 - [MESSAGE][INFO] - safeClicking

2021-03-19 17:59:21 - [MESSAGE][PASSED] - Object 'Object Repository/CERTPAY_ADMIN/TRANSACTION_SEARCH' is present

2021-03-19 17:59:22 - [MESSAGE][PASSED] - Object 'Object Repository/CERTPAY_ADMIN/TRANSACTION_SEARCH' is clickable

2021-03-19 17:59:27 - [MESSAGE][PASSED] - Object: 'Object Repository/CERTPAY_ADMIN/TRANSACTION_SEARCH' is clicked on

2021-03-19 17:59:27 - [MESSAGE][PASSED] - Quicksti_Master.ts:Clicked on the TransactionSearch

2021-03-19 17:59:27 - [TEST_STEP][PASSED] - utilities.SafeActions.safeType(findTestObject("CERTPAY_ADMIN/PAYMENT_ID"), PaymentId, "Payment id", [pageLoadTime]): Quicksti_Master.ts:Entered'100176225258 into Payment id

2021-03-19 17:59:28 - [MESSAGE][PASSED] - Object 'Object Repository/CERTPAY_ADMIN/PAYMENT_ID' is present

2021-03-19 17:59:28 - [MESSAGE][PASSED] - Object 'Object Repository/CERTPAY_ADMIN/PAYMENT_ID' is visible

2021-03-19 17:59:29 - [MESSAGE][PASSED] - Object 'Object Repository/CERTPAY_ADMIN/PAYMENT_ID' is present

2021-03-19 17:59:31 - [MESSAGE][PASSED] - Text '100176225258' is set on object 'Object Repository/CERTPAY_ADMIN/PAYMENT_ID'

2021-03-19 17:59:31 - [MESSAGE][PASSED] - Quicksti_Master.ts:Entered'100176225258 into Payment id

2021-03-19 17:59:31 - [TEST_STEP][PASSED] - utilities.SafeActions.safeClick(findTestObject("CERTPAY_ADMIN/GO_BUTTON"), "Go button", [pageLoadTime]): Quicksti_Master.ts:Clicked on the Go button

2021-03-19 17:59:31 - [MESSAGE][INFO] - safeClicking

2021-03-19 17:59:31 - [MESSAGE][PASSED] - Object 'Object Repository/CERTPAY_ADMIN/GO_BUTTON' is present

2021-03-19 17:59:32 - [MESSAGE][PASSED] - Object 'Object Repository/CERTPAY_ADMIN/GO_BUTTON' is clickable

2021-03-19 17:59:38 - [MESSAGE][PASSED] - Object: 'Object Repository/CERTPAY_ADMIN/GO_BUTTON' is clicked on

2021-03-19 17:59:38 - [MESSAGE][PASSED] - Quicksti_Master.ts:Clicked on the Go button

2021-03-19 17:59:38 - [TEST_STEP][PASSED] - delay(5): Delayed 5 second(s)

2021-03-19 17:59:43 - [MESSAGE][PASSED] - Delayed 5 second(s)

2021-03-19 17:59:43 - [TEST_STEP][PASSED] - scrollToPosition(800, 900): Browser is scrolled to position x = 800, y = 900

2021-03-19 17:59:43 - [MESSAGE][PASSED] - Browser is scrolled to position x = 800, y = 900

2021-03-19 17:59:43 - [TEST_STEP][PASSED] - pages.Search_Page.validatePaymentAmount(amount_Value, ConvFee): Verified payment details successfully 

2021-03-19 17:59:44 - [MESSAGE][PASSED] - Text of object 'Object Repository/CERTPAY_ADMIN/PAYMENT_AMOUNT' is: '$20.00'

2021-03-19 17:59:44 - [MESSAGE][PASSED] - Actual text '20.00' and expected text '20.00' are matched  using regular expression

2021-03-19 17:59:45 - [MESSAGE][PASSED] - Text of object 'Object Repository/CERTPAY_ADMIN/CONV_FEE' is: '$0.43'

2021-03-19 17:59:45 - [MESSAGE][PASSED] - Actual text '0.43' and expected text '0.43' are matched  using regular expression

2021-03-19 17:59:45 - [MESSAGE][PASSED] - Verified payment details successfully 

2021-03-19 17:59:45 - [TEST_STEP][PASSED] - firstName = data.getValue("FirstName", index): null

2021-03-19 17:59:48 - [TEST_STEP][PASSED] - lastName = data.getValue("LastName", index): null

2021-03-19 17:59:48 - [TEST_STEP][PASSED] - expMonth = data.getValue("ExpMonth", index): null

2021-03-19 17:59:48 - [TEST_STEP][PASSED] - expYear = data.getValue("ExpYear", index): null

2021-03-19 17:59:49 - [TEST_STEP][PASSED] - securityCode = data.getValue("SecurityCode", index): null

2021-03-19 17:59:49 - [TEST_STEP][PASSED] - paymentAmount = data.getValue("PaymentAmount", index): null

2021-03-19 17:59:49 - [TEST_STEP][PASSED] - paymentType = data.getValue("PaymentType", index): null

2021-03-19 17:59:49 - [TEST_STEP][PASSED] - quantity = data.getValue("Quantity", index): null

2021-03-19 17:59:49 - [TEST_STEP][PASSED] - comments = data.getValue("Comments", index): null

2021-03-19 17:59:49 - [TEST_STEP][PASSED] - referenceNum = data.getValue("ReferenceNum", index): null

2021-03-19 17:59:49 - [TEST_STEP][PASSED] - address = data.getValue("Address", index): null

2021-03-19 17:59:49 - [TEST_STEP][PASSED] - zipCode = data.getValue("Zipcode", index): null

2021-03-19 17:59:49 - [TEST_STEP][PASSED] - telephone = data.getValue("Telephone", index): null

2021-03-19 17:59:49 - [TEST_STEP][PASSED] - emailAddress = data.getValue("EmailAddress", index): null

2021-03-19 17:59:49 - [TEST_STEP][PASSED] - cardNum = data.getValue("CardNumber", index): null

2021-03-19 17:59:49 - [TEST_STEP][PASSED] - cardType = data.getValue("CardType", index): null

2021-03-19 17:59:49 - [TEST_STEP][PASSED] - utilities.SafeActions.openBrowser(Quicksti_Url, [pageLoadTime]): Browser launched successfully

2021-03-19 17:59:49 - [MESSAGE][INFO] - Opening Browser

2021-03-19 17:59:49 - [MESSAGE][WARNING] - A browser is already opened. Closing browser and opening a new one

2021-03-19 18:00:03 - [MESSAGE][INFO] - Starting 'Chrome' driver

2021-03-19 18:00:04 - [MESSAGE][INFO] - Action delay is set to 0 milliseconds

2021-03-19 18:01:58 - [MESSAGE][PASSED] - Browser is opened with url: 'https://qa-certpayquicksti.faps.net/'

2021-03-19 18:01:58 - [MESSAGE][PASSED] - Current window maximized

2021-03-19 18:01:58 - [MESSAGE][PASSED] - Browser launched successfully

2021-03-19 18:01:58 - [TEST_STEP][PASSED] - utilities.SafeActions.safeCheck(findTestObject("CERTPAY_QUICKSTI/Login_ Page/MULTI_BUREAU_CHECKBOX"), "Multi Bureau", [pageLoadTime]): Quicksti_Master.ts:Checkbox 'Multi Bureau'is selected

2021-03-19 18:01:59 - [MESSAGE][PASSED] - Object 'Object Repository/CERTPAY_QUICKSTI/Login_ Page/MULTI_BUREAU_CHECKBOX' is present

2021-03-19 18:02:00 - [MESSAGE][PASSED] - Object 'Object Repository/CERTPAY_QUICKSTI/Login_ Page/MULTI_BUREAU_CHECKBOX' is present

2021-03-19 18:02:01 - [MESSAGE][PASSED] - Object: 'Object Repository/CERTPAY_QUICKSTI/Login_ Page/MULTI_BUREAU_CHECKBOX' is clicked on

2021-03-19 18:02:01 - [MESSAGE][PASSED] - Quicksti_Master.ts:Checkbox 'Multi Bureau'is selected

2021-03-19 18:02:01 - [TEST_STEP][PASSED] - utilities.SafeActions.safeType(findTestObject("CERTPAY_QUICKSTI/Login_ Page/TELLER_ID"), teller_id, "Bureau code", [pageLoadTime]): Quicksti_Master.ts:Entered'zenq into Bureau code

2021-03-19 18:02:03 - [MESSAGE][PASSED] - Object 'Object Repository/CERTPAY_QUICKSTI/Login_ Page/TELLER_ID' is present

2021-03-19 18:02:03 - [MESSAGE][PASSED] - Object 'Object Repository/CERTPAY_QUICKSTI/Login_ Page/TELLER_ID' is visible

2021-03-19 18:02:04 - [MESSAGE][PASSED] - Object 'Object Repository/CERTPAY_QUICKSTI/Login_ Page/TELLER_ID' is present

2021-03-19 18:02:06 - [MESSAGE][PASSED] - Text 'zenq' is set on object 'Object Repository/CERTPAY_QUICKSTI/Login_ Page/TELLER_ID'

2021-03-19 18:02:06 - [MESSAGE][PASSED] - Quicksti_Master.ts:Entered'zenq into Bureau code

2021-03-19 18:02:06 - [TEST_STEP][PASSED] - utilities.SafeActions.safeClick(findTestObject("CERTPAY_QUICKSTI/Login_ Page/NEXT_BUTTON"), "Next button", [pageLoadTime]): Quicksti_Master.ts:Clicked on the Next button

2021-03-19 18:02:06 - [MESSAGE][INFO] - safeClicking

2021-03-19 18:02:06 - [MESSAGE][PASSED] - Object 'Object Repository/CERTPAY_QUICKSTI/Login_ Page/NEXT_BUTTON' is present

2021-03-19 18:02:06 - [MESSAGE][PASSED] - Object 'Object Repository/CERTPAY_QUICKSTI/Login_ Page/NEXT_BUTTON' is clickable

2021-03-19 18:02:11 - [MESSAGE][PASSED] - Object: 'Object Repository/CERTPAY_QUICKSTI/Login_ Page/NEXT_BUTTON' is clicked on

2021-03-19 18:02:11 - [MESSAGE][PASSED] - Quicksti_Master.ts:Clicked on the Next button

2021-03-19 18:02:11 - [TEST_STEP][PASSED] - pages.Quicksti.setCommnets("0", "0", comments): Quicksti_Master.ts:Entered'Testing into Comments

2021-03-19 18:02:11 - [MESSAGE][PASSED] - Object '' is present

2021-03-19 18:02:11 - [MESSAGE][PASSED] - Object '' is visible

2021-03-19 18:02:12 - [MESSAGE][PASSED] - Object '' is present

2021-03-19 18:02:13 - [MESSAGE][PASSED] - Text 'Testing' is set on object ''

2021-03-19 18:02:13 - [MESSAGE][PASSED] - Quicksti_Master.ts:Entered'Testing into Comments

2021-03-19 18:02:13 - [TEST_STEP][PASSED] - utilities.SafeActions.safeType(findTestObject("CERTPAY_QUICKSTI/Payment_Information_Page/PAYMENT_AMOUNT"), paymentAmount, "Payment Amount", [pageLoadTime]): Quicksti_Master.ts:Entered'25.00 into Payment Amount

2021-03-19 18:02:14 - [MESSAGE][PASSED] - Object 'Object Repository/CERTPAY_QUICKSTI/Payment_Information_Page/PAYMENT_AMOUNT' is present

2021-03-19 18:02:15 - [MESSAGE][PASSED] - Object 'Object Repository/CERTPAY_QUICKSTI/Payment_Information_Page/PAYMENT_AMOUNT' is visible

2021-03-19 18:02:15 - [MESSAGE][PASSED] - Object 'Object Repository/CERTPAY_QUICKSTI/Payment_Information_Page/PAYMENT_AMOUNT' is present

2021-03-19 18:02:17 - [MESSAGE][PASSED] - Text '25.00' is set on object 'Object Repository/CERTPAY_QUICKSTI/Payment_Information_Page/PAYMENT_AMOUNT'

2021-03-19 18:02:17 - [MESSAGE][PASSED] - Quicksti_Master.ts:Entered'25.00 into Payment Amount

2021-03-19 18:02:17 - [TEST_STEP][PASSED] - pages.Quicksti.setAmountDetailsForMultiBureau("0", paymentType, "0", referenceNum, quantity): Quicksti_Master.ts:Entered'2 into Quntity

2021-03-19 18:02:18 - [MESSAGE][PASSED] - Object '' is visible

2021-03-19 18:02:18 - [MESSAGE][PASSED] - Object '' is present

2021-03-19 18:02:19 - [MESSAGE][PASSED] - Object: '' is clicked on

2021-03-19 18:02:21 - [MESSAGE][PASSED] - All options with label 'Gifts' are selected in object ''  using regular expression

2021-03-19 18:02:21 - [MESSAGE][PASSED] - selected dropdown option by visible text  Giftsfrom Payment Type

2021-03-19 18:02:21 - [MESSAGE][PASSED] - Object '' is present

2021-03-19 18:02:22 - [MESSAGE][PASSED] - Object '' is visible

2021-03-19 18:02:22 - [MESSAGE][PASSED] - Object '' is present

2021-03-19 18:02:24 - [MESSAGE][PASSED] - Text '12' is set on object ''

2021-03-19 18:02:24 - [MESSAGE][PASSED] - Quicksti_Master.ts:Entered'12 into RefrenceNumber

2021-03-19 18:02:24 - [MESSAGE][PASSED] - Object '' is present

2021-03-19 18:02:24 - [MESSAGE][PASSED] - Object '' is visible

2021-03-19 18:02:25 - [MESSAGE][PASSED] - Object '' is present

2021-03-19 18:02:27 - [MESSAGE][PASSED] - Text '2' is set on object ''

2021-03-19 18:02:27 - [MESSAGE][PASSED] - Quicksti_Master.ts:Entered'2 into Quntity

2021-03-19 18:02:27 - [TEST_STEP][PASSED] - utilities.SafeActions.safeType(findTestObject("CERTPAY_QUICKSTI/Payment_Information_Page/MULTIBUREAU_PAYMENT_AMOUNT"), paymentAmount, "Payment Amount", [pageLoadTime]): Quicksti_Master.ts:Entered'25.00 into Payment Amount

2021-03-19 18:02:27 - [MESSAGE][PASSED] - Object 'Object Repository/CERTPAY_QUICKSTI/Payment_Information_Page/MULTIBUREAU_PAYMENT_AMOUNT' is present

2021-03-19 18:02:28 - [MESSAGE][PASSED] - Object 'Object Repository/CERTPAY_QUICKSTI/Payment_Information_Page/MULTIBUREAU_PAYMENT_AMOUNT' is visible

2021-03-19 18:02:28 - [MESSAGE][PASSED] - Object 'Object Repository/CERTPAY_QUICKSTI/Payment_Information_Page/MULTIBUREAU_PAYMENT_AMOUNT' is present

2021-03-19 18:02:30 - [MESSAGE][PASSED] - Text '25.00' is set on object 'Object Repository/CERTPAY_QUICKSTI/Payment_Information_Page/MULTIBUREAU_PAYMENT_AMOUNT'

2021-03-19 18:02:30 - [MESSAGE][PASSED] - Quicksti_Master.ts:Entered'25.00 into Payment Amount

2021-03-19 18:02:30 - [TEST_STEP][PASSED] - pages.Quicksti.setAmountDetailsForMultiBureau("0", "Registration Fees", "1", referenceNum, quantity): Quicksti_Master.ts:Entered'2 into Quntity

2021-03-19 18:02:31 - [MESSAGE][PASSED] - Object '' is visible

2021-03-19 18:02:31 - [MESSAGE][PASSED] - Object '' is present

2021-03-19 18:02:32 - [MESSAGE][PASSED] - Object: '' is clicked on

2021-03-19 18:02:34 - [MESSAGE][PASSED] - All options with label 'Registration Fees' are selected in object ''  using regular expression

2021-03-19 18:02:34 - [MESSAGE][PASSED] - selected dropdown option by visible text  Registration Feesfrom Payment Type

2021-03-19 18:02:34 - [MESSAGE][PASSED] - Object '' is present

2021-03-19 18:02:35 - [MESSAGE][PASSED] - Object '' is visible

2021-03-19 18:02:35 - [MESSAGE][PASSED] - Object '' is present

2021-03-19 18:02:37 - [MESSAGE][PASSED] - Text '12' is set on object ''

2021-03-19 18:02:37 - [MESSAGE][PASSED] - Quicksti_Master.ts:Entered'12 into RefrenceNumber

2021-03-19 18:02:37 - [MESSAGE][PASSED] - Object '' is present

2021-03-19 18:02:38 - [MESSAGE][PASSED] - Object '' is visible

2021-03-19 18:02:38 - [MESSAGE][PASSED] - Object '' is present

2021-03-19 18:02:40 - [MESSAGE][PASSED] - Text '2' is set on object ''

2021-03-19 18:02:40 - [MESSAGE][PASSED] - Quicksti_Master.ts:Entered'2 into Quntity

2021-03-19 18:02:40 - [TEST_STEP][PASSED] - utilities.SafeActions.safeType(findTestObject("CERTPAY_QUICKSTI/Payment_Information_Page/MULTIBUREAU_PAY_AMOUNT2"), paymentAmount, "Payment Amount", [pageLoadTime]): Quicksti_Master.ts:Entered'25.00 into Payment Amount

2021-03-19 18:02:40 - [MESSAGE][PASSED] - Object 'Object Repository/CERTPAY_QUICKSTI/Payment_Information_Page/MULTIBUREAU_PAY_AMOUNT2' is present

2021-03-19 18:02:41 - [MESSAGE][PASSED] - Object 'Object Repository/CERTPAY_QUICKSTI/Payment_Information_Page/MULTIBUREAU_PAY_AMOUNT2' is visible

2021-03-19 18:02:41 - [MESSAGE][PASSED] - Object 'Object Repository/CERTPAY_QUICKSTI/Payment_Information_Page/MULTIBUREAU_PAY_AMOUNT2' is present

2021-03-19 18:02:43 - [MESSAGE][PASSED] - Text '25.00' is set on object 'Object Repository/CERTPAY_QUICKSTI/Payment_Information_Page/MULTIBUREAU_PAY_AMOUNT2'

2021-03-19 18:02:43 - [MESSAGE][PASSED] - Quicksti_Master.ts:Entered'25.00 into Payment Amount

2021-03-19 18:02:43 - [TEST_STEP][PASSED] - pages.Quicksti.setCommnets("2", "0", "Tester"): Quicksti_Master.ts:Entered'Tester into Comments

2021-03-19 18:02:43 - [MESSAGE][PASSED] - Object '' is present

2021-03-19 18:02:44 - [MESSAGE][PASSED] - Object '' is visible

2021-03-19 18:02:44 - [MESSAGE][PASSED] - Object '' is present

2021-03-19 18:02:46 - [MESSAGE][PASSED] - Text 'Tester' is set on object ''

2021-03-19 18:02:46 - [MESSAGE][PASSED] - Quicksti_Master.ts:Entered'Tester into Comments

2021-03-19 18:02:46 - [TEST_STEP][PASSED] - pages.Quicksti.setAmountDetailsForMultiBureau("0", "Vehicles", "2", referenceNum, quantity): Quicksti_Master.ts:Entered'2 into Quntity

2021-03-19 18:02:46 - [MESSAGE][PASSED] - Object '' is visible

2021-03-19 18:02:47 - [MESSAGE][PASSED] - Object '' is present

2021-03-19 18:02:48 - [MESSAGE][PASSED] - Object: '' is clicked on

2021-03-19 18:02:49 - [MESSAGE][PASSED] - All options with label 'Vehicles' are selected in object ''  using regular expression

2021-03-19 18:02:49 - [MESSAGE][PASSED] - selected dropdown option by visible text  Vehiclesfrom Payment Type

2021-03-19 18:02:50 - [MESSAGE][PASSED] - Object '' is present

2021-03-19 18:02:50 - [MESSAGE][PASSED] - Object '' is visible

2021-03-19 18:02:50 - [MESSAGE][PASSED] - Object '' is present

2021-03-19 18:02:52 - [MESSAGE][PASSED] - Text '12' is set on object ''

2021-03-19 18:02:52 - [MESSAGE][PASSED] - Quicksti_Master.ts:Entered'12 into RefrenceNumber

2021-03-19 18:02:53 - [MESSAGE][PASSED] - Object '' is present

2021-03-19 18:02:53 - [MESSAGE][PASSED] - Object '' is visible

2021-03-19 18:02:53 - [MESSAGE][PASSED] - Object '' is present

2021-03-19 18:02:55 - [MESSAGE][PASSED] - Text '2' is set on object ''

2021-03-19 18:02:55 - [MESSAGE][PASSED] - Quicksti_Master.ts:Entered'2 into Quntity

2021-03-19 18:02:55 - [TEST_STEP][PASSED] - utilities.SafeActions.safeClick(findTestObject("CERTPAY_QUICKSTI/Payment_Information_Page/MANUAL_ENTRY_BUTTON"), "ManualEntry", [pageLoadTime]): Quicksti_Master.ts:Clicked on the ManualEntry

2021-03-19 18:02:55 - [MESSAGE][INFO] - safeClicking

2021-03-19 18:02:56 - [MESSAGE][PASSED] - Object 'Object Repository/CERTPAY_QUICKSTI/Payment_Information_Page/MANUAL_ENTRY_BUTTON' is present

2021-03-19 18:02:56 - [MESSAGE][PASSED] - Object 'Object Repository/CERTPAY_QUICKSTI/Payment_Information_Page/MANUAL_ENTRY_BUTTON' is clickable

2021-03-19 18:03:00 - [MESSAGE][PASSED] - Object: 'Object Repository/CERTPAY_QUICKSTI/Payment_Information_Page/MANUAL_ENTRY_BUTTON' is clicked on

2021-03-19 18:03:00 - [MESSAGE][PASSED] - Quicksti_Master.ts:Clicked on the ManualEntry

2021-03-19 18:03:00 - [TEST_STEP][PASSED] - amount_Value = pages.Quicksti.getAttributeValue(findTestObject("CERTPAY_QUICKSTI/Payment_Information_Page/SUB_TOTAL")): pages.Quicksti.getAttributeValue is PASSED

2021-03-19 18:03:02 - [MESSAGE][PASSED] - Attribute 'value' of object 'Object Repository/CERTPAY_QUICKSTI/Payment_Information_Page/SUB_TOTAL' is: '50.00'

2021-03-19 18:03:02 - [MESSAGE][PASSED] - pages.Quicksti.getAttributeValue is PASSED

2021-03-19 18:03:02 - [TEST_STEP][PASSED] - CardNumber = pages.Quicksti.setUserPaymentDetails(firstName, lastName, cardNum): Quicksti_Master.ts:Entered'5567887196285070 into CardNum

2021-03-19 18:03:02 - [MESSAGE][PASSED] - Object 'Object Repository/CERTPAY_QUICKSTI/Payment_Information_Page/FIRST_NAME' is present

2021-03-19 18:03:03 - [MESSAGE][PASSED] - Object 'Object Repository/CERTPAY_QUICKSTI/Payment_Information_Page/FIRST_NAME' is visible

2021-03-19 18:03:03 - [MESSAGE][PASSED] - Object 'Object Repository/CERTPAY_QUICKSTI/Payment_Information_Page/FIRST_NAME' is present

2021-03-19 18:03:05 - [MESSAGE][PASSED] - Text 'Venkata' is set on object 'Object Repository/CERTPAY_QUICKSTI/Payment_Information_Page/FIRST_NAME'

2021-03-19 18:03:05 - [MESSAGE][PASSED] - Quicksti_Master.ts:Entered'Venkata into FirstName

2021-03-19 18:03:05 - [MESSAGE][PASSED] - Object 'Object Repository/CERTPAY_QUICKSTI/Payment_Information_Page/LAST_NAME' is present

2021-03-19 18:03:06 - [MESSAGE][PASSED] - Object 'Object Repository/CERTPAY_QUICKSTI/Payment_Information_Page/LAST_NAME' is visible

2021-03-19 18:03:06 - [MESSAGE][PASSED] - Object 'Object Repository/CERTPAY_QUICKSTI/Payment_Information_Page/LAST_NAME' is present

2021-03-19 18:03:08 - [MESSAGE][PASSED] - Text 'Annam' is set on object 'Object Repository/CERTPAY_QUICKSTI/Payment_Information_Page/LAST_NAME'

2021-03-19 18:03:08 - [MESSAGE][PASSED] - Quicksti_Master.ts:Entered'Annam into LAstName

2021-03-19 18:03:08 - [MESSAGE][PASSED] - Object 'Object Repository/CERTPAY_QUICKSTI/Payment_Information_Page/CARD_NUMBER' is present

2021-03-19 18:03:09 - [MESSAGE][PASSED] - Object 'Object Repository/CERTPAY_QUICKSTI/Payment_Information_Page/CARD_NUMBER' is visible

2021-03-19 18:03:09 - [MESSAGE][PASSED] - Object 'Object Repository/CERTPAY_QUICKSTI/Payment_Information_Page/CARD_NUMBER' is present

2021-03-19 18:03:11 - [MESSAGE][PASSED] - Text '5567887196285070' is set on object 'Object Repository/CERTPAY_QUICKSTI/Payment_Information_Page/CARD_NUMBER'

2021-03-19 18:03:11 - [MESSAGE][PASSED] - Quicksti_Master.ts:Entered'5567887196285070 into CardNum

2021-03-19 18:03:11 - [TEST_STEP][PASSED] - pages.Quicksti.setExpDate(expMonth, expYear, securityCode): Quicksti_Master.ts:Entered'207 into securityCode

2021-03-19 18:03:11 - [MESSAGE][PASSED] - Object 'Object Repository/CERTPAY_QUICKSTI/Payment_Information_Page/EXP_MONTH' is visible

2021-03-19 18:03:12 - [MESSAGE][PASSED] - Object 'Object Repository/CERTPAY_QUICKSTI/Payment_Information_Page/EXP_MONTH' is present

2021-03-19 18:03:13 - [MESSAGE][PASSED] - Object: 'Object Repository/CERTPAY_QUICKSTI/Payment_Information_Page/EXP_MONTH' is clicked on

2021-03-19 18:03:15 - [MESSAGE][PASSED] - All options with label '04' are selected in object 'Object Repository/CERTPAY_QUICKSTI/Payment_Information_Page/EXP_MONTH'  using regular expression

2021-03-19 18:03:15 - [MESSAGE][PASSED] - selected dropdown option by visible text  04from expMonth

2021-03-19 18:03:16 - [MESSAGE][PASSED] - Object 'Object Repository/CERTPAY_QUICKSTI/Payment_Information_Page/EXP_YEAR' is visible

2021-03-19 18:03:16 - [MESSAGE][PASSED] - Object 'Object Repository/CERTPAY_QUICKSTI/Payment_Information_Page/EXP_YEAR' is present

2021-03-19 18:03:17 - [MESSAGE][PASSED] - Object: 'Object Repository/CERTPAY_QUICKSTI/Payment_Information_Page/EXP_YEAR' is clicked on

2021-03-19 18:03:20 - [MESSAGE][PASSED] - All options with label '2023' are selected in object 'Object Repository/CERTPAY_QUICKSTI/Payment_Information_Page/EXP_YEAR'  using regular expression

2021-03-19 18:03:20 - [MESSAGE][PASSED] - selected dropdown option by visible text  2023from  expYear

2021-03-19 18:03:20 - [MESSAGE][PASSED] - Object 'Object Repository/CERTPAY_QUICKSTI/Payment_Information_Page/SECURITY_CODE' is present

2021-03-19 18:03:21 - [MESSAGE][PASSED] - Object 'Object Repository/CERTPAY_QUICKSTI/Payment_Information_Page/SECURITY_CODE' is visible

2021-03-19 18:03:21 - [MESSAGE][PASSED] - Object 'Object Repository/CERTPAY_QUICKSTI/Payment_Information_Page/SECURITY_CODE' is present

2021-03-19 18:03:23 - [MESSAGE][PASSED] - Text '207' is set on object 'Object Repository/CERTPAY_QUICKSTI/Payment_Information_Page/SECURITY_CODE'

2021-03-19 18:03:23 - [MESSAGE][PASSED] - Quicksti_Master.ts:Entered'207 into securityCode

2021-03-19 18:03:23 - [TEST_STEP][PASSED] - utilities.SafeActions.safeType(findTestObject("CERTPAY_QUICKSTI/Payment_Information_Page/ADDRESS"), address, "Address", [pageLoadTime]): Quicksti_Master.ts:Entered'14-2 into Address

2021-03-19 18:03:23 - [MESSAGE][PASSED] - Object 'Object Repository/CERTPAY_QUICKSTI/Payment_Information_Page/ADDRESS' is present

2021-03-19 18:03:24 - [MESSAGE][PASSED] - Object 'Object Repository/CERTPAY_QUICKSTI/Payment_Information_Page/ADDRESS' is visible

2021-03-19 18:03:24 - [MESSAGE][PASSED] - Object 'Object Repository/CERTPAY_QUICKSTI/Payment_Information_Page/ADDRESS' is present

2021-03-19 18:03:26 - [MESSAGE][PASSED] - Text '14-2' is set on object 'Object Repository/CERTPAY_QUICKSTI/Payment_Information_Page/ADDRESS'

2021-03-19 18:03:26 - [MESSAGE][PASSED] - Quicksti_Master.ts:Entered'14-2 into Address

2021-03-19 18:03:26 - [TEST_STEP][PASSED] - utilities.SafeActions.safeType(findTestObject("CERTPAY_QUICKSTI/Payment_Information_Page/ZIP_CODE"), zipCode, "zipcode", [pageLoadTime]): Quicksti_Master.ts:Entered'76102 into zipcode

2021-03-19 18:03:26 - [MESSAGE][PASSED] - Object 'Object Repository/CERTPAY_QUICKSTI/Payment_Information_Page/ZIP_CODE' is present

2021-03-19 18:03:27 - [MESSAGE][PASSED] - Object 'Object Repository/CERTPAY_QUICKSTI/Payment_Information_Page/ZIP_CODE' is visible

2021-03-19 18:03:27 - [MESSAGE][PASSED] - Object 'Object Repository/CERTPAY_QUICKSTI/Payment_Information_Page/ZIP_CODE' is present

2021-03-19 18:03:29 - [MESSAGE][PASSED] - Text '76102' is set on object 'Object Repository/CERTPAY_QUICKSTI/Payment_Information_Page/ZIP_CODE'

2021-03-19 18:03:29 - [MESSAGE][PASSED] - Quicksti_Master.ts:Entered'76102 into zipcode

2021-03-19 18:03:29 - [TEST_STEP][PASSED] - utilities.SafeActions.safeType(findTestObject("CERTPAY_QUICKSTI/Payment_Information_Page/TELEPHONE"), telephone, "Telephone", [pageLoadTime]): Quicksti_Master.ts:Entered'9989897654 into Telephone

2021-03-19 18:03:30 - [MESSAGE][PASSED] - Object 'Object Repository/CERTPAY_QUICKSTI/Payment_Information_Page/TELEPHONE' is present

2021-03-19 18:03:30 - [MESSAGE][PASSED] - Object 'Object Repository/CERTPAY_QUICKSTI/Payment_Information_Page/TELEPHONE' is visible

2021-03-19 18:03:30 - [MESSAGE][PASSED] - Object 'Object Repository/CERTPAY_QUICKSTI/Payment_Information_Page/TELEPHONE' is present

2021-03-19 18:03:32 - [MESSAGE][PASSED] - Text '9989897654' is set on object 'Object Repository/CERTPAY_QUICKSTI/Payment_Information_Page/TELEPHONE'

2021-03-19 18:03:32 - [MESSAGE][PASSED] - Quicksti_Master.ts:Entered'9989897654 into Telephone

2021-03-19 18:03:32 - [TEST_STEP][PASSED] - utilities.SafeActions.safeType(findTestObject("CERTPAY_QUICKSTI/Payment_Information_Page/EMAIL_ADDRESS"), emailAddress, "EMAIL address", [pageLoadTime]): Quicksti_Master.ts:Entered'testing@zenq.com into EMAIL address

2021-03-19 18:03:33 - [MESSAGE][PASSED] - Object 'Object Repository/CERTPAY_QUICKSTI/Payment_Information_Page/EMAIL_ADDRESS' is present

2021-03-19 18:03:33 - [MESSAGE][PASSED] - Object 'Object Repository/CERTPAY_QUICKSTI/Payment_Information_Page/EMAIL_ADDRESS' is visible

2021-03-19 18:03:33 - [MESSAGE][PASSED] - Object 'Object Repository/CERTPAY_QUICKSTI/Payment_Information_Page/EMAIL_ADDRESS' is present

2021-03-19 18:03:35 - [MESSAGE][PASSED] - Text 'testing@zenq.com' is set on object 'Object Repository/CERTPAY_QUICKSTI/Payment_Information_Page/EMAIL_ADDRESS'

2021-03-19 18:03:35 - [MESSAGE][PASSED] - Quicksti_Master.ts:Entered'testing@zenq.com into EMAIL address

2021-03-19 18:03:35 - [TEST_STEP][PASSED] - utilities.SafeActions.safeClick(findTestObject("CERTPAY_QUICKSTI/Payment_Information_Page/NEXT_BUTTON"), "Next", [pageLoadTime]): Quicksti_Master.ts:Clicked on the Next

2021-03-19 18:03:35 - [MESSAGE][INFO] - safeClicking

2021-03-19 18:03:36 - [MESSAGE][PASSED] - Object 'Object Repository/CERTPAY_QUICKSTI/Payment_Information_Page/NEXT_BUTTON' is present

2021-03-19 18:03:36 - [MESSAGE][PASSED] - Object 'Object Repository/CERTPAY_QUICKSTI/Payment_Information_Page/NEXT_BUTTON' is clickable

2021-03-19 18:03:39 - [MESSAGE][PASSED] - Object: 'Object Repository/CERTPAY_QUICKSTI/Payment_Information_Page/NEXT_BUTTON' is clicked on

2021-03-19 18:03:39 - [MESSAGE][PASSED] - Quicksti_Master.ts:Clicked on the Next

2021-03-19 18:03:39 - [TEST_STEP][PASSED] - pages.Quicksti.verifyUserPaymentDetails(paymentAmount, firstName, lastName, CardNumber): pages.Quicksti.verifyUserPaymentDetails is PASSED

2021-03-19 18:03:39 - [MESSAGE][PASSED] - Text of object 'Object Repository/CERTPAY_QUICKSTI/Payment_Details_Verification_Page/AMOUNT' is: '$25.00'

2021-03-19 18:03:39 - [MESSAGE][PASSED] - Actual text '25.00' and expected text '25.00' are matched  using regular expression

2021-03-19 18:03:40 - [MESSAGE][PASSED] - Text of object 'Object Repository/CERTPAY_QUICKSTI/Payment_Details_Verification_Page/NAME' is: 'Venkata Annam'

2021-03-19 18:03:40 - [MESSAGE][PASSED] - Actual text 'Venkata Annam' and expected text 'Venkata Annam' are matched  using regular expression

2021-03-19 18:03:40 - [MESSAGE][PASSED] - Text of object 'Object Repository/CERTPAY_QUICKSTI/Payment_Details_Verification_Page/CARD_NUMBER' is: '...5070'

2021-03-19 18:03:40 - [MESSAGE][PASSED] - Actual text '5070' and expected text '5070' are matched  using regular expression

2021-03-19 18:03:40 - [MESSAGE][PASSED] - pages.Quicksti.verifyUserPaymentDetails is PASSED

2021-03-19 18:03:40 - [TEST_STEP][PASSED] - delay(2): Delayed 2 second(s)

2021-03-19 18:03:42 - [MESSAGE][PASSED] - Delayed 2 second(s)

2021-03-19 18:03:42 - [TEST_STEP][PASSED] - ConvFee = getText(findTestObject("CERTPAY_QUICKSTI/Payment_Information_Page/CONV_FEE")): Text of object 'Object Repository/CERTPAY_QUICKSTI/Payment_Information_Page/CONV_FEE' is: '$1.08'

2021-03-19 18:03:43 - [MESSAGE][PASSED] - Text of object 'Object Repository/CERTPAY_QUICKSTI/Payment_Information_Page/CONV_FEE' is: '$1.08'

2021-03-19 18:03:43 - [TEST_STEP][PASSED] - scrollToElement(findTestObject("CERTPAY_QUICKSTI/Payment_Details_Verification_Page/PROCESS"), 0): Scroll to object 'Object Repository/CERTPAY_QUICKSTI/Payment_Details_Verification_Page/PROCESS' successfully

2021-03-19 18:03:43 - [MESSAGE][WARNING] - Timeout '0' is invalid. Using default page load timeout: '30'

2021-03-19 18:03:44 - [MESSAGE][PASSED] - Scroll to object 'Object Repository/CERTPAY_QUICKSTI/Payment_Details_Verification_Page/PROCESS' successfully

2021-03-19 18:03:44 - [TEST_STEP][PASSED] - utilities.SafeActions.safeClick(findTestObject("CERTPAY_QUICKSTI/Payment_Details_Verification_Page/PROCESS"), "Process", [pageLoadTime]): Quicksti_Master.ts:Clicked on the Process

2021-03-19 18:03:44 - [MESSAGE][INFO] - safeClicking

2021-03-19 18:03:44 - [MESSAGE][PASSED] - Object 'Object Repository/CERTPAY_QUICKSTI/Payment_Details_Verification_Page/PROCESS' is present

2021-03-19 18:03:44 - [MESSAGE][PASSED] - Object 'Object Repository/CERTPAY_QUICKSTI/Payment_Details_Verification_Page/PROCESS' is clickable

2021-03-19 18:03:50 - [MESSAGE][PASSED] - Object: 'Object Repository/CERTPAY_QUICKSTI/Payment_Details_Verification_Page/PROCESS' is clicked on

2021-03-19 18:03:50 - [MESSAGE][PASSED] - Quicksti_Master.ts:Clicked on the Process

2021-03-19 18:03:50 - [TEST_STEP][PASSED] - PaymentId = pages.Quicksti.verifyPaymentApproval(findTestObject("CERTPAY_QUICKSTI/Payment_Details_Verification_Page/APPROVED")): Payment is approved

2021-03-19 18:03:51 - [MESSAGE][PASSED] - Text of object 'Object Repository/CERTPAY_QUICKSTI/Payment_Details_Verification_Page/PAYMENT_ID' is: '100176225270'

2021-03-19 18:03:51 - [MESSAGE][PASSED] - Object 'Object Repository/CERTPAY_QUICKSTI/Payment_Details_Verification_Page/APPROVED' is present

2021-03-19 18:03:51 - [MESSAGE][PASSED] - Payment is approved

2021-03-19 18:03:53 - [TEST_STEP][PASSED] - navigateToUrl(Admin_url): Navigate to 'https://qa-certpayadmin.faps.net' successfully

2021-03-19 18:03:58 - [MESSAGE][PASSED] - Navigate to 'https://qa-certpayadmin.faps.net' successfully

2021-03-19 18:03:58 - [TEST_STEP][PASSED] - pages.Bureau_Login_Page.loginToAdminSite(AdminUsername, AdminPassword): Quicksti_Master.ts:Clicked on the LOGIN

2021-03-19 18:03:59 - [MESSAGE][PASSED] - Object 'Object Repository/CERTPAY_ADMIN/USER_NAME' is present

2021-03-19 18:03:59 - [MESSAGE][PASSED] - Object 'Object Repository/CERTPAY_ADMIN/USER_NAME' is visible

2021-03-19 18:03:59 - [MESSAGE][PASSED] - Object 'Object Repository/CERTPAY_ADMIN/USER_NAME' is present

2021-03-19 18:04:01 - [MESSAGE][PASSED] - Text 'VVangiliappan' is set on object 'Object Repository/CERTPAY_ADMIN/USER_NAME'

2021-03-19 18:04:01 - [MESSAGE][PASSED] - Quicksti_Master.ts:Entered'VVangiliappan into username

2021-03-19 18:04:02 - [MESSAGE][PASSED] - Object 'Object Repository/CERTPAY_ADMIN/PASSWORD' is present

2021-03-19 18:04:02 - [MESSAGE][PASSED] - Object 'Object Repository/CERTPAY_ADMIN/PASSWORD' is visible

2021-03-19 18:04:02 - [MESSAGE][PASSED] - Object 'Object Repository/CERTPAY_ADMIN/PASSWORD' is present

2021-03-19 18:04:04 - [MESSAGE][PASSED] - Text 'Test111!' is set on object 'Object Repository/CERTPAY_ADMIN/PASSWORD'

2021-03-19 18:04:04 - [MESSAGE][PASSED] - Quicksti_Master.ts:Entered'Test111! into password

2021-03-19 18:04:04 - [MESSAGE][INFO] - safeClicking

2021-03-19 18:04:05 - [MESSAGE][PASSED] - Object 'Object Repository/CERTPAY_ADMIN/LOGIN_BUTTON' is present

2021-03-19 18:04:05 - [MESSAGE][PASSED] - Object 'Object Repository/CERTPAY_ADMIN/LOGIN_BUTTON' is clickable

2021-03-19 18:04:14 - [MESSAGE][PASSED] - Object: 'Object Repository/CERTPAY_ADMIN/LOGIN_BUTTON' is clicked on

2021-03-19 18:04:14 - [MESSAGE][PASSED] - Quicksti_Master.ts:Clicked on the LOGIN

2021-03-19 18:04:14 - [TEST_STEP][PASSED] - utilities.SafeActions.safeClick(findTestObject("CERTPAY_ADMIN/TRANSACTION_MENU"), "TransactionMenu", [pageLoadTime]): Quicksti_Master.ts:Clicked on the TransactionMenu

2021-03-19 18:04:14 - [MESSAGE][INFO] - safeClicking

2021-03-19 18:04:15 - [MESSAGE][PASSED] - Object 'Object Repository/CERTPAY_ADMIN/TRANSACTION_MENU' is present

2021-03-19 18:04:15 - [MESSAGE][PASSED] - Object 'Object Repository/CERTPAY_ADMIN/TRANSACTION_MENU' is clickable

2021-03-19 18:04:17 - [MESSAGE][PASSED] - Object: 'Object Repository/CERTPAY_ADMIN/TRANSACTION_MENU' is clicked on

2021-03-19 18:04:17 - [MESSAGE][PASSED] - Quicksti_Master.ts:Clicked on the TransactionMenu

2021-03-19 18:04:17 - [TEST_STEP][PASSED] - utilities.SafeActions.safeClick(findTestObject("CERTPAY_ADMIN/TRANSACTION_SEARCH"), "TransactionSearch", [pageLoadTime]): Quicksti_Master.ts:Clicked on the TransactionSearch

2021-03-19 18:04:17 - [MESSAGE][INFO] - safeClicking

2021-03-19 18:04:17 - [MESSAGE][PASSED] - Object 'Object Repository/CERTPAY_ADMIN/TRANSACTION_SEARCH' is present

2021-03-19 18:04:17 - [MESSAGE][PASSED] - Object 'Object Repository/CERTPAY_ADMIN/TRANSACTION_SEARCH' is clickable

2021-03-19 18:04:21 - [MESSAGE][PASSED] - Object: 'Object Repository/CERTPAY_ADMIN/TRANSACTION_SEARCH' is clicked on

2021-03-19 18:04:21 - [MESSAGE][PASSED] - Quicksti_Master.ts:Clicked on the TransactionSearch

2021-03-19 18:04:21 - [TEST_STEP][PASSED] - utilities.SafeActions.safeType(findTestObject("CERTPAY_ADMIN/PAYMENT_ID"), PaymentId, "Payment id", [pageLoadTime]): Quicksti_Master.ts:Entered'100176225270 into Payment id

2021-03-19 18:04:22 - [MESSAGE][PASSED] - Object 'Object Repository/CERTPAY_ADMIN/PAYMENT_ID' is present

2021-03-19 18:04:22 - [MESSAGE][PASSED] - Object 'Object Repository/CERTPAY_ADMIN/PAYMENT_ID' is visible

2021-03-19 18:04:22 - [MESSAGE][PASSED] - Object 'Object Repository/CERTPAY_ADMIN/PAYMENT_ID' is present

2021-03-19 18:04:24 - [MESSAGE][PASSED] - Text '100176225270' is set on object 'Object Repository/CERTPAY_ADMIN/PAYMENT_ID'

2021-03-19 18:04:24 - [MESSAGE][PASSED] - Quicksti_Master.ts:Entered'100176225270 into Payment id

2021-03-19 18:04:24 - [TEST_STEP][PASSED] - utilities.SafeActions.safeClick(findTestObject("CERTPAY_ADMIN/GO_BUTTON"), "Go button", [pageLoadTime]): Quicksti_Master.ts:Clicked on the Go button

2021-03-19 18:04:24 - [MESSAGE][INFO] - safeClicking

2021-03-19 18:04:25 - [MESSAGE][PASSED] - Object 'Object Repository/CERTPAY_ADMIN/GO_BUTTON' is present

2021-03-19 18:04:25 - [MESSAGE][PASSED] - Object 'Object Repository/CERTPAY_ADMIN/GO_BUTTON' is clickable

2021-03-19 18:04:29 - [MESSAGE][PASSED] - Object: 'Object Repository/CERTPAY_ADMIN/GO_BUTTON' is clicked on

2021-03-19 18:04:29 - [MESSAGE][PASSED] - Quicksti_Master.ts:Clicked on the Go button

2021-03-19 18:04:29 - [TEST_STEP][PASSED] - delay(5): Delayed 5 second(s)

2021-03-19 18:04:34 - [MESSAGE][PASSED] - Delayed 5 second(s)

2021-03-19 18:04:34 - [TEST_STEP][PASSED] - scrollToPosition(800, 900): Browser is scrolled to position x = 800, y = 900

2021-03-19 18:04:34 - [MESSAGE][PASSED] - Browser is scrolled to position x = 800, y = 900

2021-03-19 18:04:34 - [TEST_STEP][PASSED] - pages.Search_Page.validatePaymentAmount(amount_Value, ConvFee): Verified payment details successfully 

2021-03-19 18:04:34 - [MESSAGE][PASSED] - Text of object 'Object Repository/CERTPAY_ADMIN/PAYMENT_AMOUNT' is: '$50.00'

2021-03-19 18:04:34 - [MESSAGE][PASSED] - Actual text '50.00' and expected text '50.00' are matched  using regular expression

2021-03-19 18:04:35 - [MESSAGE][PASSED] - Text of object 'Object Repository/CERTPAY_ADMIN/CONV_FEE' is: '$1.08'

2021-03-19 18:04:35 - [MESSAGE][PASSED] - Actual text '1.08' and expected text '1.08' are matched  using regular expression

2021-03-19 18:04:35 - [MESSAGE][PASSED] - Verified payment details successfully 

2021-03-19 18:04:35 - [TEST_STEP][PASSED] - firstName = data.getValue("FirstName", index): null

2021-03-19 18:04:35 - [TEST_STEP][PASSED] - lastName = data.getValue("LastName", index): null

2021-03-19 18:04:35 - [TEST_STEP][PASSED] - expMonth = data.getValue("ExpMonth", index): null

2021-03-19 18:04:35 - [TEST_STEP][PASSED] - expYear = data.getValue("ExpYear", index): null

2021-03-19 18:04:35 - [TEST_STEP][PASSED] - securityCode = data.getValue("SecurityCode", index): null

2021-03-19 18:04:35 - [TEST_STEP][PASSED] - paymentAmount = data.getValue("PaymentAmount", index): null

2021-03-19 18:04:35 - [TEST_STEP][PASSED] - paymentType = data.getValue("PaymentType", index): null

2021-03-19 18:04:35 - [TEST_STEP][PASSED] - quantity = data.getValue("Quantity", index): null

2021-03-19 18:04:35 - [TEST_STEP][PASSED] - comments = data.getValue("Comments", index): null

2021-03-19 18:04:35 - [TEST_STEP][PASSED] - referenceNum = data.getValue("ReferenceNum", index): null

2021-03-19 18:04:35 - [TEST_STEP][PASSED] - address = data.getValue("Address", index): null

2021-03-19 18:04:35 - [TEST_STEP][PASSED] - zipCode = data.getValue("Zipcode", index): null

2021-03-19 18:04:35 - [TEST_STEP][PASSED] - telephone = data.getValue("Telephone", index): null

2021-03-19 18:04:35 - [TEST_STEP][PASSED] - emailAddress = data.getValue("EmailAddress", index): null

2021-03-19 18:04:35 - [TEST_STEP][PASSED] - cardNum = data.getValue("CardNumber", index): null

2021-03-19 18:04:35 - [TEST_STEP][PASSED] - cardType = data.getValue("CardType", index): null

2021-03-19 18:04:35 - [TEST_STEP][PASSED] - utilities.SafeActions.openBrowser(Quicksti_Url, [pageLoadTime]): Browser launched successfully

2021-03-19 18:04:35 - [MESSAGE][INFO] - Opening Browser

2021-03-19 18:04:35 - [MESSAGE][WARNING] - A browser is already opened. Closing browser and opening a new one

2021-03-19 18:04:37 - [MESSAGE][INFO] - Starting 'Chrome' driver

2021-03-19 18:04:37 - [MESSAGE][INFO] - Action delay is set to 0 milliseconds

2021-03-19 18:06:14 - [MESSAGE][PASSED] - Browser is opened with url: 'https://qa-certpayquicksti.faps.net/'

2021-03-19 18:06:14 - [MESSAGE][PASSED] - Current window maximized

2021-03-19 18:06:14 - [MESSAGE][PASSED] - Browser launched successfully

2021-03-19 18:06:14 - [TEST_STEP][PASSED] - utilities.SafeActions.safeCheck(findTestObject("CERTPAY_QUICKSTI/Login_ Page/MULTI_BUREAU_CHECKBOX"), "Multi Bureau", [pageLoadTime]): Quicksti_Master.ts:Checkbox 'Multi Bureau'is selected

2021-03-19 18:06:15 - [MESSAGE][PASSED] - Object 'Object Repository/CERTPAY_QUICKSTI/Login_ Page/MULTI_BUREAU_CHECKBOX' is present

2021-03-19 18:06:16 - [MESSAGE][PASSED] - Object 'Object Repository/CERTPAY_QUICKSTI/Login_ Page/MULTI_BUREAU_CHECKBOX' is present

2021-03-19 18:06:17 - [MESSAGE][PASSED] - Object: 'Object Repository/CERTPAY_QUICKSTI/Login_ Page/MULTI_BUREAU_CHECKBOX' is clicked on

2021-03-19 18:06:17 - [MESSAGE][PASSED] - Quicksti_Master.ts:Checkbox 'Multi Bureau'is selected

2021-03-19 18:06:17 - [TEST_STEP][PASSED] - utilities.SafeActions.safeType(findTestObject("CERTPAY_QUICKSTI/Login_ Page/TELLER_ID"), teller_id, "Bureau code", [pageLoadTime]): Quicksti_Master.ts:Entered'zenq into Bureau code

2021-03-19 18:06:19 - [MESSAGE][PASSED] - Object 'Object Repository/CERTPAY_QUICKSTI/Login_ Page/TELLER_ID' is present

2021-03-19 18:06:19 - [MESSAGE][PASSED] - Object 'Object Repository/CERTPAY_QUICKSTI/Login_ Page/TELLER_ID' is visible

2021-03-19 18:06:20 - [MESSAGE][PASSED] - Object 'Object Repository/CERTPAY_QUICKSTI/Login_ Page/TELLER_ID' is present

2021-03-19 18:06:21 - [MESSAGE][PASSED] - Text 'zenq' is set on object 'Object Repository/CERTPAY_QUICKSTI/Login_ Page/TELLER_ID'

2021-03-19 18:06:21 - [MESSAGE][PASSED] - Quicksti_Master.ts:Entered'zenq into Bureau code

2021-03-19 18:06:21 - [TEST_STEP][PASSED] - utilities.SafeActions.safeClick(findTestObject("CERTPAY_QUICKSTI/Login_ Page/NEXT_BUTTON"), "Next button", [pageLoadTime]): Quicksti_Master.ts:Clicked on the Next button

2021-03-19 18:06:22 - [MESSAGE][INFO] - safeClicking

2021-03-19 18:06:22 - [MESSAGE][PASSED] - Object 'Object Repository/CERTPAY_QUICKSTI/Login_ Page/NEXT_BUTTON' is present

2021-03-19 18:06:22 - [MESSAGE][PASSED] - Object 'Object Repository/CERTPAY_QUICKSTI/Login_ Page/NEXT_BUTTON' is clickable

2021-03-19 18:06:27 - [MESSAGE][PASSED] - Object: 'Object Repository/CERTPAY_QUICKSTI/Login_ Page/NEXT_BUTTON' is clicked on

2021-03-19 18:06:27 - [MESSAGE][PASSED] - Quicksti_Master.ts:Clicked on the Next button

2021-03-19 18:06:27 - [TEST_STEP][PASSED] - pages.Quicksti.setCommnets("0", "0", comments): Quicksti_Master.ts:Entered'Testing into Comments

2021-03-19 18:06:27 - [MESSAGE][PASSED] - Object '' is present

2021-03-19 18:06:28 - [MESSAGE][PASSED] - Object '' is visible

2021-03-19 18:06:28 - [MESSAGE][PASSED] - Object '' is present

2021-03-19 18:06:30 - [MESSAGE][PASSED] - Text 'Testing' is set on object ''

2021-03-19 18:06:30 - [MESSAGE][PASSED] - Quicksti_Master.ts:Entered'Testing into Comments

2021-03-19 18:06:30 - [TEST_STEP][PASSED] - utilities.SafeActions.safeType(findTestObject("CERTPAY_QUICKSTI/Payment_Information_Page/PAYMENT_AMOUNT"), paymentAmount, "Payment Amount", [pageLoadTime]): Quicksti_Master.ts:Entered'30.00 into Payment Amount

2021-03-19 18:06:31 - [MESSAGE][PASSED] - Object 'Object Repository/CERTPAY_QUICKSTI/Payment_Information_Page/PAYMENT_AMOUNT' is present

2021-03-19 18:06:31 - [MESSAGE][PASSED] - Object 'Object Repository/CERTPAY_QUICKSTI/Payment_Information_Page/PAYMENT_AMOUNT' is visible

2021-03-19 18:06:32 - [MESSAGE][PASSED] - Object 'Object Repository/CERTPAY_QUICKSTI/Payment_Information_Page/PAYMENT_AMOUNT' is present

2021-03-19 18:06:39 - [MESSAGE][PASSED] - Text '30.00' is set on object 'Object Repository/CERTPAY_QUICKSTI/Payment_Information_Page/PAYMENT_AMOUNT'

2021-03-19 18:06:39 - [MESSAGE][PASSED] - Quicksti_Master.ts:Entered'30.00 into Payment Amount

2021-03-19 18:06:39 - [TEST_STEP][PASSED] - pages.Quicksti.setAmountDetailsForMultiBureau("0", paymentType, "0", referenceNum, quantity): Quicksti_Master.ts:Entered'1 into Quntity

2021-03-19 18:06:41 - [MESSAGE][PASSED] - Object '' is visible

2021-03-19 18:06:43 - [MESSAGE][PASSED] - Object '' is present

2021-03-19 18:06:47 - [MESSAGE][PASSED] - Object: '' is clicked on

2021-03-19 18:06:53 - [MESSAGE][PASSED] - All options with label 'Licenses' are selected in object ''  using regular expression

2021-03-19 18:06:53 - [MESSAGE][PASSED] - selected dropdown option by visible text  Licensesfrom Payment Type

2021-03-19 18:06:55 - [MESSAGE][PASSED] - Object '' is present

2021-03-19 18:06:57 - [MESSAGE][PASSED] - Object '' is visible

2021-03-19 18:06:59 - [MESSAGE][PASSED] - Object '' is present

2021-03-19 18:07:05 - [MESSAGE][PASSED] - Text '13' is set on object ''

2021-03-19 18:07:05 - [MESSAGE][PASSED] - Quicksti_Master.ts:Entered'13 into RefrenceNumber

2021-03-19 18:07:07 - [MESSAGE][PASSED] - Object '' is present

2021-03-19 18:07:09 - [MESSAGE][PASSED] - Object '' is visible

2021-03-19 18:07:10 - [MESSAGE][PASSED] - Object '' is present

2021-03-19 18:07:17 - [MESSAGE][PASSED] - Text '1' is set on object ''

2021-03-19 18:07:17 - [MESSAGE][PASSED] - Quicksti_Master.ts:Entered'1 into Quntity

2021-03-19 18:07:17 - [TEST_STEP][PASSED] - utilities.SafeActions.safeType(findTestObject("CERTPAY_QUICKSTI/Payment_Information_Page/MULTIBUREAU_PAYMENT_AMOUNT"), paymentAmount, "Payment Amount", [pageLoadTime]): Quicksti_Master.ts:Entered'30.00 into Payment Amount

2021-03-19 18:07:19 - [MESSAGE][PASSED] - Object 'Object Repository/CERTPAY_QUICKSTI/Payment_Information_Page/MULTIBUREAU_PAYMENT_AMOUNT' is present

2021-03-19 18:07:21 - [MESSAGE][PASSED] - Object 'Object Repository/CERTPAY_QUICKSTI/Payment_Information_Page/MULTIBUREAU_PAYMENT_AMOUNT' is visible

2021-03-19 18:07:22 - [MESSAGE][PASSED] - Object 'Object Repository/CERTPAY_QUICKSTI/Payment_Information_Page/MULTIBUREAU_PAYMENT_AMOUNT' is present

2021-03-19 18:07:29 - [MESSAGE][PASSED] - Text '30.00' is set on object 'Object Repository/CERTPAY_QUICKSTI/Payment_Information_Page/MULTIBUREAU_PAYMENT_AMOUNT'

2021-03-19 18:07:29 - [MESSAGE][PASSED] - Quicksti_Master.ts:Entered'30.00 into Payment Amount

2021-03-19 18:07:29 - [TEST_STEP][PASSED] - pages.Quicksti.setAmountDetailsForMultiBureau("0", "Registration Fees", "1", referenceNum, quantity): Quicksti_Master.ts:Entered'1 into Quntity

2021-03-19 18:07:31 - [MESSAGE][PASSED] - Object '' is visible

2021-03-19 18:07:32 - [MESSAGE][PASSED] - Object '' is present

2021-03-19 18:07:37 - [MESSAGE][PASSED] - Object: '' is clicked on

2021-03-19 18:07:43 - [MESSAGE][PASSED] - All options with label 'Registration Fees' are selected in object ''  using regular expression

2021-03-19 18:07:43 - [MESSAGE][PASSED] - selected dropdown option by visible text  Registration Feesfrom Payment Type

2021-03-19 18:07:44 - [MESSAGE][PASSED] - Object '' is present

2021-03-19 18:07:47 - [MESSAGE][PASSED] - Object '' is visible

2021-03-19 18:07:48 - [MESSAGE][PASSED] - Object '' is present

2021-03-19 18:07:55 - [MESSAGE][PASSED] - Text '13' is set on object ''

2021-03-19 18:07:55 - [MESSAGE][PASSED] - Quicksti_Master.ts:Entered'13 into RefrenceNumber

2021-03-19 18:07:57 - [MESSAGE][PASSED] - Object '' is present

2021-03-19 18:07:59 - [MESSAGE][PASSED] - Object '' is visible

2021-03-19 18:08:00 - [MESSAGE][PASSED] - Object '' is present

2021-03-19 18:08:07 - [MESSAGE][PASSED] - Text '1' is set on object ''

2021-03-19 18:08:07 - [MESSAGE][PASSED] - Quicksti_Master.ts:Entered'1 into Quntity

2021-03-19 18:08:07 - [TEST_STEP][PASSED] - utilities.SafeActions.safeType(findTestObject("CERTPAY_QUICKSTI/Payment_Information_Page/MULTIBUREAU_PAY_AMOUNT2"), paymentAmount, "Payment Amount", [pageLoadTime]): Quicksti_Master.ts:Entered'30.00 into Payment Amount

2021-03-19 18:08:09 - [MESSAGE][PASSED] - Object 'Object Repository/CERTPAY_QUICKSTI/Payment_Information_Page/MULTIBUREAU_PAY_AMOUNT2' is present

2021-03-19 18:08:12 - [MESSAGE][PASSED] - Object 'Object Repository/CERTPAY_QUICKSTI/Payment_Information_Page/MULTIBUREAU_PAY_AMOUNT2' is visible

2021-03-19 18:08:13 - [MESSAGE][PASSED] - Object 'Object Repository/CERTPAY_QUICKSTI/Payment_Information_Page/MULTIBUREAU_PAY_AMOUNT2' is present

2021-03-19 18:08:20 - [MESSAGE][PASSED] - Text '30.00' is set on object 'Object Repository/CERTPAY_QUICKSTI/Payment_Information_Page/MULTIBUREAU_PAY_AMOUNT2'

2021-03-19 18:08:20 - [MESSAGE][PASSED] - Quicksti_Master.ts:Entered'30.00 into Payment Amount

2021-03-19 18:08:20 - [TEST_STEP][PASSED] - pages.Quicksti.setCommnets("2", "0", "Tester"): Quicksti_Master.ts:Entered'Tester into Comments

2021-03-19 18:08:22 - [MESSAGE][PASSED] - Object '' is present

2021-03-19 18:08:24 - [MESSAGE][PASSED] - Object '' is visible

2021-03-19 18:08:26 - [MESSAGE][PASSED] - Object '' is present

2021-03-19 18:08:32 - [MESSAGE][PASSED] - Text 'Tester' is set on object ''

2021-03-19 18:08:32 - [MESSAGE][PASSED] - Quicksti_Master.ts:Entered'Tester into Comments

2021-03-19 18:08:32 - [TEST_STEP][PASSED] - pages.Quicksti.setAmountDetailsForMultiBureau("0", "Vehicles", "2", referenceNum, quantity): Quicksti_Master.ts:Entered'1 into Quntity

2021-03-19 18:08:34 - [MESSAGE][PASSED] - Object '' is visible

2021-03-19 18:08:36 - [MESSAGE][PASSED] - Object '' is present

2021-03-19 18:08:40 - [MESSAGE][PASSED] - Object: '' is clicked on

2021-03-19 18:08:46 - [MESSAGE][PASSED] - All options with label 'Vehicles' are selected in object ''  using regular expression

2021-03-19 18:08:46 - [MESSAGE][PASSED] - selected dropdown option by visible text  Vehiclesfrom Payment Type

2021-03-19 18:08:48 - [MESSAGE][PASSED] - Object '' is present

2021-03-19 18:08:50 - [MESSAGE][PASSED] - Object '' is visible

2021-03-19 18:08:51 - [MESSAGE][PASSED] - Object '' is present

2021-03-19 18:08:58 - [MESSAGE][PASSED] - Text '13' is set on object ''

2021-03-19 18:08:58 - [MESSAGE][PASSED] - Quicksti_Master.ts:Entered'13 into RefrenceNumber

2021-03-19 18:09:00 - [MESSAGE][PASSED] - Object '' is present

2021-03-19 18:09:02 - [MESSAGE][PASSED] - Object '' is visible

2021-03-19 18:09:04 - [MESSAGE][PASSED] - Object '' is present

2021-03-19 18:09:10 - [MESSAGE][PASSED] - Text '1' is set on object ''

2021-03-19 18:09:10 - [MESSAGE][PASSED] - Quicksti_Master.ts:Entered'1 into Quntity

2021-03-19 18:09:10 - [TEST_STEP][PASSED] - utilities.SafeActions.safeClick(findTestObject("CERTPAY_QUICKSTI/Payment_Information_Page/MANUAL_ENTRY_BUTTON"), "ManualEntry", [pageLoadTime]): Quicksti_Master.ts:Clicked on the ManualEntry

2021-03-19 18:09:10 - [MESSAGE][INFO] - safeClicking

2021-03-19 18:09:11 - [MESSAGE][PASSED] - Object 'Object Repository/CERTPAY_QUICKSTI/Payment_Information_Page/MANUAL_ENTRY_BUTTON' is present

2021-03-19 18:09:14 - [MESSAGE][PASSED] - Object 'Object Repository/CERTPAY_QUICKSTI/Payment_Information_Page/MANUAL_ENTRY_BUTTON' is clickable

2021-03-19 18:09:20 - [MESSAGE][PASSED] - Object: 'Object Repository/CERTPAY_QUICKSTI/Payment_Information_Page/MANUAL_ENTRY_BUTTON' is clicked on

2021-03-19 18:09:20 - [MESSAGE][PASSED] - Quicksti_Master.ts:Clicked on the ManualEntry

2021-03-19 18:09:20 - [TEST_STEP][PASSED] - amount_Value = pages.Quicksti.getAttributeValue(findTestObject("CERTPAY_QUICKSTI/Payment_Information_Page/SUB_TOTAL")): pages.Quicksti.getAttributeValue is PASSED

2021-03-19 18:09:22 - [MESSAGE][PASSED] - Attribute 'value' of object 'Object Repository/CERTPAY_QUICKSTI/Payment_Information_Page/SUB_TOTAL' is: '30.00'

2021-03-19 18:09:22 - [MESSAGE][PASSED] - pages.Quicksti.getAttributeValue is PASSED

2021-03-19 18:09:22 - [TEST_STEP][PASSED] - CardNumber = pages.Quicksti.setUserPaymentDetails(firstName, lastName, cardNum): Quicksti_Master.ts:Entered'5426799929933416 into CardNum

2021-03-19 18:09:23 - [MESSAGE][PASSED] - Object 'Object Repository/CERTPAY_QUICKSTI/Payment_Information_Page/FIRST_NAME' is present

2021-03-19 18:09:26 - [MESSAGE][PASSED] - Object 'Object Repository/CERTPAY_QUICKSTI/Payment_Information_Page/FIRST_NAME' is visible

2021-03-19 18:09:27 - [MESSAGE][PASSED] - Object 'Object Repository/CERTPAY_QUICKSTI/Payment_Information_Page/FIRST_NAME' is present

2021-03-19 18:09:34 - [MESSAGE][PASSED] - Text 'Tester' is set on object 'Object Repository/CERTPAY_QUICKSTI/Payment_Information_Page/FIRST_NAME'

2021-03-19 18:09:34 - [MESSAGE][PASSED] - Quicksti_Master.ts:Entered'Tester into FirstName

2021-03-19 18:09:36 - [MESSAGE][PASSED] - Object 'Object Repository/CERTPAY_QUICKSTI/Payment_Information_Page/LAST_NAME' is present

2021-03-19 18:09:38 - [MESSAGE][PASSED] - Object 'Object Repository/CERTPAY_QUICKSTI/Payment_Information_Page/LAST_NAME' is visible

2021-03-19 18:09:40 - [MESSAGE][PASSED] - Object 'Object Repository/CERTPAY_QUICKSTI/Payment_Information_Page/LAST_NAME' is present

2021-03-19 18:09:46 - [MESSAGE][PASSED] - Text 'Zenq1' is set on object 'Object Repository/CERTPAY_QUICKSTI/Payment_Information_Page/LAST_NAME'

2021-03-19 18:09:46 - [MESSAGE][PASSED] - Quicksti_Master.ts:Entered'Zenq1 into LAstName

2021-03-19 18:09:47 - [MESSAGE][PASSED] - Object 'Object Repository/CERTPAY_QUICKSTI/Payment_Information_Page/CARD_NUMBER' is present

2021-03-19 18:09:50 - [MESSAGE][PASSED] - Object 'Object Repository/CERTPAY_QUICKSTI/Payment_Information_Page/CARD_NUMBER' is visible

2021-03-19 18:09:51 - [MESSAGE][PASSED] - Object 'Object Repository/CERTPAY_QUICKSTI/Payment_Information_Page/CARD_NUMBER' is present

2021-03-19 18:09:58 - [MESSAGE][PASSED] - Text '5426799929933416' is set on object 'Object Repository/CERTPAY_QUICKSTI/Payment_Information_Page/CARD_NUMBER'

2021-03-19 18:09:58 - [MESSAGE][PASSED] - Quicksti_Master.ts:Entered'5426799929933416 into CardNum

2021-03-19 18:09:58 - [TEST_STEP][PASSED] - pages.Quicksti.setExpDate(expMonth, expYear, securityCode): Quicksti_Master.ts:Entered'111 into securityCode

2021-03-19 18:10:00 - [MESSAGE][PASSED] - Object 'Object Repository/CERTPAY_QUICKSTI/Payment_Information_Page/EXP_MONTH' is visible

2021-03-19 18:10:01 - [MESSAGE][PASSED] - Object 'Object Repository/CERTPAY_QUICKSTI/Payment_Information_Page/EXP_MONTH' is present

2021-03-19 18:10:06 - [MESSAGE][PASSED] - Object: 'Object Repository/CERTPAY_QUICKSTI/Payment_Information_Page/EXP_MONTH' is clicked on

2021-03-19 18:10:12 - [MESSAGE][PASSED] - All options with label '04' are selected in object 'Object Repository/CERTPAY_QUICKSTI/Payment_Information_Page/EXP_MONTH'  using regular expression

2021-03-19 18:10:12 - [MESSAGE][PASSED] - selected dropdown option by visible text  04from expMonth

2021-03-19 18:10:14 - [MESSAGE][PASSED] - Object 'Object Repository/CERTPAY_QUICKSTI/Payment_Information_Page/EXP_YEAR' is visible

2021-03-19 18:10:15 - [MESSAGE][PASSED] - Object 'Object Repository/CERTPAY_QUICKSTI/Payment_Information_Page/EXP_YEAR' is present

2021-03-19 18:10:20 - [MESSAGE][PASSED] - Object: 'Object Repository/CERTPAY_QUICKSTI/Payment_Information_Page/EXP_YEAR' is clicked on

2021-03-19 18:10:26 - [MESSAGE][PASSED] - All options with label '2027' are selected in object 'Object Repository/CERTPAY_QUICKSTI/Payment_Information_Page/EXP_YEAR'  using regular expression

2021-03-19 18:10:26 - [MESSAGE][PASSED] - selected dropdown option by visible text  2027from  expYear

2021-03-19 18:10:29 - [MESSAGE][PASSED] - Object 'Object Repository/CERTPAY_QUICKSTI/Payment_Information_Page/SECURITY_CODE' is present

2021-03-19 18:10:31 - [MESSAGE][PASSED] - Object 'Object Repository/CERTPAY_QUICKSTI/Payment_Information_Page/SECURITY_CODE' is visible

2021-03-19 18:10:32 - [MESSAGE][PASSED] - Object 'Object Repository/CERTPAY_QUICKSTI/Payment_Information_Page/SECURITY_CODE' is present

2021-03-19 18:10:39 - [MESSAGE][PASSED] - Text '111' is set on object 'Object Repository/CERTPAY_QUICKSTI/Payment_Information_Page/SECURITY_CODE'

2021-03-19 18:10:39 - [MESSAGE][PASSED] - Quicksti_Master.ts:Entered'111 into securityCode

2021-03-19 18:10:39 - [TEST_STEP][PASSED] - utilities.SafeActions.safeType(findTestObject("CERTPAY_QUICKSTI/Payment_Information_Page/ADDRESS"), address, "Address", [pageLoadTime]): Quicksti_Master.ts:Entered'14-2 into Address

2021-03-19 18:10:40 - [MESSAGE][PASSED] - Object 'Object Repository/CERTPAY_QUICKSTI/Payment_Information_Page/ADDRESS' is present

2021-03-19 18:10:43 - [MESSAGE][PASSED] - Object 'Object Repository/CERTPAY_QUICKSTI/Payment_Information_Page/ADDRESS' is visible

2021-03-19 18:10:44 - [MESSAGE][PASSED] - Object 'Object Repository/CERTPAY_QUICKSTI/Payment_Information_Page/ADDRESS' is present

2021-03-19 18:10:51 - [MESSAGE][PASSED] - Text '14-2' is set on object 'Object Repository/CERTPAY_QUICKSTI/Payment_Information_Page/ADDRESS'

2021-03-19 18:10:51 - [MESSAGE][PASSED] - Quicksti_Master.ts:Entered'14-2 into Address

2021-03-19 18:10:51 - [TEST_STEP][PASSED] - utilities.SafeActions.safeType(findTestObject("CERTPAY_QUICKSTI/Payment_Information_Page/ZIP_CODE"), zipCode, "zipcode", [pageLoadTime]): Quicksti_Master.ts:Entered'76102 into zipcode

2021-03-19 18:10:53 - [MESSAGE][PASSED] - Object 'Object Repository/CERTPAY_QUICKSTI/Payment_Information_Page/ZIP_CODE' is present

2021-03-19 18:10:55 - [MESSAGE][PASSED] - Object 'Object Repository/CERTPAY_QUICKSTI/Payment_Information_Page/ZIP_CODE' is visible

2021-03-19 18:10:57 - [MESSAGE][PASSED] - Object 'Object Repository/CERTPAY_QUICKSTI/Payment_Information_Page/ZIP_CODE' is present

2021-03-19 18:11:03 - [MESSAGE][PASSED] - Text '76102' is set on object 'Object Repository/CERTPAY_QUICKSTI/Payment_Information_Page/ZIP_CODE'

2021-03-19 18:11:03 - [MESSAGE][PASSED] - Quicksti_Master.ts:Entered'76102 into zipcode

2021-03-19 18:11:03 - [TEST_STEP][PASSED] - utilities.SafeActions.safeType(findTestObject("CERTPAY_QUICKSTI/Payment_Information_Page/TELEPHONE"), telephone, "Telephone", [pageLoadTime]): Quicksti_Master.ts:Entered'9989897654 into Telephone

2021-03-19 18:11:05 - [MESSAGE][PASSED] - Object 'Object Repository/CERTPAY_QUICKSTI/Payment_Information_Page/TELEPHONE' is present

2021-03-19 18:11:07 - [MESSAGE][PASSED] - Object 'Object Repository/CERTPAY_QUICKSTI/Payment_Information_Page/TELEPHONE' is visible

2021-03-19 18:11:09 - [MESSAGE][PASSED] - Object 'Object Repository/CERTPAY_QUICKSTI/Payment_Information_Page/TELEPHONE' is present

2021-03-19 18:11:15 - [MESSAGE][PASSED] - Text '9989897654' is set on object 'Object Repository/CERTPAY_QUICKSTI/Payment_Information_Page/TELEPHONE'

2021-03-19 18:11:15 - [MESSAGE][PASSED] - Quicksti_Master.ts:Entered'9989897654 into Telephone

2021-03-19 18:11:15 - [TEST_STEP][PASSED] - utilities.SafeActions.safeType(findTestObject("CERTPAY_QUICKSTI/Payment_Information_Page/EMAIL_ADDRESS"), emailAddress, "EMAIL address", [pageLoadTime]): Quicksti_Master.ts:Entered'testing@zenq.com into EMAIL address

2021-03-19 18:11:16 - [MESSAGE][PASSED] - Object 'Object Repository/CERTPAY_QUICKSTI/Payment_Information_Page/EMAIL_ADDRESS' is present

2021-03-19 18:11:19 - [MESSAGE][PASSED] - Object 'Object Repository/CERTPAY_QUICKSTI/Payment_Information_Page/EMAIL_ADDRESS' is visible

2021-03-19 18:11:20 - [MESSAGE][PASSED] - Object 'Object Repository/CERTPAY_QUICKSTI/Payment_Information_Page/EMAIL_ADDRESS' is present

2021-03-19 18:11:27 - [MESSAGE][PASSED] - Text 'testing@zenq.com' is set on object 'Object Repository/CERTPAY_QUICKSTI/Payment_Information_Page/EMAIL_ADDRESS'

2021-03-19 18:11:27 - [MESSAGE][PASSED] - Quicksti_Master.ts:Entered'testing@zenq.com into EMAIL address

2021-03-19 18:11:27 - [TEST_STEP][PASSED] - utilities.SafeActions.safeClick(findTestObject("CERTPAY_QUICKSTI/Payment_Information_Page/NEXT_BUTTON"), "Next", [pageLoadTime]): Quicksti_Master.ts:Clicked on the Next

2021-03-19 18:11:27 - [MESSAGE][INFO] - safeClicking

2021-03-19 18:11:28 - [MESSAGE][PASSED] - Object 'Object Repository/CERTPAY_QUICKSTI/Payment_Information_Page/NEXT_BUTTON' is present

2021-03-19 18:11:30 - [MESSAGE][PASSED] - Object 'Object Repository/CERTPAY_QUICKSTI/Payment_Information_Page/NEXT_BUTTON' is clickable

2021-03-19 18:11:35 - [MESSAGE][PASSED] - Object: 'Object Repository/CERTPAY_QUICKSTI/Payment_Information_Page/NEXT_BUTTON' is clicked on

2021-03-19 18:11:35 - [MESSAGE][PASSED] - Quicksti_Master.ts:Clicked on the Next

2021-03-19 18:11:35 - [TEST_STEP][FAILED] - pages.Quicksti.verifyUserPaymentDetails(paymentAmount, firstName, lastName, CardNumber): Unable to get text of object 'Object Repository/CERTPAY_QUICKSTI/Payment_Details_Verification_Page/AMOUNT'

2021-03-19 18:12:07 - [MESSAGE][INFO] - Unable to find the element located by 'By.xpath: (//td[@class='invoiceAmount col-xs-12 col-sm-2 amount'])[1]'. Please recheck the objects properties to make sure the desired element is located. 

2021-03-19 18:12:08 - [MESSAGE][FAILED] - Unable to get text of object 'Object Repository/CERTPAY_QUICKSTI/Payment_Details_Verification_Page/AMOUNT' (Root cause: com.kms.katalon.core.exception.StepFailedException: Unable to get text of object 'Object Repository/CERTPAY_QUICKSTI/Payment_Details_Verification_Page/AMOUNT'
	at com.kms.katalon.core.webui.keyword.internal.WebUIKeywordMain.stepFailed(WebUIKeywordMain.groovy:64)
	at com.kms.katalon.core.webui.keyword.internal.WebUIKeywordMain.runKeyword(WebUIKeywordMain.groovy:26)
	at com.kms.katalon.core.webui.keyword.builtin.GetTextKeyword.getText(GetTextKeyword.groovy:88)
	at com.kms.katalon.core.webui.keyword.builtin.GetTextKeyword.execute(GetTextKeyword.groovy:67)
	at com.kms.katalon.core.keyword.internal.KeywordExecutor.executeKeywordForPlatform(KeywordExecutor.groovy:73)
	at com.kms.katalon.core.webui.keyword.WebUiBuiltInKeywords.getText(WebUiBuiltInKeywords.groovy:917)
	at com.kms.katalon.core.webui.keyword.WebUiBuiltInKeywords$getText$10.call(Unknown Source)
	at pages.Quicksti.verifyUserPaymentDetails(Quicksti.groovy:104)
	at pages.Quicksti.invokeMethod(Quicksti.groovy)
	at com.kms.katalon.core.main.CustomKeywordDelegatingMetaClass.invokeStaticMethod(CustomKeywordDelegatingMetaClass.java:50)
	at TC_0014_MultiBureauSite_MultiBureaus_SingleLinePayment_Master.run(TC_0014_MultiBureauSite_MultiBureaus_SingleLinePayment_Master:108)
	at com.kms.katalon.core.main.ScriptEngine.run(ScriptEngine.java:194)
	at com.kms.katalon.core.main.ScriptEngine.runScriptAsRawText(ScriptEngine.java:119)
	at com.kms.katalon.core.main.TestCaseExecutor.runScript(TestCaseExecutor.java:398)
	at com.kms.katalon.core.main.TestCaseExecutor.doExecute(TestCaseExecutor.java:389)
	at com.kms.katalon.core.main.TestCaseExecutor.processExecutionPhase(TestCaseExecutor.java:368)
	at com.kms.katalon.core.main.TestCaseExecutor.accessMainPhase(TestCaseExecutor.java:360)
	at com.kms.katalon.core.main.TestCaseExecutor.execute(TestCaseExecutor.java:255)
	at com.kms.katalon.core.main.TestSuiteExecutor.accessTestCaseMainPhase(TestSuiteExecutor.java:203)
	at com.kms.katalon.core.main.TestSuiteExecutor.accessTestSuiteMainPhase(TestSuiteExecutor.java:152)
	at com.kms.katalon.core.main.TestSuiteExecutor.execute(TestSuiteExecutor.java:95)
	at com.kms.katalon.core.main.TestCaseMain.startTestSuite(TestCaseMain.java:157)
	at com.kms.katalon.core.main.TestCaseMain$startTestSuite$0.call(Unknown Source)
	at TempTestSuite1616156553391.run(TempTestSuite1616156553391.groovy:39)
Caused by: com.kms.katalon.core.webui.exception.WebElementNotFoundException: Web element with id: 'Object Repository/CERTPAY_QUICKSTI/Payment_Details_Verification_Page/AMOUNT' located by '(//td[@class='invoiceAmount col-xs-12 col-sm-2 amount'])[1]' not found
	at com.kms.katalon.core.webui.common.WebUiCommonHelper.findWebElement(WebUiCommonHelper.java:1368)
	at com.kms.katalon.core.webui.keyword.internal.WebUIAbstractKeyword.findWebElement(WebUIAbstractKeyword.groovy:27)
	at com.kms.katalon.core.webui.keyword.internal.WebUIAbstractKeyword.findWebElement(WebUIAbstractKeyword.groovy:26)
	at com.kms.katalon.core.webui.keyword.builtin.GetTextKeyword$_getText_closure1.doCall(GetTextKeyword.groovy:78)
	at com.kms.katalon.core.webui.keyword.builtin.GetTextKeyword$_getText_closure1.call(GetTextKeyword.groovy)
	at com.kms.katalon.core.webui.keyword.internal.WebUIKeywordMain.runKeyword(WebUIKeywordMain.groovy:20)
	at com.kms.katalon.core.webui.keyword.builtin.GetTextKeyword.getText(GetTextKeyword.groovy:88)
	at com.kms.katalon.core.webui.keyword.builtin.GetTextKeyword.execute(GetTextKeyword.groovy:67)
	at com.kms.katalon.core.keyword.internal.KeywordExecutor.executeKeywordForPlatform(KeywordExecutor.groovy:73)
	at com.kms.katalon.core.webui.keyword.WebUiBuiltInKeywords.getText(WebUiBuiltInKeywords.groovy:917)
	at com.kms.katalon.core.webui.keyword.WebUiBuiltInKeywords$getText$10.call(Unknown Source)
	at pages.Quicksti.verifyUserPaymentDetails(Quicksti.groovy:104)
	at pages.Quicksti.invokeMethod(Quicksti.groovy)
	at com.kms.katalon.core.main.CustomKeywordDelegatingMetaClass.invokeStaticMethod(CustomKeywordDelegatingMetaClass.java:50)
	at Script1604314938114.run(Script1604314938114.groovy:108)
	... 13 more
)
[[ATTACHMENT|D:\\AutomationToolsandProjects\\Katalon Projects BackUp\\Sush_Certpay-master\\Reports\\20210319_175226\\Certpay_testSuite_New\\Quicksti_Master\\20210319_175233\\1616157727038.png]]

2021-03-19 18:12:08 - [MESSAGE][FAILED] - Unable to get text of object 'Object Repository/CERTPAY_QUICKSTI/Payment_Details_Verification_Page/AMOUNT'

2021-03-19 18:12:08 - [TEST_STEP][PASSED] - Start listener action : afterTestCase: Browser is closed

2021-03-19 18:12:08 - [TEST_STEP][PASSED] - closeBrowser(): Browser is closed

2021-03-19 18:12:10 - [MESSAGE][PASSED] - Browser is closed]]></system-out>
         <system-err><![CDATA[2021-03-19 17:53:10 - [TEST_CASE][FAILED] - Test Cases/Certpay_Quicksti_New/TC_0014_MultiBureauSite_MultiBureaus_SingleLinePayment_Master: Test Cases/Certpay_Quicksti_New/TC_0014_MultiBureauSite_MultiBureaus_SingleLinePayment_Master FAILED.
Reason:
com.kms.katalon.core.exception.StepFailedException: Unable to get text of object 'Object Repository/CERTPAY_QUICKSTI/Payment_Details_Verification_Page/AMOUNT'
	at com.kms.katalon.core.webui.keyword.internal.WebUIKeywordMain.stepFailed(WebUIKeywordMain.groovy:64)
	at com.kms.katalon.core.webui.keyword.internal.WebUIKeywordMain.runKeyword(WebUIKeywordMain.groovy:26)
	at com.kms.katalon.core.webui.keyword.builtin.GetTextKeyword.getText(GetTextKeyword.groovy:88)
	at com.kms.katalon.core.webui.keyword.builtin.GetTextKeyword.execute(GetTextKeyword.groovy:67)
	at com.kms.katalon.core.keyword.internal.KeywordExecutor.executeKeywordForPlatform(KeywordExecutor.groovy:73)
	at com.kms.katalon.core.webui.keyword.WebUiBuiltInKeywords.getText(WebUiBuiltInKeywords.groovy:917)
	at com.kms.katalon.core.webui.keyword.WebUiBuiltInKeywords$getText$10.call(Unknown Source)
	at pages.Quicksti.verifyUserPaymentDetails(Quicksti.groovy:104)
	at pages.Quicksti.invokeMethod(Quicksti.groovy)
	at com.kms.katalon.core.main.CustomKeywordDelegatingMetaClass.invokeStaticMethod(CustomKeywordDelegatingMetaClass.java:50)
	at TC_0014_MultiBureauSite_MultiBureaus_SingleLinePayment_Master.run(TC_0014_MultiBureauSite_MultiBureaus_SingleLinePayment_Master:108)
	at com.kms.katalon.core.main.ScriptEngine.run(ScriptEngine.java:194)
	at com.kms.katalon.core.main.ScriptEngine.runScriptAsRawText(ScriptEngine.java:119)
	at com.kms.katalon.core.main.TestCaseExecutor.runScript(TestCaseExecutor.java:398)
	at com.kms.katalon.core.main.TestCaseExecutor.doExecute(TestCaseExecutor.java:389)
	at com.kms.katalon.core.main.TestCaseExecutor.processExecutionPhase(TestCaseExecutor.java:368)
	at com.kms.katalon.core.main.TestCaseExecutor.accessMainPhase(TestCaseExecutor.java:360)
	at com.kms.katalon.core.main.TestCaseExecutor.execute(TestCaseExecutor.java:255)
	at com.kms.katalon.core.main.TestSuiteExecutor.accessTestCaseMainPhase(TestSuiteExecutor.java:203)
	at com.kms.katalon.core.main.TestSuiteExecutor.accessTestSuiteMainPhase(TestSuiteExecutor.java:152)
	at com.kms.katalon.core.main.TestSuiteExecutor.execute(TestSuiteExecutor.java:95)
	at com.kms.katalon.core.main.TestCaseMain.startTestSuite(TestCaseMain.java:157)
	at com.kms.katalon.core.main.TestCaseMain$startTestSuite$0.call(Unknown Source)
	at TempTestSuite1616156553391.run(TempTestSuite1616156553391.groovy:39)
Caused by: com.kms.katalon.core.webui.exception.WebElementNotFoundException: Web element with id: 'Object Repository/CERTPAY_QUICKSTI/Payment_Details_Verification_Page/AMOUNT' located by '(//td[@class='invoiceAmount col-xs-12 col-sm-2 amount'])[1]' not found
	at com.kms.katalon.core.webui.common.WebUiCommonHelper.findWebElement(WebUiCommonHelper.java:1368)
	at com.kms.katalon.core.webui.keyword.internal.WebUIAbstractKeyword.findWebElement(WebUIAbstractKeyword.groovy:27)
	at com.kms.katalon.core.webui.keyword.internal.WebUIAbstractKeyword.findWebElement(WebUIAbstractKeyword.groovy:26)
	at com.kms.katalon.core.webui.keyword.builtin.GetTextKeyword$_getText_closure1.doCall(GetTextKeyword.groovy:78)
	at com.kms.katalon.core.webui.keyword.builtin.GetTextKeyword$_getText_closure1.call(GetTextKeyword.groovy)
	at com.kms.katalon.core.webui.keyword.internal.WebUIKeywordMain.runKeyword(WebUIKeywordMain.groovy:20)
	... 22 more]]></system-err>
      </testcase>
      <system-out><![CDATA[2021-03-19 17:53:05 - [TEST_SUITE][FAILED] - Quicksti_Master: Test Cases/Certpay_Quicksti_New/TC_0014_MultiBureauSite_MultiBureaus_SingleLinePayment_Master FAILED.
Reason:
com.kms.katalon.core.exception.StepFailedException: Unable to get text of object 'Object Repository/CERTPAY_QUICKSTI/Payment_Details_Verification_Page/AMOUNT'
	at com.kms.katalon.core.webui.keyword.internal.WebUIKeywordMain.stepFailed(WebUIKeywordMain.groovy:64)
	at com.kms.katalon.core.webui.keyword.internal.WebUIKeywordMain.runKeyword(WebUIKeywordMain.groovy:26)
	at com.kms.katalon.core.webui.keyword.builtin.GetTextKeyword.getText(GetTextKeyword.groovy:88)
	at com.kms.katalon.core.webui.keyword.builtin.GetTextKeyword.execute(GetTextKeyword.groovy:67)
	at com.kms.katalon.core.keyword.internal.KeywordExecutor.executeKeywordForPlatform(KeywordExecutor.groovy:73)
	at com.kms.katalon.core.webui.keyword.WebUiBuiltInKeywords.getText(WebUiBuiltInKeywords.groovy:917)
	at com.kms.katalon.core.webui.keyword.WebUiBuiltInKeywords$getText$10.call(Unknown Source)
	at pages.Quicksti.verifyUserPaymentDetails(Quicksti.groovy:104)
	at pages.Quicksti.invokeMethod(Quicksti.groovy)
	at com.kms.katalon.core.main.CustomKeywordDelegatingMetaClass.invokeStaticMethod(CustomKeywordDelegatingMetaClass.java:50)
	at TC_0014_MultiBureauSite_MultiBureaus_SingleLinePayment_Master.run(TC_0014_MultiBureauSite_MultiBureaus_SingleLinePayment_Master:108)
	at com.kms.katalon.core.main.ScriptEngine.run(ScriptEngine.java:194)
	at com.kms.katalon.core.main.ScriptEngine.runScriptAsRawText(ScriptEngine.java:119)
	at com.kms.katalon.core.main.TestCaseExecutor.runScript(TestCaseExecutor.java:398)
	at com.kms.katalon.core.main.TestCaseExecutor.doExecute(TestCaseExecutor.java:389)
	at com.kms.katalon.core.main.TestCaseExecutor.processExecutionPhase(TestCaseExecutor.java:368)
	at com.kms.katalon.core.main.TestCaseExecutor.accessMainPhase(TestCaseExecutor.java:360)
	at com.kms.katalon.core.main.TestCaseExecutor.execute(TestCaseExecutor.java:255)
	at com.kms.katalon.core.main.TestSuiteExecutor.accessTestCaseMainPhase(TestSuiteExecutor.java:203)
	at com.kms.katalon.core.main.TestSuiteExecutor.accessTestSuiteMainPhase(TestSuiteExecutor.java:152)
	at com.kms.katalon.core.main.TestSuiteExecutor.execute(TestSuiteExecutor.java:95)
	at com.kms.katalon.core.main.TestCaseMain.startTestSuite(TestCaseMain.java:157)
	at com.kms.katalon.core.main.TestCaseMain$startTestSuite$0.call(Unknown Source)
	at TempTestSuite1616156553391.run(TempTestSuite1616156553391.groovy:39)
Caused by: com.kms.katalon.core.webui.exception.WebElementNotFoundException: Web element with id: 'Object Repository/CERTPAY_QUICKSTI/Payment_Details_Verification_Page/AMOUNT' located by '(//td[@class='invoiceAmount col-xs-12 col-sm-2 amount'])[1]' not found
	at com.kms.katalon.core.webui.common.WebUiCommonHelper.findWebElement(WebUiCommonHelper.java:1368)
	at com.kms.katalon.core.webui.keyword.internal.WebUIAbstractKeyword.findWebElement(WebUIAbstractKeyword.groovy:27)
	at com.kms.katalon.core.webui.keyword.internal.WebUIAbstractKeyword.findWebElement(WebUIAbstractKeyword.groovy:26)
	at com.kms.katalon.core.webui.keyword.builtin.GetTextKeyword$_getText_closure1.doCall(GetTextKeyword.groovy:78)
	at com.kms.katalon.core.webui.keyword.builtin.GetTextKeyword$_getText_closure1.call(GetTextKeyword.groovy)
	at com.kms.katalon.core.webui.keyword.internal.WebUIKeywordMain.runKeyword(WebUIKeywordMain.groovy:20)
	... 22 more]]></system-out>
      <system-err><![CDATA[2021-03-19 17:53:05 - [TEST_SUITE][FAILED] - Quicksti_Master: Test Cases/Certpay_Quicksti_New/TC_0014_MultiBureauSite_MultiBureaus_SingleLinePayment_Master FAILED.
Reason:
com.kms.katalon.core.exception.StepFailedException: Unable to get text of object 'Object Repository/CERTPAY_QUICKSTI/Payment_Details_Verification_Page/AMOUNT'
	at com.kms.katalon.core.webui.keyword.internal.WebUIKeywordMain.stepFailed(WebUIKeywordMain.groovy:64)
	at com.kms.katalon.core.webui.keyword.internal.WebUIKeywordMain.runKeyword(WebUIKeywordMain.groovy:26)
	at com.kms.katalon.core.webui.keyword.builtin.GetTextKeyword.getText(GetTextKeyword.groovy:88)
	at com.kms.katalon.core.webui.keyword.builtin.GetTextKeyword.execute(GetTextKeyword.groovy:67)
	at com.kms.katalon.core.keyword.internal.KeywordExecutor.executeKeywordForPlatform(KeywordExecutor.groovy:73)
	at com.kms.katalon.core.webui.keyword.WebUiBuiltInKeywords.getText(WebUiBuiltInKeywords.groovy:917)
	at com.kms.katalon.core.webui.keyword.WebUiBuiltInKeywords$getText$10.call(Unknown Source)
	at pages.Quicksti.verifyUserPaymentDetails(Quicksti.groovy:104)
	at pages.Quicksti.invokeMethod(Quicksti.groovy)
	at com.kms.katalon.core.main.CustomKeywordDelegatingMetaClass.invokeStaticMethod(CustomKeywordDelegatingMetaClass.java:50)
	at TC_0014_MultiBureauSite_MultiBureaus_SingleLinePayment_Master.run(TC_0014_MultiBureauSite_MultiBureaus_SingleLinePayment_Master:108)
	at com.kms.katalon.core.main.ScriptEngine.run(ScriptEngine.java:194)
	at com.kms.katalon.core.main.ScriptEngine.runScriptAsRawText(ScriptEngine.java:119)
	at com.kms.katalon.core.main.TestCaseExecutor.runScript(TestCaseExecutor.java:398)
	at com.kms.katalon.core.main.TestCaseExecutor.doExecute(TestCaseExecutor.java:389)
	at com.kms.katalon.core.main.TestCaseExecutor.processExecutionPhase(TestCaseExecutor.java:368)
	at com.kms.katalon.core.main.TestCaseExecutor.accessMainPhase(TestCaseExecutor.java:360)
	at com.kms.katalon.core.main.TestCaseExecutor.execute(TestCaseExecutor.java:255)
	at com.kms.katalon.core.main.TestSuiteExecutor.accessTestCaseMainPhase(TestSuiteExecutor.java:203)
	at com.kms.katalon.core.main.TestSuiteExecutor.accessTestSuiteMainPhase(TestSuiteExecutor.java:152)
	at com.kms.katalon.core.main.TestSuiteExecutor.execute(TestSuiteExecutor.java:95)
	at com.kms.katalon.core.main.TestCaseMain.startTestSuite(TestCaseMain.java:157)
	at com.kms.katalon.core.main.TestCaseMain$startTestSuite$0.call(Unknown Source)
	at TempTestSuite1616156553391.run(TempTestSuite1616156553391.groovy:39)
Caused by: com.kms.katalon.core.webui.exception.WebElementNotFoundException: Web element with id: 'Object Repository/CERTPAY_QUICKSTI/Payment_Details_Verification_Page/AMOUNT' located by '(//td[@class='invoiceAmount col-xs-12 col-sm-2 amount'])[1]' not found
	at com.kms.katalon.core.webui.common.WebUiCommonHelper.findWebElement(WebUiCommonHelper.java:1368)
	at com.kms.katalon.core.webui.keyword.internal.WebUIAbstractKeyword.findWebElement(WebUIAbstractKeyword.groovy:27)
	at com.kms.katalon.core.webui.keyword.internal.WebUIAbstractKeyword.findWebElement(WebUIAbstractKeyword.groovy:26)
	at com.kms.katalon.core.webui.keyword.builtin.GetTextKeyword$_getText_closure1.doCall(GetTextKeyword.groovy:78)
	at com.kms.katalon.core.webui.keyword.builtin.GetTextKeyword$_getText_closure1.call(GetTextKeyword.groovy)
	at com.kms.katalon.core.webui.keyword.internal.WebUIKeywordMain.runKeyword(WebUIKeywordMain.groovy:20)
	... 22 more]]></system-err>
   </testsuite>
</testsuites>
